CRITICAL - 2022-05-06 00:32:54 --> Undefined property: stdClass::$no_rm
#0 C:\xampp\htdocs\klinik\app\Controllers\back\Pasien.php(56): CodeIgniter\Debug\Exceptions->errorHandler(2, 'Undefined prope...', 'C:\\xampp\\htdocs...', 56)
#1 C:\xampp\htdocs\klinik\system\CodeIgniter.php(832): App\Controllers\back\Pasien->listdata()
#2 C:\xampp\htdocs\klinik\system\CodeIgniter.php(419): CodeIgniter\CodeIgniter->runController(Object(App\Controllers\back\Pasien))
#3 C:\xampp\htdocs\klinik\system\CodeIgniter.php(326): CodeIgniter\CodeIgniter->handleRequest(NULL, Object(Config\Cache), false)
#4 C:\xampp\htdocs\klinik\public\index.php(37): CodeIgniter\CodeIgniter->run()
#5 C:\xampp\htdocs\klinik\system\Commands\Server\rewrite.php(43): require_once('C:\\xampp\\htdocs...')
#6 {main}
CRITICAL - 2022-05-06 00:39:50 --> Undefined property: stdClass::$no_rm
#0 C:\xampp\htdocs\klinik\app\Controllers\back\Pasien.php(56): CodeIgniter\Debug\Exceptions->errorHandler(2, 'Undefined prope...', 'C:\\xampp\\htdocs...', 56)
#1 C:\xampp\htdocs\klinik\system\CodeIgniter.php(832): App\Controllers\back\Pasien->listdata()
#2 C:\xampp\htdocs\klinik\system\CodeIgniter.php(419): CodeIgniter\CodeIgniter->runController(Object(App\Controllers\back\Pasien))
#3 C:\xampp\htdocs\klinik\system\CodeIgniter.php(326): CodeIgniter\CodeIgniter->handleRequest(NULL, Object(Config\Cache), false)
#4 C:\xampp\htdocs\klinik\public\index.php(37): CodeIgniter\CodeIgniter->run()
#5 C:\xampp\htdocs\klinik\system\Commands\Server\rewrite.php(43): require_once('C:\\xampp\\htdocs...')
#6 {main}
CRITICAL - 2022-05-06 00:41:15 --> Undefined property: stdClass::$no_rm
#0 C:\xampp\htdocs\klinik\app\Controllers\back\Pasien.php(56): CodeIgniter\Debug\Exceptions->errorHandler(2, 'Undefined prope...', 'C:\\xampp\\htdocs...', 56)
#1 C:\xampp\htdocs\klinik\system\CodeIgniter.php(832): App\Controllers\back\Pasien->listdata()
#2 C:\xampp\htdocs\klinik\system\CodeIgniter.php(419): CodeIgniter\CodeIgniter->runController(Object(App\Controllers\back\Pasien))
#3 C:\xampp\htdocs\klinik\system\CodeIgniter.php(326): CodeIgniter\CodeIgniter->handleRequest(NULL, Object(Config\Cache), false)
#4 C:\xampp\htdocs\klinik\public\index.php(37): CodeIgniter\CodeIgniter->run()
#5 C:\xampp\htdocs\klinik\system\Commands\Server\rewrite.php(43): require_once('C:\\xampp\\htdocs...')
#6 {main}
CRITICAL - 2022-05-06 00:46:13 --> Undefined property: App\Controllers\back\Pasien::$pasien
#0 C:\xampp\htdocs\klinik\app\Controllers\back\Pasien.php(28): CodeIgniter\Debug\Exceptions->errorHandler(2, 'Undefined prope...', 'C:\\xampp\\htdocs...', 28)
#1 C:\xampp\htdocs\klinik\system\CodeIgniter.php(832): App\Controllers\back\Pasien->ambildata()
#2 C:\xampp\htdocs\klinik\system\CodeIgniter.php(419): CodeIgniter\CodeIgniter->runController(Object(App\Controllers\back\Pasien))
#3 C:\xampp\htdocs\klinik\system\CodeIgniter.php(326): CodeIgniter\CodeIgniter->handleRequest(NULL, Object(Config\Cache), false)
#4 C:\xampp\htdocs\klinik\public\index.php(37): CodeIgniter\CodeIgniter->run()
#5 C:\xampp\htdocs\klinik\system\Commands\Server\rewrite.php(43): require_once('C:\\xampp\\htdocs...')
#6 {main}
CRITICAL - 2022-05-06 00:46:26 --> Undefined property: App\Controllers\back\Pasien::$pasien
#0 C:\xampp\htdocs\klinik\app\Controllers\back\Pasien.php(28): CodeIgniter\Debug\Exceptions->errorHandler(2, 'Undefined prope...', 'C:\\xampp\\htdocs...', 28)
#1 C:\xampp\htdocs\klinik\system\CodeIgniter.php(832): App\Controllers\back\Pasien->ambildata()
#2 C:\xampp\htdocs\klinik\system\CodeIgniter.php(419): CodeIgniter\CodeIgniter->runController(Object(App\Controllers\back\Pasien))
#3 C:\xampp\htdocs\klinik\system\CodeIgniter.php(326): CodeIgniter\CodeIgniter->handleRequest(NULL, Object(Config\Cache), false)
#4 C:\xampp\htdocs\klinik\public\index.php(37): CodeIgniter\CodeIgniter->run()
#5 C:\xampp\htdocs\klinik\system\Commands\Server\rewrite.php(43): require_once('C:\\xampp\\htdocs...')
#6 {main}
CRITICAL - 2022-05-06 00:46:46 --> Undefined property: App\Controllers\back\Pasien::$pasien
#0 C:\xampp\htdocs\klinik\app\Controllers\back\Pasien.php(28): CodeIgniter\Debug\Exceptions->errorHandler(2, 'Undefined prope...', 'C:\\xampp\\htdocs...', 28)
#1 C:\xampp\htdocs\klinik\system\CodeIgniter.php(832): App\Controllers\back\Pasien->ambildata()
#2 C:\xampp\htdocs\klinik\system\CodeIgniter.php(419): CodeIgniter\CodeIgniter->runController(Object(App\Controllers\back\Pasien))
#3 C:\xampp\htdocs\klinik\system\CodeIgniter.php(326): CodeIgniter\CodeIgniter->handleRequest(NULL, Object(Config\Cache), false)
#4 C:\xampp\htdocs\klinik\public\index.php(37): CodeIgniter\CodeIgniter->run()
#5 C:\xampp\htdocs\klinik\system\Commands\Server\rewrite.php(43): require_once('C:\\xampp\\htdocs...')
#6 {main}
CRITICAL - 2022-05-06 00:47:01 --> Undefined property: App\Controllers\back\Pasien::$pasien
#0 C:\xampp\htdocs\klinik\app\Controllers\back\Pasien.php(28): CodeIgniter\Debug\Exceptions->errorHandler(2, 'Undefined prope...', 'C:\\xampp\\htdocs...', 28)
#1 C:\xampp\htdocs\klinik\system\CodeIgniter.php(832): App\Controllers\back\Pasien->ambildata()
#2 C:\xampp\htdocs\klinik\system\CodeIgniter.php(419): CodeIgniter\CodeIgniter->runController(Object(App\Controllers\back\Pasien))
#3 C:\xampp\htdocs\klinik\system\CodeIgniter.php(326): CodeIgniter\CodeIgniter->handleRequest(NULL, Object(Config\Cache), false)
#4 C:\xampp\htdocs\klinik\public\index.php(37): CodeIgniter\CodeIgniter->run()
#5 C:\xampp\htdocs\klinik\system\Commands\Server\rewrite.php(43): require_once('C:\\xampp\\htdocs...')
#6 {main}
CRITICAL - 2022-05-06 00:49:20 --> Undefined property: stdClass::$no_rm
#0 C:\xampp\htdocs\klinik\app\Controllers\back\Pasien.php(56): CodeIgniter\Debug\Exceptions->errorHandler(2, 'Undefined prope...', 'C:\\xampp\\htdocs...', 56)
#1 C:\xampp\htdocs\klinik\system\CodeIgniter.php(832): App\Controllers\back\Pasien->listdata()
#2 C:\xampp\htdocs\klinik\system\CodeIgniter.php(419): CodeIgniter\CodeIgniter->runController(Object(App\Controllers\back\Pasien))
#3 C:\xampp\htdocs\klinik\system\CodeIgniter.php(326): CodeIgniter\CodeIgniter->handleRequest(NULL, Object(Config\Cache), false)
#4 C:\xampp\htdocs\klinik\public\index.php(37): CodeIgniter\CodeIgniter->run()
#5 C:\xampp\htdocs\klinik\system\Commands\Server\rewrite.php(43): require_once('C:\\xampp\\htdocs...')
#6 {main}
CRITICAL - 2022-05-06 00:49:48 --> Undefined property: stdClass::$no_rm
#0 C:\xampp\htdocs\klinik\app\Controllers\back\Pasien.php(55): CodeIgniter\Debug\Exceptions->errorHandler(2, 'Undefined prope...', 'C:\\xampp\\htdocs...', 55)
#1 C:\xampp\htdocs\klinik\system\CodeIgniter.php(832): App\Controllers\back\Pasien->listdata()
#2 C:\xampp\htdocs\klinik\system\CodeIgniter.php(419): CodeIgniter\CodeIgniter->runController(Object(App\Controllers\back\Pasien))
#3 C:\xampp\htdocs\klinik\system\CodeIgniter.php(326): CodeIgniter\CodeIgniter->handleRequest(NULL, Object(Config\Cache), false)
#4 C:\xampp\htdocs\klinik\public\index.php(37): CodeIgniter\CodeIgniter->run()
#5 C:\xampp\htdocs\klinik\system\Commands\Server\rewrite.php(43): require_once('C:\\xampp\\htdocs...')
#6 {main}
CRITICAL - 2022-05-06 00:50:30 --> Undefined property: stdClass::$no_rm
#0 C:\xampp\htdocs\klinik\app\Controllers\back\Pasien.php(55): CodeIgniter\Debug\Exceptions->errorHandler(2, 'Undefined prope...', 'C:\\xampp\\htdocs...', 55)
#1 C:\xampp\htdocs\klinik\system\CodeIgniter.php(832): App\Controllers\back\Pasien->listdata()
#2 C:\xampp\htdocs\klinik\system\CodeIgniter.php(419): CodeIgniter\CodeIgniter->runController(Object(App\Controllers\back\Pasien))
#3 C:\xampp\htdocs\klinik\system\CodeIgniter.php(326): CodeIgniter\CodeIgniter->handleRequest(NULL, Object(Config\Cache), false)
#4 C:\xampp\htdocs\klinik\public\index.php(37): CodeIgniter\CodeIgniter->run()
#5 C:\xampp\htdocs\klinik\system\Commands\Server\rewrite.php(43): require_once('C:\\xampp\\htdocs...')
#6 {main}
CRITICAL - 2022-05-06 00:53:00 --> Undefined property: stdClass::$rm
#0 C:\xampp\htdocs\klinik\app\Controllers\back\Pasien.php(55): CodeIgniter\Debug\Exceptions->errorHandler(2, 'Undefined prope...', 'C:\\xampp\\htdocs...', 55)
#1 C:\xampp\htdocs\klinik\system\CodeIgniter.php(832): App\Controllers\back\Pasien->listdata()
#2 C:\xampp\htdocs\klinik\system\CodeIgniter.php(419): CodeIgniter\CodeIgniter->runController(Object(App\Controllers\back\Pasien))
#3 C:\xampp\htdocs\klinik\system\CodeIgniter.php(326): CodeIgniter\CodeIgniter->handleRequest(NULL, Object(Config\Cache), false)
#4 C:\xampp\htdocs\klinik\public\index.php(37): CodeIgniter\CodeIgniter->run()
#5 C:\xampp\htdocs\klinik\system\Commands\Server\rewrite.php(43): require_once('C:\\xampp\\htdocs...')
#6 {main}
CRITICAL - 2022-05-06 00:58:04 --> Undefined property: stdClass::$rm
#0 C:\xampp\htdocs\klinik\app\Controllers\back\Pasien.php(55): CodeIgniter\Debug\Exceptions->errorHandler(2, 'Undefined prope...', 'C:\\xampp\\htdocs...', 55)
#1 C:\xampp\htdocs\klinik\system\CodeIgniter.php(832): App\Controllers\back\Pasien->listdata()
#2 C:\xampp\htdocs\klinik\system\CodeIgniter.php(419): CodeIgniter\CodeIgniter->runController(Object(App\Controllers\back\Pasien))
#3 C:\xampp\htdocs\klinik\system\CodeIgniter.php(326): CodeIgniter\CodeIgniter->handleRequest(NULL, Object(Config\Cache), false)
#4 C:\xampp\htdocs\klinik\public\index.php(37): CodeIgniter\CodeIgniter->run()
#5 C:\xampp\htdocs\klinik\system\Commands\Server\rewrite.php(43): require_once('C:\\xampp\\htdocs...')
#6 {main}
CRITICAL - 2022-05-06 01:02:25 --> Undefined property: stdClass::$rm
#0 C:\xampp\htdocs\klinik\app\Controllers\back\Pasien.php(55): CodeIgniter\Debug\Exceptions->errorHandler(2, 'Undefined prope...', 'C:\\xampp\\htdocs...', 55)
#1 C:\xampp\htdocs\klinik\system\CodeIgniter.php(832): App\Controllers\back\Pasien->listdata()
#2 C:\xampp\htdocs\klinik\system\CodeIgniter.php(419): CodeIgniter\CodeIgniter->runController(Object(App\Controllers\back\Pasien))
#3 C:\xampp\htdocs\klinik\system\CodeIgniter.php(326): CodeIgniter\CodeIgniter->handleRequest(NULL, Object(Config\Cache), false)
#4 C:\xampp\htdocs\klinik\public\index.php(37): CodeIgniter\CodeIgniter->run()
#5 C:\xampp\htdocs\klinik\system\Commands\Server\rewrite.php(43): require_once('C:\\xampp\\htdocs...')
#6 {main}
CRITICAL - 2022-05-06 01:07:11 --> Undefined property: stdClass::$rm
#0 C:\xampp\htdocs\klinik\app\Controllers\back\Pasien.php(55): CodeIgniter\Debug\Exceptions->errorHandler(2, 'Undefined prope...', 'C:\\xampp\\htdocs...', 55)
#1 C:\xampp\htdocs\klinik\system\CodeIgniter.php(832): App\Controllers\back\Pasien->listdata()
#2 C:\xampp\htdocs\klinik\system\CodeIgniter.php(419): CodeIgniter\CodeIgniter->runController(Object(App\Controllers\back\Pasien))
#3 C:\xampp\htdocs\klinik\system\CodeIgniter.php(326): CodeIgniter\CodeIgniter->handleRequest(NULL, Object(Config\Cache), false)
#4 C:\xampp\htdocs\klinik\public\index.php(37): CodeIgniter\CodeIgniter->run()
#5 C:\xampp\htdocs\klinik\system\Commands\Server\rewrite.php(43): require_once('C:\\xampp\\htdocs...')
#6 {main}
CRITICAL - 2022-05-06 01:09:03 --> Undefined property: stdClass::$rm
#0 C:\xampp\htdocs\klinik\app\Controllers\back\Pasien.php(55): CodeIgniter\Debug\Exceptions->errorHandler(2, 'Undefined prope...', 'C:\\xampp\\htdocs...', 55)
#1 C:\xampp\htdocs\klinik\system\CodeIgniter.php(832): App\Controllers\back\Pasien->listdata()
#2 C:\xampp\htdocs\klinik\system\CodeIgniter.php(419): CodeIgniter\CodeIgniter->runController(Object(App\Controllers\back\Pasien))
#3 C:\xampp\htdocs\klinik\system\CodeIgniter.php(326): CodeIgniter\CodeIgniter->handleRequest(NULL, Object(Config\Cache), false)
#4 C:\xampp\htdocs\klinik\public\index.php(37): CodeIgniter\CodeIgniter->run()
#5 C:\xampp\htdocs\klinik\system\Commands\Server\rewrite.php(43): require_once('C:\\xampp\\htdocs...')
#6 {main}
CRITICAL - 2022-05-06 07:34:16 --> CodeIgniter\Database\BaseBuilder::orderBy(): Argument #1 ($orderBy) must be of type string, null given, called in C:\xampp\htdocs\klinik\app\Models\Modeldatapasien.php on line 43
#0 C:\xampp\htdocs\klinik\app\Models\Modeldatapasien.php(43): CodeIgniter\Database\BaseBuilder->orderBy(NULL, 'asc')
#1 C:\xampp\htdocs\klinik\app\Models\Modeldatapasien.php(51): App\Models\Modeldatapasien->_get_datatables_query()
#2 C:\xampp\htdocs\klinik\app\Controllers\back\Pasien.php(44): App\Models\Modeldatapasien->get_datatables()
#3 C:\xampp\htdocs\klinik\system\CodeIgniter.php(832): App\Controllers\back\Pasien->listdata()
#4 C:\xampp\htdocs\klinik\system\CodeIgniter.php(419): CodeIgniter\CodeIgniter->runController(Object(App\Controllers\back\Pasien))
#5 C:\xampp\htdocs\klinik\system\CodeIgniter.php(326): CodeIgniter\CodeIgniter->handleRequest(NULL, Object(Config\Cache), false)
#6 C:\xampp\htdocs\klinik\public\index.php(37): CodeIgniter\CodeIgniter->run()
#7 C:\xampp\htdocs\klinik\system\Commands\Server\rewrite.php(43): require_once('C:\\xampp\\htdocs...')
#8 {main}
CRITICAL - 2022-05-06 07:34:21 --> CodeIgniter\Database\BaseBuilder::orderBy(): Argument #1 ($orderBy) must be of type string, null given, called in C:\xampp\htdocs\klinik\app\Models\Modeldatapasien.php on line 43
#0 C:\xampp\htdocs\klinik\app\Models\Modeldatapasien.php(43): CodeIgniter\Database\BaseBuilder->orderBy(NULL, 'desc')
#1 C:\xampp\htdocs\klinik\app\Models\Modeldatapasien.php(51): App\Models\Modeldatapasien->_get_datatables_query()
#2 C:\xampp\htdocs\klinik\app\Controllers\back\Pasien.php(44): App\Models\Modeldatapasien->get_datatables()
#3 C:\xampp\htdocs\klinik\system\CodeIgniter.php(832): App\Controllers\back\Pasien->listdata()
#4 C:\xampp\htdocs\klinik\system\CodeIgniter.php(419): CodeIgniter\CodeIgniter->runController(Object(App\Controllers\back\Pasien))
#5 C:\xampp\htdocs\klinik\system\CodeIgniter.php(326): CodeIgniter\CodeIgniter->handleRequest(NULL, Object(Config\Cache), false)
#6 C:\xampp\htdocs\klinik\public\index.php(37): CodeIgniter\CodeIgniter->run()
#7 C:\xampp\htdocs\klinik\system\Commands\Server\rewrite.php(43): require_once('C:\\xampp\\htdocs...')
#8 {main}
CRITICAL - 2022-05-06 08:09:11 --> CodeIgniter\Database\BaseBuilder::orderBy(): Argument #1 ($orderBy) must be of type string, null given, called in C:\xampp\htdocs\klinik\app\Models\Modeldatapasien.php on line 43
#0 C:\xampp\htdocs\klinik\app\Models\Modeldatapasien.php(43): CodeIgniter\Database\BaseBuilder->orderBy(NULL, 'asc')
#1 C:\xampp\htdocs\klinik\app\Models\Modeldatapasien.php(51): App\Models\Modeldatapasien->_get_datatables_query()
#2 C:\xampp\htdocs\klinik\app\Controllers\back\Pasien.php(44): App\Models\Modeldatapasien->get_datatables()
#3 C:\xampp\htdocs\klinik\system\CodeIgniter.php(832): App\Controllers\back\Pasien->listdata()
#4 C:\xampp\htdocs\klinik\system\CodeIgniter.php(419): CodeIgniter\CodeIgniter->runController(Object(App\Controllers\back\Pasien))
#5 C:\xampp\htdocs\klinik\system\CodeIgniter.php(326): CodeIgniter\CodeIgniter->handleRequest(NULL, Object(Config\Cache), false)
#6 C:\xampp\htdocs\klinik\public\index.php(37): CodeIgniter\CodeIgniter->run()
#7 C:\xampp\htdocs\klinik\system\Commands\Server\rewrite.php(43): require_once('C:\\xampp\\htdocs...')
#8 {main}
CRITICAL - 2022-05-06 08:09:14 --> CodeIgniter\Database\BaseBuilder::orderBy(): Argument #1 ($orderBy) must be of type string, null given, called in C:\xampp\htdocs\klinik\app\Models\Modeldatapasien.php on line 43
#0 C:\xampp\htdocs\klinik\app\Models\Modeldatapasien.php(43): CodeIgniter\Database\BaseBuilder->orderBy(NULL, 'desc')
#1 C:\xampp\htdocs\klinik\app\Models\Modeldatapasien.php(51): App\Models\Modeldatapasien->_get_datatables_query()
#2 C:\xampp\htdocs\klinik\app\Controllers\back\Pasien.php(44): App\Models\Modeldatapasien->get_datatables()
#3 C:\xampp\htdocs\klinik\system\CodeIgniter.php(832): App\Controllers\back\Pasien->listdata()
#4 C:\xampp\htdocs\klinik\system\CodeIgniter.php(419): CodeIgniter\CodeIgniter->runController(Object(App\Controllers\back\Pasien))
#5 C:\xampp\htdocs\klinik\system\CodeIgniter.php(326): CodeIgniter\CodeIgniter->handleRequest(NULL, Object(Config\Cache), false)
#6 C:\xampp\htdocs\klinik\public\index.php(37): CodeIgniter\CodeIgniter->run()
#7 C:\xampp\htdocs\klinik\system\Commands\Server\rewrite.php(43): require_once('C:\\xampp\\htdocs...')
#8 {main}
CRITICAL - 2022-05-06 08:12:42 --> CodeIgniter\Database\BaseBuilder::orderBy(): Argument #1 ($orderBy) must be of type string, null given, called in C:\xampp\htdocs\klinik\app\Models\Modeldatapasien.php on line 43
#0 C:\xampp\htdocs\klinik\app\Models\Modeldatapasien.php(43): CodeIgniter\Database\BaseBuilder->orderBy(NULL, 'asc')
#1 C:\xampp\htdocs\klinik\app\Models\Modeldatapasien.php(51): App\Models\Modeldatapasien->_get_datatables_query()
#2 C:\xampp\htdocs\klinik\app\Controllers\back\Pasien.php(44): App\Models\Modeldatapasien->get_datatables()
#3 C:\xampp\htdocs\klinik\system\CodeIgniter.php(832): App\Controllers\back\Pasien->listdata()
#4 C:\xampp\htdocs\klinik\system\CodeIgniter.php(419): CodeIgniter\CodeIgniter->runController(Object(App\Controllers\back\Pasien))
#5 C:\xampp\htdocs\klinik\system\CodeIgniter.php(326): CodeIgniter\CodeIgniter->handleRequest(NULL, Object(Config\Cache), false)
#6 C:\xampp\htdocs\klinik\public\index.php(37): CodeIgniter\CodeIgniter->run()
#7 C:\xampp\htdocs\klinik\system\Commands\Server\rewrite.php(43): require_once('C:\\xampp\\htdocs...')
#8 {main}
