CRITICAL - 2022-05-27 03:02:26 --> syntax error, unexpected token "=>"
#0 C:\xampp\htdocs\klinik\system\Router\Router.php(175): CodeIgniter\Router\Router->autoRoute('back/Keranjang/...')
#1 C:\xampp\htdocs\klinik\system\CodeIgniter.php(726): CodeIgniter\Router\Router->handle('back/Keranjang/...')
#2 C:\xampp\htdocs\klinik\system\CodeIgniter.php(368): CodeIgniter\CodeIgniter->tryToRouteIt(Object(CodeIgniter\Router\RouteCollection))
#3 C:\xampp\htdocs\klinik\system\CodeIgniter.php(326): CodeIgniter\CodeIgniter->handleRequest(NULL, Object(Config\Cache), false)
#4 C:\xampp\htdocs\klinik\public\index.php(37): CodeIgniter\CodeIgniter->run()
#5 C:\xampp\htdocs\klinik\system\Commands\Server\rewrite.php(43): require_once('C:\\xampp\\htdocs...')
#6 {main}
CRITICAL - 2022-05-27 03:03:09 --> Undefined property: stdClass::$id_data
#0 C:\xampp\htdocs\klinik\app\Controllers\back\Obat.php(51): CodeIgniter\Debug\Exceptions->errorHandler(2, 'Undefined prope...', 'C:\\xampp\\htdocs...', 51)
#1 C:\xampp\htdocs\klinik\system\CodeIgniter.php(832): App\Controllers\back\Obat->listdata()
#2 C:\xampp\htdocs\klinik\system\CodeIgniter.php(419): CodeIgniter\CodeIgniter->runController(Object(App\Controllers\back\Obat))
#3 C:\xampp\htdocs\klinik\system\CodeIgniter.php(326): CodeIgniter\CodeIgniter->handleRequest(NULL, Object(Config\Cache), false)
#4 C:\xampp\htdocs\klinik\public\index.php(37): CodeIgniter\CodeIgniter->run()
#5 C:\xampp\htdocs\klinik\system\Commands\Server\rewrite.php(43): require_once('C:\\xampp\\htdocs...')
#6 {main}
CRITICAL - 2022-05-27 03:05:52 --> syntax error, unexpected token "=>"
#0 C:\xampp\htdocs\klinik\system\Autoloader\Autoloader.php(241): CodeIgniter\Autoloader\Autoloader->includeFile('C:\\xampp\\htdocs...')
#1 C:\xampp\htdocs\klinik\system\Autoloader\Autoloader.php(219): CodeIgniter\Autoloader\Autoloader->loadInNamespace('App\\Controllers...')
#2 [internal function]: CodeIgniter\Autoloader\Autoloader->loadClass('App\\Controllers...')
#3 C:\xampp\htdocs\klinik\system\CodeIgniter.php(797): class_exists('\\App\\Controller...', true)
#4 C:\xampp\htdocs\klinik\system\CodeIgniter.php(406): CodeIgniter\CodeIgniter->startController()
#5 C:\xampp\htdocs\klinik\system\CodeIgniter.php(326): CodeIgniter\CodeIgniter->handleRequest(NULL, Object(Config\Cache), false)
#6 C:\xampp\htdocs\klinik\public\index.php(37): CodeIgniter\CodeIgniter->run()
#7 C:\xampp\htdocs\klinik\system\Commands\Server\rewrite.php(43): require_once('C:\\xampp\\htdocs...')
#8 {main}
CRITICAL - 2022-05-27 03:54:14 --> Attempt to read property "harga" on null
#0 C:\xampp\htdocs\klinik\app\Controllers\back\Keranjang.php(241): CodeIgniter\Debug\Exceptions->errorHandler(2, 'Attempt to read...', 'C:\\xampp\\htdocs...', 241)
#1 C:\xampp\htdocs\klinik\system\CodeIgniter.php(832): App\Controllers\back\Keranjang->update()
#2 C:\xampp\htdocs\klinik\system\CodeIgniter.php(419): CodeIgniter\CodeIgniter->runController(Object(App\Controllers\back\Keranjang))
#3 C:\xampp\htdocs\klinik\system\CodeIgniter.php(326): CodeIgniter\CodeIgniter->handleRequest(NULL, Object(Config\Cache), false)
#4 C:\xampp\htdocs\klinik\public\index.php(37): CodeIgniter\CodeIgniter->run()
#5 C:\xampp\htdocs\klinik\system\Commands\Server\rewrite.php(43): require_once('C:\\xampp\\htdocs...')
#6 {main}
CRITICAL - 2022-05-27 03:55:41 --> Attempt to read property "harga" on null
#0 C:\xampp\htdocs\klinik\app\Controllers\back\Keranjang.php(241): CodeIgniter\Debug\Exceptions->errorHandler(2, 'Attempt to read...', 'C:\\xampp\\htdocs...', 241)
#1 C:\xampp\htdocs\klinik\system\CodeIgniter.php(832): App\Controllers\back\Keranjang->update()
#2 C:\xampp\htdocs\klinik\system\CodeIgniter.php(419): CodeIgniter\CodeIgniter->runController(Object(App\Controllers\back\Keranjang))
#3 C:\xampp\htdocs\klinik\system\CodeIgniter.php(326): CodeIgniter\CodeIgniter->handleRequest(NULL, Object(Config\Cache), false)
#4 C:\xampp\htdocs\klinik\public\index.php(37): CodeIgniter\CodeIgniter->run()
#5 C:\xampp\htdocs\klinik\system\Commands\Server\rewrite.php(43): require_once('C:\\xampp\\htdocs...')
#6 {main}
CRITICAL - 2022-05-27 03:59:06 --> Undefined variable $keranjang
#0 C:\xampp\htdocs\klinik\app\Controllers\back\Keranjang.php(231): CodeIgniter\Debug\Exceptions->errorHandler(2, 'Undefined varia...', 'C:\\xampp\\htdocs...', 231)
#1 C:\xampp\htdocs\klinik\system\CodeIgniter.php(832): App\Controllers\back\Keranjang->update()
#2 C:\xampp\htdocs\klinik\system\CodeIgniter.php(419): CodeIgniter\CodeIgniter->runController(Object(App\Controllers\back\Keranjang))
#3 C:\xampp\htdocs\klinik\system\CodeIgniter.php(326): CodeIgniter\CodeIgniter->handleRequest(NULL, Object(Config\Cache), false)
#4 C:\xampp\htdocs\klinik\public\index.php(37): CodeIgniter\CodeIgniter->run()
#5 C:\xampp\htdocs\klinik\system\Commands\Server\rewrite.php(43): require_once('C:\\xampp\\htdocs...')
#6 {main}
CRITICAL - 2022-05-27 03:59:20 --> Attempt to read property "harga" on null
#0 C:\xampp\htdocs\klinik\app\Controllers\back\Keranjang.php(142): CodeIgniter\Debug\Exceptions->errorHandler(2, 'Attempt to read...', 'C:\\xampp\\htdocs...', 142)
#1 C:\xampp\htdocs\klinik\system\CodeIgniter.php(832): App\Controllers\back\Keranjang->simpandata()
#2 C:\xampp\htdocs\klinik\system\CodeIgniter.php(419): CodeIgniter\CodeIgniter->runController(Object(App\Controllers\back\Keranjang))
#3 C:\xampp\htdocs\klinik\system\CodeIgniter.php(326): CodeIgniter\CodeIgniter->handleRequest(NULL, Object(Config\Cache), false)
#4 C:\xampp\htdocs\klinik\public\index.php(37): CodeIgniter\CodeIgniter->run()
#5 C:\xampp\htdocs\klinik\system\Commands\Server\rewrite.php(43): require_once('C:\\xampp\\htdocs...')
#6 {main}
CRITICAL - 2022-05-27 04:00:49 --> Undefined variable $pasien
#0 C:\xampp\htdocs\klinik\app\Controllers\back\Keranjang.php(167): CodeIgniter\Debug\Exceptions->errorHandler(2, 'Undefined varia...', 'C:\\xampp\\htdocs...', 167)
#1 C:\xampp\htdocs\klinik\system\CodeIgniter.php(832): App\Controllers\back\Keranjang->simpandata()
#2 C:\xampp\htdocs\klinik\system\CodeIgniter.php(419): CodeIgniter\CodeIgniter->runController(Object(App\Controllers\back\Keranjang))
#3 C:\xampp\htdocs\klinik\system\CodeIgniter.php(326): CodeIgniter\CodeIgniter->handleRequest(NULL, Object(Config\Cache), false)
#4 C:\xampp\htdocs\klinik\public\index.php(37): CodeIgniter\CodeIgniter->run()
#5 C:\xampp\htdocs\klinik\system\Commands\Server\rewrite.php(43): require_once('C:\\xampp\\htdocs...')
#6 {main}
CRITICAL - 2022-05-27 04:17:55 --> Undefined variable $keranjang
#0 C:\xampp\htdocs\klinik\app\Controllers\back\Keranjang.php(231): CodeIgniter\Debug\Exceptions->errorHandler(2, 'Undefined varia...', 'C:\\xampp\\htdocs...', 231)
#1 C:\xampp\htdocs\klinik\system\CodeIgniter.php(832): App\Controllers\back\Keranjang->update()
#2 C:\xampp\htdocs\klinik\system\CodeIgniter.php(419): CodeIgniter\CodeIgniter->runController(Object(App\Controllers\back\Keranjang))
#3 C:\xampp\htdocs\klinik\system\CodeIgniter.php(326): CodeIgniter\CodeIgniter->handleRequest(NULL, Object(Config\Cache), false)
#4 C:\xampp\htdocs\klinik\public\index.php(37): CodeIgniter\CodeIgniter->run()
#5 C:\xampp\htdocs\klinik\system\Commands\Server\rewrite.php(43): require_once('C:\\xampp\\htdocs...')
#6 {main}
CRITICAL - 2022-05-27 04:19:48 --> Undefined variable $keranjang
#0 C:\xampp\htdocs\klinik\app\Controllers\back\Keranjang.php(230): CodeIgniter\Debug\Exceptions->errorHandler(2, 'Undefined varia...', 'C:\\xampp\\htdocs...', 230)
#1 C:\xampp\htdocs\klinik\system\CodeIgniter.php(832): App\Controllers\back\Keranjang->update()
#2 C:\xampp\htdocs\klinik\system\CodeIgniter.php(419): CodeIgniter\CodeIgniter->runController(Object(App\Controllers\back\Keranjang))
#3 C:\xampp\htdocs\klinik\system\CodeIgniter.php(326): CodeIgniter\CodeIgniter->handleRequest(NULL, Object(Config\Cache), false)
#4 C:\xampp\htdocs\klinik\public\index.php(37): CodeIgniter\CodeIgniter->run()
#5 C:\xampp\htdocs\klinik\system\Commands\Server\rewrite.php(43): require_once('C:\\xampp\\htdocs...')
#6 {main}
CRITICAL - 2022-05-27 04:21:42 --> Undefined variable $keranjang
#0 C:\xampp\htdocs\klinik\app\Controllers\back\Keranjang.php(230): CodeIgniter\Debug\Exceptions->errorHandler(2, 'Undefined varia...', 'C:\\xampp\\htdocs...', 230)
#1 C:\xampp\htdocs\klinik\system\CodeIgniter.php(832): App\Controllers\back\Keranjang->update()
#2 C:\xampp\htdocs\klinik\system\CodeIgniter.php(419): CodeIgniter\CodeIgniter->runController(Object(App\Controllers\back\Keranjang))
#3 C:\xampp\htdocs\klinik\system\CodeIgniter.php(326): CodeIgniter\CodeIgniter->handleRequest(NULL, Object(Config\Cache), false)
#4 C:\xampp\htdocs\klinik\public\index.php(37): CodeIgniter\CodeIgniter->run()
#5 C:\xampp\htdocs\klinik\system\Commands\Server\rewrite.php(43): require_once('C:\\xampp\\htdocs...')
#6 {main}
CRITICAL - 2022-05-27 04:26:07 --> Undefined variable $jul
#0 C:\xampp\htdocs\klinik\app\Controllers\back\Keranjang.php(286): CodeIgniter\Debug\Exceptions->errorHandler(2, 'Undefined varia...', 'C:\\xampp\\htdocs...', 286)
#1 C:\xampp\htdocs\klinik\system\CodeIgniter.php(832): App\Controllers\back\Keranjang->update()
#2 C:\xampp\htdocs\klinik\system\CodeIgniter.php(419): CodeIgniter\CodeIgniter->runController(Object(App\Controllers\back\Keranjang))
#3 C:\xampp\htdocs\klinik\system\CodeIgniter.php(326): CodeIgniter\CodeIgniter->handleRequest(NULL, Object(Config\Cache), false)
#4 C:\xampp\htdocs\klinik\public\index.php(37): CodeIgniter\CodeIgniter->run()
#5 C:\xampp\htdocs\klinik\system\Commands\Server\rewrite.php(43): require_once('C:\\xampp\\htdocs...')
#6 {main}
CRITICAL - 2022-05-27 05:27:22 --> Undefined variable $jul
#0 C:\xampp\htdocs\klinik\app\Controllers\back\Keranjang.php(288): CodeIgniter\Debug\Exceptions->errorHandler(2, 'Undefined varia...', 'C:\\xampp\\htdocs...', 288)
#1 C:\xampp\htdocs\klinik\system\CodeIgniter.php(832): App\Controllers\back\Keranjang->update()
#2 C:\xampp\htdocs\klinik\system\CodeIgniter.php(419): CodeIgniter\CodeIgniter->runController(Object(App\Controllers\back\Keranjang))
#3 C:\xampp\htdocs\klinik\system\CodeIgniter.php(326): CodeIgniter\CodeIgniter->handleRequest(NULL, Object(Config\Cache), false)
#4 C:\xampp\htdocs\klinik\public\index.php(37): CodeIgniter\CodeIgniter->run()
#5 C:\xampp\htdocs\klinik\system\Commands\Server\rewrite.php(43): require_once('C:\\xampp\\htdocs...')
#6 {main}
CRITICAL - 2022-05-27 05:28:30 --> Undefined variable $jul
#0 C:\xampp\htdocs\klinik\app\Controllers\back\Keranjang.php(288): CodeIgniter\Debug\Exceptions->errorHandler(2, 'Undefined varia...', 'C:\\xampp\\htdocs...', 288)
#1 C:\xampp\htdocs\klinik\system\CodeIgniter.php(832): App\Controllers\back\Keranjang->update()
#2 C:\xampp\htdocs\klinik\system\CodeIgniter.php(419): CodeIgniter\CodeIgniter->runController(Object(App\Controllers\back\Keranjang))
#3 C:\xampp\htdocs\klinik\system\CodeIgniter.php(326): CodeIgniter\CodeIgniter->handleRequest(NULL, Object(Config\Cache), false)
#4 C:\xampp\htdocs\klinik\public\index.php(37): CodeIgniter\CodeIgniter->run()
#5 C:\xampp\htdocs\klinik\system\Commands\Server\rewrite.php(43): require_once('C:\\xampp\\htdocs...')
#6 {main}
CRITICAL - 2022-05-27 05:31:58 --> Undefined variable $jul
#0 C:\xampp\htdocs\klinik\app\Controllers\back\Keranjang.php(288): CodeIgniter\Debug\Exceptions->errorHandler(2, 'Undefined varia...', 'C:\\xampp\\htdocs...', 288)
#1 C:\xampp\htdocs\klinik\system\CodeIgniter.php(832): App\Controllers\back\Keranjang->update()
#2 C:\xampp\htdocs\klinik\system\CodeIgniter.php(419): CodeIgniter\CodeIgniter->runController(Object(App\Controllers\back\Keranjang))
#3 C:\xampp\htdocs\klinik\system\CodeIgniter.php(326): CodeIgniter\CodeIgniter->handleRequest(NULL, Object(Config\Cache), false)
#4 C:\xampp\htdocs\klinik\public\index.php(37): CodeIgniter\CodeIgniter->run()
#5 C:\xampp\htdocs\klinik\system\Commands\Server\rewrite.php(43): require_once('C:\\xampp\\htdocs...')
#6 {main}
CRITICAL - 2022-05-27 05:33:17 --> Undefined variable $totharga
#0 C:\xampp\htdocs\klinik\app\Controllers\back\Keranjang.php(305): CodeIgniter\Debug\Exceptions->errorHandler(2, 'Undefined varia...', 'C:\\xampp\\htdocs...', 305)
#1 C:\xampp\htdocs\klinik\system\CodeIgniter.php(832): App\Controllers\back\Keranjang->update()
#2 C:\xampp\htdocs\klinik\system\CodeIgniter.php(419): CodeIgniter\CodeIgniter->runController(Object(App\Controllers\back\Keranjang))
#3 C:\xampp\htdocs\klinik\system\CodeIgniter.php(326): CodeIgniter\CodeIgniter->handleRequest(NULL, Object(Config\Cache), false)
#4 C:\xampp\htdocs\klinik\public\index.php(37): CodeIgniter\CodeIgniter->run()
#5 C:\xampp\htdocs\klinik\system\Commands\Server\rewrite.php(43): require_once('C:\\xampp\\htdocs...')
#6 {main}
CRITICAL - 2022-05-27 05:34:01 --> Undefined variable $jul
#0 C:\xampp\htdocs\klinik\app\Controllers\back\Keranjang.php(288): CodeIgniter\Debug\Exceptions->errorHandler(2, 'Undefined varia...', 'C:\\xampp\\htdocs...', 288)
#1 C:\xampp\htdocs\klinik\system\CodeIgniter.php(832): App\Controllers\back\Keranjang->update()
#2 C:\xampp\htdocs\klinik\system\CodeIgniter.php(419): CodeIgniter\CodeIgniter->runController(Object(App\Controllers\back\Keranjang))
#3 C:\xampp\htdocs\klinik\system\CodeIgniter.php(326): CodeIgniter\CodeIgniter->handleRequest(NULL, Object(Config\Cache), false)
#4 C:\xampp\htdocs\klinik\public\index.php(37): CodeIgniter\CodeIgniter->run()
#5 C:\xampp\htdocs\klinik\system\Commands\Server\rewrite.php(43): require_once('C:\\xampp\\htdocs...')
#6 {main}
CRITICAL - 2022-05-27 05:44:15 --> Undefined variable $msg
#0 C:\xampp\htdocs\klinik\app\Controllers\back\Keranjang.php(326): CodeIgniter\Debug\Exceptions->errorHandler(2, 'Undefined varia...', 'C:\\xampp\\htdocs...', 326)
#1 C:\xampp\htdocs\klinik\system\CodeIgniter.php(832): App\Controllers\back\Keranjang->update()
#2 C:\xampp\htdocs\klinik\system\CodeIgniter.php(419): CodeIgniter\CodeIgniter->runController(Object(App\Controllers\back\Keranjang))
#3 C:\xampp\htdocs\klinik\system\CodeIgniter.php(326): CodeIgniter\CodeIgniter->handleRequest(NULL, Object(Config\Cache), false)
#4 C:\xampp\htdocs\klinik\public\index.php(37): CodeIgniter\CodeIgniter->run()
#5 C:\xampp\htdocs\klinik\system\Commands\Server\rewrite.php(43): require_once('C:\\xampp\\htdocs...')
#6 {main}
CRITICAL - 2022-05-27 05:44:18 --> Undefined variable $msg
#0 C:\xampp\htdocs\klinik\app\Controllers\back\Keranjang.php(326): CodeIgniter\Debug\Exceptions->errorHandler(2, 'Undefined varia...', 'C:\\xampp\\htdocs...', 326)
#1 C:\xampp\htdocs\klinik\system\CodeIgniter.php(832): App\Controllers\back\Keranjang->update()
#2 C:\xampp\htdocs\klinik\system\CodeIgniter.php(419): CodeIgniter\CodeIgniter->runController(Object(App\Controllers\back\Keranjang))
#3 C:\xampp\htdocs\klinik\system\CodeIgniter.php(326): CodeIgniter\CodeIgniter->handleRequest(NULL, Object(Config\Cache), false)
#4 C:\xampp\htdocs\klinik\public\index.php(37): CodeIgniter\CodeIgniter->run()
#5 C:\xampp\htdocs\klinik\system\Commands\Server\rewrite.php(43): require_once('C:\\xampp\\htdocs...')
#6 {main}
CRITICAL - 2022-05-27 05:44:26 --> Undefined variable $msg
#0 C:\xampp\htdocs\klinik\app\Controllers\back\Keranjang.php(326): CodeIgniter\Debug\Exceptions->errorHandler(2, 'Undefined varia...', 'C:\\xampp\\htdocs...', 326)
#1 C:\xampp\htdocs\klinik\system\CodeIgniter.php(832): App\Controllers\back\Keranjang->update()
#2 C:\xampp\htdocs\klinik\system\CodeIgniter.php(419): CodeIgniter\CodeIgniter->runController(Object(App\Controllers\back\Keranjang))
#3 C:\xampp\htdocs\klinik\system\CodeIgniter.php(326): CodeIgniter\CodeIgniter->handleRequest(NULL, Object(Config\Cache), false)
#4 C:\xampp\htdocs\klinik\public\index.php(37): CodeIgniter\CodeIgniter->run()
#5 C:\xampp\htdocs\klinik\system\Commands\Server\rewrite.php(43): require_once('C:\\xampp\\htdocs...')
#6 {main}
CRITICAL - 2022-05-27 05:44:34 --> Undefined variable $msg
#0 C:\xampp\htdocs\klinik\app\Controllers\back\Keranjang.php(326): CodeIgniter\Debug\Exceptions->errorHandler(2, 'Undefined varia...', 'C:\\xampp\\htdocs...', 326)
#1 C:\xampp\htdocs\klinik\system\CodeIgniter.php(832): App\Controllers\back\Keranjang->update()
#2 C:\xampp\htdocs\klinik\system\CodeIgniter.php(419): CodeIgniter\CodeIgniter->runController(Object(App\Controllers\back\Keranjang))
#3 C:\xampp\htdocs\klinik\system\CodeIgniter.php(326): CodeIgniter\CodeIgniter->handleRequest(NULL, Object(Config\Cache), false)
#4 C:\xampp\htdocs\klinik\public\index.php(37): CodeIgniter\CodeIgniter->run()
#5 C:\xampp\htdocs\klinik\system\Commands\Server\rewrite.php(43): require_once('C:\\xampp\\htdocs...')
#6 {main}
CRITICAL - 2022-05-27 05:46:44 --> syntax error, unexpected token "=>"
#0 C:\xampp\htdocs\klinik\system\Autoloader\Autoloader.php(241): CodeIgniter\Autoloader\Autoloader->includeFile('C:\\xampp\\htdocs...')
#1 C:\xampp\htdocs\klinik\system\Autoloader\Autoloader.php(219): CodeIgniter\Autoloader\Autoloader->loadInNamespace('App\\Controllers...')
#2 [internal function]: CodeIgniter\Autoloader\Autoloader->loadClass('App\\Controllers...')
#3 C:\xampp\htdocs\klinik\system\CodeIgniter.php(797): class_exists('\\App\\Controller...', true)
#4 C:\xampp\htdocs\klinik\system\CodeIgniter.php(406): CodeIgniter\CodeIgniter->startController()
#5 C:\xampp\htdocs\klinik\system\CodeIgniter.php(326): CodeIgniter\CodeIgniter->handleRequest(NULL, Object(Config\Cache), false)
#6 C:\xampp\htdocs\klinik\public\index.php(37): CodeIgniter\CodeIgniter->run()
#7 C:\xampp\htdocs\klinik\system\Commands\Server\rewrite.php(43): require_once('C:\\xampp\\htdocs...')
#8 {main}
CRITICAL - 2022-05-27 05:47:34 --> syntax error, unexpected token "=>"
#0 C:\xampp\htdocs\klinik\system\Autoloader\Autoloader.php(241): CodeIgniter\Autoloader\Autoloader->includeFile('C:\\xampp\\htdocs...')
#1 C:\xampp\htdocs\klinik\system\Autoloader\Autoloader.php(219): CodeIgniter\Autoloader\Autoloader->loadInNamespace('App\\Controllers...')
#2 [internal function]: CodeIgniter\Autoloader\Autoloader->loadClass('App\\Controllers...')
#3 C:\xampp\htdocs\klinik\system\CodeIgniter.php(797): class_exists('\\App\\Controller...', true)
#4 C:\xampp\htdocs\klinik\system\CodeIgniter.php(406): CodeIgniter\CodeIgniter->startController()
#5 C:\xampp\htdocs\klinik\system\CodeIgniter.php(326): CodeIgniter\CodeIgniter->handleRequest(NULL, Object(Config\Cache), false)
#6 C:\xampp\htdocs\klinik\public\index.php(37): CodeIgniter\CodeIgniter->run()
#7 C:\xampp\htdocs\klinik\system\Commands\Server\rewrite.php(43): require_once('C:\\xampp\\htdocs...')
#8 {main}
CRITICAL - 2022-05-27 05:47:57 --> syntax error, unexpected token "elseif"
#0 C:\xampp\htdocs\klinik\system\Autoloader\Autoloader.php(241): CodeIgniter\Autoloader\Autoloader->includeFile('C:\\xampp\\htdocs...')
#1 C:\xampp\htdocs\klinik\system\Autoloader\Autoloader.php(219): CodeIgniter\Autoloader\Autoloader->loadInNamespace('App\\Controllers...')
#2 [internal function]: CodeIgniter\Autoloader\Autoloader->loadClass('App\\Controllers...')
#3 C:\xampp\htdocs\klinik\system\CodeIgniter.php(797): class_exists('\\App\\Controller...', true)
#4 C:\xampp\htdocs\klinik\system\CodeIgniter.php(406): CodeIgniter\CodeIgniter->startController()
#5 C:\xampp\htdocs\klinik\system\CodeIgniter.php(326): CodeIgniter\CodeIgniter->handleRequest(NULL, Object(Config\Cache), false)
#6 C:\xampp\htdocs\klinik\public\index.php(37): CodeIgniter\CodeIgniter->run()
#7 C:\xampp\htdocs\klinik\system\Commands\Server\rewrite.php(43): require_once('C:\\xampp\\htdocs...')
#8 {main}
CRITICAL - 2022-05-27 05:48:39 --> Undefined variable $msg
#0 C:\xampp\htdocs\klinik\app\Controllers\back\Keranjang.php(332): CodeIgniter\Debug\Exceptions->errorHandler(2, 'Undefined varia...', 'C:\\xampp\\htdocs...', 332)
#1 C:\xampp\htdocs\klinik\system\CodeIgniter.php(832): App\Controllers\back\Keranjang->update()
#2 C:\xampp\htdocs\klinik\system\CodeIgniter.php(419): CodeIgniter\CodeIgniter->runController(Object(App\Controllers\back\Keranjang))
#3 C:\xampp\htdocs\klinik\system\CodeIgniter.php(326): CodeIgniter\CodeIgniter->handleRequest(NULL, Object(Config\Cache), false)
#4 C:\xampp\htdocs\klinik\public\index.php(37): CodeIgniter\CodeIgniter->run()
#5 C:\xampp\htdocs\klinik\system\Commands\Server\rewrite.php(43): require_once('C:\\xampp\\htdocs...')
#6 {main}
CRITICAL - 2022-05-27 05:48:52 --> Undefined variable $msg
#0 C:\xampp\htdocs\klinik\app\Controllers\back\Keranjang.php(332): CodeIgniter\Debug\Exceptions->errorHandler(2, 'Undefined varia...', 'C:\\xampp\\htdocs...', 332)
#1 C:\xampp\htdocs\klinik\system\CodeIgniter.php(832): App\Controllers\back\Keranjang->update()
#2 C:\xampp\htdocs\klinik\system\CodeIgniter.php(419): CodeIgniter\CodeIgniter->runController(Object(App\Controllers\back\Keranjang))
#3 C:\xampp\htdocs\klinik\system\CodeIgniter.php(326): CodeIgniter\CodeIgniter->handleRequest(NULL, Object(Config\Cache), false)
#4 C:\xampp\htdocs\klinik\public\index.php(37): CodeIgniter\CodeIgniter->run()
#5 C:\xampp\htdocs\klinik\system\Commands\Server\rewrite.php(43): require_once('C:\\xampp\\htdocs...')
#6 {main}
CRITICAL - 2022-05-27 05:50:03 --> Undefined variable $msg
#0 C:\xampp\htdocs\klinik\app\Controllers\back\Keranjang.php(332): CodeIgniter\Debug\Exceptions->errorHandler(2, 'Undefined varia...', 'C:\\xampp\\htdocs...', 332)
#1 C:\xampp\htdocs\klinik\system\CodeIgniter.php(832): App\Controllers\back\Keranjang->update()
#2 C:\xampp\htdocs\klinik\system\CodeIgniter.php(419): CodeIgniter\CodeIgniter->runController(Object(App\Controllers\back\Keranjang))
#3 C:\xampp\htdocs\klinik\system\CodeIgniter.php(326): CodeIgniter\CodeIgniter->handleRequest(NULL, Object(Config\Cache), false)
#4 C:\xampp\htdocs\klinik\public\index.php(37): CodeIgniter\CodeIgniter->run()
#5 C:\xampp\htdocs\klinik\system\Commands\Server\rewrite.php(43): require_once('C:\\xampp\\htdocs...')
#6 {main}
CRITICAL - 2022-05-27 05:50:31 --> Undefined variable $msg
#0 C:\xampp\htdocs\klinik\app\Controllers\back\Keranjang.php(332): CodeIgniter\Debug\Exceptions->errorHandler(2, 'Undefined varia...', 'C:\\xampp\\htdocs...', 332)
#1 C:\xampp\htdocs\klinik\system\CodeIgniter.php(832): App\Controllers\back\Keranjang->update()
#2 C:\xampp\htdocs\klinik\system\CodeIgniter.php(419): CodeIgniter\CodeIgniter->runController(Object(App\Controllers\back\Keranjang))
#3 C:\xampp\htdocs\klinik\system\CodeIgniter.php(326): CodeIgniter\CodeIgniter->handleRequest(NULL, Object(Config\Cache), false)
#4 C:\xampp\htdocs\klinik\public\index.php(37): CodeIgniter\CodeIgniter->run()
#5 C:\xampp\htdocs\klinik\system\Commands\Server\rewrite.php(43): require_once('C:\\xampp\\htdocs...')
#6 {main}
CRITICAL - 2022-05-27 05:51:42 --> Undefined variable $msg
#0 C:\xampp\htdocs\klinik\app\Controllers\back\Keranjang.php(332): CodeIgniter\Debug\Exceptions->errorHandler(2, 'Undefined varia...', 'C:\\xampp\\htdocs...', 332)
#1 C:\xampp\htdocs\klinik\system\CodeIgniter.php(832): App\Controllers\back\Keranjang->update()
#2 C:\xampp\htdocs\klinik\system\CodeIgniter.php(419): CodeIgniter\CodeIgniter->runController(Object(App\Controllers\back\Keranjang))
#3 C:\xampp\htdocs\klinik\system\CodeIgniter.php(326): CodeIgniter\CodeIgniter->handleRequest(NULL, Object(Config\Cache), false)
#4 C:\xampp\htdocs\klinik\public\index.php(37): CodeIgniter\CodeIgniter->run()
#5 C:\xampp\htdocs\klinik\system\Commands\Server\rewrite.php(43): require_once('C:\\xampp\\htdocs...')
#6 {main}
CRITICAL - 2022-05-27 05:52:34 --> Undefined variable $msg
#0 C:\xampp\htdocs\klinik\app\Controllers\back\Keranjang.php(332): CodeIgniter\Debug\Exceptions->errorHandler(2, 'Undefined varia...', 'C:\\xampp\\htdocs...', 332)
#1 C:\xampp\htdocs\klinik\system\CodeIgniter.php(832): App\Controllers\back\Keranjang->update()
#2 C:\xampp\htdocs\klinik\system\CodeIgniter.php(419): CodeIgniter\CodeIgniter->runController(Object(App\Controllers\back\Keranjang))
#3 C:\xampp\htdocs\klinik\system\CodeIgniter.php(326): CodeIgniter\CodeIgniter->handleRequest(NULL, Object(Config\Cache), false)
#4 C:\xampp\htdocs\klinik\public\index.php(37): CodeIgniter\CodeIgniter->run()
#5 C:\xampp\htdocs\klinik\system\Commands\Server\rewrite.php(43): require_once('C:\\xampp\\htdocs...')
#6 {main}
CRITICAL - 2022-05-27 05:53:16 --> Undefined variable $msg
#0 C:\xampp\htdocs\klinik\app\Controllers\back\Keranjang.php(332): CodeIgniter\Debug\Exceptions->errorHandler(2, 'Undefined varia...', 'C:\\xampp\\htdocs...', 332)
#1 C:\xampp\htdocs\klinik\system\CodeIgniter.php(832): App\Controllers\back\Keranjang->update()
#2 C:\xampp\htdocs\klinik\system\CodeIgniter.php(419): CodeIgniter\CodeIgniter->runController(Object(App\Controllers\back\Keranjang))
#3 C:\xampp\htdocs\klinik\system\CodeIgniter.php(326): CodeIgniter\CodeIgniter->handleRequest(NULL, Object(Config\Cache), false)
#4 C:\xampp\htdocs\klinik\public\index.php(37): CodeIgniter\CodeIgniter->run()
#5 C:\xampp\htdocs\klinik\system\Commands\Server\rewrite.php(43): require_once('C:\\xampp\\htdocs...')
#6 {main}
CRITICAL - 2022-05-27 05:54:23 --> Undefined variable $msg
#0 C:\xampp\htdocs\klinik\app\Controllers\back\Keranjang.php(332): CodeIgniter\Debug\Exceptions->errorHandler(2, 'Undefined varia...', 'C:\\xampp\\htdocs...', 332)
#1 C:\xampp\htdocs\klinik\system\CodeIgniter.php(832): App\Controllers\back\Keranjang->update()
#2 C:\xampp\htdocs\klinik\system\CodeIgniter.php(419): CodeIgniter\CodeIgniter->runController(Object(App\Controllers\back\Keranjang))
#3 C:\xampp\htdocs\klinik\system\CodeIgniter.php(326): CodeIgniter\CodeIgniter->handleRequest(NULL, Object(Config\Cache), false)
#4 C:\xampp\htdocs\klinik\public\index.php(37): CodeIgniter\CodeIgniter->run()
#5 C:\xampp\htdocs\klinik\system\Commands\Server\rewrite.php(43): require_once('C:\\xampp\\htdocs...')
#6 {main}
CRITICAL - 2022-05-27 05:54:28 --> Undefined variable $msg
#0 C:\xampp\htdocs\klinik\app\Controllers\back\Keranjang.php(332): CodeIgniter\Debug\Exceptions->errorHandler(2, 'Undefined varia...', 'C:\\xampp\\htdocs...', 332)
#1 C:\xampp\htdocs\klinik\system\CodeIgniter.php(832): App\Controllers\back\Keranjang->update()
#2 C:\xampp\htdocs\klinik\system\CodeIgniter.php(419): CodeIgniter\CodeIgniter->runController(Object(App\Controllers\back\Keranjang))
#3 C:\xampp\htdocs\klinik\system\CodeIgniter.php(326): CodeIgniter\CodeIgniter->handleRequest(NULL, Object(Config\Cache), false)
#4 C:\xampp\htdocs\klinik\public\index.php(37): CodeIgniter\CodeIgniter->run()
#5 C:\xampp\htdocs\klinik\system\Commands\Server\rewrite.php(43): require_once('C:\\xampp\\htdocs...')
#6 {main}
CRITICAL - 2022-05-27 06:04:15 --> Cannot re-assign $this
#0 [internal function]: CodeIgniter\Debug\Exceptions->shutdownHandler()
#1 {main}
CRITICAL - 2022-05-27 06:05:18 --> count(): Argument #1 ($value) must be of type Countable|array, null given
#0 C:\xampp\htdocs\klinik\app\Controllers\back\Keranjang.php(342): count(NULL)
#1 C:\xampp\htdocs\klinik\system\CodeIgniter.php(832): App\Controllers\back\Keranjang->hapusbanyak()
#2 C:\xampp\htdocs\klinik\system\CodeIgniter.php(419): CodeIgniter\CodeIgniter->runController(Object(App\Controllers\back\Keranjang))
#3 C:\xampp\htdocs\klinik\system\CodeIgniter.php(326): CodeIgniter\CodeIgniter->handleRequest(NULL, Object(Config\Cache), false)
#4 C:\xampp\htdocs\klinik\public\index.php(37): CodeIgniter\CodeIgniter->run()
#5 C:\xampp\htdocs\klinik\system\Commands\Server\rewrite.php(43): require_once('C:\\xampp\\htdocs...')
#6 {main}
CRITICAL - 2022-05-27 06:05:30 --> count(): Argument #1 ($value) must be of type Countable|array, null given
#0 C:\xampp\htdocs\klinik\app\Controllers\back\Keranjang.php(342): count(NULL)
#1 C:\xampp\htdocs\klinik\system\CodeIgniter.php(832): App\Controllers\back\Keranjang->hapusbanyak()
#2 C:\xampp\htdocs\klinik\system\CodeIgniter.php(419): CodeIgniter\CodeIgniter->runController(Object(App\Controllers\back\Keranjang))
#3 C:\xampp\htdocs\klinik\system\CodeIgniter.php(326): CodeIgniter\CodeIgniter->handleRequest(NULL, Object(Config\Cache), false)
#4 C:\xampp\htdocs\klinik\public\index.php(37): CodeIgniter\CodeIgniter->run()
#5 C:\xampp\htdocs\klinik\system\Commands\Server\rewrite.php(43): require_once('C:\\xampp\\htdocs...')
#6 {main}
CRITICAL - 2022-05-27 06:05:57 --> count(): Argument #1 ($value) must be of type Countable|array, null given
#0 C:\xampp\htdocs\klinik\app\Controllers\back\Keranjang.php(342): count(NULL)
#1 C:\xampp\htdocs\klinik\system\CodeIgniter.php(832): App\Controllers\back\Keranjang->hapusbanyak()
#2 C:\xampp\htdocs\klinik\system\CodeIgniter.php(419): CodeIgniter\CodeIgniter->runController(Object(App\Controllers\back\Keranjang))
#3 C:\xampp\htdocs\klinik\system\CodeIgniter.php(326): CodeIgniter\CodeIgniter->handleRequest(NULL, Object(Config\Cache), false)
#4 C:\xampp\htdocs\klinik\public\index.php(37): CodeIgniter\CodeIgniter->run()
#5 C:\xampp\htdocs\klinik\system\Commands\Server\rewrite.php(43): require_once('C:\\xampp\\htdocs...')
#6 {main}
CRITICAL - 2022-05-27 06:06:38 --> Array to string conversion
#0 C:\xampp\htdocs\klinik\app\Controllers\back\Keranjang.php(344): CodeIgniter\Debug\Exceptions->errorHandler(2, 'Array to string...', 'C:\\xampp\\htdocs...', 344)
#1 C:\xampp\htdocs\klinik\system\CodeIgniter.php(832): App\Controllers\back\Keranjang->hapusbanyak()
#2 C:\xampp\htdocs\klinik\system\CodeIgniter.php(419): CodeIgniter\CodeIgniter->runController(Object(App\Controllers\back\Keranjang))
#3 C:\xampp\htdocs\klinik\system\CodeIgniter.php(326): CodeIgniter\CodeIgniter->handleRequest(NULL, Object(Config\Cache), false)
#4 C:\xampp\htdocs\klinik\public\index.php(37): CodeIgniter\CodeIgniter->run()
#5 C:\xampp\htdocs\klinik\system\Commands\Server\rewrite.php(43): require_once('C:\\xampp\\htdocs...')
#6 {main}
CRITICAL - 2022-05-27 06:10:09 --> There is no data to update.
#0 C:\xampp\htdocs\klinik\system\BaseModel.php(846): CodeIgniter\Database\Exceptions\DataException::forEmptyDataset('update')
#1 C:\xampp\htdocs\klinik\system\Model.php(651): CodeIgniter\BaseModel->update(Array, Array)
#2 C:\xampp\htdocs\klinik\app\Controllers\back\Keranjang.php(350): CodeIgniter\Model->update('18', Array)
#3 C:\xampp\htdocs\klinik\system\CodeIgniter.php(832): App\Controllers\back\Keranjang->hapusbanyak()
#4 C:\xampp\htdocs\klinik\system\CodeIgniter.php(419): CodeIgniter\CodeIgniter->runController(Object(App\Controllers\back\Keranjang))
#5 C:\xampp\htdocs\klinik\system\CodeIgniter.php(326): CodeIgniter\CodeIgniter->handleRequest(NULL, Object(Config\Cache), false)
#6 C:\xampp\htdocs\klinik\public\index.php(37): CodeIgniter\CodeIgniter->run()
#7 C:\xampp\htdocs\klinik\system\Commands\Server\rewrite.php(43): require_once('C:\\xampp\\htdocs...')
#8 {main}
CRITICAL - 2022-05-27 06:10:16 --> There is no data to update.
#0 C:\xampp\htdocs\klinik\system\BaseModel.php(846): CodeIgniter\Database\Exceptions\DataException::forEmptyDataset('update')
#1 C:\xampp\htdocs\klinik\system\Model.php(651): CodeIgniter\BaseModel->update(Array, Array)
#2 C:\xampp\htdocs\klinik\app\Controllers\back\Keranjang.php(350): CodeIgniter\Model->update('19', Array)
#3 C:\xampp\htdocs\klinik\system\CodeIgniter.php(832): App\Controllers\back\Keranjang->hapusbanyak()
#4 C:\xampp\htdocs\klinik\system\CodeIgniter.php(419): CodeIgniter\CodeIgniter->runController(Object(App\Controllers\back\Keranjang))
#5 C:\xampp\htdocs\klinik\system\CodeIgniter.php(326): CodeIgniter\CodeIgniter->handleRequest(NULL, Object(Config\Cache), false)
#6 C:\xampp\htdocs\klinik\public\index.php(37): CodeIgniter\CodeIgniter->run()
#7 C:\xampp\htdocs\klinik\system\Commands\Server\rewrite.php(43): require_once('C:\\xampp\\htdocs...')
#8 {main}
CRITICAL - 2022-05-27 06:12:05 --> There is no data to update.
#0 C:\xampp\htdocs\klinik\system\BaseModel.php(846): CodeIgniter\Database\Exceptions\DataException::forEmptyDataset('update')
#1 C:\xampp\htdocs\klinik\system\Model.php(651): CodeIgniter\BaseModel->update(Array, Array)
#2 C:\xampp\htdocs\klinik\app\Controllers\back\Keranjang.php(351): CodeIgniter\Model->update('5', Array)
#3 C:\xampp\htdocs\klinik\system\CodeIgniter.php(832): App\Controllers\back\Keranjang->hapusbanyak()
#4 C:\xampp\htdocs\klinik\system\CodeIgniter.php(419): CodeIgniter\CodeIgniter->runController(Object(App\Controllers\back\Keranjang))
#5 C:\xampp\htdocs\klinik\system\CodeIgniter.php(326): CodeIgniter\CodeIgniter->handleRequest(NULL, Object(Config\Cache), false)
#6 C:\xampp\htdocs\klinik\public\index.php(37): CodeIgniter\CodeIgniter->run()
#7 C:\xampp\htdocs\klinik\system\Commands\Server\rewrite.php(43): require_once('C:\\xampp\\htdocs...')
#8 {main}
CRITICAL - 2022-05-27 06:18:19 --> Unsupported operand types: string + string
#0 C:\xampp\htdocs\klinik\system\CodeIgniter.php(832): App\Controllers\back\Keranjang->hapusbanyak()
#1 C:\xampp\htdocs\klinik\system\CodeIgniter.php(419): CodeIgniter\CodeIgniter->runController(Object(App\Controllers\back\Keranjang))
#2 C:\xampp\htdocs\klinik\system\CodeIgniter.php(326): CodeIgniter\CodeIgniter->handleRequest(NULL, Object(Config\Cache), false)
#3 C:\xampp\htdocs\klinik\public\index.php(37): CodeIgniter\CodeIgniter->run()
#4 C:\xampp\htdocs\klinik\system\Commands\Server\rewrite.php(43): require_once('C:\\xampp\\htdocs...')
#5 {main}
CRITICAL - 2022-05-27 06:19:50 --> Unsupported operand types: string + string
#0 C:\xampp\htdocs\klinik\system\CodeIgniter.php(832): App\Controllers\back\Keranjang->hapusbanyak()
#1 C:\xampp\htdocs\klinik\system\CodeIgniter.php(419): CodeIgniter\CodeIgniter->runController(Object(App\Controllers\back\Keranjang))
#2 C:\xampp\htdocs\klinik\system\CodeIgniter.php(326): CodeIgniter\CodeIgniter->handleRequest(NULL, Object(Config\Cache), false)
#3 C:\xampp\htdocs\klinik\public\index.php(37): CodeIgniter\CodeIgniter->run()
#4 C:\xampp\htdocs\klinik\system\Commands\Server\rewrite.php(43): require_once('C:\\xampp\\htdocs...')
#5 {main}
CRITICAL - 2022-05-27 07:09:08 --> Unsupported operand types: int + string
#0 C:\xampp\htdocs\klinik\system\CodeIgniter.php(832): App\Controllers\back\Keranjang->hapusbanyak()
#1 C:\xampp\htdocs\klinik\system\CodeIgniter.php(419): CodeIgniter\CodeIgniter->runController(Object(App\Controllers\back\Keranjang))
#2 C:\xampp\htdocs\klinik\system\CodeIgniter.php(326): CodeIgniter\CodeIgniter->handleRequest(NULL, Object(Config\Cache), false)
#3 C:\xampp\htdocs\klinik\public\index.php(37): CodeIgniter\CodeIgniter->run()
#4 C:\xampp\htdocs\klinik\system\Commands\Server\rewrite.php(43): require_once('C:\\xampp\\htdocs...')
#5 {main}
CRITICAL - 2022-05-27 07:12:32 --> Unsupported operand types: int + string
#0 C:\xampp\htdocs\klinik\system\CodeIgniter.php(832): App\Controllers\back\Keranjang->hapusbanyak()
#1 C:\xampp\htdocs\klinik\system\CodeIgniter.php(419): CodeIgniter\CodeIgniter->runController(Object(App\Controllers\back\Keranjang))
#2 C:\xampp\htdocs\klinik\system\CodeIgniter.php(326): CodeIgniter\CodeIgniter->handleRequest(NULL, Object(Config\Cache), false)
#3 C:\xampp\htdocs\klinik\public\index.php(37): CodeIgniter\CodeIgniter->run()
#4 C:\xampp\htdocs\klinik\system\Commands\Server\rewrite.php(43): require_once('C:\\xampp\\htdocs...')
#5 {main}
CRITICAL - 2022-05-27 07:13:12 --> Unsupported operand types: int + string
#0 C:\xampp\htdocs\klinik\system\CodeIgniter.php(832): App\Controllers\back\Keranjang->hapusbanyak()
#1 C:\xampp\htdocs\klinik\system\CodeIgniter.php(419): CodeIgniter\CodeIgniter->runController(Object(App\Controllers\back\Keranjang))
#2 C:\xampp\htdocs\klinik\system\CodeIgniter.php(326): CodeIgniter\CodeIgniter->handleRequest(NULL, Object(Config\Cache), false)
#3 C:\xampp\htdocs\klinik\public\index.php(37): CodeIgniter\CodeIgniter->run()
#4 C:\xampp\htdocs\klinik\system\Commands\Server\rewrite.php(43): require_once('C:\\xampp\\htdocs...')
#5 {main}
CRITICAL - 2022-05-27 07:13:19 --> Unsupported operand types: int + string
#0 C:\xampp\htdocs\klinik\system\CodeIgniter.php(832): App\Controllers\back\Keranjang->hapusbanyak()
#1 C:\xampp\htdocs\klinik\system\CodeIgniter.php(419): CodeIgniter\CodeIgniter->runController(Object(App\Controllers\back\Keranjang))
#2 C:\xampp\htdocs\klinik\system\CodeIgniter.php(326): CodeIgniter\CodeIgniter->handleRequest(NULL, Object(Config\Cache), false)
#3 C:\xampp\htdocs\klinik\public\index.php(37): CodeIgniter\CodeIgniter->run()
#4 C:\xampp\htdocs\klinik\system\Commands\Server\rewrite.php(43): require_once('C:\\xampp\\htdocs...')
#5 {main}
CRITICAL - 2022-05-27 07:13:30 --> Unsupported operand types: int + string
#0 C:\xampp\htdocs\klinik\system\CodeIgniter.php(832): App\Controllers\back\Keranjang->hapusbanyak()
#1 C:\xampp\htdocs\klinik\system\CodeIgniter.php(419): CodeIgniter\CodeIgniter->runController(Object(App\Controllers\back\Keranjang))
#2 C:\xampp\htdocs\klinik\system\CodeIgniter.php(326): CodeIgniter\CodeIgniter->handleRequest(NULL, Object(Config\Cache), false)
#3 C:\xampp\htdocs\klinik\public\index.php(37): CodeIgniter\CodeIgniter->run()
#4 C:\xampp\htdocs\klinik\system\Commands\Server\rewrite.php(43): require_once('C:\\xampp\\htdocs...')
#5 {main}
CRITICAL - 2022-05-27 07:14:28 --> Unsupported operand types: int + string
#0 C:\xampp\htdocs\klinik\system\CodeIgniter.php(832): App\Controllers\back\Keranjang->hapusbanyak()
#1 C:\xampp\htdocs\klinik\system\CodeIgniter.php(419): CodeIgniter\CodeIgniter->runController(Object(App\Controllers\back\Keranjang))
#2 C:\xampp\htdocs\klinik\system\CodeIgniter.php(326): CodeIgniter\CodeIgniter->handleRequest(NULL, Object(Config\Cache), false)
#3 C:\xampp\htdocs\klinik\public\index.php(37): CodeIgniter\CodeIgniter->run()
#4 C:\xampp\htdocs\klinik\system\Commands\Server\rewrite.php(43): require_once('C:\\xampp\\htdocs...')
#5 {main}
CRITICAL - 2022-05-27 07:15:13 --> syntax error, unexpected token "public", expecting end of file
#0 C:\xampp\htdocs\klinik\system\Autoloader\Autoloader.php(241): CodeIgniter\Autoloader\Autoloader->includeFile('C:\\xampp\\htdocs...')
#1 C:\xampp\htdocs\klinik\system\Autoloader\Autoloader.php(219): CodeIgniter\Autoloader\Autoloader->loadInNamespace('App\\Controllers...')
#2 [internal function]: CodeIgniter\Autoloader\Autoloader->loadClass('App\\Controllers...')
#3 C:\xampp\htdocs\klinik\system\CodeIgniter.php(797): class_exists('\\App\\Controller...', true)
#4 C:\xampp\htdocs\klinik\system\CodeIgniter.php(406): CodeIgniter\CodeIgniter->startController()
#5 C:\xampp\htdocs\klinik\system\CodeIgniter.php(326): CodeIgniter\CodeIgniter->handleRequest(NULL, Object(Config\Cache), false)
#6 C:\xampp\htdocs\klinik\public\index.php(37): CodeIgniter\CodeIgniter->run()
#7 C:\xampp\htdocs\klinik\system\Commands\Server\rewrite.php(43): require_once('C:\\xampp\\htdocs...')
#8 {main}
CRITICAL - 2022-05-27 07:16:56 --> Unsupported operand types: string + string
#0 C:\xampp\htdocs\klinik\system\CodeIgniter.php(832): App\Controllers\back\Keranjang->hapusbanyak()
#1 C:\xampp\htdocs\klinik\system\CodeIgniter.php(419): CodeIgniter\CodeIgniter->runController(Object(App\Controllers\back\Keranjang))
#2 C:\xampp\htdocs\klinik\system\CodeIgniter.php(326): CodeIgniter\CodeIgniter->handleRequest(NULL, Object(Config\Cache), false)
#3 C:\xampp\htdocs\klinik\public\index.php(37): CodeIgniter\CodeIgniter->run()
#4 C:\xampp\htdocs\klinik\system\Commands\Server\rewrite.php(43): require_once('C:\\xampp\\htdocs...')
#5 {main}
CRITICAL - 2022-05-27 07:20:33 --> Unsupported operand types: string + string
#0 C:\xampp\htdocs\klinik\system\CodeIgniter.php(832): App\Controllers\back\Keranjang->hapusbanyak()
#1 C:\xampp\htdocs\klinik\system\CodeIgniter.php(419): CodeIgniter\CodeIgniter->runController(Object(App\Controllers\back\Keranjang))
#2 C:\xampp\htdocs\klinik\system\CodeIgniter.php(326): CodeIgniter\CodeIgniter->handleRequest(NULL, Object(Config\Cache), false)
#3 C:\xampp\htdocs\klinik\public\index.php(37): CodeIgniter\CodeIgniter->run()
#4 C:\xampp\htdocs\klinik\system\Commands\Server\rewrite.php(43): require_once('C:\\xampp\\htdocs...')
#5 {main}
CRITICAL - 2022-05-27 07:21:03 --> Unsupported operand types: string + string
#0 C:\xampp\htdocs\klinik\system\CodeIgniter.php(832): App\Controllers\back\Keranjang->hapusbanyak()
#1 C:\xampp\htdocs\klinik\system\CodeIgniter.php(419): CodeIgniter\CodeIgniter->runController(Object(App\Controllers\back\Keranjang))
#2 C:\xampp\htdocs\klinik\system\CodeIgniter.php(326): CodeIgniter\CodeIgniter->handleRequest(NULL, Object(Config\Cache), false)
#3 C:\xampp\htdocs\klinik\public\index.php(37): CodeIgniter\CodeIgniter->run()
#4 C:\xampp\htdocs\klinik\system\Commands\Server\rewrite.php(43): require_once('C:\\xampp\\htdocs...')
#5 {main}
CRITICAL - 2022-05-27 07:22:20 --> Unsupported operand types: string + string
#0 C:\xampp\htdocs\klinik\system\CodeIgniter.php(832): App\Controllers\back\Keranjang->hapusbanyak()
#1 C:\xampp\htdocs\klinik\system\CodeIgniter.php(419): CodeIgniter\CodeIgniter->runController(Object(App\Controllers\back\Keranjang))
#2 C:\xampp\htdocs\klinik\system\CodeIgniter.php(326): CodeIgniter\CodeIgniter->handleRequest(NULL, Object(Config\Cache), false)
#3 C:\xampp\htdocs\klinik\public\index.php(37): CodeIgniter\CodeIgniter->run()
#4 C:\xampp\htdocs\klinik\system\Commands\Server\rewrite.php(43): require_once('C:\\xampp\\htdocs...')
#5 {main}
CRITICAL - 2022-05-27 07:23:10 --> Unsupported operand types: string + string
#0 C:\xampp\htdocs\klinik\system\CodeIgniter.php(832): App\Controllers\back\Keranjang->hapusbanyak()
#1 C:\xampp\htdocs\klinik\system\CodeIgniter.php(419): CodeIgniter\CodeIgniter->runController(Object(App\Controllers\back\Keranjang))
#2 C:\xampp\htdocs\klinik\system\CodeIgniter.php(326): CodeIgniter\CodeIgniter->handleRequest(NULL, Object(Config\Cache), false)
#3 C:\xampp\htdocs\klinik\public\index.php(37): CodeIgniter\CodeIgniter->run()
#4 C:\xampp\htdocs\klinik\system\Commands\Server\rewrite.php(43): require_once('C:\\xampp\\htdocs...')
#5 {main}
CRITICAL - 2022-05-27 07:24:38 --> Unsupported operand types: string + string
#0 C:\xampp\htdocs\klinik\system\CodeIgniter.php(832): App\Controllers\back\Keranjang->hapusbanyak()
#1 C:\xampp\htdocs\klinik\system\CodeIgniter.php(419): CodeIgniter\CodeIgniter->runController(Object(App\Controllers\back\Keranjang))
#2 C:\xampp\htdocs\klinik\system\CodeIgniter.php(326): CodeIgniter\CodeIgniter->handleRequest(NULL, Object(Config\Cache), false)
#3 C:\xampp\htdocs\klinik\public\index.php(37): CodeIgniter\CodeIgniter->run()
#4 C:\xampp\htdocs\klinik\system\Commands\Server\rewrite.php(43): require_once('C:\\xampp\\htdocs...')
#5 {main}
CRITICAL - 2022-05-27 07:25:06 --> Unsupported operand types: string + string
#0 C:\xampp\htdocs\klinik\system\CodeIgniter.php(832): App\Controllers\back\Keranjang->hapusbanyak()
#1 C:\xampp\htdocs\klinik\system\CodeIgniter.php(419): CodeIgniter\CodeIgniter->runController(Object(App\Controllers\back\Keranjang))
#2 C:\xampp\htdocs\klinik\system\CodeIgniter.php(326): CodeIgniter\CodeIgniter->handleRequest(NULL, Object(Config\Cache), false)
#3 C:\xampp\htdocs\klinik\public\index.php(37): CodeIgniter\CodeIgniter->run()
#4 C:\xampp\htdocs\klinik\system\Commands\Server\rewrite.php(43): require_once('C:\\xampp\\htdocs...')
#5 {main}
CRITICAL - 2022-05-27 07:29:56 --> Undefined variable $jumobat
#0 C:\xampp\htdocs\klinik\app\Controllers\back\Keranjang.php(361): CodeIgniter\Debug\Exceptions->errorHandler(2, 'Undefined varia...', 'C:\\xampp\\htdocs...', 361)
#1 C:\xampp\htdocs\klinik\system\CodeIgniter.php(832): App\Controllers\back\Keranjang->hapusbanyak()
#2 C:\xampp\htdocs\klinik\system\CodeIgniter.php(419): CodeIgniter\CodeIgniter->runController(Object(App\Controllers\back\Keranjang))
#3 C:\xampp\htdocs\klinik\system\CodeIgniter.php(326): CodeIgniter\CodeIgniter->handleRequest(NULL, Object(Config\Cache), false)
#4 C:\xampp\htdocs\klinik\public\index.php(37): CodeIgniter\CodeIgniter->run()
#5 C:\xampp\htdocs\klinik\system\Commands\Server\rewrite.php(43): require_once('C:\\xampp\\htdocs...')
#6 {main}
CRITICAL - 2022-05-27 07:52:03 --> Undefined variable $data
#0 C:\xampp\htdocs\klinik\app\Views\Page\Keranjang\Data.php(34): CodeIgniter\Debug\Exceptions->errorHandler(2, 'Undefined varia...', 'C:\\xampp\\htdocs...', 34)
#1 C:\xampp\htdocs\klinik\system\View\View.php(210): include('C:\\xampp\\htdocs...')
#2 C:\xampp\htdocs\klinik\system\View\View.php(213): CodeIgniter\View\View->CodeIgniter\View\{closure}()
#3 C:\xampp\htdocs\klinik\system\Common.php(1089): CodeIgniter\View\View->render('Page/Keranjang/...', Array, true)
#4 C:\xampp\htdocs\klinik\app\Controllers\back\Keranjang.php(34): view('Page/Keranjang/...', Array)
#5 C:\xampp\htdocs\klinik\system\CodeIgniter.php(832): App\Controllers\back\Keranjang->ambildata()
#6 C:\xampp\htdocs\klinik\system\CodeIgniter.php(419): CodeIgniter\CodeIgniter->runController(Object(App\Controllers\back\Keranjang))
#7 C:\xampp\htdocs\klinik\system\CodeIgniter.php(326): CodeIgniter\CodeIgniter->handleRequest(NULL, Object(Config\Cache), false)
#8 C:\xampp\htdocs\klinik\public\index.php(37): CodeIgniter\CodeIgniter->run()
#9 C:\xampp\htdocs\klinik\system\Commands\Server\rewrite.php(43): require_once('C:\\xampp\\htdocs...')
#10 {main}
CRITICAL - 2022-05-27 07:54:21 --> Undefined variable $title
#0 C:\xampp\htdocs\klinik\app\Views\Page\Keranjang\Data.php(34): CodeIgniter\Debug\Exceptions->errorHandler(2, 'Undefined varia...', 'C:\\xampp\\htdocs...', 34)
#1 C:\xampp\htdocs\klinik\system\View\View.php(210): include('C:\\xampp\\htdocs...')
#2 C:\xampp\htdocs\klinik\system\View\View.php(213): CodeIgniter\View\View->CodeIgniter\View\{closure}()
#3 C:\xampp\htdocs\klinik\system\Common.php(1089): CodeIgniter\View\View->render('Page/Keranjang/...', Array, true)
#4 C:\xampp\htdocs\klinik\app\Controllers\back\Keranjang.php(34): view('Page/Keranjang/...', Array)
#5 C:\xampp\htdocs\klinik\system\CodeIgniter.php(832): App\Controllers\back\Keranjang->ambildata()
#6 C:\xampp\htdocs\klinik\system\CodeIgniter.php(419): CodeIgniter\CodeIgniter->runController(Object(App\Controllers\back\Keranjang))
#7 C:\xampp\htdocs\klinik\system\CodeIgniter.php(326): CodeIgniter\CodeIgniter->handleRequest(NULL, Object(Config\Cache), false)
#8 C:\xampp\htdocs\klinik\public\index.php(37): CodeIgniter\CodeIgniter->run()
#9 C:\xampp\htdocs\klinik\system\Commands\Server\rewrite.php(43): require_once('C:\\xampp\\htdocs...')
#10 {main}
CRITICAL - 2022-05-27 08:07:47 --> Undefined variable $query_cekuser
#0 C:\xampp\htdocs\klinik\app\Controllers\back\Keranjang.php(31): CodeIgniter\Debug\Exceptions->errorHandler(2, 'Undefined varia...', 'C:\\xampp\\htdocs...', 31)
#1 C:\xampp\htdocs\klinik\system\CodeIgniter.php(832): App\Controllers\back\Keranjang->ambildata()
#2 C:\xampp\htdocs\klinik\system\CodeIgniter.php(419): CodeIgniter\CodeIgniter->runController(Object(App\Controllers\back\Keranjang))
#3 C:\xampp\htdocs\klinik\system\CodeIgniter.php(326): CodeIgniter\CodeIgniter->handleRequest(NULL, Object(Config\Cache), false)
#4 C:\xampp\htdocs\klinik\public\index.php(37): CodeIgniter\CodeIgniter->run()
#5 C:\xampp\htdocs\klinik\system\Commands\Server\rewrite.php(43): require_once('C:\\xampp\\htdocs...')
#6 {main}
CRITICAL - 2022-05-27 08:08:05 --> Undefined variable $query_cekuser
#0 C:\xampp\htdocs\klinik\app\Controllers\back\Keranjang.php(31): CodeIgniter\Debug\Exceptions->errorHandler(2, 'Undefined varia...', 'C:\\xampp\\htdocs...', 31)
#1 C:\xampp\htdocs\klinik\system\CodeIgniter.php(832): App\Controllers\back\Keranjang->ambildata()
#2 C:\xampp\htdocs\klinik\system\CodeIgniter.php(419): CodeIgniter\CodeIgniter->runController(Object(App\Controllers\back\Keranjang))
#3 C:\xampp\htdocs\klinik\system\CodeIgniter.php(326): CodeIgniter\CodeIgniter->handleRequest(NULL, Object(Config\Cache), false)
#4 C:\xampp\htdocs\klinik\public\index.php(37): CodeIgniter\CodeIgniter->run()
#5 C:\xampp\htdocs\klinik\system\Commands\Server\rewrite.php(43): require_once('C:\\xampp\\htdocs...')
#6 {main}
CRITICAL - 2022-05-27 08:08:51 --> Undefined variable $query_cekuser
#0 C:\xampp\htdocs\klinik\app\Controllers\back\Keranjang.php(31): CodeIgniter\Debug\Exceptions->errorHandler(2, 'Undefined varia...', 'C:\\xampp\\htdocs...', 31)
#1 C:\xampp\htdocs\klinik\system\CodeIgniter.php(832): App\Controllers\back\Keranjang->ambildata()
#2 C:\xampp\htdocs\klinik\system\CodeIgniter.php(419): CodeIgniter\CodeIgniter->runController(Object(App\Controllers\back\Keranjang))
#3 C:\xampp\htdocs\klinik\system\CodeIgniter.php(326): CodeIgniter\CodeIgniter->handleRequest(NULL, Object(Config\Cache), false)
#4 C:\xampp\htdocs\klinik\public\index.php(37): CodeIgniter\CodeIgniter->run()
#5 C:\xampp\htdocs\klinik\system\Commands\Server\rewrite.php(43): require_once('C:\\xampp\\htdocs...')
#6 {main}
CRITICAL - 2022-05-27 08:09:05 --> Undefined variable $query_cekuser
#0 C:\xampp\htdocs\klinik\app\Controllers\back\Keranjang.php(31): CodeIgniter\Debug\Exceptions->errorHandler(2, 'Undefined varia...', 'C:\\xampp\\htdocs...', 31)
#1 C:\xampp\htdocs\klinik\system\CodeIgniter.php(832): App\Controllers\back\Keranjang->ambildata()
#2 C:\xampp\htdocs\klinik\system\CodeIgniter.php(419): CodeIgniter\CodeIgniter->runController(Object(App\Controllers\back\Keranjang))
#3 C:\xampp\htdocs\klinik\system\CodeIgniter.php(326): CodeIgniter\CodeIgniter->handleRequest(NULL, Object(Config\Cache), false)
#4 C:\xampp\htdocs\klinik\public\index.php(37): CodeIgniter\CodeIgniter->run()
#5 C:\xampp\htdocs\klinik\system\Commands\Server\rewrite.php(43): require_once('C:\\xampp\\htdocs...')
#6 {main}
CRITICAL - 2022-05-27 08:09:42 --> Undefined variable $jum
#0 C:\xampp\htdocs\klinik\app\Controllers\back\Keranjang.php(41): CodeIgniter\Debug\Exceptions->errorHandler(2, 'Undefined varia...', 'C:\\xampp\\htdocs...', 41)
#1 C:\xampp\htdocs\klinik\system\CodeIgniter.php(832): App\Controllers\back\Keranjang->ambildata()
#2 C:\xampp\htdocs\klinik\system\CodeIgniter.php(419): CodeIgniter\CodeIgniter->runController(Object(App\Controllers\back\Keranjang))
#3 C:\xampp\htdocs\klinik\system\CodeIgniter.php(326): CodeIgniter\CodeIgniter->handleRequest(NULL, Object(Config\Cache), false)
#4 C:\xampp\htdocs\klinik\public\index.php(37): CodeIgniter\CodeIgniter->run()
#5 C:\xampp\htdocs\klinik\system\Commands\Server\rewrite.php(43): require_once('C:\\xampp\\htdocs...')
#6 {main}
CRITICAL - 2022-05-27 08:10:08 --> Undefined variable $query
#0 C:\xampp\htdocs\klinik\app\Controllers\back\Keranjang.php(34): CodeIgniter\Debug\Exceptions->errorHandler(2, 'Undefined varia...', 'C:\\xampp\\htdocs...', 34)
#1 C:\xampp\htdocs\klinik\system\CodeIgniter.php(832): App\Controllers\back\Keranjang->ambildata()
#2 C:\xampp\htdocs\klinik\system\CodeIgniter.php(419): CodeIgniter\CodeIgniter->runController(Object(App\Controllers\back\Keranjang))
#3 C:\xampp\htdocs\klinik\system\CodeIgniter.php(326): CodeIgniter\CodeIgniter->handleRequest(NULL, Object(Config\Cache), false)
#4 C:\xampp\htdocs\klinik\public\index.php(37): CodeIgniter\CodeIgniter->run()
#5 C:\xampp\htdocs\klinik\system\Commands\Server\rewrite.php(43): require_once('C:\\xampp\\htdocs...')
#6 {main}
CRITICAL - 2022-05-27 08:10:49 --> Undefined variable $harga
#0 C:\xampp\htdocs\klinik\app\Controllers\back\Keranjang.php(40): CodeIgniter\Debug\Exceptions->errorHandler(2, 'Undefined varia...', 'C:\\xampp\\htdocs...', 40)
#1 C:\xampp\htdocs\klinik\system\CodeIgniter.php(832): App\Controllers\back\Keranjang->ambildata()
#2 C:\xampp\htdocs\klinik\system\CodeIgniter.php(419): CodeIgniter\CodeIgniter->runController(Object(App\Controllers\back\Keranjang))
#3 C:\xampp\htdocs\klinik\system\CodeIgniter.php(326): CodeIgniter\CodeIgniter->handleRequest(NULL, Object(Config\Cache), false)
#4 C:\xampp\htdocs\klinik\public\index.php(37): CodeIgniter\CodeIgniter->run()
#5 C:\xampp\htdocs\klinik\system\Commands\Server\rewrite.php(43): require_once('C:\\xampp\\htdocs...')
#6 {main}
CRITICAL - 2022-05-27 08:11:00 --> Undefined variable $jum
#0 C:\xampp\htdocs\klinik\app\Controllers\back\Keranjang.php(41): CodeIgniter\Debug\Exceptions->errorHandler(2, 'Undefined varia...', 'C:\\xampp\\htdocs...', 41)
#1 C:\xampp\htdocs\klinik\system\CodeIgniter.php(832): App\Controllers\back\Keranjang->ambildata()
#2 C:\xampp\htdocs\klinik\system\CodeIgniter.php(419): CodeIgniter\CodeIgniter->runController(Object(App\Controllers\back\Keranjang))
#3 C:\xampp\htdocs\klinik\system\CodeIgniter.php(326): CodeIgniter\CodeIgniter->handleRequest(NULL, Object(Config\Cache), false)
#4 C:\xampp\htdocs\klinik\public\index.php(37): CodeIgniter\CodeIgniter->run()
#5 C:\xampp\htdocs\klinik\system\Commands\Server\rewrite.php(43): require_once('C:\\xampp\\htdocs...')
#6 {main}
CRITICAL - 2022-05-27 08:40:44 --> Undefined variable $tanggal_keranjang
#0 C:\xampp\htdocs\klinik\app\Controllers\back\Keranjang.php(432): CodeIgniter\Debug\Exceptions->errorHandler(2, 'Undefined varia...', 'C:\\xampp\\htdocs...', 432)
#1 C:\xampp\htdocs\klinik\system\CodeIgniter.php(832): App\Controllers\back\Keranjang->bayar()
#2 C:\xampp\htdocs\klinik\system\CodeIgniter.php(419): CodeIgniter\CodeIgniter->runController(Object(App\Controllers\back\Keranjang))
#3 C:\xampp\htdocs\klinik\system\CodeIgniter.php(326): CodeIgniter\CodeIgniter->handleRequest(NULL, Object(Config\Cache), false)
#4 C:\xampp\htdocs\klinik\public\index.php(37): CodeIgniter\CodeIgniter->run()
#5 C:\xampp\htdocs\klinik\system\Commands\Server\rewrite.php(43): require_once('C:\\xampp\\htdocs...')
#6 {main}
CRITICAL - 2022-05-27 08:41:35 --> Undefined variable $tanggal_keranjang
#0 C:\xampp\htdocs\klinik\app\Controllers\back\Keranjang.php(432): CodeIgniter\Debug\Exceptions->errorHandler(2, 'Undefined varia...', 'C:\\xampp\\htdocs...', 432)
#1 C:\xampp\htdocs\klinik\system\CodeIgniter.php(832): App\Controllers\back\Keranjang->bayar()
#2 C:\xampp\htdocs\klinik\system\CodeIgniter.php(419): CodeIgniter\CodeIgniter->runController(Object(App\Controllers\back\Keranjang))
#3 C:\xampp\htdocs\klinik\system\CodeIgniter.php(326): CodeIgniter\CodeIgniter->handleRequest(NULL, Object(Config\Cache), false)
#4 C:\xampp\htdocs\klinik\public\index.php(37): CodeIgniter\CodeIgniter->run()
#5 C:\xampp\htdocs\klinik\system\Commands\Server\rewrite.php(43): require_once('C:\\xampp\\htdocs...')
#6 {main}
CRITICAL - 2022-05-27 08:42:47 --> Undefined variable $tanggal_keranjang
#0 C:\xampp\htdocs\klinik\app\Controllers\back\Keranjang.php(432): CodeIgniter\Debug\Exceptions->errorHandler(2, 'Undefined varia...', 'C:\\xampp\\htdocs...', 432)
#1 C:\xampp\htdocs\klinik\system\CodeIgniter.php(832): App\Controllers\back\Keranjang->bayar()
#2 C:\xampp\htdocs\klinik\system\CodeIgniter.php(419): CodeIgniter\CodeIgniter->runController(Object(App\Controllers\back\Keranjang))
#3 C:\xampp\htdocs\klinik\system\CodeIgniter.php(326): CodeIgniter\CodeIgniter->handleRequest(NULL, Object(Config\Cache), false)
#4 C:\xampp\htdocs\klinik\public\index.php(37): CodeIgniter\CodeIgniter->run()
#5 C:\xampp\htdocs\klinik\system\Commands\Server\rewrite.php(43): require_once('C:\\xampp\\htdocs...')
#6 {main}
CRITICAL - 2022-05-27 08:45:00 --> Undefined variable $tanggal_keranjang
#0 C:\xampp\htdocs\klinik\app\Controllers\back\Keranjang.php(428): CodeIgniter\Debug\Exceptions->errorHandler(2, 'Undefined varia...', 'C:\\xampp\\htdocs...', 428)
#1 C:\xampp\htdocs\klinik\system\CodeIgniter.php(832): App\Controllers\back\Keranjang->bayar()
#2 C:\xampp\htdocs\klinik\system\CodeIgniter.php(419): CodeIgniter\CodeIgniter->runController(Object(App\Controllers\back\Keranjang))
#3 C:\xampp\htdocs\klinik\system\CodeIgniter.php(326): CodeIgniter\CodeIgniter->handleRequest(NULL, Object(Config\Cache), false)
#4 C:\xampp\htdocs\klinik\public\index.php(37): CodeIgniter\CodeIgniter->run()
#5 C:\xampp\htdocs\klinik\system\Commands\Server\rewrite.php(43): require_once('C:\\xampp\\htdocs...')
#6 {main}
CRITICAL - 2022-05-27 09:19:28 --> Undefined variable $tanggal_keranjang
#0 C:\xampp\htdocs\klinik\app\Controllers\back\Keranjang.php(428): CodeIgniter\Debug\Exceptions->errorHandler(2, 'Undefined varia...', 'C:\\xampp\\htdocs...', 428)
#1 C:\xampp\htdocs\klinik\system\CodeIgniter.php(832): App\Controllers\back\Keranjang->bayar()
#2 C:\xampp\htdocs\klinik\system\CodeIgniter.php(419): CodeIgniter\CodeIgniter->runController(Object(App\Controllers\back\Keranjang))
#3 C:\xampp\htdocs\klinik\system\CodeIgniter.php(326): CodeIgniter\CodeIgniter->handleRequest(NULL, Object(Config\Cache), false)
#4 C:\xampp\htdocs\klinik\public\index.php(37): CodeIgniter\CodeIgniter->run()
#5 C:\xampp\htdocs\klinik\system\Commands\Server\rewrite.php(43): require_once('C:\\xampp\\htdocs...')
#6 {main}
CRITICAL - 2022-05-27 09:21:46 --> Undefined variable $tanggal_keranjang
#0 C:\xampp\htdocs\klinik\app\Controllers\back\Keranjang.php(428): CodeIgniter\Debug\Exceptions->errorHandler(2, 'Undefined varia...', 'C:\\xampp\\htdocs...', 428)
#1 C:\xampp\htdocs\klinik\system\CodeIgniter.php(832): App\Controllers\back\Keranjang->bayar()
#2 C:\xampp\htdocs\klinik\system\CodeIgniter.php(419): CodeIgniter\CodeIgniter->runController(Object(App\Controllers\back\Keranjang))
#3 C:\xampp\htdocs\klinik\system\CodeIgniter.php(326): CodeIgniter\CodeIgniter->handleRequest(NULL, Object(Config\Cache), false)
#4 C:\xampp\htdocs\klinik\public\index.php(37): CodeIgniter\CodeIgniter->run()
#5 C:\xampp\htdocs\klinik\system\Commands\Server\rewrite.php(43): require_once('C:\\xampp\\htdocs...')
#6 {main}
CRITICAL - 2022-05-27 09:22:55 --> Undefined variable $tanggal_keranjang
#0 C:\xampp\htdocs\klinik\app\Controllers\back\Keranjang.php(428): CodeIgniter\Debug\Exceptions->errorHandler(2, 'Undefined varia...', 'C:\\xampp\\htdocs...', 428)
#1 C:\xampp\htdocs\klinik\system\CodeIgniter.php(832): App\Controllers\back\Keranjang->bayar()
#2 C:\xampp\htdocs\klinik\system\CodeIgniter.php(419): CodeIgniter\CodeIgniter->runController(Object(App\Controllers\back\Keranjang))
#3 C:\xampp\htdocs\klinik\system\CodeIgniter.php(326): CodeIgniter\CodeIgniter->handleRequest(NULL, Object(Config\Cache), false)
#4 C:\xampp\htdocs\klinik\public\index.php(37): CodeIgniter\CodeIgniter->run()
#5 C:\xampp\htdocs\klinik\system\Commands\Server\rewrite.php(43): require_once('C:\\xampp\\htdocs...')
#6 {main}
CRITICAL - 2022-05-27 09:26:50 --> Cannot use object of type stdClass as array
#0 C:\xampp\htdocs\klinik\system\CodeIgniter.php(832): App\Controllers\back\Keranjang->bayar()
#1 C:\xampp\htdocs\klinik\system\CodeIgniter.php(419): CodeIgniter\CodeIgniter->runController(Object(App\Controllers\back\Keranjang))
#2 C:\xampp\htdocs\klinik\system\CodeIgniter.php(326): CodeIgniter\CodeIgniter->handleRequest(NULL, Object(Config\Cache), false)
#3 C:\xampp\htdocs\klinik\public\index.php(37): CodeIgniter\CodeIgniter->run()
#4 C:\xampp\htdocs\klinik\system\Commands\Server\rewrite.php(43): require_once('C:\\xampp\\htdocs...')
#5 {main}
CRITICAL - 2022-05-27 09:31:51 --> Undefined variable $total_harga
#0 C:\xampp\htdocs\klinik\app\Controllers\back\Keranjang.php(427): CodeIgniter\Debug\Exceptions->errorHandler(2, 'Undefined varia...', 'C:\\xampp\\htdocs...', 427)
#1 C:\xampp\htdocs\klinik\system\CodeIgniter.php(832): App\Controllers\back\Keranjang->bayar()
#2 C:\xampp\htdocs\klinik\system\CodeIgniter.php(419): CodeIgniter\CodeIgniter->runController(Object(App\Controllers\back\Keranjang))
#3 C:\xampp\htdocs\klinik\system\CodeIgniter.php(326): CodeIgniter\CodeIgniter->handleRequest(NULL, Object(Config\Cache), false)
#4 C:\xampp\htdocs\klinik\public\index.php(37): CodeIgniter\CodeIgniter->run()
#5 C:\xampp\htdocs\klinik\system\Commands\Server\rewrite.php(43): require_once('C:\\xampp\\htdocs...')
#6 {main}
ERROR - 2022-05-27 09:33:16 --> Cannot add or update a child row: a foreign key constraint fails (`klinik`.`tbl_transaksi`, CONSTRAINT `tbl_transaksi_ibfk_3` FOREIGN KEY (`layanan`) REFERENCES `tbl_layanan` (`id_data`))
CRITICAL - 2022-05-27 09:33:16 --> Cannot add or update a child row: a foreign key constraint fails (`klinik`.`tbl_transaksi`, CONSTRAINT `tbl_transaksi_ibfk_3` FOREIGN KEY (`layanan`) REFERENCES `tbl_layanan` (`id_data`))
#0 C:\xampp\htdocs\klinik\system\Database\MySQLi\Connection.php(292): mysqli->query('INSERT INTO `tb...', 0)
#1 C:\xampp\htdocs\klinik\system\Database\BaseConnection.php(670): CodeIgniter\Database\MySQLi\Connection->execute('INSERT INTO `tb...')
#2 C:\xampp\htdocs\klinik\system\Database\BaseConnection.php(598): CodeIgniter\Database\BaseConnection->simpleQuery('INSERT INTO `tb...')
#3 C:\xampp\htdocs\klinik\system\Database\BaseBuilder.php(1771): CodeIgniter\Database\BaseConnection->query('INSERT INTO `tb...', Array, false)
#4 C:\xampp\htdocs\klinik\system\Model.php(239): CodeIgniter\Database\BaseBuilder->insert()
#5 C:\xampp\htdocs\klinik\system\BaseModel.php(738): CodeIgniter\Model->doInsert(Array)
#6 C:\xampp\htdocs\klinik\system\Model.php(625): CodeIgniter\BaseModel->insert(Array, true)
#7 C:\xampp\htdocs\klinik\app\Controllers\back\Keranjang.php(430): CodeIgniter\Model->insert(Array)
#8 C:\xampp\htdocs\klinik\system\CodeIgniter.php(832): App\Controllers\back\Keranjang->bayar()
#9 C:\xampp\htdocs\klinik\system\CodeIgniter.php(419): CodeIgniter\CodeIgniter->runController(Object(App\Controllers\back\Keranjang))
#10 C:\xampp\htdocs\klinik\system\CodeIgniter.php(326): CodeIgniter\CodeIgniter->handleRequest(NULL, Object(Config\Cache), false)
#11 C:\xampp\htdocs\klinik\public\index.php(37): CodeIgniter\CodeIgniter->run()
#12 C:\xampp\htdocs\klinik\system\Commands\Server\rewrite.php(43): require_once('C:\\xampp\\htdocs...')
#13 {main}
ERROR - 2022-05-27 09:33:44 --> Cannot add or update a child row: a foreign key constraint fails (`klinik`.`tbl_transaksi`, CONSTRAINT `tbl_transaksi_ibfk_2` FOREIGN KEY (`obat`) REFERENCES `tbl_apotik` (`id_apotik`) ON DELETE CASCADE ON UPDATE CASCADE)
CRITICAL - 2022-05-27 09:33:44 --> Cannot add or update a child row: a foreign key constraint fails (`klinik`.`tbl_transaksi`, CONSTRAINT `tbl_transaksi_ibfk_2` FOREIGN KEY (`obat`) REFERENCES `tbl_apotik` (`id_apotik`) ON DELETE CASCADE ON UPDATE CASCADE)
#0 C:\xampp\htdocs\klinik\system\Database\MySQLi\Connection.php(292): mysqli->query('INSERT INTO `tb...', 0)
#1 C:\xampp\htdocs\klinik\system\Database\BaseConnection.php(670): CodeIgniter\Database\MySQLi\Connection->execute('INSERT INTO `tb...')
#2 C:\xampp\htdocs\klinik\system\Database\BaseConnection.php(598): CodeIgniter\Database\BaseConnection->simpleQuery('INSERT INTO `tb...')
#3 C:\xampp\htdocs\klinik\system\Database\BaseBuilder.php(1771): CodeIgniter\Database\BaseConnection->query('INSERT INTO `tb...', Array, false)
#4 C:\xampp\htdocs\klinik\system\Model.php(239): CodeIgniter\Database\BaseBuilder->insert()
#5 C:\xampp\htdocs\klinik\system\BaseModel.php(738): CodeIgniter\Model->doInsert(Array)
#6 C:\xampp\htdocs\klinik\system\Model.php(625): CodeIgniter\BaseModel->insert(Array, true)
#7 C:\xampp\htdocs\klinik\app\Controllers\back\Keranjang.php(430): CodeIgniter\Model->insert(Array)
#8 C:\xampp\htdocs\klinik\system\CodeIgniter.php(832): App\Controllers\back\Keranjang->bayar()
#9 C:\xampp\htdocs\klinik\system\CodeIgniter.php(419): CodeIgniter\CodeIgniter->runController(Object(App\Controllers\back\Keranjang))
#10 C:\xampp\htdocs\klinik\system\CodeIgniter.php(326): CodeIgniter\CodeIgniter->handleRequest(NULL, Object(Config\Cache), false)
#11 C:\xampp\htdocs\klinik\public\index.php(37): CodeIgniter\CodeIgniter->run()
#12 C:\xampp\htdocs\klinik\system\Commands\Server\rewrite.php(43): require_once('C:\\xampp\\htdocs...')
#13 {main}
CRITICAL - 2022-05-27 10:21:58 --> Class "App\Controllers\back\Modeldatakeranjang" not found
#0 C:\xampp\htdocs\klinik\system\CodeIgniter.php(832): App\Controllers\back\Transaksi->listdata()
#1 C:\xampp\htdocs\klinik\system\CodeIgniter.php(419): CodeIgniter\CodeIgniter->runController(Object(App\Controllers\back\Transaksi))
#2 C:\xampp\htdocs\klinik\system\CodeIgniter.php(326): CodeIgniter\CodeIgniter->handleRequest(NULL, Object(Config\Cache), false)
#3 C:\xampp\htdocs\klinik\public\index.php(37): CodeIgniter\CodeIgniter->run()
#4 C:\xampp\htdocs\klinik\system\Commands\Server\rewrite.php(43): require_once('C:\\xampp\\htdocs...')
#5 {main}
CRITICAL - 2022-05-27 10:22:44 --> Class "App\Controllers\back\Modeldatakeranjang" not found
#0 C:\xampp\htdocs\klinik\system\CodeIgniter.php(832): App\Controllers\back\Transaksi->listdata()
#1 C:\xampp\htdocs\klinik\system\CodeIgniter.php(419): CodeIgniter\CodeIgniter->runController(Object(App\Controllers\back\Transaksi))
#2 C:\xampp\htdocs\klinik\system\CodeIgniter.php(326): CodeIgniter\CodeIgniter->handleRequest(NULL, Object(Config\Cache), false)
#3 C:\xampp\htdocs\klinik\public\index.php(37): CodeIgniter\CodeIgniter->run()
#4 C:\xampp\htdocs\klinik\system\Commands\Server\rewrite.php(43): require_once('C:\\xampp\\htdocs...')
#5 {main}
ERROR - 2022-05-27 10:23:12 --> Unknown column 'apotik' in 'on clause'
CRITICAL - 2022-05-27 10:23:12 --> Unknown column 'apotik' in 'on clause'
#0 C:\xampp\htdocs\klinik\system\Database\MySQLi\Connection.php(292): mysqli->query('SELECT *\nFROM `...', 0)
#1 C:\xampp\htdocs\klinik\system\Database\BaseConnection.php(670): CodeIgniter\Database\MySQLi\Connection->execute('SELECT *\nFROM `...')
#2 C:\xampp\htdocs\klinik\system\Database\BaseConnection.php(598): CodeIgniter\Database\BaseConnection->simpleQuery('SELECT *\nFROM `...')
#3 C:\xampp\htdocs\klinik\system\Database\BaseBuilder.php(1455): CodeIgniter\Database\BaseConnection->query('SELECT *\nFROM `...', Array, false)
#4 C:\xampp\htdocs\klinik\app\Models\Modeldatatransaksi.php(55): CodeIgniter\Database\BaseBuilder->get()
#5 C:\xampp\htdocs\klinik\app\Controllers\back\Transaksi.php(49): App\Models\Modeldatatransaksi->get_datatables()
#6 C:\xampp\htdocs\klinik\system\CodeIgniter.php(832): App\Controllers\back\Transaksi->listdata()
#7 C:\xampp\htdocs\klinik\system\CodeIgniter.php(419): CodeIgniter\CodeIgniter->runController(Object(App\Controllers\back\Transaksi))
#8 C:\xampp\htdocs\klinik\system\CodeIgniter.php(326): CodeIgniter\CodeIgniter->handleRequest(NULL, Object(Config\Cache), false)
#9 C:\xampp\htdocs\klinik\public\index.php(37): CodeIgniter\CodeIgniter->run()
#10 C:\xampp\htdocs\klinik\system\Commands\Server\rewrite.php(43): require_once('C:\\xampp\\htdocs...')
#11 {main}
ERROR - 2022-05-27 10:24:03 --> Unknown column 'apotik' in 'on clause'
CRITICAL - 2022-05-27 10:24:03 --> Unknown column 'apotik' in 'on clause'
#0 C:\xampp\htdocs\klinik\system\Database\MySQLi\Connection.php(292): mysqli->query('SELECT *\nFROM `...', 0)
#1 C:\xampp\htdocs\klinik\system\Database\BaseConnection.php(670): CodeIgniter\Database\MySQLi\Connection->execute('SELECT *\nFROM `...')
#2 C:\xampp\htdocs\klinik\system\Database\BaseConnection.php(598): CodeIgniter\Database\BaseConnection->simpleQuery('SELECT *\nFROM `...')
#3 C:\xampp\htdocs\klinik\system\Database\BaseBuilder.php(1455): CodeIgniter\Database\BaseConnection->query('SELECT *\nFROM `...', Array, false)
#4 C:\xampp\htdocs\klinik\app\Models\Modeldatatransaksi.php(55): CodeIgniter\Database\BaseBuilder->get()
#5 C:\xampp\htdocs\klinik\app\Controllers\back\Transaksi.php(49): App\Models\Modeldatatransaksi->get_datatables()
#6 C:\xampp\htdocs\klinik\system\CodeIgniter.php(832): App\Controllers\back\Transaksi->listdata()
#7 C:\xampp\htdocs\klinik\system\CodeIgniter.php(419): CodeIgniter\CodeIgniter->runController(Object(App\Controllers\back\Transaksi))
#8 C:\xampp\htdocs\klinik\system\CodeIgniter.php(326): CodeIgniter\CodeIgniter->handleRequest(NULL, Object(Config\Cache), false)
#9 C:\xampp\htdocs\klinik\public\index.php(37): CodeIgniter\CodeIgniter->run()
#10 C:\xampp\htdocs\klinik\system\Commands\Server\rewrite.php(43): require_once('C:\\xampp\\htdocs...')
#11 {main}
ERROR - 2022-05-27 10:25:23 --> Unknown column 'apotik' in 'on clause'
CRITICAL - 2022-05-27 10:25:23 --> Unknown column 'apotik' in 'on clause'
#0 C:\xampp\htdocs\klinik\system\Database\MySQLi\Connection.php(292): mysqli->query('SELECT *\nFROM `...', 0)
#1 C:\xampp\htdocs\klinik\system\Database\BaseConnection.php(670): CodeIgniter\Database\MySQLi\Connection->execute('SELECT *\nFROM `...')
#2 C:\xampp\htdocs\klinik\system\Database\BaseConnection.php(598): CodeIgniter\Database\BaseConnection->simpleQuery('SELECT *\nFROM `...')
#3 C:\xampp\htdocs\klinik\system\Database\BaseBuilder.php(1455): CodeIgniter\Database\BaseConnection->query('SELECT *\nFROM `...', Array, false)
#4 C:\xampp\htdocs\klinik\app\Models\Modeldatatransaksi.php(55): CodeIgniter\Database\BaseBuilder->get()
#5 C:\xampp\htdocs\klinik\app\Controllers\back\Transaksi.php(49): App\Models\Modeldatatransaksi->get_datatables()
#6 C:\xampp\htdocs\klinik\system\CodeIgniter.php(832): App\Controllers\back\Transaksi->listdata()
#7 C:\xampp\htdocs\klinik\system\CodeIgniter.php(419): CodeIgniter\CodeIgniter->runController(Object(App\Controllers\back\Transaksi))
#8 C:\xampp\htdocs\klinik\system\CodeIgniter.php(326): CodeIgniter\CodeIgniter->handleRequest(NULL, Object(Config\Cache), false)
#9 C:\xampp\htdocs\klinik\public\index.php(37): CodeIgniter\CodeIgniter->run()
#10 C:\xampp\htdocs\klinik\system\Commands\Server\rewrite.php(43): require_once('C:\\xampp\\htdocs...')
#11 {main}
CRITICAL - 2022-05-27 21:24:01 --> CodeIgniter\Database\BaseBuilder::orderBy(): Argument #1 ($orderBy) must be of type string, null given, called in C:\xampp\htdocs\klinik\app\Models\Modeldataantigen.php on line 43
#0 C:\xampp\htdocs\klinik\app\Models\Modeldataantigen.php(43): CodeIgniter\Database\BaseBuilder->orderBy(NULL, 'desc')
#1 C:\xampp\htdocs\klinik\app\Models\Modeldataantigen.php(51): App\Models\Modeldataantigen->_get_datatables_query()
#2 C:\xampp\htdocs\klinik\app\Controllers\back\Antigen.php(44): App\Models\Modeldataantigen->get_datatables()
#3 C:\xampp\htdocs\klinik\system\CodeIgniter.php(832): App\Controllers\back\Antigen->listdata()
#4 C:\xampp\htdocs\klinik\system\CodeIgniter.php(419): CodeIgniter\CodeIgniter->runController(Object(App\Controllers\back\Antigen))
#5 C:\xampp\htdocs\klinik\system\CodeIgniter.php(326): CodeIgniter\CodeIgniter->handleRequest(NULL, Object(Config\Cache), false)
#6 C:\xampp\htdocs\klinik\public\index.php(37): CodeIgniter\CodeIgniter->run()
#7 C:\xampp\htdocs\klinik\system\Commands\Server\rewrite.php(43): require_once('C:\\xampp\\htdocs...')
#8 {main}
CRITICAL - 2022-05-27 21:24:02 --> CodeIgniter\Database\BaseBuilder::orderBy(): Argument #1 ($orderBy) must be of type string, null given, called in C:\xampp\htdocs\klinik\app\Models\Modeldataantigen.php on line 43
#0 C:\xampp\htdocs\klinik\app\Models\Modeldataantigen.php(43): CodeIgniter\Database\BaseBuilder->orderBy(NULL, 'asc')
#1 C:\xampp\htdocs\klinik\app\Models\Modeldataantigen.php(51): App\Models\Modeldataantigen->_get_datatables_query()
#2 C:\xampp\htdocs\klinik\app\Controllers\back\Antigen.php(44): App\Models\Modeldataantigen->get_datatables()
#3 C:\xampp\htdocs\klinik\system\CodeIgniter.php(832): App\Controllers\back\Antigen->listdata()
#4 C:\xampp\htdocs\klinik\system\CodeIgniter.php(419): CodeIgniter\CodeIgniter->runController(Object(App\Controllers\back\Antigen))
#5 C:\xampp\htdocs\klinik\system\CodeIgniter.php(326): CodeIgniter\CodeIgniter->handleRequest(NULL, Object(Config\Cache), false)
#6 C:\xampp\htdocs\klinik\public\index.php(37): CodeIgniter\CodeIgniter->run()
#7 C:\xampp\htdocs\klinik\system\Commands\Server\rewrite.php(43): require_once('C:\\xampp\\htdocs...')
#8 {main}
CRITICAL - 2022-05-27 21:42:43 --> Undefined property: CodeIgniter\View\View::$db
#0 C:\xampp\htdocs\klinik\app\Views\Base\Menu.php(7): CodeIgniter\Debug\Exceptions->errorHandler(2, 'Undefined prope...', 'C:\\xampp\\htdocs...', 7)
#1 C:\xampp\htdocs\klinik\system\View\View.php(210): include('C:\\xampp\\htdocs...')
#2 C:\xampp\htdocs\klinik\system\View\View.php(213): CodeIgniter\View\View->CodeIgniter\View\{closure}()
#3 C:\xampp\htdocs\klinik\system\View\View.php(226): CodeIgniter\View\View->render('base/menu', Array, true)
#4 C:\xampp\htdocs\klinik\system\Common.php(1089): CodeIgniter\View\View->render('Page/Antigen/Vi...', Array, true)
#5 C:\xampp\htdocs\klinik\app\Controllers\back\Antigen.php(21): view('Page/Antigen/Vi...', Array)
#6 C:\xampp\htdocs\klinik\system\CodeIgniter.php(832): App\Controllers\back\Antigen->index()
#7 C:\xampp\htdocs\klinik\system\CodeIgniter.php(419): CodeIgniter\CodeIgniter->runController(Object(App\Controllers\back\Antigen))
#8 C:\xampp\htdocs\klinik\system\CodeIgniter.php(326): CodeIgniter\CodeIgniter->handleRequest(NULL, Object(Config\Cache), false)
#9 C:\xampp\htdocs\klinik\public\index.php(37): CodeIgniter\CodeIgniter->run()
#10 C:\xampp\htdocs\klinik\system\Commands\Server\rewrite.php(43): require_once('C:\\xampp\\htdocs...')
#11 {main}
ERROR - 2022-05-27 21:43:38 --> Unknown column 'id_data' in 'where clause'
CRITICAL - 2022-05-27 21:43:38 --> Unknown column 'id_data' in 'where clause'
#0 C:\xampp\htdocs\klinik\system\Database\MySQLi\Connection.php(292): mysqli->query('SELECT * from t...', 0)
#1 C:\xampp\htdocs\klinik\system\Database\BaseConnection.php(670): CodeIgniter\Database\MySQLi\Connection->execute('SELECT * from t...')
#2 C:\xampp\htdocs\klinik\system\Database\BaseConnection.php(598): CodeIgniter\Database\BaseConnection->simpleQuery('SELECT * from t...')
#3 C:\xampp\htdocs\klinik\app\Views\Base\Menu.php(8): CodeIgniter\Database\BaseConnection->query('SELECT * from t...')
#4 C:\xampp\htdocs\klinik\system\View\View.php(210): include('C:\\xampp\\htdocs...')
#5 C:\xampp\htdocs\klinik\system\View\View.php(213): CodeIgniter\View\View->CodeIgniter\View\{closure}()
#6 C:\xampp\htdocs\klinik\system\View\View.php(226): CodeIgniter\View\View->render('base/menu', Array, true)
#7 C:\xampp\htdocs\klinik\system\Common.php(1089): CodeIgniter\View\View->render('Page/Antigen/Vi...', Array, true)
#8 C:\xampp\htdocs\klinik\app\Controllers\back\Antigen.php(21): view('Page/Antigen/Vi...', Array)
#9 C:\xampp\htdocs\klinik\system\CodeIgniter.php(832): App\Controllers\back\Antigen->index()
#10 C:\xampp\htdocs\klinik\system\CodeIgniter.php(419): CodeIgniter\CodeIgniter->runController(Object(App\Controllers\back\Antigen))
#11 C:\xampp\htdocs\klinik\system\CodeIgniter.php(326): CodeIgniter\CodeIgniter->handleRequest(NULL, Object(Config\Cache), false)
#12 C:\xampp\htdocs\klinik\public\index.php(37): CodeIgniter\CodeIgniter->run()
#13 C:\xampp\htdocs\klinik\system\Commands\Server\rewrite.php(43): require_once('C:\\xampp\\htdocs...')
#14 {main}
CRITICAL - 2022-05-27 21:44:05 --> Attempt to read property "level" on null
#0 C:\xampp\htdocs\klinik\app\Views\Base\Menu.php(10): CodeIgniter\Debug\Exceptions->errorHandler(2, 'Attempt to read...', 'C:\\xampp\\htdocs...', 10)
#1 C:\xampp\htdocs\klinik\system\View\View.php(210): include('C:\\xampp\\htdocs...')
#2 C:\xampp\htdocs\klinik\system\View\View.php(213): CodeIgniter\View\View->CodeIgniter\View\{closure}()
#3 C:\xampp\htdocs\klinik\system\View\View.php(226): CodeIgniter\View\View->render('base/menu', Array, true)
#4 C:\xampp\htdocs\klinik\system\Common.php(1089): CodeIgniter\View\View->render('Page/Antigen/Vi...', Array, true)
#5 C:\xampp\htdocs\klinik\app\Controllers\back\Antigen.php(21): view('Page/Antigen/Vi...', Array)
#6 C:\xampp\htdocs\klinik\system\CodeIgniter.php(832): App\Controllers\back\Antigen->index()
#7 C:\xampp\htdocs\klinik\system\CodeIgniter.php(419): CodeIgniter\CodeIgniter->runController(Object(App\Controllers\back\Antigen))
#8 C:\xampp\htdocs\klinik\system\CodeIgniter.php(326): CodeIgniter\CodeIgniter->handleRequest(NULL, Object(Config\Cache), false)
#9 C:\xampp\htdocs\klinik\public\index.php(37): CodeIgniter\CodeIgniter->run()
#10 C:\xampp\htdocs\klinik\system\Commands\Server\rewrite.php(43): require_once('C:\\xampp\\htdocs...')
#11 {main}
CRITICAL - 2022-05-27 21:44:28 --> Attempt to read property "level" on null
#0 C:\xampp\htdocs\klinik\app\Views\Base\Menu.php(10): CodeIgniter\Debug\Exceptions->errorHandler(2, 'Attempt to read...', 'C:\\xampp\\htdocs...', 10)
#1 C:\xampp\htdocs\klinik\system\View\View.php(210): include('C:\\xampp\\htdocs...')
#2 C:\xampp\htdocs\klinik\system\View\View.php(213): CodeIgniter\View\View->CodeIgniter\View\{closure}()
#3 C:\xampp\htdocs\klinik\system\View\View.php(226): CodeIgniter\View\View->render('base/menu', Array, true)
#4 C:\xampp\htdocs\klinik\system\Common.php(1089): CodeIgniter\View\View->render('Page/Sakit/View...', Array, true)
#5 C:\xampp\htdocs\klinik\app\Controllers\back\Sakit.php(21): view('Page/Sakit/View...', Array)
#6 C:\xampp\htdocs\klinik\system\CodeIgniter.php(832): App\Controllers\back\Sakit->index()
#7 C:\xampp\htdocs\klinik\system\CodeIgniter.php(419): CodeIgniter\CodeIgniter->runController(Object(App\Controllers\back\Sakit))
#8 C:\xampp\htdocs\klinik\system\CodeIgniter.php(326): CodeIgniter\CodeIgniter->handleRequest(NULL, Object(Config\Cache), false)
#9 C:\xampp\htdocs\klinik\public\index.php(37): CodeIgniter\CodeIgniter->run()
#10 C:\xampp\htdocs\klinik\system\Commands\Server\rewrite.php(43): require_once('C:\\xampp\\htdocs...')
#11 {main}
CRITICAL - 2022-05-27 22:03:03 --> Undefined variable $username
#0 C:\xampp\htdocs\klinik\app\Controllers\Homepage.php(18): CodeIgniter\Debug\Exceptions->errorHandler(2, 'Undefined varia...', 'C:\\xampp\\htdocs...', 18)
#1 C:\xampp\htdocs\klinik\system\CodeIgniter.php(832): App\Controllers\Homepage->index()
#2 C:\xampp\htdocs\klinik\system\CodeIgniter.php(419): CodeIgniter\CodeIgniter->runController(Object(App\Controllers\Homepage))
#3 C:\xampp\htdocs\klinik\system\CodeIgniter.php(326): CodeIgniter\CodeIgniter->handleRequest(NULL, Object(Config\Cache), false)
#4 C:\xampp\htdocs\klinik\public\index.php(37): CodeIgniter\CodeIgniter->run()
#5 C:\xampp\htdocs\klinik\system\Commands\Server\rewrite.php(43): require_once('C:\\xampp\\htdocs...')
#6 {main}
CRITICAL - 2022-05-27 22:11:48 --> Undefined variable $nama
#0 C:\xampp\htdocs\klinik\app\Views\Page\Statistik.php(12): CodeIgniter\Debug\Exceptions->errorHandler(2, 'Undefined varia...', 'C:\\xampp\\htdocs...', 12)
#1 C:\xampp\htdocs\klinik\system\View\View.php(210): include('C:\\xampp\\htdocs...')
#2 C:\xampp\htdocs\klinik\system\View\View.php(213): CodeIgniter\View\View->CodeIgniter\View\{closure}()
#3 C:\xampp\htdocs\klinik\system\Common.php(1089): CodeIgniter\View\View->render('Page/Statistik', Array, true)
#4 C:\xampp\htdocs\klinik\app\Controllers\Home.php(15): view('Page/Statistik', Array)
#5 C:\xampp\htdocs\klinik\system\CodeIgniter.php(832): App\Controllers\Home->index()
#6 C:\xampp\htdocs\klinik\system\CodeIgniter.php(419): CodeIgniter\CodeIgniter->runController(Object(App\Controllers\Home))
#7 C:\xampp\htdocs\klinik\system\CodeIgniter.php(326): CodeIgniter\CodeIgniter->handleRequest(NULL, Object(Config\Cache), false)
#8 C:\xampp\htdocs\klinik\public\index.php(37): CodeIgniter\CodeIgniter->run()
#9 C:\xampp\htdocs\klinik\system\Commands\Server\rewrite.php(43): require_once('C:\\xampp\\htdocs...')
#10 {main}
CRITICAL - 2022-05-27 22:25:36 --> Attempt to read property "level" on null
#0 C:\xampp\htdocs\klinik\app\Views\Base\Menu.php(10): CodeIgniter\Debug\Exceptions->errorHandler(2, 'Attempt to read...', 'C:\\xampp\\htdocs...', 10)
#1 C:\xampp\htdocs\klinik\system\View\View.php(210): include('C:\\xampp\\htdocs...')
#2 C:\xampp\htdocs\klinik\system\View\View.php(213): CodeIgniter\View\View->CodeIgniter\View\{closure}()
#3 C:\xampp\htdocs\klinik\system\View\View.php(226): CodeIgniter\View\View->render('Base/menu', Array, true)
#4 C:\xampp\htdocs\klinik\system\Common.php(1089): CodeIgniter\View\View->render('Page/Statistik', Array, true)
#5 C:\xampp\htdocs\klinik\app\Controllers\Home.php(17): view('Page/Statistik', Array)
#6 C:\xampp\htdocs\klinik\system\CodeIgniter.php(832): App\Controllers\Home->index()
#7 C:\xampp\htdocs\klinik\system\CodeIgniter.php(419): CodeIgniter\CodeIgniter->runController(Object(App\Controllers\Home))
#8 C:\xampp\htdocs\klinik\system\CodeIgniter.php(326): CodeIgniter\CodeIgniter->handleRequest(NULL, Object(Config\Cache), false)
#9 C:\xampp\htdocs\klinik\public\index.php(37): CodeIgniter\CodeIgniter->run()
#10 C:\xampp\htdocs\klinik\system\Commands\Server\rewrite.php(43): require_once('C:\\xampp\\htdocs...')
#11 {main}
CRITICAL - 2022-05-27 22:27:58 --> Undefined property: App\Controllers\Home::$db
#0 C:\xampp\htdocs\klinik\app\Controllers\Home.php(11): CodeIgniter\Debug\Exceptions->errorHandler(2, 'Undefined prope...', 'C:\\xampp\\htdocs...', 11)
#1 C:\xampp\htdocs\klinik\system\CodeIgniter.php(832): App\Controllers\Home->index()
#2 C:\xampp\htdocs\klinik\system\CodeIgniter.php(419): CodeIgniter\CodeIgniter->runController(Object(App\Controllers\Home))
#3 C:\xampp\htdocs\klinik\system\CodeIgniter.php(326): CodeIgniter\CodeIgniter->handleRequest(NULL, Object(Config\Cache), false)
#4 C:\xampp\htdocs\klinik\public\index.php(37): CodeIgniter\CodeIgniter->run()
#5 C:\xampp\htdocs\klinik\system\Commands\Server\rewrite.php(43): require_once('C:\\xampp\\htdocs...')
#6 {main}
CRITICAL - 2022-05-27 22:36:03 --> Undefined variable $level
#0 C:\xampp\htdocs\klinik\app\Views\Auth\Login.php(11): CodeIgniter\Debug\Exceptions->errorHandler(2, 'Undefined varia...', 'C:\\xampp\\htdocs...', 11)
#1 C:\xampp\htdocs\klinik\system\View\View.php(210): include('C:\\xampp\\htdocs...')
#2 C:\xampp\htdocs\klinik\system\View\View.php(213): CodeIgniter\View\View->CodeIgniter\View\{closure}()
#3 C:\xampp\htdocs\klinik\system\Common.php(1089): CodeIgniter\View\View->render('Auth/Login', Array, true)
#4 C:\xampp\htdocs\klinik\app\Controllers\Homepage.php(13): view('Auth/Login', Array)
#5 C:\xampp\htdocs\klinik\system\CodeIgniter.php(832): App\Controllers\Homepage->index()
#6 C:\xampp\htdocs\klinik\system\CodeIgniter.php(419): CodeIgniter\CodeIgniter->runController(Object(App\Controllers\Homepage))
#7 C:\xampp\htdocs\klinik\system\CodeIgniter.php(326): CodeIgniter\CodeIgniter->handleRequest(NULL, Object(Config\Cache), false)
#8 C:\xampp\htdocs\klinik\public\index.php(37): CodeIgniter\CodeIgniter->run()
#9 C:\xampp\htdocs\klinik\system\Commands\Server\rewrite.php(43): require_once('C:\\xampp\\htdocs...')
#10 {main}
