CRITICAL - 2022-06-01 05:22:34 --> Attempt to read property "level" on null
#0 C:\xampp\htdocs\SIAK_Dr_Yanti\app\Views\Base\Menu.php(10): CodeIgniter\Debug\Exceptions->errorHandler(2, 'Attempt to read...', 'C:\\xampp\\htdocs...', 10)
#1 C:\xampp\htdocs\SIAK_Dr_Yanti\system\View\View.php(210): include('C:\\xampp\\htdocs...')
#2 C:\xampp\htdocs\SIAK_Dr_Yanti\system\View\View.php(213): CodeIgniter\View\View->CodeIgniter\View\{closure}()
#3 C:\xampp\htdocs\SIAK_Dr_Yanti\system\View\View.php(226): CodeIgniter\View\View->render('base/menu', Array, true)
#4 C:\xampp\htdocs\SIAK_Dr_Yanti\system\Common.php(1089): CodeIgniter\View\View->render('Page/Nakes/View...', Array, true)
#5 C:\xampp\htdocs\SIAK_Dr_Yanti\app\Controllers\back\Nakes.php(21): view('Page/Nakes/View...', Array)
#6 C:\xampp\htdocs\SIAK_Dr_Yanti\system\CodeIgniter.php(832): App\Controllers\back\Nakes->index()
#7 C:\xampp\htdocs\SIAK_Dr_Yanti\system\CodeIgniter.php(419): CodeIgniter\CodeIgniter->runController(Object(App\Controllers\back\Nakes))
#8 C:\xampp\htdocs\SIAK_Dr_Yanti\system\CodeIgniter.php(326): CodeIgniter\CodeIgniter->handleRequest(NULL, Object(Config\Cache), false)
#9 C:\xampp\htdocs\SIAK_Dr_Yanti\public\index.php(37): CodeIgniter\CodeIgniter->run()
#10 C:\xampp\htdocs\SIAK_Dr_Yanti\system\Commands\Server\rewrite.php(43): require_once('C:\\xampp\\htdocs...')
#11 {main}
CRITICAL - 2022-06-01 05:22:48 --> Attempt to read property "level" on null
#0 C:\xampp\htdocs\SIAK_Dr_Yanti\app\Views\Base\Menu.php(10): CodeIgniter\Debug\Exceptions->errorHandler(2, 'Attempt to read...', 'C:\\xampp\\htdocs...', 10)
#1 C:\xampp\htdocs\SIAK_Dr_Yanti\system\View\View.php(210): include('C:\\xampp\\htdocs...')
#2 C:\xampp\htdocs\SIAK_Dr_Yanti\system\View\View.php(213): CodeIgniter\View\View->CodeIgniter\View\{closure}()
#3 C:\xampp\htdocs\SIAK_Dr_Yanti\system\View\View.php(226): CodeIgniter\View\View->render('base/menu', Array, true)
#4 C:\xampp\htdocs\SIAK_Dr_Yanti\system\Common.php(1089): CodeIgniter\View\View->render('Page/Transaksi/...', Array, true)
#5 C:\xampp\htdocs\SIAK_Dr_Yanti\app\Controllers\back\Transaksi.php(24): view('Page/Transaksi/...', Array)
#6 C:\xampp\htdocs\SIAK_Dr_Yanti\system\CodeIgniter.php(832): App\Controllers\back\Transaksi->index()
#7 C:\xampp\htdocs\SIAK_Dr_Yanti\system\CodeIgniter.php(419): CodeIgniter\CodeIgniter->runController(Object(App\Controllers\back\Transaksi))
#8 C:\xampp\htdocs\SIAK_Dr_Yanti\system\CodeIgniter.php(326): CodeIgniter\CodeIgniter->handleRequest(NULL, Object(Config\Cache), false)
#9 C:\xampp\htdocs\SIAK_Dr_Yanti\public\index.php(37): CodeIgniter\CodeIgniter->run()
#10 C:\xampp\htdocs\SIAK_Dr_Yanti\system\Commands\Server\rewrite.php(43): require_once('C:\\xampp\\htdocs...')
#11 {main}
CRITICAL - 2022-06-01 06:34:26 --> Attempt to read property "level" on null
#0 C:\xampp\htdocs\SIAK_Dr_Yanti\app\Views\Base\Menu.php(10): CodeIgniter\Debug\Exceptions->errorHandler(2, 'Attempt to read...', 'C:\\xampp\\htdocs...', 10)
#1 C:\xampp\htdocs\SIAK_Dr_Yanti\system\View\View.php(210): include('C:\\xampp\\htdocs...')
#2 C:\xampp\htdocs\SIAK_Dr_Yanti\system\View\View.php(213): CodeIgniter\View\View->CodeIgniter\View\{closure}()
#3 C:\xampp\htdocs\SIAK_Dr_Yanti\system\View\View.php(226): CodeIgniter\View\View->render('base/menu', Array, true)
#4 C:\xampp\htdocs\SIAK_Dr_Yanti\system\Common.php(1089): CodeIgniter\View\View->render('Page/Akun/Viewa...', Array, true)
#5 C:\xampp\htdocs\SIAK_Dr_Yanti\app\Controllers\back\Akun.php(21): view('Page/Akun/Viewa...', Array)
#6 C:\xampp\htdocs\SIAK_Dr_Yanti\system\CodeIgniter.php(832): App\Controllers\back\Akun->index()
#7 C:\xampp\htdocs\SIAK_Dr_Yanti\system\CodeIgniter.php(419): CodeIgniter\CodeIgniter->runController(Object(App\Controllers\back\Akun))
#8 C:\xampp\htdocs\SIAK_Dr_Yanti\system\CodeIgniter.php(326): CodeIgniter\CodeIgniter->handleRequest(NULL, Object(Config\Cache), false)
#9 C:\xampp\htdocs\SIAK_Dr_Yanti\public\index.php(37): CodeIgniter\CodeIgniter->run()
#10 C:\xampp\htdocs\SIAK_Dr_Yanti\system\Commands\Server\rewrite.php(43): require_once('C:\\xampp\\htdocs...')
#11 {main}
CRITICAL - 2022-06-01 10:27:39 --> Deletes are not allowed unless they contain a "where" or "like" clause.
#0 C:\xampp\htdocs\SIAK_Dr_Yanti\system\Model.php(359): CodeIgniter\Database\BaseBuilder->delete()
#1 C:\xampp\htdocs\SIAK_Dr_Yanti\system\BaseModel.php(963): CodeIgniter\Model->doDelete(NULL, false)
#2 C:\xampp\htdocs\SIAK_Dr_Yanti\app\Controllers\back\Obat.php(264): CodeIgniter\BaseModel->delete(NULL)
#3 C:\xampp\htdocs\SIAK_Dr_Yanti\system\CodeIgniter.php(832): App\Controllers\back\Obat->hapus()
#4 C:\xampp\htdocs\SIAK_Dr_Yanti\system\CodeIgniter.php(419): CodeIgniter\CodeIgniter->runController(Object(App\Controllers\back\Obat))
#5 C:\xampp\htdocs\SIAK_Dr_Yanti\system\CodeIgniter.php(326): CodeIgniter\CodeIgniter->handleRequest(NULL, Object(Config\Cache), false)
#6 C:\xampp\htdocs\SIAK_Dr_Yanti\public\index.php(37): CodeIgniter\CodeIgniter->run()
#7 C:\xampp\htdocs\SIAK_Dr_Yanti\system\Commands\Server\rewrite.php(43): require_once('C:\\xampp\\htdocs...')
#8 {main}
CRITICAL - 2022-06-01 10:40:07 --> syntax error, unexpected identifier "number_format"
#0 C:\xampp\htdocs\SIAK_Dr_Yanti\system\Autoloader\Autoloader.php(241): CodeIgniter\Autoloader\Autoloader->includeFile('C:\\xampp\\htdocs...')
#1 C:\xampp\htdocs\SIAK_Dr_Yanti\system\Autoloader\Autoloader.php(219): CodeIgniter\Autoloader\Autoloader->loadInNamespace('App\\Controllers...')
#2 [internal function]: CodeIgniter\Autoloader\Autoloader->loadClass('App\\Controllers...')
#3 C:\xampp\htdocs\SIAK_Dr_Yanti\system\CodeIgniter.php(797): class_exists('\\App\\Controller...', true)
#4 C:\xampp\htdocs\SIAK_Dr_Yanti\system\CodeIgniter.php(406): CodeIgniter\CodeIgniter->startController()
#5 C:\xampp\htdocs\SIAK_Dr_Yanti\system\CodeIgniter.php(326): CodeIgniter\CodeIgniter->handleRequest(NULL, Object(Config\Cache), false)
#6 C:\xampp\htdocs\SIAK_Dr_Yanti\public\index.php(37): CodeIgniter\CodeIgniter->run()
#7 C:\xampp\htdocs\SIAK_Dr_Yanti\system\Commands\Server\rewrite.php(43): require_once('C:\\xampp\\htdocs...')
#8 {main}
CRITICAL - 2022-06-01 11:06:02 --> Undefined variable $msg
#0 C:\xampp\htdocs\SIAK_Dr_Yanti\app\Controllers\back\Keranjang.php(392): CodeIgniter\Debug\Exceptions->errorHandler(2, 'Undefined varia...', 'C:\\xampp\\htdocs...', 392)
#1 C:\xampp\htdocs\SIAK_Dr_Yanti\system\CodeIgniter.php(832): App\Controllers\back\Keranjang->hapusbanyak()
#2 C:\xampp\htdocs\SIAK_Dr_Yanti\system\CodeIgniter.php(419): CodeIgniter\CodeIgniter->runController(Object(App\Controllers\back\Keranjang))
#3 C:\xampp\htdocs\SIAK_Dr_Yanti\system\CodeIgniter.php(326): CodeIgniter\CodeIgniter->handleRequest(NULL, Object(Config\Cache), false)
#4 C:\xampp\htdocs\SIAK_Dr_Yanti\public\index.php(37): CodeIgniter\CodeIgniter->run()
#5 C:\xampp\htdocs\SIAK_Dr_Yanti\system\Commands\Server\rewrite.php(43): require_once('C:\\xampp\\htdocs...')
#6 {main}
ERROR - 2022-06-01 11:37:38 --> You have an error in your SQL syntax; check the manual that corresponds to your MariaDB server version for the right syntax to use near 'LIKE tanggal_transaksi='%--%'' at line 1
CRITICAL - 2022-06-01 11:37:38 --> You have an error in your SQL syntax; check the manual that corresponds to your MariaDB server version for the right syntax to use near 'LIKE tanggal_transaksi='%--%'' at line 1
#0 C:\xampp\htdocs\SIAK_Dr_Yanti\system\Database\MySQLi\Connection.php(292): mysqli->query('SELECT * from t...', 0)
#1 C:\xampp\htdocs\SIAK_Dr_Yanti\system\Database\BaseConnection.php(670): CodeIgniter\Database\MySQLi\Connection->execute('SELECT * from t...')
#2 C:\xampp\htdocs\SIAK_Dr_Yanti\system\Database\BaseConnection.php(598): CodeIgniter\Database\BaseConnection->simpleQuery('SELECT * from t...')
#3 C:\xampp\htdocs\SIAK_Dr_Yanti\app\Controllers\back\Transaksi.php(83): CodeIgniter\Database\BaseConnection->query('SELECT * from t...')
#4 C:\xampp\htdocs\SIAK_Dr_Yanti\system\CodeIgniter.php(832): App\Controllers\back\Transaksi->cetak()
#5 C:\xampp\htdocs\SIAK_Dr_Yanti\system\CodeIgniter.php(419): CodeIgniter\CodeIgniter->runController(Object(App\Controllers\back\Transaksi))
#6 C:\xampp\htdocs\SIAK_Dr_Yanti\system\CodeIgniter.php(326): CodeIgniter\CodeIgniter->handleRequest(NULL, Object(Config\Cache), false)
#7 C:\xampp\htdocs\SIAK_Dr_Yanti\public\index.php(37): CodeIgniter\CodeIgniter->run()
#8 C:\xampp\htdocs\SIAK_Dr_Yanti\system\Commands\Server\rewrite.php(43): require_once('C:\\xampp\\htdocs...')
#9 {main}
ERROR - 2022-06-01 11:38:41 --> You have an error in your SQL syntax; check the manual that corresponds to your MariaDB server version for the right syntax to use near 'LIKE tanggal_transaksi='%--%'' at line 1
CRITICAL - 2022-06-01 11:38:41 --> You have an error in your SQL syntax; check the manual that corresponds to your MariaDB server version for the right syntax to use near 'LIKE tanggal_transaksi='%--%'' at line 1
#0 C:\xampp\htdocs\SIAK_Dr_Yanti\system\Database\MySQLi\Connection.php(292): mysqli->query('SELECT * from t...', 0)
#1 C:\xampp\htdocs\SIAK_Dr_Yanti\system\Database\BaseConnection.php(670): CodeIgniter\Database\MySQLi\Connection->execute('SELECT * from t...')
#2 C:\xampp\htdocs\SIAK_Dr_Yanti\system\Database\BaseConnection.php(598): CodeIgniter\Database\BaseConnection->simpleQuery('SELECT * from t...')
#3 C:\xampp\htdocs\SIAK_Dr_Yanti\app\Controllers\back\Transaksi.php(83): CodeIgniter\Database\BaseConnection->query('SELECT * from t...')
#4 C:\xampp\htdocs\SIAK_Dr_Yanti\system\CodeIgniter.php(832): App\Controllers\back\Transaksi->cetak()
#5 C:\xampp\htdocs\SIAK_Dr_Yanti\system\CodeIgniter.php(419): CodeIgniter\CodeIgniter->runController(Object(App\Controllers\back\Transaksi))
#6 C:\xampp\htdocs\SIAK_Dr_Yanti\system\CodeIgniter.php(326): CodeIgniter\CodeIgniter->handleRequest(NULL, Object(Config\Cache), false)
#7 C:\xampp\htdocs\SIAK_Dr_Yanti\public\index.php(37): CodeIgniter\CodeIgniter->run()
#8 C:\xampp\htdocs\SIAK_Dr_Yanti\system\Commands\Server\rewrite.php(43): require_once('C:\\xampp\\htdocs...')
#9 {main}
ERROR - 2022-06-01 11:42:41 --> You have an error in your SQL syntax; check the manual that corresponds to your MariaDB server version for the right syntax to use near 'LIKE tanggal_transaksi='%6-6-2022%'' at line 1
CRITICAL - 2022-06-01 11:42:41 --> You have an error in your SQL syntax; check the manual that corresponds to your MariaDB server version for the right syntax to use near 'LIKE tanggal_transaksi='%6-6-2022%'' at line 1
#0 C:\xampp\htdocs\SIAK_Dr_Yanti\system\Database\MySQLi\Connection.php(292): mysqli->query('SELECT * from t...', 0)
#1 C:\xampp\htdocs\SIAK_Dr_Yanti\system\Database\BaseConnection.php(670): CodeIgniter\Database\MySQLi\Connection->execute('SELECT * from t...')
#2 C:\xampp\htdocs\SIAK_Dr_Yanti\system\Database\BaseConnection.php(598): CodeIgniter\Database\BaseConnection->simpleQuery('SELECT * from t...')
#3 C:\xampp\htdocs\SIAK_Dr_Yanti\app\Controllers\back\Transaksi.php(84): CodeIgniter\Database\BaseConnection->query('SELECT * from t...')
#4 C:\xampp\htdocs\SIAK_Dr_Yanti\system\CodeIgniter.php(832): App\Controllers\back\Transaksi->cetak()
#5 C:\xampp\htdocs\SIAK_Dr_Yanti\system\CodeIgniter.php(419): CodeIgniter\CodeIgniter->runController(Object(App\Controllers\back\Transaksi))
#6 C:\xampp\htdocs\SIAK_Dr_Yanti\system\CodeIgniter.php(326): CodeIgniter\CodeIgniter->handleRequest(NULL, Object(Config\Cache), false)
#7 C:\xampp\htdocs\SIAK_Dr_Yanti\public\index.php(37): CodeIgniter\CodeIgniter->run()
#8 C:\xampp\htdocs\SIAK_Dr_Yanti\system\Commands\Server\rewrite.php(43): require_once('C:\\xampp\\htdocs...')
#9 {main}
ERROR - 2022-06-01 11:43:12 --> You have an error in your SQL syntax; check the manual that corresponds to your MariaDB server version for the right syntax to use near 'LIKE tanggal_transaksi '%6-6-2022%'' at line 1
CRITICAL - 2022-06-01 11:43:12 --> You have an error in your SQL syntax; check the manual that corresponds to your MariaDB server version for the right syntax to use near 'LIKE tanggal_transaksi '%6-6-2022%'' at line 1
#0 C:\xampp\htdocs\SIAK_Dr_Yanti\system\Database\MySQLi\Connection.php(292): mysqli->query('SELECT * from t...', 0)
#1 C:\xampp\htdocs\SIAK_Dr_Yanti\system\Database\BaseConnection.php(670): CodeIgniter\Database\MySQLi\Connection->execute('SELECT * from t...')
#2 C:\xampp\htdocs\SIAK_Dr_Yanti\system\Database\BaseConnection.php(598): CodeIgniter\Database\BaseConnection->simpleQuery('SELECT * from t...')
#3 C:\xampp\htdocs\SIAK_Dr_Yanti\app\Controllers\back\Transaksi.php(84): CodeIgniter\Database\BaseConnection->query('SELECT * from t...')
#4 C:\xampp\htdocs\SIAK_Dr_Yanti\system\CodeIgniter.php(832): App\Controllers\back\Transaksi->cetak()
#5 C:\xampp\htdocs\SIAK_Dr_Yanti\system\CodeIgniter.php(419): CodeIgniter\CodeIgniter->runController(Object(App\Controllers\back\Transaksi))
#6 C:\xampp\htdocs\SIAK_Dr_Yanti\system\CodeIgniter.php(326): CodeIgniter\CodeIgniter->handleRequest(NULL, Object(Config\Cache), false)
#7 C:\xampp\htdocs\SIAK_Dr_Yanti\public\index.php(37): CodeIgniter\CodeIgniter->run()
#8 C:\xampp\htdocs\SIAK_Dr_Yanti\system\Commands\Server\rewrite.php(43): require_once('C:\\xampp\\htdocs...')
#9 {main}
ERROR - 2022-06-01 11:43:50 --> You have an error in your SQL syntax; check the manual that corresponds to your MariaDB server version for the right syntax to use near 'LIKE tanggal_transaksi =='%6-6-2022%'' at line 1
CRITICAL - 2022-06-01 11:43:50 --> You have an error in your SQL syntax; check the manual that corresponds to your MariaDB server version for the right syntax to use near 'LIKE tanggal_transaksi =='%6-6-2022%'' at line 1
#0 C:\xampp\htdocs\SIAK_Dr_Yanti\system\Database\MySQLi\Connection.php(292): mysqli->query('SELECT * from t...', 0)
#1 C:\xampp\htdocs\SIAK_Dr_Yanti\system\Database\BaseConnection.php(670): CodeIgniter\Database\MySQLi\Connection->execute('SELECT * from t...')
#2 C:\xampp\htdocs\SIAK_Dr_Yanti\system\Database\BaseConnection.php(598): CodeIgniter\Database\BaseConnection->simpleQuery('SELECT * from t...')
#3 C:\xampp\htdocs\SIAK_Dr_Yanti\app\Controllers\back\Transaksi.php(84): CodeIgniter\Database\BaseConnection->query('SELECT * from t...')
#4 C:\xampp\htdocs\SIAK_Dr_Yanti\system\CodeIgniter.php(832): App\Controllers\back\Transaksi->cetak()
#5 C:\xampp\htdocs\SIAK_Dr_Yanti\system\CodeIgniter.php(419): CodeIgniter\CodeIgniter->runController(Object(App\Controllers\back\Transaksi))
#6 C:\xampp\htdocs\SIAK_Dr_Yanti\system\CodeIgniter.php(326): CodeIgniter\CodeIgniter->handleRequest(NULL, Object(Config\Cache), false)
#7 C:\xampp\htdocs\SIAK_Dr_Yanti\public\index.php(37): CodeIgniter\CodeIgniter->run()
#8 C:\xampp\htdocs\SIAK_Dr_Yanti\system\Commands\Server\rewrite.php(43): require_once('C:\\xampp\\htdocs...')
#9 {main}
ERROR - 2022-06-01 11:44:07 --> You have an error in your SQL syntax; check the manual that corresponds to your MariaDB server version for the right syntax to use near 'LIKE tanggal_transaksi'%6-6-2022%'' at line 1
CRITICAL - 2022-06-01 11:44:07 --> You have an error in your SQL syntax; check the manual that corresponds to your MariaDB server version for the right syntax to use near 'LIKE tanggal_transaksi'%6-6-2022%'' at line 1
#0 C:\xampp\htdocs\SIAK_Dr_Yanti\system\Database\MySQLi\Connection.php(292): mysqli->query('SELECT * from t...', 0)
#1 C:\xampp\htdocs\SIAK_Dr_Yanti\system\Database\BaseConnection.php(670): CodeIgniter\Database\MySQLi\Connection->execute('SELECT * from t...')
#2 C:\xampp\htdocs\SIAK_Dr_Yanti\system\Database\BaseConnection.php(598): CodeIgniter\Database\BaseConnection->simpleQuery('SELECT * from t...')
#3 C:\xampp\htdocs\SIAK_Dr_Yanti\app\Controllers\back\Transaksi.php(84): CodeIgniter\Database\BaseConnection->query('SELECT * from t...')
#4 C:\xampp\htdocs\SIAK_Dr_Yanti\system\CodeIgniter.php(832): App\Controllers\back\Transaksi->cetak()
#5 C:\xampp\htdocs\SIAK_Dr_Yanti\system\CodeIgniter.php(419): CodeIgniter\CodeIgniter->runController(Object(App\Controllers\back\Transaksi))
#6 C:\xampp\htdocs\SIAK_Dr_Yanti\system\CodeIgniter.php(326): CodeIgniter\CodeIgniter->handleRequest(NULL, Object(Config\Cache), false)
#7 C:\xampp\htdocs\SIAK_Dr_Yanti\public\index.php(37): CodeIgniter\CodeIgniter->run()
#8 C:\xampp\htdocs\SIAK_Dr_Yanti\system\Commands\Server\rewrite.php(43): require_once('C:\\xampp\\htdocs...')
#9 {main}
CRITICAL - 2022-06-01 11:55:30 --> Undefined variable $query_cekuser
#0 C:\xampp\htdocs\SIAK_Dr_Yanti\app\Views\Cetak.php(42): CodeIgniter\Debug\Exceptions->errorHandler(2, 'Undefined varia...', 'C:\\xampp\\htdocs...', 42)
#1 C:\xampp\htdocs\SIAK_Dr_Yanti\system\View\View.php(210): include('C:\\xampp\\htdocs...')
#2 C:\xampp\htdocs\SIAK_Dr_Yanti\system\View\View.php(213): CodeIgniter\View\View->CodeIgniter\View\{closure}()
#3 C:\xampp\htdocs\SIAK_Dr_Yanti\system\Common.php(1089): CodeIgniter\View\View->render('Cetak', Array, true)
#4 C:\xampp\htdocs\SIAK_Dr_Yanti\app\Controllers\back\Transaksi.php(94): view('Cetak', Array)
#5 C:\xampp\htdocs\SIAK_Dr_Yanti\system\CodeIgniter.php(832): App\Controllers\back\Transaksi->cetak()
#6 C:\xampp\htdocs\SIAK_Dr_Yanti\system\CodeIgniter.php(419): CodeIgniter\CodeIgniter->runController(Object(App\Controllers\back\Transaksi))
#7 C:\xampp\htdocs\SIAK_Dr_Yanti\system\CodeIgniter.php(326): CodeIgniter\CodeIgniter->handleRequest(NULL, Object(Config\Cache), false)
#8 C:\xampp\htdocs\SIAK_Dr_Yanti\public\index.php(37): CodeIgniter\CodeIgniter->run()
#9 C:\xampp\htdocs\SIAK_Dr_Yanti\system\Commands\Server\rewrite.php(43): require_once('C:\\xampp\\htdocs...')
#10 {main}
CRITICAL - 2022-06-01 11:56:21 --> Undefined variable $query_cekuser
#0 C:\xampp\htdocs\SIAK_Dr_Yanti\app\Views\Cetak.php(42): CodeIgniter\Debug\Exceptions->errorHandler(2, 'Undefined varia...', 'C:\\xampp\\htdocs...', 42)
#1 C:\xampp\htdocs\SIAK_Dr_Yanti\system\View\View.php(210): include('C:\\xampp\\htdocs...')
#2 C:\xampp\htdocs\SIAK_Dr_Yanti\system\View\View.php(213): CodeIgniter\View\View->CodeIgniter\View\{closure}()
#3 C:\xampp\htdocs\SIAK_Dr_Yanti\system\Common.php(1089): CodeIgniter\View\View->render('Cetak', Array, true)
#4 C:\xampp\htdocs\SIAK_Dr_Yanti\app\Controllers\back\Transaksi.php(104): view('Cetak', Array)
#5 C:\xampp\htdocs\SIAK_Dr_Yanti\system\CodeIgniter.php(832): App\Controllers\back\Transaksi->cetak()
#6 C:\xampp\htdocs\SIAK_Dr_Yanti\system\CodeIgniter.php(419): CodeIgniter\CodeIgniter->runController(Object(App\Controllers\back\Transaksi))
#7 C:\xampp\htdocs\SIAK_Dr_Yanti\system\CodeIgniter.php(326): CodeIgniter\CodeIgniter->handleRequest(NULL, Object(Config\Cache), false)
#8 C:\xampp\htdocs\SIAK_Dr_Yanti\public\index.php(37): CodeIgniter\CodeIgniter->run()
#9 C:\xampp\htdocs\SIAK_Dr_Yanti\system\Commands\Server\rewrite.php(43): require_once('C:\\xampp\\htdocs...')
#10 {main}
CRITICAL - 2022-06-01 11:56:43 --> Undefined variable $query_cekuser
#0 C:\xampp\htdocs\SIAK_Dr_Yanti\app\Views\Cetak.php(42): CodeIgniter\Debug\Exceptions->errorHandler(2, 'Undefined varia...', 'C:\\xampp\\htdocs...', 42)
#1 C:\xampp\htdocs\SIAK_Dr_Yanti\system\View\View.php(210): include('C:\\xampp\\htdocs...')
#2 C:\xampp\htdocs\SIAK_Dr_Yanti\system\View\View.php(213): CodeIgniter\View\View->CodeIgniter\View\{closure}()
#3 C:\xampp\htdocs\SIAK_Dr_Yanti\system\Common.php(1089): CodeIgniter\View\View->render('Cetak', Array, true)
#4 C:\xampp\htdocs\SIAK_Dr_Yanti\app\Controllers\back\Transaksi.php(104): view('Cetak', Array)
#5 C:\xampp\htdocs\SIAK_Dr_Yanti\system\CodeIgniter.php(832): App\Controllers\back\Transaksi->cetak()
#6 C:\xampp\htdocs\SIAK_Dr_Yanti\system\CodeIgniter.php(419): CodeIgniter\CodeIgniter->runController(Object(App\Controllers\back\Transaksi))
#7 C:\xampp\htdocs\SIAK_Dr_Yanti\system\CodeIgniter.php(326): CodeIgniter\CodeIgniter->handleRequest(NULL, Object(Config\Cache), false)
#8 C:\xampp\htdocs\SIAK_Dr_Yanti\public\index.php(37): CodeIgniter\CodeIgniter->run()
#9 C:\xampp\htdocs\SIAK_Dr_Yanti\system\Commands\Server\rewrite.php(43): require_once('C:\\xampp\\htdocs...')
#10 {main}
CRITICAL - 2022-06-01 11:58:23 --> Undefined variable $query_cekuser
#0 C:\xampp\htdocs\SIAK_Dr_Yanti\app\Views\Cetak.php(42): CodeIgniter\Debug\Exceptions->errorHandler(2, 'Undefined varia...', 'C:\\xampp\\htdocs...', 42)
#1 C:\xampp\htdocs\SIAK_Dr_Yanti\system\View\View.php(210): include('C:\\xampp\\htdocs...')
#2 C:\xampp\htdocs\SIAK_Dr_Yanti\system\View\View.php(213): CodeIgniter\View\View->CodeIgniter\View\{closure}()
#3 C:\xampp\htdocs\SIAK_Dr_Yanti\system\Common.php(1089): CodeIgniter\View\View->render('Cetak', Array, true)
#4 C:\xampp\htdocs\SIAK_Dr_Yanti\app\Controllers\back\Transaksi.php(113): view('Cetak', Array)
#5 C:\xampp\htdocs\SIAK_Dr_Yanti\system\CodeIgniter.php(832): App\Controllers\back\Transaksi->cetak()
#6 C:\xampp\htdocs\SIAK_Dr_Yanti\system\CodeIgniter.php(419): CodeIgniter\CodeIgniter->runController(Object(App\Controllers\back\Transaksi))
#7 C:\xampp\htdocs\SIAK_Dr_Yanti\system\CodeIgniter.php(326): CodeIgniter\CodeIgniter->handleRequest(NULL, Object(Config\Cache), false)
#8 C:\xampp\htdocs\SIAK_Dr_Yanti\public\index.php(37): CodeIgniter\CodeIgniter->run()
#9 C:\xampp\htdocs\SIAK_Dr_Yanti\system\Commands\Server\rewrite.php(43): require_once('C:\\xampp\\htdocs...')
#10 {main}
CRITICAL - 2022-06-01 11:59:54 --> Undefined variable $query_cekuser
#0 C:\xampp\htdocs\SIAK_Dr_Yanti\app\Views\Cetak.php(42): CodeIgniter\Debug\Exceptions->errorHandler(2, 'Undefined varia...', 'C:\\xampp\\htdocs...', 42)
#1 C:\xampp\htdocs\SIAK_Dr_Yanti\system\View\View.php(210): include('C:\\xampp\\htdocs...')
#2 C:\xampp\htdocs\SIAK_Dr_Yanti\system\View\View.php(213): CodeIgniter\View\View->CodeIgniter\View\{closure}()
#3 C:\xampp\htdocs\SIAK_Dr_Yanti\system\Common.php(1089): CodeIgniter\View\View->render('Cetak', Array, true)
#4 C:\xampp\htdocs\SIAK_Dr_Yanti\app\Controllers\back\Transaksi.php(113): view('Cetak', Array)
#5 C:\xampp\htdocs\SIAK_Dr_Yanti\system\CodeIgniter.php(832): App\Controllers\back\Transaksi->cetak()
#6 C:\xampp\htdocs\SIAK_Dr_Yanti\system\CodeIgniter.php(419): CodeIgniter\CodeIgniter->runController(Object(App\Controllers\back\Transaksi))
#7 C:\xampp\htdocs\SIAK_Dr_Yanti\system\CodeIgniter.php(326): CodeIgniter\CodeIgniter->handleRequest(NULL, Object(Config\Cache), false)
#8 C:\xampp\htdocs\SIAK_Dr_Yanti\public\index.php(37): CodeIgniter\CodeIgniter->run()
#9 C:\xampp\htdocs\SIAK_Dr_Yanti\system\Commands\Server\rewrite.php(43): require_once('C:\\xampp\\htdocs...')
#10 {main}
CRITICAL - 2022-06-01 12:03:03 --> Undefined variable $query_cekuser
#0 C:\xampp\htdocs\SIAK_Dr_Yanti\app\Views\Cetak.php(42): CodeIgniter\Debug\Exceptions->errorHandler(2, 'Undefined varia...', 'C:\\xampp\\htdocs...', 42)
#1 C:\xampp\htdocs\SIAK_Dr_Yanti\system\View\View.php(210): include('C:\\xampp\\htdocs...')
#2 C:\xampp\htdocs\SIAK_Dr_Yanti\system\View\View.php(213): CodeIgniter\View\View->CodeIgniter\View\{closure}()
#3 C:\xampp\htdocs\SIAK_Dr_Yanti\system\Common.php(1089): CodeIgniter\View\View->render('Cetak', Array, true)
#4 C:\xampp\htdocs\SIAK_Dr_Yanti\app\Controllers\back\Transaksi.php(107): view('Cetak', Array)
#5 C:\xampp\htdocs\SIAK_Dr_Yanti\system\CodeIgniter.php(832): App\Controllers\back\Transaksi->cetak()
#6 C:\xampp\htdocs\SIAK_Dr_Yanti\system\CodeIgniter.php(419): CodeIgniter\CodeIgniter->runController(Object(App\Controllers\back\Transaksi))
#7 C:\xampp\htdocs\SIAK_Dr_Yanti\system\CodeIgniter.php(326): CodeIgniter\CodeIgniter->handleRequest(NULL, Object(Config\Cache), false)
#8 C:\xampp\htdocs\SIAK_Dr_Yanti\public\index.php(37): CodeIgniter\CodeIgniter->run()
#9 C:\xampp\htdocs\SIAK_Dr_Yanti\system\Commands\Server\rewrite.php(43): require_once('C:\\xampp\\htdocs...')
#10 {main}
