CRITICAL - 2022-05-28 00:09:33 --> Call to undefined method CodeIgniter\Database\MySQLi\Result::Countall()
#0 C:\xampp\htdocs\klinik\system\CodeIgniter.php(832): App\Controllers\Home->index()
#1 C:\xampp\htdocs\klinik\system\CodeIgniter.php(419): CodeIgniter\CodeIgniter->runController(Object(App\Controllers\Home))
#2 C:\xampp\htdocs\klinik\system\CodeIgniter.php(326): CodeIgniter\CodeIgniter->handleRequest(NULL, Object(Config\Cache), false)
#3 C:\xampp\htdocs\klinik\public\index.php(37): CodeIgniter\CodeIgniter->run()
#4 C:\xampp\htdocs\klinik\system\Commands\Server\rewrite.php(43): require_once('C:\\xampp\\htdocs...')
#5 {main}
CRITICAL - 2022-05-28 00:12:43 --> Call to undefined method CodeIgniter\Database\MySQLi\Result::count_all_results()
#0 C:\xampp\htdocs\klinik\system\CodeIgniter.php(832): App\Controllers\Home->index()
#1 C:\xampp\htdocs\klinik\system\CodeIgniter.php(419): CodeIgniter\CodeIgniter->runController(Object(App\Controllers\Home))
#2 C:\xampp\htdocs\klinik\system\CodeIgniter.php(326): CodeIgniter\CodeIgniter->handleRequest(NULL, Object(Config\Cache), false)
#3 C:\xampp\htdocs\klinik\public\index.php(37): CodeIgniter\CodeIgniter->run()
#4 C:\xampp\htdocs\klinik\system\Commands\Server\rewrite.php(43): require_once('C:\\xampp\\htdocs...')
#5 {main}
CRITICAL - 2022-05-28 00:13:12 --> Call to undefined method CodeIgniter\Database\MySQLi\Result::num_Rows()
#0 C:\xampp\htdocs\klinik\system\CodeIgniter.php(832): App\Controllers\Home->index()
#1 C:\xampp\htdocs\klinik\system\CodeIgniter.php(419): CodeIgniter\CodeIgniter->runController(Object(App\Controllers\Home))
#2 C:\xampp\htdocs\klinik\system\CodeIgniter.php(326): CodeIgniter\CodeIgniter->handleRequest(NULL, Object(Config\Cache), false)
#3 C:\xampp\htdocs\klinik\public\index.php(37): CodeIgniter\CodeIgniter->run()
#4 C:\xampp\htdocs\klinik\system\Commands\Server\rewrite.php(43): require_once('C:\\xampp\\htdocs...')
#5 {main}
CRITICAL - 2022-05-28 00:13:22 --> Call to undefined method CodeIgniter\Database\MySQLi\Result::num_Row()
#0 C:\xampp\htdocs\klinik\system\CodeIgniter.php(832): App\Controllers\Home->index()
#1 C:\xampp\htdocs\klinik\system\CodeIgniter.php(419): CodeIgniter\CodeIgniter->runController(Object(App\Controllers\Home))
#2 C:\xampp\htdocs\klinik\system\CodeIgniter.php(326): CodeIgniter\CodeIgniter->handleRequest(NULL, Object(Config\Cache), false)
#3 C:\xampp\htdocs\klinik\public\index.php(37): CodeIgniter\CodeIgniter->run()
#4 C:\xampp\htdocs\klinik\system\Commands\Server\rewrite.php(43): require_once('C:\\xampp\\htdocs...')
#5 {main}
CRITICAL - 2022-05-28 00:14:33 --> Call to undefined method CodeIgniter\Database\MySQLi\Result::num_rows()
#0 C:\xampp\htdocs\klinik\system\CodeIgniter.php(832): App\Controllers\Home->index()
#1 C:\xampp\htdocs\klinik\system\CodeIgniter.php(419): CodeIgniter\CodeIgniter->runController(Object(App\Controllers\Home))
#2 C:\xampp\htdocs\klinik\system\CodeIgniter.php(326): CodeIgniter\CodeIgniter->handleRequest(NULL, Object(Config\Cache), false)
#3 C:\xampp\htdocs\klinik\public\index.php(37): CodeIgniter\CodeIgniter->run()
#4 C:\xampp\htdocs\klinik\system\Commands\Server\rewrite.php(43): require_once('C:\\xampp\\htdocs...')
#5 {main}
CRITICAL - 2022-05-28 00:15:57 --> Call to undefined method CodeIgniter\Database\MySQLi\Result::count_all_results()
#0 C:\xampp\htdocs\klinik\system\CodeIgniter.php(832): App\Controllers\Home->index()
#1 C:\xampp\htdocs\klinik\system\CodeIgniter.php(419): CodeIgniter\CodeIgniter->runController(Object(App\Controllers\Home))
#2 C:\xampp\htdocs\klinik\system\CodeIgniter.php(326): CodeIgniter\CodeIgniter->handleRequest(NULL, Object(Config\Cache), false)
#3 C:\xampp\htdocs\klinik\public\index.php(37): CodeIgniter\CodeIgniter->run()
#4 C:\xampp\htdocs\klinik\system\Commands\Server\rewrite.php(43): require_once('C:\\xampp\\htdocs...')
#5 {main}
CRITICAL - 2022-05-28 00:16:46 --> Call to undefined method CodeIgniter\Database\MySQLi\Result::num_rows()
#0 C:\xampp\htdocs\klinik\system\CodeIgniter.php(832): App\Controllers\Home->index()
#1 C:\xampp\htdocs\klinik\system\CodeIgniter.php(419): CodeIgniter\CodeIgniter->runController(Object(App\Controllers\Home))
#2 C:\xampp\htdocs\klinik\system\CodeIgniter.php(326): CodeIgniter\CodeIgniter->handleRequest(NULL, Object(Config\Cache), false)
#3 C:\xampp\htdocs\klinik\public\index.php(37): CodeIgniter\CodeIgniter->run()
#4 C:\xampp\htdocs\klinik\system\Commands\Server\rewrite.php(43): require_once('C:\\xampp\\htdocs...')
#5 {main}
CRITICAL - 2022-05-28 00:17:08 --> Call to undefined method CodeIgniter\Database\MySQLi\Result::count()
#0 C:\xampp\htdocs\klinik\system\CodeIgniter.php(832): App\Controllers\Home->index()
#1 C:\xampp\htdocs\klinik\system\CodeIgniter.php(419): CodeIgniter\CodeIgniter->runController(Object(App\Controllers\Home))
#2 C:\xampp\htdocs\klinik\system\CodeIgniter.php(326): CodeIgniter\CodeIgniter->handleRequest(NULL, Object(Config\Cache), false)
#3 C:\xampp\htdocs\klinik\public\index.php(37): CodeIgniter\CodeIgniter->run()
#4 C:\xampp\htdocs\klinik\system\Commands\Server\rewrite.php(43): require_once('C:\\xampp\\htdocs...')
#5 {main}
CRITICAL - 2022-05-28 00:18:22 --> Call to undefined method CodeIgniter\Database\MySQLi\Result::count_all_results()
#0 C:\xampp\htdocs\klinik\system\CodeIgniter.php(832): App\Controllers\Home->index()
#1 C:\xampp\htdocs\klinik\system\CodeIgniter.php(419): CodeIgniter\CodeIgniter->runController(Object(App\Controllers\Home))
#2 C:\xampp\htdocs\klinik\system\CodeIgniter.php(326): CodeIgniter\CodeIgniter->handleRequest(NULL, Object(Config\Cache), false)
#3 C:\xampp\htdocs\klinik\public\index.php(37): CodeIgniter\CodeIgniter->run()
#4 C:\xampp\htdocs\klinik\system\Commands\Server\rewrite.php(43): require_once('C:\\xampp\\htdocs...')
#5 {main}
CRITICAL - 2022-05-28 00:21:50 --> count(): Argument #1 ($value) must be of type Countable|array, CodeIgniter\Database\MySQLi\Result given
#0 C:\xampp\htdocs\klinik\app\Controllers\Home.php(16): count(Object(CodeIgniter\Database\MySQLi\Result))
#1 C:\xampp\htdocs\klinik\system\CodeIgniter.php(832): App\Controllers\Home->index()
#2 C:\xampp\htdocs\klinik\system\CodeIgniter.php(419): CodeIgniter\CodeIgniter->runController(Object(App\Controllers\Home))
#3 C:\xampp\htdocs\klinik\system\CodeIgniter.php(326): CodeIgniter\CodeIgniter->handleRequest(NULL, Object(Config\Cache), false)
#4 C:\xampp\htdocs\klinik\public\index.php(37): CodeIgniter\CodeIgniter->run()
#5 C:\xampp\htdocs\klinik\system\Commands\Server\rewrite.php(43): require_once('C:\\xampp\\htdocs...')
#6 {main}
CRITICAL - 2022-05-28 00:23:42 --> count(): Argument #1 ($value) must be of type Countable|array, stdClass given
#0 C:\xampp\htdocs\klinik\app\Controllers\Home.php(16): count(Object(stdClass))
#1 C:\xampp\htdocs\klinik\system\CodeIgniter.php(832): App\Controllers\Home->index()
#2 C:\xampp\htdocs\klinik\system\CodeIgniter.php(419): CodeIgniter\CodeIgniter->runController(Object(App\Controllers\Home))
#3 C:\xampp\htdocs\klinik\system\CodeIgniter.php(326): CodeIgniter\CodeIgniter->handleRequest(NULL, Object(Config\Cache), false)
#4 C:\xampp\htdocs\klinik\public\index.php(37): CodeIgniter\CodeIgniter->run()
#5 C:\xampp\htdocs\klinik\system\Commands\Server\rewrite.php(43): require_once('C:\\xampp\\htdocs...')
#6 {main}
ERROR - 2022-05-28 00:26:08 --> Table 'klinik.pasien' doesn't exist
CRITICAL - 2022-05-28 00:26:08 --> Table 'klinik.pasien' doesn't exist
#0 C:\xampp\htdocs\klinik\system\Database\MySQLi\Connection.php(292): mysqli->query('SELECT COUNT(*)...', 0)
#1 C:\xampp\htdocs\klinik\system\Database\BaseConnection.php(670): CodeIgniter\Database\MySQLi\Connection->execute('SELECT COUNT(*)...')
#2 C:\xampp\htdocs\klinik\system\Database\BaseConnection.php(598): CodeIgniter\Database\BaseConnection->simpleQuery('SELECT COUNT(*)...')
#3 C:\xampp\htdocs\klinik\system\Database\BaseBuilder.php(1539): CodeIgniter\Database\BaseConnection->query('SELECT COUNT(*)...', Array, false)
#4 C:\xampp\htdocs\klinik\app\Controllers\Home.php(14): CodeIgniter\Database\BaseBuilder->countAllResults()
#5 C:\xampp\htdocs\klinik\system\CodeIgniter.php(832): App\Controllers\Home->index()
#6 C:\xampp\htdocs\klinik\system\CodeIgniter.php(419): CodeIgniter\CodeIgniter->runController(Object(App\Controllers\Home))
#7 C:\xampp\htdocs\klinik\system\CodeIgniter.php(326): CodeIgniter\CodeIgniter->handleRequest(NULL, Object(Config\Cache), false)
#8 C:\xampp\htdocs\klinik\public\index.php(37): CodeIgniter\CodeIgniter->run()
#9 C:\xampp\htdocs\klinik\system\Commands\Server\rewrite.php(43): require_once('C:\\xampp\\htdocs...')
#10 {main}
CRITICAL - 2022-05-28 00:26:32 --> Undefined variable $p
#0 C:\xampp\htdocs\klinik\app\Controllers\Home.php(22): CodeIgniter\Debug\Exceptions->errorHandler(2, 'Undefined varia...', 'C:\\xampp\\htdocs...', 22)
#1 C:\xampp\htdocs\klinik\system\CodeIgniter.php(832): App\Controllers\Home->index()
#2 C:\xampp\htdocs\klinik\system\CodeIgniter.php(419): CodeIgniter\CodeIgniter->runController(Object(App\Controllers\Home))
#3 C:\xampp\htdocs\klinik\system\CodeIgniter.php(326): CodeIgniter\CodeIgniter->handleRequest(NULL, Object(Config\Cache), false)
#4 C:\xampp\htdocs\klinik\public\index.php(37): CodeIgniter\CodeIgniter->run()
#5 C:\xampp\htdocs\klinik\system\Commands\Server\rewrite.php(43): require_once('C:\\xampp\\htdocs...')
#6 {main}
CRITICAL - 2022-05-28 03:18:53 --> Attempt to read property "level" on null
#0 C:\xampp\htdocs\klinik\app\Controllers\Home.php(18): CodeIgniter\Debug\Exceptions->errorHandler(2, 'Attempt to read...', 'C:\\xampp\\htdocs...', 18)
#1 C:\xampp\htdocs\klinik\system\CodeIgniter.php(832): App\Controllers\Home->index()
#2 C:\xampp\htdocs\klinik\system\CodeIgniter.php(419): CodeIgniter\CodeIgniter->runController(Object(App\Controllers\Home))
#3 C:\xampp\htdocs\klinik\system\CodeIgniter.php(326): CodeIgniter\CodeIgniter->handleRequest(NULL, Object(Config\Cache), false)
#4 C:\xampp\htdocs\klinik\public\index.php(37): CodeIgniter\CodeIgniter->run()
#5 C:\xampp\htdocs\klinik\system\Commands\Server\rewrite.php(43): require_once('C:\\xampp\\htdocs...')
#6 {main}
CRITICAL - 2022-05-28 09:56:40 --> Attempt to read property "level" on null
#0 C:\xampp\htdocs\SIAK_Dr_Yanti\app\Controllers\Home.php(18): CodeIgniter\Debug\Exceptions->errorHandler(2, 'Attempt to read...', 'C:\\xampp\\htdocs...', 18)
#1 C:\xampp\htdocs\SIAK_Dr_Yanti\system\CodeIgniter.php(832): App\Controllers\Home->index()
#2 C:\xampp\htdocs\SIAK_Dr_Yanti\system\CodeIgniter.php(419): CodeIgniter\CodeIgniter->runController(Object(App\Controllers\Home))
#3 C:\xampp\htdocs\SIAK_Dr_Yanti\system\CodeIgniter.php(326): CodeIgniter\CodeIgniter->handleRequest(NULL, Object(Config\Cache), false)
#4 C:\xampp\htdocs\SIAK_Dr_Yanti\public\index.php(37): CodeIgniter\CodeIgniter->run()
#5 C:\xampp\htdocs\SIAK_Dr_Yanti\system\Commands\Server\rewrite.php(43): require_once('C:\\xampp\\htdocs...')
#6 {main}
CRITICAL - 2022-05-28 10:26:59 --> Undefined property: stdClass::$pasien
#0 C:\xampp\htdocs\SIAK_Dr_Yanti\app\Views\Page\Statistik.php(194): CodeIgniter\Debug\Exceptions->errorHandler(2, 'Undefined prope...', 'C:\\xampp\\htdocs...', 194)
#1 C:\xampp\htdocs\SIAK_Dr_Yanti\system\View\View.php(210): include('C:\\xampp\\htdocs...')
#2 C:\xampp\htdocs\SIAK_Dr_Yanti\system\View\View.php(213): CodeIgniter\View\View->CodeIgniter\View\{closure}()
#3 C:\xampp\htdocs\SIAK_Dr_Yanti\system\Common.php(1089): CodeIgniter\View\View->render('Page/Statistik', Array, true)
#4 C:\xampp\htdocs\SIAK_Dr_Yanti\app\Controllers\Home.php(29): view('Page/Statistik', Array)
#5 C:\xampp\htdocs\SIAK_Dr_Yanti\system\CodeIgniter.php(832): App\Controllers\Home->index()
#6 C:\xampp\htdocs\SIAK_Dr_Yanti\system\CodeIgniter.php(419): CodeIgniter\CodeIgniter->runController(Object(App\Controllers\Home))
#7 C:\xampp\htdocs\SIAK_Dr_Yanti\system\CodeIgniter.php(326): CodeIgniter\CodeIgniter->handleRequest(NULL, Object(Config\Cache), false)
#8 C:\xampp\htdocs\SIAK_Dr_Yanti\public\index.php(37): CodeIgniter\CodeIgniter->run()
#9 C:\xampp\htdocs\SIAK_Dr_Yanti\system\Commands\Server\rewrite.php(43): require_once('C:\\xampp\\htdocs...')
#10 {main}
CRITICAL - 2022-05-28 10:28:30 --> Attempt to read property "pasien" on null
#0 C:\xampp\htdocs\SIAK_Dr_Yanti\app\Views\Page\Statistik.php(195): CodeIgniter\Debug\Exceptions->errorHandler(2, 'Attempt to read...', 'C:\\xampp\\htdocs...', 195)
#1 C:\xampp\htdocs\SIAK_Dr_Yanti\system\View\View.php(210): include('C:\\xampp\\htdocs...')
#2 C:\xampp\htdocs\SIAK_Dr_Yanti\system\View\View.php(213): CodeIgniter\View\View->CodeIgniter\View\{closure}()
#3 C:\xampp\htdocs\SIAK_Dr_Yanti\system\Common.php(1089): CodeIgniter\View\View->render('Page/Statistik', Array, true)
#4 C:\xampp\htdocs\SIAK_Dr_Yanti\app\Controllers\Home.php(29): view('Page/Statistik', Array)
#5 C:\xampp\htdocs\SIAK_Dr_Yanti\system\CodeIgniter.php(832): App\Controllers\Home->index()
#6 C:\xampp\htdocs\SIAK_Dr_Yanti\system\CodeIgniter.php(419): CodeIgniter\CodeIgniter->runController(Object(App\Controllers\Home))
#7 C:\xampp\htdocs\SIAK_Dr_Yanti\system\CodeIgniter.php(326): CodeIgniter\CodeIgniter->handleRequest(NULL, Object(Config\Cache), false)
#8 C:\xampp\htdocs\SIAK_Dr_Yanti\public\index.php(37): CodeIgniter\CodeIgniter->run()
#9 C:\xampp\htdocs\SIAK_Dr_Yanti\system\Commands\Server\rewrite.php(43): require_once('C:\\xampp\\htdocs...')
#10 {main}
CRITICAL - 2022-05-28 10:29:28 --> Attempt to read property "pasien" on null
#0 C:\xampp\htdocs\SIAK_Dr_Yanti\app\Views\Page\Statistik.php(195): CodeIgniter\Debug\Exceptions->errorHandler(2, 'Attempt to read...', 'C:\\xampp\\htdocs...', 195)
#1 C:\xampp\htdocs\SIAK_Dr_Yanti\system\View\View.php(210): include('C:\\xampp\\htdocs...')
#2 C:\xampp\htdocs\SIAK_Dr_Yanti\system\View\View.php(213): CodeIgniter\View\View->CodeIgniter\View\{closure}()
#3 C:\xampp\htdocs\SIAK_Dr_Yanti\system\Common.php(1089): CodeIgniter\View\View->render('Page/Statistik', Array, true)
#4 C:\xampp\htdocs\SIAK_Dr_Yanti\app\Controllers\Home.php(29): view('Page/Statistik', Array)
#5 C:\xampp\htdocs\SIAK_Dr_Yanti\system\CodeIgniter.php(832): App\Controllers\Home->index()
#6 C:\xampp\htdocs\SIAK_Dr_Yanti\system\CodeIgniter.php(419): CodeIgniter\CodeIgniter->runController(Object(App\Controllers\Home))
#7 C:\xampp\htdocs\SIAK_Dr_Yanti\system\CodeIgniter.php(326): CodeIgniter\CodeIgniter->handleRequest(NULL, Object(Config\Cache), false)
#8 C:\xampp\htdocs\SIAK_Dr_Yanti\public\index.php(37): CodeIgniter\CodeIgniter->run()
#9 C:\xampp\htdocs\SIAK_Dr_Yanti\system\Commands\Server\rewrite.php(43): require_once('C:\\xampp\\htdocs...')
#10 {main}
CRITICAL - 2022-05-28 10:30:12 --> Trying to access array offset on value of type null
#0 C:\xampp\htdocs\SIAK_Dr_Yanti\app\Views\Page\Statistik.php(195): CodeIgniter\Debug\Exceptions->errorHandler(2, 'Trying to acces...', 'C:\\xampp\\htdocs...', 195)
#1 C:\xampp\htdocs\SIAK_Dr_Yanti\system\View\View.php(210): include('C:\\xampp\\htdocs...')
#2 C:\xampp\htdocs\SIAK_Dr_Yanti\system\View\View.php(213): CodeIgniter\View\View->CodeIgniter\View\{closure}()
#3 C:\xampp\htdocs\SIAK_Dr_Yanti\system\Common.php(1089): CodeIgniter\View\View->render('Page/Statistik', Array, true)
#4 C:\xampp\htdocs\SIAK_Dr_Yanti\app\Controllers\Home.php(29): view('Page/Statistik', Array)
#5 C:\xampp\htdocs\SIAK_Dr_Yanti\system\CodeIgniter.php(832): App\Controllers\Home->index()
#6 C:\xampp\htdocs\SIAK_Dr_Yanti\system\CodeIgniter.php(419): CodeIgniter\CodeIgniter->runController(Object(App\Controllers\Home))
#7 C:\xampp\htdocs\SIAK_Dr_Yanti\system\CodeIgniter.php(326): CodeIgniter\CodeIgniter->handleRequest(NULL, Object(Config\Cache), false)
#8 C:\xampp\htdocs\SIAK_Dr_Yanti\public\index.php(37): CodeIgniter\CodeIgniter->run()
#9 C:\xampp\htdocs\SIAK_Dr_Yanti\system\Commands\Server\rewrite.php(43): require_once('C:\\xampp\\htdocs...')
#10 {main}
CRITICAL - 2022-05-28 10:30:55 --> Attempt to read property "pasien" on null
#0 C:\xampp\htdocs\SIAK_Dr_Yanti\app\Views\Page\Statistik.php(195): CodeIgniter\Debug\Exceptions->errorHandler(2, 'Attempt to read...', 'C:\\xampp\\htdocs...', 195)
#1 C:\xampp\htdocs\SIAK_Dr_Yanti\system\View\View.php(210): include('C:\\xampp\\htdocs...')
#2 C:\xampp\htdocs\SIAK_Dr_Yanti\system\View\View.php(213): CodeIgniter\View\View->CodeIgniter\View\{closure}()
#3 C:\xampp\htdocs\SIAK_Dr_Yanti\system\Common.php(1089): CodeIgniter\View\View->render('Page/Statistik', Array, true)
#4 C:\xampp\htdocs\SIAK_Dr_Yanti\app\Controllers\Home.php(29): view('Page/Statistik', Array)
#5 C:\xampp\htdocs\SIAK_Dr_Yanti\system\CodeIgniter.php(832): App\Controllers\Home->index()
#6 C:\xampp\htdocs\SIAK_Dr_Yanti\system\CodeIgniter.php(419): CodeIgniter\CodeIgniter->runController(Object(App\Controllers\Home))
#7 C:\xampp\htdocs\SIAK_Dr_Yanti\system\CodeIgniter.php(326): CodeIgniter\CodeIgniter->handleRequest(NULL, Object(Config\Cache), false)
#8 C:\xampp\htdocs\SIAK_Dr_Yanti\public\index.php(37): CodeIgniter\CodeIgniter->run()
#9 C:\xampp\htdocs\SIAK_Dr_Yanti\system\Commands\Server\rewrite.php(43): require_once('C:\\xampp\\htdocs...')
#10 {main}
CRITICAL - 2022-05-28 10:31:22 --> Attempt to read property "pasien" on null
#0 C:\xampp\htdocs\SIAK_Dr_Yanti\app\Views\Page\Statistik.php(195): CodeIgniter\Debug\Exceptions->errorHandler(2, 'Attempt to read...', 'C:\\xampp\\htdocs...', 195)
#1 C:\xampp\htdocs\SIAK_Dr_Yanti\system\View\View.php(210): include('C:\\xampp\\htdocs...')
#2 C:\xampp\htdocs\SIAK_Dr_Yanti\system\View\View.php(213): CodeIgniter\View\View->CodeIgniter\View\{closure}()
#3 C:\xampp\htdocs\SIAK_Dr_Yanti\system\Common.php(1089): CodeIgniter\View\View->render('Page/Statistik', Array, true)
#4 C:\xampp\htdocs\SIAK_Dr_Yanti\app\Controllers\Home.php(29): view('Page/Statistik', Array)
#5 C:\xampp\htdocs\SIAK_Dr_Yanti\system\CodeIgniter.php(832): App\Controllers\Home->index()
#6 C:\xampp\htdocs\SIAK_Dr_Yanti\system\CodeIgniter.php(419): CodeIgniter\CodeIgniter->runController(Object(App\Controllers\Home))
#7 C:\xampp\htdocs\SIAK_Dr_Yanti\system\CodeIgniter.php(326): CodeIgniter\CodeIgniter->handleRequest(NULL, Object(Config\Cache), false)
#8 C:\xampp\htdocs\SIAK_Dr_Yanti\public\index.php(37): CodeIgniter\CodeIgniter->run()
#9 C:\xampp\htdocs\SIAK_Dr_Yanti\system\Commands\Server\rewrite.php(43): require_once('C:\\xampp\\htdocs...')
#10 {main}
CRITICAL - 2022-05-28 10:32:26 --> Attempt to read property "pasien" on null
#0 C:\xampp\htdocs\SIAK_Dr_Yanti\app\Views\Page\Statistik.php(195): CodeIgniter\Debug\Exceptions->errorHandler(2, 'Attempt to read...', 'C:\\xampp\\htdocs...', 195)
#1 C:\xampp\htdocs\SIAK_Dr_Yanti\system\View\View.php(210): include('C:\\xampp\\htdocs...')
#2 C:\xampp\htdocs\SIAK_Dr_Yanti\system\View\View.php(213): CodeIgniter\View\View->CodeIgniter\View\{closure}()
#3 C:\xampp\htdocs\SIAK_Dr_Yanti\system\Common.php(1089): CodeIgniter\View\View->render('Page/Statistik', Array, true)
#4 C:\xampp\htdocs\SIAK_Dr_Yanti\app\Controllers\Home.php(29): view('Page/Statistik', Array)
#5 C:\xampp\htdocs\SIAK_Dr_Yanti\system\CodeIgniter.php(832): App\Controllers\Home->index()
#6 C:\xampp\htdocs\SIAK_Dr_Yanti\system\CodeIgniter.php(419): CodeIgniter\CodeIgniter->runController(Object(App\Controllers\Home))
#7 C:\xampp\htdocs\SIAK_Dr_Yanti\system\CodeIgniter.php(326): CodeIgniter\CodeIgniter->handleRequest(NULL, Object(Config\Cache), false)
#8 C:\xampp\htdocs\SIAK_Dr_Yanti\public\index.php(37): CodeIgniter\CodeIgniter->run()
#9 C:\xampp\htdocs\SIAK_Dr_Yanti\system\Commands\Server\rewrite.php(43): require_once('C:\\xampp\\htdocs...')
#10 {main}
ERROR - 2022-05-28 10:32:41 --> Unknown column 'id_layanan' in 'where clause'
CRITICAL - 2022-05-28 10:32:41 --> Unknown column 'id_layanan' in 'where clause'
#0 C:\xampp\htdocs\SIAK_Dr_Yanti\system\Database\MySQLi\Connection.php(292): mysqli->query('SELECT * from t...', 0)
#1 C:\xampp\htdocs\SIAK_Dr_Yanti\system\Database\BaseConnection.php(670): CodeIgniter\Database\MySQLi\Connection->execute('SELECT * from t...')
#2 C:\xampp\htdocs\SIAK_Dr_Yanti\system\Database\BaseConnection.php(598): CodeIgniter\Database\BaseConnection->simpleQuery('SELECT * from t...')
#3 C:\xampp\htdocs\SIAK_Dr_Yanti\app\Views\Page\Statistik.php(204): CodeIgniter\Database\BaseConnection->query('SELECT * from t...')
#4 C:\xampp\htdocs\SIAK_Dr_Yanti\system\View\View.php(210): include('C:\\xampp\\htdocs...')
#5 C:\xampp\htdocs\SIAK_Dr_Yanti\system\View\View.php(213): CodeIgniter\View\View->CodeIgniter\View\{closure}()
#6 C:\xampp\htdocs\SIAK_Dr_Yanti\system\Common.php(1089): CodeIgniter\View\View->render('Page/Statistik', Array, true)
#7 C:\xampp\htdocs\SIAK_Dr_Yanti\app\Controllers\Home.php(29): view('Page/Statistik', Array)
#8 C:\xampp\htdocs\SIAK_Dr_Yanti\system\CodeIgniter.php(832): App\Controllers\Home->index()
#9 C:\xampp\htdocs\SIAK_Dr_Yanti\system\CodeIgniter.php(419): CodeIgniter\CodeIgniter->runController(Object(App\Controllers\Home))
#10 C:\xampp\htdocs\SIAK_Dr_Yanti\system\CodeIgniter.php(326): CodeIgniter\CodeIgniter->handleRequest(NULL, Object(Config\Cache), false)
#11 C:\xampp\htdocs\SIAK_Dr_Yanti\public\index.php(37): CodeIgniter\CodeIgniter->run()
#12 C:\xampp\htdocs\SIAK_Dr_Yanti\system\Commands\Server\rewrite.php(43): require_once('C:\\xampp\\htdocs...')
#13 {main}
CRITICAL - 2022-05-28 10:33:16 --> Attempt to read property "namapasien" on array
#0 C:\xampp\htdocs\SIAK_Dr_Yanti\app\Views\Page\Statistik.php(212): CodeIgniter\Debug\Exceptions->errorHandler(2, 'Attempt to read...', 'C:\\xampp\\htdocs...', 212)
#1 C:\xampp\htdocs\SIAK_Dr_Yanti\system\View\View.php(210): include('C:\\xampp\\htdocs...')
#2 C:\xampp\htdocs\SIAK_Dr_Yanti\system\View\View.php(213): CodeIgniter\View\View->CodeIgniter\View\{closure}()
#3 C:\xampp\htdocs\SIAK_Dr_Yanti\system\Common.php(1089): CodeIgniter\View\View->render('Page/Statistik', Array, true)
#4 C:\xampp\htdocs\SIAK_Dr_Yanti\app\Controllers\Home.php(29): view('Page/Statistik', Array)
#5 C:\xampp\htdocs\SIAK_Dr_Yanti\system\CodeIgniter.php(832): App\Controllers\Home->index()
#6 C:\xampp\htdocs\SIAK_Dr_Yanti\system\CodeIgniter.php(419): CodeIgniter\CodeIgniter->runController(Object(App\Controllers\Home))
#7 C:\xampp\htdocs\SIAK_Dr_Yanti\system\CodeIgniter.php(326): CodeIgniter\CodeIgniter->handleRequest(NULL, Object(Config\Cache), false)
#8 C:\xampp\htdocs\SIAK_Dr_Yanti\public\index.php(37): CodeIgniter\CodeIgniter->run()
#9 C:\xampp\htdocs\SIAK_Dr_Yanti\system\Commands\Server\rewrite.php(43): require_once('C:\\xampp\\htdocs...')
#10 {main}
CRITICAL - 2022-05-28 10:33:57 --> Attempt to read property "jumlah_obat" on array
#0 C:\xampp\htdocs\SIAK_Dr_Yanti\app\Views\Page\Statistik.php(215): CodeIgniter\Debug\Exceptions->errorHandler(2, 'Attempt to read...', 'C:\\xampp\\htdocs...', 215)
#1 C:\xampp\htdocs\SIAK_Dr_Yanti\system\View\View.php(210): include('C:\\xampp\\htdocs...')
#2 C:\xampp\htdocs\SIAK_Dr_Yanti\system\View\View.php(213): CodeIgniter\View\View->CodeIgniter\View\{closure}()
#3 C:\xampp\htdocs\SIAK_Dr_Yanti\system\Common.php(1089): CodeIgniter\View\View->render('Page/Statistik', Array, true)
#4 C:\xampp\htdocs\SIAK_Dr_Yanti\app\Controllers\Home.php(29): view('Page/Statistik', Array)
#5 C:\xampp\htdocs\SIAK_Dr_Yanti\system\CodeIgniter.php(832): App\Controllers\Home->index()
#6 C:\xampp\htdocs\SIAK_Dr_Yanti\system\CodeIgniter.php(419): CodeIgniter\CodeIgniter->runController(Object(App\Controllers\Home))
#7 C:\xampp\htdocs\SIAK_Dr_Yanti\system\CodeIgniter.php(326): CodeIgniter\CodeIgniter->handleRequest(NULL, Object(Config\Cache), false)
#8 C:\xampp\htdocs\SIAK_Dr_Yanti\public\index.php(37): CodeIgniter\CodeIgniter->run()
#9 C:\xampp\htdocs\SIAK_Dr_Yanti\system\Commands\Server\rewrite.php(43): require_once('C:\\xampp\\htdocs...')
#10 {main}
CRITICAL - 2022-05-28 11:51:50 --> Undefined property: stdClass::$pasien
#0 C:\xampp\htdocs\SIAK_Dr_Yanti\app\Views\Page\Statistik.php(302): CodeIgniter\Debug\Exceptions->errorHandler(2, 'Undefined prope...', 'C:\\xampp\\htdocs...', 302)
#1 C:\xampp\htdocs\SIAK_Dr_Yanti\system\View\View.php(210): include('C:\\xampp\\htdocs...')
#2 C:\xampp\htdocs\SIAK_Dr_Yanti\system\View\View.php(213): CodeIgniter\View\View->CodeIgniter\View\{closure}()
#3 C:\xampp\htdocs\SIAK_Dr_Yanti\system\Common.php(1089): CodeIgniter\View\View->render('Page/Statistik', Array, true)
#4 C:\xampp\htdocs\SIAK_Dr_Yanti\app\Controllers\Home.php(29): view('Page/Statistik', Array)
#5 C:\xampp\htdocs\SIAK_Dr_Yanti\system\CodeIgniter.php(832): App\Controllers\Home->index()
#6 C:\xampp\htdocs\SIAK_Dr_Yanti\system\CodeIgniter.php(419): CodeIgniter\CodeIgniter->runController(Object(App\Controllers\Home))
#7 C:\xampp\htdocs\SIAK_Dr_Yanti\system\CodeIgniter.php(326): CodeIgniter\CodeIgniter->handleRequest(NULL, Object(Config\Cache), false)
#8 C:\xampp\htdocs\SIAK_Dr_Yanti\public\index.php(37): CodeIgniter\CodeIgniter->run()
#9 C:\xampp\htdocs\SIAK_Dr_Yanti\system\Commands\Server\rewrite.php(43): require_once('C:\\xampp\\htdocs...')
#10 {main}
ERROR - 2022-05-28 11:53:35 --> Table 'klinik.tbl_trasaksi' doesn't exist
CRITICAL - 2022-05-28 11:53:35 --> Table 'klinik.tbl_trasaksi' doesn't exist
#0 C:\xampp\htdocs\SIAK_Dr_Yanti\system\Database\MySQLi\Connection.php(292): mysqli->query('SELECT * from t...', 0)
#1 C:\xampp\htdocs\SIAK_Dr_Yanti\system\Database\BaseConnection.php(670): CodeIgniter\Database\MySQLi\Connection->execute('SELECT * from t...')
#2 C:\xampp\htdocs\SIAK_Dr_Yanti\system\Database\BaseConnection.php(598): CodeIgniter\Database\BaseConnection->simpleQuery('SELECT * from t...')
#3 C:\xampp\htdocs\SIAK_Dr_Yanti\app\Views\Page\Statistik.php(300): CodeIgniter\Database\BaseConnection->query('SELECT * from t...')
#4 C:\xampp\htdocs\SIAK_Dr_Yanti\system\View\View.php(210): include('C:\\xampp\\htdocs...')
#5 C:\xampp\htdocs\SIAK_Dr_Yanti\system\View\View.php(213): CodeIgniter\View\View->CodeIgniter\View\{closure}()
#6 C:\xampp\htdocs\SIAK_Dr_Yanti\system\Common.php(1089): CodeIgniter\View\View->render('Page/Statistik', Array, true)
#7 C:\xampp\htdocs\SIAK_Dr_Yanti\app\Controllers\Home.php(29): view('Page/Statistik', Array)
#8 C:\xampp\htdocs\SIAK_Dr_Yanti\system\CodeIgniter.php(832): App\Controllers\Home->index()
#9 C:\xampp\htdocs\SIAK_Dr_Yanti\system\CodeIgniter.php(419): CodeIgniter\CodeIgniter->runController(Object(App\Controllers\Home))
#10 C:\xampp\htdocs\SIAK_Dr_Yanti\system\CodeIgniter.php(326): CodeIgniter\CodeIgniter->handleRequest(NULL, Object(Config\Cache), false)
#11 C:\xampp\htdocs\SIAK_Dr_Yanti\public\index.php(37): CodeIgniter\CodeIgniter->run()
#12 C:\xampp\htdocs\SIAK_Dr_Yanti\system\Commands\Server\rewrite.php(43): require_once('C:\\xampp\\htdocs...')
#13 {main}
ERROR - 2022-05-28 11:54:01 --> Unknown column 'tanggal' in 'where clause'
CRITICAL - 2022-05-28 11:54:01 --> Unknown column 'tanggal' in 'where clause'
#0 C:\xampp\htdocs\SIAK_Dr_Yanti\system\Database\MySQLi\Connection.php(292): mysqli->query('SELECT * from t...', 0)
#1 C:\xampp\htdocs\SIAK_Dr_Yanti\system\Database\BaseConnection.php(670): CodeIgniter\Database\MySQLi\Connection->execute('SELECT * from t...')
#2 C:\xampp\htdocs\SIAK_Dr_Yanti\system\Database\BaseConnection.php(598): CodeIgniter\Database\BaseConnection->simpleQuery('SELECT * from t...')
#3 C:\xampp\htdocs\SIAK_Dr_Yanti\app\Views\Page\Statistik.php(300): CodeIgniter\Database\BaseConnection->query('SELECT * from t...')
#4 C:\xampp\htdocs\SIAK_Dr_Yanti\system\View\View.php(210): include('C:\\xampp\\htdocs...')
#5 C:\xampp\htdocs\SIAK_Dr_Yanti\system\View\View.php(213): CodeIgniter\View\View->CodeIgniter\View\{closure}()
#6 C:\xampp\htdocs\SIAK_Dr_Yanti\system\Common.php(1089): CodeIgniter\View\View->render('Page/Statistik', Array, true)
#7 C:\xampp\htdocs\SIAK_Dr_Yanti\app\Controllers\Home.php(29): view('Page/Statistik', Array)
#8 C:\xampp\htdocs\SIAK_Dr_Yanti\system\CodeIgniter.php(832): App\Controllers\Home->index()
#9 C:\xampp\htdocs\SIAK_Dr_Yanti\system\CodeIgniter.php(419): CodeIgniter\CodeIgniter->runController(Object(App\Controllers\Home))
#10 C:\xampp\htdocs\SIAK_Dr_Yanti\system\CodeIgniter.php(326): CodeIgniter\CodeIgniter->handleRequest(NULL, Object(Config\Cache), false)
#11 C:\xampp\htdocs\SIAK_Dr_Yanti\public\index.php(37): CodeIgniter\CodeIgniter->run()
#12 C:\xampp\htdocs\SIAK_Dr_Yanti\system\Commands\Server\rewrite.php(43): require_once('C:\\xampp\\htdocs...')
#13 {main}
CRITICAL - 2022-05-28 11:54:22 --> Attempt to read property "pasien" on null
#0 C:\xampp\htdocs\SIAK_Dr_Yanti\app\Views\Page\Statistik.php(303): CodeIgniter\Debug\Exceptions->errorHandler(2, 'Attempt to read...', 'C:\\xampp\\htdocs...', 303)
#1 C:\xampp\htdocs\SIAK_Dr_Yanti\system\View\View.php(210): include('C:\\xampp\\htdocs...')
#2 C:\xampp\htdocs\SIAK_Dr_Yanti\system\View\View.php(213): CodeIgniter\View\View->CodeIgniter\View\{closure}()
#3 C:\xampp\htdocs\SIAK_Dr_Yanti\system\Common.php(1089): CodeIgniter\View\View->render('Page/Statistik', Array, true)
#4 C:\xampp\htdocs\SIAK_Dr_Yanti\app\Controllers\Home.php(29): view('Page/Statistik', Array)
#5 C:\xampp\htdocs\SIAK_Dr_Yanti\system\CodeIgniter.php(832): App\Controllers\Home->index()
#6 C:\xampp\htdocs\SIAK_Dr_Yanti\system\CodeIgniter.php(419): CodeIgniter\CodeIgniter->runController(Object(App\Controllers\Home))
#7 C:\xampp\htdocs\SIAK_Dr_Yanti\system\CodeIgniter.php(326): CodeIgniter\CodeIgniter->handleRequest(NULL, Object(Config\Cache), false)
#8 C:\xampp\htdocs\SIAK_Dr_Yanti\public\index.php(37): CodeIgniter\CodeIgniter->run()
#9 C:\xampp\htdocs\SIAK_Dr_Yanti\system\Commands\Server\rewrite.php(43): require_once('C:\\xampp\\htdocs...')
#10 {main}
CRITICAL - 2022-05-28 11:54:57 --> Attempt to read property "pasien" on null
#0 C:\xampp\htdocs\SIAK_Dr_Yanti\app\Views\Page\Statistik.php(303): CodeIgniter\Debug\Exceptions->errorHandler(2, 'Attempt to read...', 'C:\\xampp\\htdocs...', 303)
#1 C:\xampp\htdocs\SIAK_Dr_Yanti\system\View\View.php(210): include('C:\\xampp\\htdocs...')
#2 C:\xampp\htdocs\SIAK_Dr_Yanti\system\View\View.php(213): CodeIgniter\View\View->CodeIgniter\View\{closure}()
#3 C:\xampp\htdocs\SIAK_Dr_Yanti\system\Common.php(1089): CodeIgniter\View\View->render('Page/Statistik', Array, true)
#4 C:\xampp\htdocs\SIAK_Dr_Yanti\app\Controllers\Home.php(29): view('Page/Statistik', Array)
#5 C:\xampp\htdocs\SIAK_Dr_Yanti\system\CodeIgniter.php(832): App\Controllers\Home->index()
#6 C:\xampp\htdocs\SIAK_Dr_Yanti\system\CodeIgniter.php(419): CodeIgniter\CodeIgniter->runController(Object(App\Controllers\Home))
#7 C:\xampp\htdocs\SIAK_Dr_Yanti\system\CodeIgniter.php(326): CodeIgniter\CodeIgniter->handleRequest(NULL, Object(Config\Cache), false)
#8 C:\xampp\htdocs\SIAK_Dr_Yanti\public\index.php(37): CodeIgniter\CodeIgniter->run()
#9 C:\xampp\htdocs\SIAK_Dr_Yanti\system\Commands\Server\rewrite.php(43): require_once('C:\\xampp\\htdocs...')
#10 {main}
CRITICAL - 2022-05-28 11:55:17 --> Attempt to read property "obat" on null
#0 C:\xampp\htdocs\SIAK_Dr_Yanti\app\Views\Page\Statistik.php(304): CodeIgniter\Debug\Exceptions->errorHandler(2, 'Attempt to read...', 'C:\\xampp\\htdocs...', 304)
#1 C:\xampp\htdocs\SIAK_Dr_Yanti\system\View\View.php(210): include('C:\\xampp\\htdocs...')
#2 C:\xampp\htdocs\SIAK_Dr_Yanti\system\View\View.php(213): CodeIgniter\View\View->CodeIgniter\View\{closure}()
#3 C:\xampp\htdocs\SIAK_Dr_Yanti\system\Common.php(1089): CodeIgniter\View\View->render('Page/Statistik', Array, true)
#4 C:\xampp\htdocs\SIAK_Dr_Yanti\app\Controllers\Home.php(29): view('Page/Statistik', Array)
#5 C:\xampp\htdocs\SIAK_Dr_Yanti\system\CodeIgniter.php(832): App\Controllers\Home->index()
#6 C:\xampp\htdocs\SIAK_Dr_Yanti\system\CodeIgniter.php(419): CodeIgniter\CodeIgniter->runController(Object(App\Controllers\Home))
#7 C:\xampp\htdocs\SIAK_Dr_Yanti\system\CodeIgniter.php(326): CodeIgniter\CodeIgniter->handleRequest(NULL, Object(Config\Cache), false)
#8 C:\xampp\htdocs\SIAK_Dr_Yanti\public\index.php(37): CodeIgniter\CodeIgniter->run()
#9 C:\xampp\htdocs\SIAK_Dr_Yanti\system\Commands\Server\rewrite.php(43): require_once('C:\\xampp\\htdocs...')
#10 {main}
CRITICAL - 2022-05-28 11:55:43 --> Attempt to read property "pasien" on null
#0 C:\xampp\htdocs\SIAK_Dr_Yanti\app\Views\Page\Statistik.php(303): CodeIgniter\Debug\Exceptions->errorHandler(2, 'Attempt to read...', 'C:\\xampp\\htdocs...', 303)
#1 C:\xampp\htdocs\SIAK_Dr_Yanti\system\View\View.php(210): include('C:\\xampp\\htdocs...')
#2 C:\xampp\htdocs\SIAK_Dr_Yanti\system\View\View.php(213): CodeIgniter\View\View->CodeIgniter\View\{closure}()
#3 C:\xampp\htdocs\SIAK_Dr_Yanti\system\Common.php(1089): CodeIgniter\View\View->render('Page/Statistik', Array, true)
#4 C:\xampp\htdocs\SIAK_Dr_Yanti\app\Controllers\Home.php(29): view('Page/Statistik', Array)
#5 C:\xampp\htdocs\SIAK_Dr_Yanti\system\CodeIgniter.php(832): App\Controllers\Home->index()
#6 C:\xampp\htdocs\SIAK_Dr_Yanti\system\CodeIgniter.php(419): CodeIgniter\CodeIgniter->runController(Object(App\Controllers\Home))
#7 C:\xampp\htdocs\SIAK_Dr_Yanti\system\CodeIgniter.php(326): CodeIgniter\CodeIgniter->handleRequest(NULL, Object(Config\Cache), false)
#8 C:\xampp\htdocs\SIAK_Dr_Yanti\public\index.php(37): CodeIgniter\CodeIgniter->run()
#9 C:\xampp\htdocs\SIAK_Dr_Yanti\system\Commands\Server\rewrite.php(43): require_once('C:\\xampp\\htdocs...')
#10 {main}
CRITICAL - 2022-05-28 11:56:02 --> Attempt to read property "pasien" on null
#0 C:\xampp\htdocs\SIAK_Dr_Yanti\app\Views\Page\Statistik.php(303): CodeIgniter\Debug\Exceptions->errorHandler(2, 'Attempt to read...', 'C:\\xampp\\htdocs...', 303)
#1 C:\xampp\htdocs\SIAK_Dr_Yanti\system\View\View.php(210): include('C:\\xampp\\htdocs...')
#2 C:\xampp\htdocs\SIAK_Dr_Yanti\system\View\View.php(213): CodeIgniter\View\View->CodeIgniter\View\{closure}()
#3 C:\xampp\htdocs\SIAK_Dr_Yanti\system\Common.php(1089): CodeIgniter\View\View->render('Page/Statistik', Array, true)
#4 C:\xampp\htdocs\SIAK_Dr_Yanti\app\Controllers\Home.php(29): view('Page/Statistik', Array)
#5 C:\xampp\htdocs\SIAK_Dr_Yanti\system\CodeIgniter.php(832): App\Controllers\Home->index()
#6 C:\xampp\htdocs\SIAK_Dr_Yanti\system\CodeIgniter.php(419): CodeIgniter\CodeIgniter->runController(Object(App\Controllers\Home))
#7 C:\xampp\htdocs\SIAK_Dr_Yanti\system\CodeIgniter.php(326): CodeIgniter\CodeIgniter->handleRequest(NULL, Object(Config\Cache), false)
#8 C:\xampp\htdocs\SIAK_Dr_Yanti\public\index.php(37): CodeIgniter\CodeIgniter->run()
#9 C:\xampp\htdocs\SIAK_Dr_Yanti\system\Commands\Server\rewrite.php(43): require_once('C:\\xampp\\htdocs...')
#10 {main}
CRITICAL - 2022-05-28 11:56:35 --> Attempt to read property "pasien" on null
#0 C:\xampp\htdocs\SIAK_Dr_Yanti\app\Views\Page\Statistik.php(303): CodeIgniter\Debug\Exceptions->errorHandler(2, 'Attempt to read...', 'C:\\xampp\\htdocs...', 303)
#1 C:\xampp\htdocs\SIAK_Dr_Yanti\system\View\View.php(210): include('C:\\xampp\\htdocs...')
#2 C:\xampp\htdocs\SIAK_Dr_Yanti\system\View\View.php(213): CodeIgniter\View\View->CodeIgniter\View\{closure}()
#3 C:\xampp\htdocs\SIAK_Dr_Yanti\system\Common.php(1089): CodeIgniter\View\View->render('Page/Statistik', Array, true)
#4 C:\xampp\htdocs\SIAK_Dr_Yanti\app\Controllers\Home.php(29): view('Page/Statistik', Array)
#5 C:\xampp\htdocs\SIAK_Dr_Yanti\system\CodeIgniter.php(832): App\Controllers\Home->index()
#6 C:\xampp\htdocs\SIAK_Dr_Yanti\system\CodeIgniter.php(419): CodeIgniter\CodeIgniter->runController(Object(App\Controllers\Home))
#7 C:\xampp\htdocs\SIAK_Dr_Yanti\system\CodeIgniter.php(326): CodeIgniter\CodeIgniter->handleRequest(NULL, Object(Config\Cache), false)
#8 C:\xampp\htdocs\SIAK_Dr_Yanti\public\index.php(37): CodeIgniter\CodeIgniter->run()
#9 C:\xampp\htdocs\SIAK_Dr_Yanti\system\Commands\Server\rewrite.php(43): require_once('C:\\xampp\\htdocs...')
#10 {main}
CRITICAL - 2022-05-28 11:56:53 --> Undefined property: mysqli::$jumlah_obat
#0 C:\xampp\htdocs\SIAK_Dr_Yanti\app\Views\Page\Statistik.php(323): CodeIgniter\Debug\Exceptions->errorHandler(2, 'Undefined prope...', 'C:\\xampp\\htdocs...', 323)
#1 C:\xampp\htdocs\SIAK_Dr_Yanti\system\View\View.php(210): include('C:\\xampp\\htdocs...')
#2 C:\xampp\htdocs\SIAK_Dr_Yanti\system\View\View.php(213): CodeIgniter\View\View->CodeIgniter\View\{closure}()
#3 C:\xampp\htdocs\SIAK_Dr_Yanti\system\Common.php(1089): CodeIgniter\View\View->render('Page/Statistik', Array, true)
#4 C:\xampp\htdocs\SIAK_Dr_Yanti\app\Controllers\Home.php(29): view('Page/Statistik', Array)
#5 C:\xampp\htdocs\SIAK_Dr_Yanti\system\CodeIgniter.php(832): App\Controllers\Home->index()
#6 C:\xampp\htdocs\SIAK_Dr_Yanti\system\CodeIgniter.php(419): CodeIgniter\CodeIgniter->runController(Object(App\Controllers\Home))
#7 C:\xampp\htdocs\SIAK_Dr_Yanti\system\CodeIgniter.php(326): CodeIgniter\CodeIgniter->handleRequest(NULL, Object(Config\Cache), false)
#8 C:\xampp\htdocs\SIAK_Dr_Yanti\public\index.php(37): CodeIgniter\CodeIgniter->run()
#9 C:\xampp\htdocs\SIAK_Dr_Yanti\system\Commands\Server\rewrite.php(43): require_once('C:\\xampp\\htdocs...')
#10 {main}
CRITICAL - 2022-05-28 11:58:51 --> Attempt to read property "pasien" on null
#0 C:\xampp\htdocs\SIAK_Dr_Yanti\app\Views\Page\Statistik.php(303): CodeIgniter\Debug\Exceptions->errorHandler(2, 'Attempt to read...', 'C:\\xampp\\htdocs...', 303)
#1 C:\xampp\htdocs\SIAK_Dr_Yanti\system\View\View.php(210): include('C:\\xampp\\htdocs...')
#2 C:\xampp\htdocs\SIAK_Dr_Yanti\system\View\View.php(213): CodeIgniter\View\View->CodeIgniter\View\{closure}()
#3 C:\xampp\htdocs\SIAK_Dr_Yanti\system\Common.php(1089): CodeIgniter\View\View->render('Page/Statistik', Array, true)
#4 C:\xampp\htdocs\SIAK_Dr_Yanti\app\Controllers\Home.php(29): view('Page/Statistik', Array)
#5 C:\xampp\htdocs\SIAK_Dr_Yanti\system\CodeIgniter.php(832): App\Controllers\Home->index()
#6 C:\xampp\htdocs\SIAK_Dr_Yanti\system\CodeIgniter.php(419): CodeIgniter\CodeIgniter->runController(Object(App\Controllers\Home))
#7 C:\xampp\htdocs\SIAK_Dr_Yanti\system\CodeIgniter.php(326): CodeIgniter\CodeIgniter->handleRequest(NULL, Object(Config\Cache), false)
#8 C:\xampp\htdocs\SIAK_Dr_Yanti\public\index.php(37): CodeIgniter\CodeIgniter->run()
#9 C:\xampp\htdocs\SIAK_Dr_Yanti\system\Commands\Server\rewrite.php(43): require_once('C:\\xampp\\htdocs...')
#10 {main}
CRITICAL - 2022-05-28 11:59:20 --> Attempt to read property "pasien" on null
#0 C:\xampp\htdocs\SIAK_Dr_Yanti\app\Views\Page\Statistik.php(303): CodeIgniter\Debug\Exceptions->errorHandler(2, 'Attempt to read...', 'C:\\xampp\\htdocs...', 303)
#1 C:\xampp\htdocs\SIAK_Dr_Yanti\system\View\View.php(210): include('C:\\xampp\\htdocs...')
#2 C:\xampp\htdocs\SIAK_Dr_Yanti\system\View\View.php(213): CodeIgniter\View\View->CodeIgniter\View\{closure}()
#3 C:\xampp\htdocs\SIAK_Dr_Yanti\system\Common.php(1089): CodeIgniter\View\View->render('Page/Statistik', Array, true)
#4 C:\xampp\htdocs\SIAK_Dr_Yanti\app\Controllers\Home.php(29): view('Page/Statistik', Array)
#5 C:\xampp\htdocs\SIAK_Dr_Yanti\system\CodeIgniter.php(832): App\Controllers\Home->index()
#6 C:\xampp\htdocs\SIAK_Dr_Yanti\system\CodeIgniter.php(419): CodeIgniter\CodeIgniter->runController(Object(App\Controllers\Home))
#7 C:\xampp\htdocs\SIAK_Dr_Yanti\system\CodeIgniter.php(326): CodeIgniter\CodeIgniter->handleRequest(NULL, Object(Config\Cache), false)
#8 C:\xampp\htdocs\SIAK_Dr_Yanti\public\index.php(37): CodeIgniter\CodeIgniter->run()
#9 C:\xampp\htdocs\SIAK_Dr_Yanti\system\Commands\Server\rewrite.php(43): require_once('C:\\xampp\\htdocs...')
#10 {main}
CRITICAL - 2022-05-28 11:59:32 --> syntax error, unexpected variable "$tanggal", expecting ")"
#0 C:\xampp\htdocs\SIAK_Dr_Yanti\system\View\View.php(213): CodeIgniter\View\View->CodeIgniter\View\{closure}()
#1 C:\xampp\htdocs\SIAK_Dr_Yanti\system\Common.php(1089): CodeIgniter\View\View->render('Page/Statistik', Array, true)
#2 C:\xampp\htdocs\SIAK_Dr_Yanti\app\Controllers\Home.php(29): view('Page/Statistik', Array)
#3 C:\xampp\htdocs\SIAK_Dr_Yanti\system\CodeIgniter.php(832): App\Controllers\Home->index()
#4 C:\xampp\htdocs\SIAK_Dr_Yanti\system\CodeIgniter.php(419): CodeIgniter\CodeIgniter->runController(Object(App\Controllers\Home))
#5 C:\xampp\htdocs\SIAK_Dr_Yanti\system\CodeIgniter.php(326): CodeIgniter\CodeIgniter->handleRequest(NULL, Object(Config\Cache), false)
#6 C:\xampp\htdocs\SIAK_Dr_Yanti\public\index.php(37): CodeIgniter\CodeIgniter->run()
#7 C:\xampp\htdocs\SIAK_Dr_Yanti\system\Commands\Server\rewrite.php(43): require_once('C:\\xampp\\htdocs...')
#8 {main}
CRITICAL - 2022-05-28 11:59:49 --> Attempt to read property "pasien" on null
#0 C:\xampp\htdocs\SIAK_Dr_Yanti\app\Views\Page\Statistik.php(303): CodeIgniter\Debug\Exceptions->errorHandler(2, 'Attempt to read...', 'C:\\xampp\\htdocs...', 303)
#1 C:\xampp\htdocs\SIAK_Dr_Yanti\system\View\View.php(210): include('C:\\xampp\\htdocs...')
#2 C:\xampp\htdocs\SIAK_Dr_Yanti\system\View\View.php(213): CodeIgniter\View\View->CodeIgniter\View\{closure}()
#3 C:\xampp\htdocs\SIAK_Dr_Yanti\system\Common.php(1089): CodeIgniter\View\View->render('Page/Statistik', Array, true)
#4 C:\xampp\htdocs\SIAK_Dr_Yanti\app\Controllers\Home.php(29): view('Page/Statistik', Array)
#5 C:\xampp\htdocs\SIAK_Dr_Yanti\system\CodeIgniter.php(832): App\Controllers\Home->index()
#6 C:\xampp\htdocs\SIAK_Dr_Yanti\system\CodeIgniter.php(419): CodeIgniter\CodeIgniter->runController(Object(App\Controllers\Home))
#7 C:\xampp\htdocs\SIAK_Dr_Yanti\system\CodeIgniter.php(326): CodeIgniter\CodeIgniter->handleRequest(NULL, Object(Config\Cache), false)
#8 C:\xampp\htdocs\SIAK_Dr_Yanti\public\index.php(37): CodeIgniter\CodeIgniter->run()
#9 C:\xampp\htdocs\SIAK_Dr_Yanti\system\Commands\Server\rewrite.php(43): require_once('C:\\xampp\\htdocs...')
#10 {main}
CRITICAL - 2022-05-28 12:00:28 --> Attempt to read property "pasien" on null
#0 C:\xampp\htdocs\SIAK_Dr_Yanti\app\Views\Page\Statistik.php(303): CodeIgniter\Debug\Exceptions->errorHandler(2, 'Attempt to read...', 'C:\\xampp\\htdocs...', 303)
#1 C:\xampp\htdocs\SIAK_Dr_Yanti\system\View\View.php(210): include('C:\\xampp\\htdocs...')
#2 C:\xampp\htdocs\SIAK_Dr_Yanti\system\View\View.php(213): CodeIgniter\View\View->CodeIgniter\View\{closure}()
#3 C:\xampp\htdocs\SIAK_Dr_Yanti\system\Common.php(1089): CodeIgniter\View\View->render('Page/Statistik', Array, true)
#4 C:\xampp\htdocs\SIAK_Dr_Yanti\app\Controllers\Home.php(29): view('Page/Statistik', Array)
#5 C:\xampp\htdocs\SIAK_Dr_Yanti\system\CodeIgniter.php(832): App\Controllers\Home->index()
#6 C:\xampp\htdocs\SIAK_Dr_Yanti\system\CodeIgniter.php(419): CodeIgniter\CodeIgniter->runController(Object(App\Controllers\Home))
#7 C:\xampp\htdocs\SIAK_Dr_Yanti\system\CodeIgniter.php(326): CodeIgniter\CodeIgniter->handleRequest(NULL, Object(Config\Cache), false)
#8 C:\xampp\htdocs\SIAK_Dr_Yanti\public\index.php(37): CodeIgniter\CodeIgniter->run()
#9 C:\xampp\htdocs\SIAK_Dr_Yanti\system\Commands\Server\rewrite.php(43): require_once('C:\\xampp\\htdocs...')
#10 {main}
CRITICAL - 2022-05-28 12:00:51 --> Attempt to read property "pasien" on null
#0 C:\xampp\htdocs\SIAK_Dr_Yanti\app\Views\Page\Statistik.php(303): CodeIgniter\Debug\Exceptions->errorHandler(2, 'Attempt to read...', 'C:\\xampp\\htdocs...', 303)
#1 C:\xampp\htdocs\SIAK_Dr_Yanti\system\View\View.php(210): include('C:\\xampp\\htdocs...')
#2 C:\xampp\htdocs\SIAK_Dr_Yanti\system\View\View.php(213): CodeIgniter\View\View->CodeIgniter\View\{closure}()
#3 C:\xampp\htdocs\SIAK_Dr_Yanti\system\Common.php(1089): CodeIgniter\View\View->render('Page/Statistik', Array, true)
#4 C:\xampp\htdocs\SIAK_Dr_Yanti\app\Controllers\Home.php(29): view('Page/Statistik', Array)
#5 C:\xampp\htdocs\SIAK_Dr_Yanti\system\CodeIgniter.php(832): App\Controllers\Home->index()
#6 C:\xampp\htdocs\SIAK_Dr_Yanti\system\CodeIgniter.php(419): CodeIgniter\CodeIgniter->runController(Object(App\Controllers\Home))
#7 C:\xampp\htdocs\SIAK_Dr_Yanti\system\CodeIgniter.php(326): CodeIgniter\CodeIgniter->handleRequest(NULL, Object(Config\Cache), false)
#8 C:\xampp\htdocs\SIAK_Dr_Yanti\public\index.php(37): CodeIgniter\CodeIgniter->run()
#9 C:\xampp\htdocs\SIAK_Dr_Yanti\system\Commands\Server\rewrite.php(43): require_once('C:\\xampp\\htdocs...')
#10 {main}
CRITICAL - 2022-05-28 12:01:36 --> Attempt to read property "pasien" on null
#0 C:\xampp\htdocs\SIAK_Dr_Yanti\app\Views\Page\Statistik.php(303): CodeIgniter\Debug\Exceptions->errorHandler(2, 'Attempt to read...', 'C:\\xampp\\htdocs...', 303)
#1 C:\xampp\htdocs\SIAK_Dr_Yanti\system\View\View.php(210): include('C:\\xampp\\htdocs...')
#2 C:\xampp\htdocs\SIAK_Dr_Yanti\system\View\View.php(213): CodeIgniter\View\View->CodeIgniter\View\{closure}()
#3 C:\xampp\htdocs\SIAK_Dr_Yanti\system\Common.php(1089): CodeIgniter\View\View->render('Page/Statistik', Array, true)
#4 C:\xampp\htdocs\SIAK_Dr_Yanti\app\Controllers\Home.php(29): view('Page/Statistik', Array)
#5 C:\xampp\htdocs\SIAK_Dr_Yanti\system\CodeIgniter.php(832): App\Controllers\Home->index()
#6 C:\xampp\htdocs\SIAK_Dr_Yanti\system\CodeIgniter.php(419): CodeIgniter\CodeIgniter->runController(Object(App\Controllers\Home))
#7 C:\xampp\htdocs\SIAK_Dr_Yanti\system\CodeIgniter.php(326): CodeIgniter\CodeIgniter->handleRequest(NULL, Object(Config\Cache), false)
#8 C:\xampp\htdocs\SIAK_Dr_Yanti\public\index.php(37): CodeIgniter\CodeIgniter->run()
#9 C:\xampp\htdocs\SIAK_Dr_Yanti\system\Commands\Server\rewrite.php(43): require_once('C:\\xampp\\htdocs...')
#10 {main}
ERROR - 2022-05-28 12:03:09 --> You have an error in your SQL syntax; check the manual that corresponds to your MariaDB server version for the right syntax to use near '%28-05-2022%' at line 1
CRITICAL - 2022-05-28 12:03:09 --> You have an error in your SQL syntax; check the manual that corresponds to your MariaDB server version for the right syntax to use near '%28-05-2022%' at line 1
#0 C:\xampp\htdocs\SIAK_Dr_Yanti\system\Database\MySQLi\Connection.php(292): mysqli->query('SELECT * from t...', 0)
#1 C:\xampp\htdocs\SIAK_Dr_Yanti\system\Database\BaseConnection.php(670): CodeIgniter\Database\MySQLi\Connection->execute('SELECT * from t...')
#2 C:\xampp\htdocs\SIAK_Dr_Yanti\system\Database\BaseConnection.php(598): CodeIgniter\Database\BaseConnection->simpleQuery('SELECT * from t...')
#3 C:\xampp\htdocs\SIAK_Dr_Yanti\app\Views\Page\Statistik.php(300): CodeIgniter\Database\BaseConnection->query('SELECT * from t...')
#4 C:\xampp\htdocs\SIAK_Dr_Yanti\system\View\View.php(210): include('C:\\xampp\\htdocs...')
#5 C:\xampp\htdocs\SIAK_Dr_Yanti\system\View\View.php(213): CodeIgniter\View\View->CodeIgniter\View\{closure}()
#6 C:\xampp\htdocs\SIAK_Dr_Yanti\system\Common.php(1089): CodeIgniter\View\View->render('Page/Statistik', Array, true)
#7 C:\xampp\htdocs\SIAK_Dr_Yanti\app\Controllers\Home.php(29): view('Page/Statistik', Array)
#8 C:\xampp\htdocs\SIAK_Dr_Yanti\system\CodeIgniter.php(832): App\Controllers\Home->index()
#9 C:\xampp\htdocs\SIAK_Dr_Yanti\system\CodeIgniter.php(419): CodeIgniter\CodeIgniter->runController(Object(App\Controllers\Home))
#10 C:\xampp\htdocs\SIAK_Dr_Yanti\system\CodeIgniter.php(326): CodeIgniter\CodeIgniter->handleRequest(NULL, Object(Config\Cache), false)
#11 C:\xampp\htdocs\SIAK_Dr_Yanti\public\index.php(37): CodeIgniter\CodeIgniter->run()
#12 C:\xampp\htdocs\SIAK_Dr_Yanti\system\Commands\Server\rewrite.php(43): require_once('C:\\xampp\\htdocs...')
#13 {main}
ERROR - 2022-05-28 12:04:06 --> You have an error in your SQL syntax; check the manual that corresponds to your MariaDB server version for the right syntax to use near '%2%' at line 1
CRITICAL - 2022-05-28 12:04:06 --> You have an error in your SQL syntax; check the manual that corresponds to your MariaDB server version for the right syntax to use near '%2%' at line 1
#0 C:\xampp\htdocs\SIAK_Dr_Yanti\system\Database\MySQLi\Connection.php(292): mysqli->query('SELECT * from t...', 0)
#1 C:\xampp\htdocs\SIAK_Dr_Yanti\system\Database\BaseConnection.php(670): CodeIgniter\Database\MySQLi\Connection->execute('SELECT * from t...')
#2 C:\xampp\htdocs\SIAK_Dr_Yanti\system\Database\BaseConnection.php(598): CodeIgniter\Database\BaseConnection->simpleQuery('SELECT * from t...')
#3 C:\xampp\htdocs\SIAK_Dr_Yanti\app\Views\Page\Statistik.php(300): CodeIgniter\Database\BaseConnection->query('SELECT * from t...')
#4 C:\xampp\htdocs\SIAK_Dr_Yanti\system\View\View.php(210): include('C:\\xampp\\htdocs...')
#5 C:\xampp\htdocs\SIAK_Dr_Yanti\system\View\View.php(213): CodeIgniter\View\View->CodeIgniter\View\{closure}()
#6 C:\xampp\htdocs\SIAK_Dr_Yanti\system\Common.php(1089): CodeIgniter\View\View->render('Page/Statistik', Array, true)
#7 C:\xampp\htdocs\SIAK_Dr_Yanti\app\Controllers\Home.php(29): view('Page/Statistik', Array)
#8 C:\xampp\htdocs\SIAK_Dr_Yanti\system\CodeIgniter.php(832): App\Controllers\Home->index()
#9 C:\xampp\htdocs\SIAK_Dr_Yanti\system\CodeIgniter.php(419): CodeIgniter\CodeIgniter->runController(Object(App\Controllers\Home))
#10 C:\xampp\htdocs\SIAK_Dr_Yanti\system\CodeIgniter.php(326): CodeIgniter\CodeIgniter->handleRequest(NULL, Object(Config\Cache), false)
#11 C:\xampp\htdocs\SIAK_Dr_Yanti\public\index.php(37): CodeIgniter\CodeIgniter->run()
#12 C:\xampp\htdocs\SIAK_Dr_Yanti\system\Commands\Server\rewrite.php(43): require_once('C:\\xampp\\htdocs...')
#13 {main}
CRITICAL - 2022-05-28 12:04:20 --> Attempt to read property "pasien" on null
#0 C:\xampp\htdocs\SIAK_Dr_Yanti\app\Views\Page\Statistik.php(303): CodeIgniter\Debug\Exceptions->errorHandler(2, 'Attempt to read...', 'C:\\xampp\\htdocs...', 303)
#1 C:\xampp\htdocs\SIAK_Dr_Yanti\system\View\View.php(210): include('C:\\xampp\\htdocs...')
#2 C:\xampp\htdocs\SIAK_Dr_Yanti\system\View\View.php(213): CodeIgniter\View\View->CodeIgniter\View\{closure}()
#3 C:\xampp\htdocs\SIAK_Dr_Yanti\system\Common.php(1089): CodeIgniter\View\View->render('Page/Statistik', Array, true)
#4 C:\xampp\htdocs\SIAK_Dr_Yanti\app\Controllers\Home.php(29): view('Page/Statistik', Array)
#5 C:\xampp\htdocs\SIAK_Dr_Yanti\system\CodeIgniter.php(832): App\Controllers\Home->index()
#6 C:\xampp\htdocs\SIAK_Dr_Yanti\system\CodeIgniter.php(419): CodeIgniter\CodeIgniter->runController(Object(App\Controllers\Home))
#7 C:\xampp\htdocs\SIAK_Dr_Yanti\system\CodeIgniter.php(326): CodeIgniter\CodeIgniter->handleRequest(NULL, Object(Config\Cache), false)
#8 C:\xampp\htdocs\SIAK_Dr_Yanti\public\index.php(37): CodeIgniter\CodeIgniter->run()
#9 C:\xampp\htdocs\SIAK_Dr_Yanti\system\Commands\Server\rewrite.php(43): require_once('C:\\xampp\\htdocs...')
#10 {main}
CRITICAL - 2022-05-28 12:04:36 --> Attempt to read property "pasien" on null
#0 C:\xampp\htdocs\SIAK_Dr_Yanti\app\Views\Page\Statistik.php(303): CodeIgniter\Debug\Exceptions->errorHandler(2, 'Attempt to read...', 'C:\\xampp\\htdocs...', 303)
#1 C:\xampp\htdocs\SIAK_Dr_Yanti\system\View\View.php(210): include('C:\\xampp\\htdocs...')
#2 C:\xampp\htdocs\SIAK_Dr_Yanti\system\View\View.php(213): CodeIgniter\View\View->CodeIgniter\View\{closure}()
#3 C:\xampp\htdocs\SIAK_Dr_Yanti\system\Common.php(1089): CodeIgniter\View\View->render('Page/Statistik', Array, true)
#4 C:\xampp\htdocs\SIAK_Dr_Yanti\app\Controllers\Home.php(29): view('Page/Statistik', Array)
#5 C:\xampp\htdocs\SIAK_Dr_Yanti\system\CodeIgniter.php(832): App\Controllers\Home->index()
#6 C:\xampp\htdocs\SIAK_Dr_Yanti\system\CodeIgniter.php(419): CodeIgniter\CodeIgniter->runController(Object(App\Controllers\Home))
#7 C:\xampp\htdocs\SIAK_Dr_Yanti\system\CodeIgniter.php(326): CodeIgniter\CodeIgniter->handleRequest(NULL, Object(Config\Cache), false)
#8 C:\xampp\htdocs\SIAK_Dr_Yanti\public\index.php(37): CodeIgniter\CodeIgniter->run()
#9 C:\xampp\htdocs\SIAK_Dr_Yanti\system\Commands\Server\rewrite.php(43): require_once('C:\\xampp\\htdocs...')
#10 {main}
CRITICAL - 2022-05-28 12:06:27 --> Attempt to read property "pasien" on null
#0 C:\xampp\htdocs\SIAK_Dr_Yanti\app\Views\Page\Statistik.php(303): CodeIgniter\Debug\Exceptions->errorHandler(2, 'Attempt to read...', 'C:\\xampp\\htdocs...', 303)
#1 C:\xampp\htdocs\SIAK_Dr_Yanti\system\View\View.php(210): include('C:\\xampp\\htdocs...')
#2 C:\xampp\htdocs\SIAK_Dr_Yanti\system\View\View.php(213): CodeIgniter\View\View->CodeIgniter\View\{closure}()
#3 C:\xampp\htdocs\SIAK_Dr_Yanti\system\Common.php(1089): CodeIgniter\View\View->render('Page/Statistik', Array, true)
#4 C:\xampp\htdocs\SIAK_Dr_Yanti\app\Controllers\Home.php(29): view('Page/Statistik', Array)
#5 C:\xampp\htdocs\SIAK_Dr_Yanti\system\CodeIgniter.php(832): App\Controllers\Home->index()
#6 C:\xampp\htdocs\SIAK_Dr_Yanti\system\CodeIgniter.php(419): CodeIgniter\CodeIgniter->runController(Object(App\Controllers\Home))
#7 C:\xampp\htdocs\SIAK_Dr_Yanti\system\CodeIgniter.php(326): CodeIgniter\CodeIgniter->handleRequest(NULL, Object(Config\Cache), false)
#8 C:\xampp\htdocs\SIAK_Dr_Yanti\public\index.php(37): CodeIgniter\CodeIgniter->run()
#9 C:\xampp\htdocs\SIAK_Dr_Yanti\system\Commands\Server\rewrite.php(43): require_once('C:\\xampp\\htdocs...')
#10 {main}
CRITICAL - 2022-05-28 12:08:12 --> Attempt to read property "pasien" on null
#0 C:\xampp\htdocs\SIAK_Dr_Yanti\app\Views\Page\Statistik.php(303): CodeIgniter\Debug\Exceptions->errorHandler(2, 'Attempt to read...', 'C:\\xampp\\htdocs...', 303)
#1 C:\xampp\htdocs\SIAK_Dr_Yanti\system\View\View.php(210): include('C:\\xampp\\htdocs...')
#2 C:\xampp\htdocs\SIAK_Dr_Yanti\system\View\View.php(213): CodeIgniter\View\View->CodeIgniter\View\{closure}()
#3 C:\xampp\htdocs\SIAK_Dr_Yanti\system\Common.php(1089): CodeIgniter\View\View->render('Page/Statistik', Array, true)
#4 C:\xampp\htdocs\SIAK_Dr_Yanti\app\Controllers\Home.php(30): view('Page/Statistik', Array)
#5 C:\xampp\htdocs\SIAK_Dr_Yanti\system\CodeIgniter.php(832): App\Controllers\Home->index()
#6 C:\xampp\htdocs\SIAK_Dr_Yanti\system\CodeIgniter.php(419): CodeIgniter\CodeIgniter->runController(Object(App\Controllers\Home))
#7 C:\xampp\htdocs\SIAK_Dr_Yanti\system\CodeIgniter.php(326): CodeIgniter\CodeIgniter->handleRequest(NULL, Object(Config\Cache), false)
#8 C:\xampp\htdocs\SIAK_Dr_Yanti\public\index.php(37): CodeIgniter\CodeIgniter->run()
#9 C:\xampp\htdocs\SIAK_Dr_Yanti\system\Commands\Server\rewrite.php(43): require_once('C:\\xampp\\htdocs...')
#10 {main}
CRITICAL - 2022-05-28 12:09:38 --> Attempt to read property "pasien" on null
#0 C:\xampp\htdocs\SIAK_Dr_Yanti\app\Views\Page\Statistik.php(303): CodeIgniter\Debug\Exceptions->errorHandler(2, 'Attempt to read...', 'C:\\xampp\\htdocs...', 303)
#1 C:\xampp\htdocs\SIAK_Dr_Yanti\system\View\View.php(210): include('C:\\xampp\\htdocs...')
#2 C:\xampp\htdocs\SIAK_Dr_Yanti\system\View\View.php(213): CodeIgniter\View\View->CodeIgniter\View\{closure}()
#3 C:\xampp\htdocs\SIAK_Dr_Yanti\system\Common.php(1089): CodeIgniter\View\View->render('Page/Statistik', Array, true)
#4 C:\xampp\htdocs\SIAK_Dr_Yanti\app\Controllers\Home.php(30): view('Page/Statistik', Array)
#5 C:\xampp\htdocs\SIAK_Dr_Yanti\system\CodeIgniter.php(832): App\Controllers\Home->index()
#6 C:\xampp\htdocs\SIAK_Dr_Yanti\system\CodeIgniter.php(419): CodeIgniter\CodeIgniter->runController(Object(App\Controllers\Home))
#7 C:\xampp\htdocs\SIAK_Dr_Yanti\system\CodeIgniter.php(326): CodeIgniter\CodeIgniter->handleRequest(NULL, Object(Config\Cache), false)
#8 C:\xampp\htdocs\SIAK_Dr_Yanti\public\index.php(37): CodeIgniter\CodeIgniter->run()
#9 C:\xampp\htdocs\SIAK_Dr_Yanti\system\Commands\Server\rewrite.php(43): require_once('C:\\xampp\\htdocs...')
#10 {main}
CRITICAL - 2022-05-28 12:12:02 --> Attempt to read property "pasien" on null
#0 C:\xampp\htdocs\SIAK_Dr_Yanti\app\Views\Page\Statistik.php(304): CodeIgniter\Debug\Exceptions->errorHandler(2, 'Attempt to read...', 'C:\\xampp\\htdocs...', 304)
#1 C:\xampp\htdocs\SIAK_Dr_Yanti\system\View\View.php(210): include('C:\\xampp\\htdocs...')
#2 C:\xampp\htdocs\SIAK_Dr_Yanti\system\View\View.php(213): CodeIgniter\View\View->CodeIgniter\View\{closure}()
#3 C:\xampp\htdocs\SIAK_Dr_Yanti\system\Common.php(1089): CodeIgniter\View\View->render('Page/Statistik', Array, true)
#4 C:\xampp\htdocs\SIAK_Dr_Yanti\app\Controllers\Home.php(30): view('Page/Statistik', Array)
#5 C:\xampp\htdocs\SIAK_Dr_Yanti\system\CodeIgniter.php(832): App\Controllers\Home->index()
#6 C:\xampp\htdocs\SIAK_Dr_Yanti\system\CodeIgniter.php(419): CodeIgniter\CodeIgniter->runController(Object(App\Controllers\Home))
#7 C:\xampp\htdocs\SIAK_Dr_Yanti\system\CodeIgniter.php(326): CodeIgniter\CodeIgniter->handleRequest(NULL, Object(Config\Cache), false)
#8 C:\xampp\htdocs\SIAK_Dr_Yanti\public\index.php(37): CodeIgniter\CodeIgniter->run()
#9 C:\xampp\htdocs\SIAK_Dr_Yanti\system\Commands\Server\rewrite.php(43): require_once('C:\\xampp\\htdocs...')
#10 {main}
CRITICAL - 2022-05-28 12:13:34 --> Attempt to read property "pasien" on null
#0 C:\xampp\htdocs\SIAK_Dr_Yanti\app\Views\Page\Statistik.php(304): CodeIgniter\Debug\Exceptions->errorHandler(2, 'Attempt to read...', 'C:\\xampp\\htdocs...', 304)
#1 C:\xampp\htdocs\SIAK_Dr_Yanti\system\View\View.php(210): include('C:\\xampp\\htdocs...')
#2 C:\xampp\htdocs\SIAK_Dr_Yanti\system\View\View.php(213): CodeIgniter\View\View->CodeIgniter\View\{closure}()
#3 C:\xampp\htdocs\SIAK_Dr_Yanti\system\Common.php(1089): CodeIgniter\View\View->render('Page/Statistik', Array, true)
#4 C:\xampp\htdocs\SIAK_Dr_Yanti\app\Controllers\Home.php(30): view('Page/Statistik', Array)
#5 C:\xampp\htdocs\SIAK_Dr_Yanti\system\CodeIgniter.php(832): App\Controllers\Home->index()
#6 C:\xampp\htdocs\SIAK_Dr_Yanti\system\CodeIgniter.php(419): CodeIgniter\CodeIgniter->runController(Object(App\Controllers\Home))
#7 C:\xampp\htdocs\SIAK_Dr_Yanti\system\CodeIgniter.php(326): CodeIgniter\CodeIgniter->handleRequest(NULL, Object(Config\Cache), false)
#8 C:\xampp\htdocs\SIAK_Dr_Yanti\public\index.php(37): CodeIgniter\CodeIgniter->run()
#9 C:\xampp\htdocs\SIAK_Dr_Yanti\system\Commands\Server\rewrite.php(43): require_once('C:\\xampp\\htdocs...')
#10 {main}
CRITICAL - 2022-05-28 12:15:23 --> Call to a member function getResult() on string
#0 C:\xampp\htdocs\SIAK_Dr_Yanti\system\View\View.php(210): include()
#1 C:\xampp\htdocs\SIAK_Dr_Yanti\system\View\View.php(213): CodeIgniter\View\View->CodeIgniter\View\{closure}()
#2 C:\xampp\htdocs\SIAK_Dr_Yanti\system\Common.php(1089): CodeIgniter\View\View->render('Page/Statistik', Array, true)
#3 C:\xampp\htdocs\SIAK_Dr_Yanti\app\Controllers\Home.php(30): view('Page/Statistik', Array)
#4 C:\xampp\htdocs\SIAK_Dr_Yanti\system\CodeIgniter.php(832): App\Controllers\Home->index()
#5 C:\xampp\htdocs\SIAK_Dr_Yanti\system\CodeIgniter.php(419): CodeIgniter\CodeIgniter->runController(Object(App\Controllers\Home))
#6 C:\xampp\htdocs\SIAK_Dr_Yanti\system\CodeIgniter.php(326): CodeIgniter\CodeIgniter->handleRequest(NULL, Object(Config\Cache), false)
#7 C:\xampp\htdocs\SIAK_Dr_Yanti\public\index.php(37): CodeIgniter\CodeIgniter->run()
#8 C:\xampp\htdocs\SIAK_Dr_Yanti\system\Commands\Server\rewrite.php(43): require_once('C:\\xampp\\htdocs...')
#9 {main}
CRITICAL - 2022-05-28 12:16:27 --> Call to a member function getResult() on string
#0 C:\xampp\htdocs\SIAK_Dr_Yanti\system\View\View.php(210): include()
#1 C:\xampp\htdocs\SIAK_Dr_Yanti\system\View\View.php(213): CodeIgniter\View\View->CodeIgniter\View\{closure}()
#2 C:\xampp\htdocs\SIAK_Dr_Yanti\system\Common.php(1089): CodeIgniter\View\View->render('Page/Statistik', Array, true)
#3 C:\xampp\htdocs\SIAK_Dr_Yanti\app\Controllers\Home.php(30): view('Page/Statistik', Array)
#4 C:\xampp\htdocs\SIAK_Dr_Yanti\system\CodeIgniter.php(832): App\Controllers\Home->index()
#5 C:\xampp\htdocs\SIAK_Dr_Yanti\system\CodeIgniter.php(419): CodeIgniter\CodeIgniter->runController(Object(App\Controllers\Home))
#6 C:\xampp\htdocs\SIAK_Dr_Yanti\system\CodeIgniter.php(326): CodeIgniter\CodeIgniter->handleRequest(NULL, Object(Config\Cache), false)
#7 C:\xampp\htdocs\SIAK_Dr_Yanti\public\index.php(37): CodeIgniter\CodeIgniter->run()
#8 C:\xampp\htdocs\SIAK_Dr_Yanti\system\Commands\Server\rewrite.php(43): require_once('C:\\xampp\\htdocs...')
#9 {main}
CRITICAL - 2022-05-28 12:16:50 --> Call to a member function getResult() on string
#0 C:\xampp\htdocs\SIAK_Dr_Yanti\system\View\View.php(210): include()
#1 C:\xampp\htdocs\SIAK_Dr_Yanti\system\View\View.php(213): CodeIgniter\View\View->CodeIgniter\View\{closure}()
#2 C:\xampp\htdocs\SIAK_Dr_Yanti\system\Common.php(1089): CodeIgniter\View\View->render('Page/Statistik', Array, true)
#3 C:\xampp\htdocs\SIAK_Dr_Yanti\app\Controllers\Home.php(30): view('Page/Statistik', Array)
#4 C:\xampp\htdocs\SIAK_Dr_Yanti\system\CodeIgniter.php(832): App\Controllers\Home->index()
#5 C:\xampp\htdocs\SIAK_Dr_Yanti\system\CodeIgniter.php(419): CodeIgniter\CodeIgniter->runController(Object(App\Controllers\Home))
#6 C:\xampp\htdocs\SIAK_Dr_Yanti\system\CodeIgniter.php(326): CodeIgniter\CodeIgniter->handleRequest(NULL, Object(Config\Cache), false)
#7 C:\xampp\htdocs\SIAK_Dr_Yanti\public\index.php(37): CodeIgniter\CodeIgniter->run()
#8 C:\xampp\htdocs\SIAK_Dr_Yanti\system\Commands\Server\rewrite.php(43): require_once('C:\\xampp\\htdocs...')
#9 {main}
ERROR - 2022-05-28 12:39:47 --> You have an error in your SQL syntax; check the manual that corresponds to your MariaDB server version for the right syntax to use near ''tbl_pasien' order by id_pasien asc  limit 10' at line 1
CRITICAL - 2022-05-28 12:39:47 --> You have an error in your SQL syntax; check the manual that corresponds to your MariaDB server version for the right syntax to use near ''tbl_pasien' order by id_pasien asc  limit 10' at line 1
#0 C:\xampp\htdocs\SIAK_Dr_Yanti\system\Database\MySQLi\Connection.php(292): mysqli->query('SELECT * from t...', 0)
#1 C:\xampp\htdocs\SIAK_Dr_Yanti\system\Database\BaseConnection.php(670): CodeIgniter\Database\MySQLi\Connection->execute('SELECT * from t...')
#2 C:\xampp\htdocs\SIAK_Dr_Yanti\system\Database\BaseConnection.php(598): CodeIgniter\Database\BaseConnection->simpleQuery('SELECT * from t...')
#3 C:\xampp\htdocs\SIAK_Dr_Yanti\app\Views\Page\Statistik.php(177): CodeIgniter\Database\BaseConnection->query('SELECT * from t...')
#4 C:\xampp\htdocs\SIAK_Dr_Yanti\system\View\View.php(210): include('C:\\xampp\\htdocs...')
#5 C:\xampp\htdocs\SIAK_Dr_Yanti\system\View\View.php(213): CodeIgniter\View\View->CodeIgniter\View\{closure}()
#6 C:\xampp\htdocs\SIAK_Dr_Yanti\system\Common.php(1089): CodeIgniter\View\View->render('Page/Statistik', Array, true)
#7 C:\xampp\htdocs\SIAK_Dr_Yanti\app\Controllers\Home.php(30): view('Page/Statistik', Array)
#8 C:\xampp\htdocs\SIAK_Dr_Yanti\system\CodeIgniter.php(832): App\Controllers\Home->index()
#9 C:\xampp\htdocs\SIAK_Dr_Yanti\system\CodeIgniter.php(419): CodeIgniter\CodeIgniter->runController(Object(App\Controllers\Home))
#10 C:\xampp\htdocs\SIAK_Dr_Yanti\system\CodeIgniter.php(326): CodeIgniter\CodeIgniter->handleRequest(NULL, Object(Config\Cache), false)
#11 C:\xampp\htdocs\SIAK_Dr_Yanti\public\index.php(37): CodeIgniter\CodeIgniter->run()
#12 C:\xampp\htdocs\SIAK_Dr_Yanti\system\Commands\Server\rewrite.php(43): require_once('C:\\xampp\\htdocs...')
#13 {main}
ERROR - 2022-05-28 12:40:12 --> You have an error in your SQL syntax; check the manual that corresponds to your MariaDB server version for the right syntax to use near ''tbl_pasien'' at line 1
CRITICAL - 2022-05-28 12:40:12 --> You have an error in your SQL syntax; check the manual that corresponds to your MariaDB server version for the right syntax to use near ''tbl_pasien'' at line 1
#0 C:\xampp\htdocs\SIAK_Dr_Yanti\system\Database\MySQLi\Connection.php(292): mysqli->query('SELECT * from t...', 0)
#1 C:\xampp\htdocs\SIAK_Dr_Yanti\system\Database\BaseConnection.php(670): CodeIgniter\Database\MySQLi\Connection->execute('SELECT * from t...')
#2 C:\xampp\htdocs\SIAK_Dr_Yanti\system\Database\BaseConnection.php(598): CodeIgniter\Database\BaseConnection->simpleQuery('SELECT * from t...')
#3 C:\xampp\htdocs\SIAK_Dr_Yanti\app\Views\Page\Statistik.php(177): CodeIgniter\Database\BaseConnection->query('SELECT * from t...')
#4 C:\xampp\htdocs\SIAK_Dr_Yanti\system\View\View.php(210): include('C:\\xampp\\htdocs...')
#5 C:\xampp\htdocs\SIAK_Dr_Yanti\system\View\View.php(213): CodeIgniter\View\View->CodeIgniter\View\{closure}()
#6 C:\xampp\htdocs\SIAK_Dr_Yanti\system\Common.php(1089): CodeIgniter\View\View->render('Page/Statistik', Array, true)
#7 C:\xampp\htdocs\SIAK_Dr_Yanti\app\Controllers\Home.php(30): view('Page/Statistik', Array)
#8 C:\xampp\htdocs\SIAK_Dr_Yanti\system\CodeIgniter.php(832): App\Controllers\Home->index()
#9 C:\xampp\htdocs\SIAK_Dr_Yanti\system\CodeIgniter.php(419): CodeIgniter\CodeIgniter->runController(Object(App\Controllers\Home))
#10 C:\xampp\htdocs\SIAK_Dr_Yanti\system\CodeIgniter.php(326): CodeIgniter\CodeIgniter->handleRequest(NULL, Object(Config\Cache), false)
#11 C:\xampp\htdocs\SIAK_Dr_Yanti\public\index.php(37): CodeIgniter\CodeIgniter->run()
#12 C:\xampp\htdocs\SIAK_Dr_Yanti\system\Commands\Server\rewrite.php(43): require_once('C:\\xampp\\htdocs...')
#13 {main}
CRITICAL - 2022-05-28 12:43:21 --> Undefined property: stdClass::$id_jenkel
#0 C:\xampp\htdocs\SIAK_Dr_Yanti\app\Views\Page\Statistik.php(192): CodeIgniter\Debug\Exceptions->errorHandler(2, 'Undefined prope...', 'C:\\xampp\\htdocs...', 192)
#1 C:\xampp\htdocs\SIAK_Dr_Yanti\system\View\View.php(210): include('C:\\xampp\\htdocs...')
#2 C:\xampp\htdocs\SIAK_Dr_Yanti\system\View\View.php(213): CodeIgniter\View\View->CodeIgniter\View\{closure}()
#3 C:\xampp\htdocs\SIAK_Dr_Yanti\system\Common.php(1089): CodeIgniter\View\View->render('Page/Statistik', Array, true)
#4 C:\xampp\htdocs\SIAK_Dr_Yanti\app\Controllers\Home.php(30): view('Page/Statistik', Array)
#5 C:\xampp\htdocs\SIAK_Dr_Yanti\system\CodeIgniter.php(832): App\Controllers\Home->index()
#6 C:\xampp\htdocs\SIAK_Dr_Yanti\system\CodeIgniter.php(419): CodeIgniter\CodeIgniter->runController(Object(App\Controllers\Home))
#7 C:\xampp\htdocs\SIAK_Dr_Yanti\system\CodeIgniter.php(326): CodeIgniter\CodeIgniter->handleRequest(NULL, Object(Config\Cache), false)
#8 C:\xampp\htdocs\SIAK_Dr_Yanti\public\index.php(37): CodeIgniter\CodeIgniter->run()
#9 C:\xampp\htdocs\SIAK_Dr_Yanti\system\Commands\Server\rewrite.php(43): require_once('C:\\xampp\\htdocs...')
#10 {main}
