CRITICAL - 2022-05-20 03:59:26 --> Undefined variable $search
#0 C:\xampp\htdocs\klinik\app\Views\Page\Rm\Viewdata.php(53): CodeIgniter\Debug\Exceptions->errorHandler(2, 'Undefined varia...', 'C:\\xampp\\htdocs...', 53)
#1 C:\xampp\htdocs\klinik\system\View\View.php(210): include('C:\\xampp\\htdocs...')
#2 C:\xampp\htdocs\klinik\system\View\View.php(213): CodeIgniter\View\View->CodeIgniter\View\{closure}()
#3 C:\xampp\htdocs\klinik\system\Common.php(1089): CodeIgniter\View\View->render('Page/Rm/Viewdat...', Array, true)
#4 C:\xampp\htdocs\klinik\app\Controllers\back\Rm.php(21): view('Page/Rm/Viewdat...', Array)
#5 C:\xampp\htdocs\klinik\system\CodeIgniter.php(832): App\Controllers\back\Rm->index()
#6 C:\xampp\htdocs\klinik\system\CodeIgniter.php(419): CodeIgniter\CodeIgniter->runController(Object(App\Controllers\back\Rm))
#7 C:\xampp\htdocs\klinik\system\CodeIgniter.php(326): CodeIgniter\CodeIgniter->handleRequest(NULL, Object(Config\Cache), false)
#8 C:\xampp\htdocs\klinik\public\index.php(37): CodeIgniter\CodeIgniter->run()
#9 C:\xampp\htdocs\klinik\system\Commands\Server\rewrite.php(43): require_once('C:\\xampp\\htdocs...')
#10 {main}
CRITICAL - 2022-05-20 03:59:49 --> Array to string conversion
#0 C:\xampp\htdocs\klinik\app\Views\Page\Rm\Viewdata.php(55): CodeIgniter\Debug\Exceptions->errorHandler(2, 'Array to string...', 'C:\\xampp\\htdocs...', 55)
#1 C:\xampp\htdocs\klinik\system\View\View.php(210): include('C:\\xampp\\htdocs...')
#2 C:\xampp\htdocs\klinik\system\View\View.php(213): CodeIgniter\View\View->CodeIgniter\View\{closure}()
#3 C:\xampp\htdocs\klinik\system\Common.php(1089): CodeIgniter\View\View->render('Page/Rm/Viewdat...', Array, true)
#4 C:\xampp\htdocs\klinik\app\Controllers\back\Rm.php(21): view('Page/Rm/Viewdat...', Array)
#5 C:\xampp\htdocs\klinik\system\CodeIgniter.php(832): App\Controllers\back\Rm->index()
#6 C:\xampp\htdocs\klinik\system\CodeIgniter.php(419): CodeIgniter\CodeIgniter->runController(Object(App\Controllers\back\Rm))
#7 C:\xampp\htdocs\klinik\system\CodeIgniter.php(326): CodeIgniter\CodeIgniter->handleRequest(NULL, Object(Config\Cache), false)
#8 C:\xampp\htdocs\klinik\public\index.php(37): CodeIgniter\CodeIgniter->run()
#9 C:\xampp\htdocs\klinik\system\Commands\Server\rewrite.php(43): require_once('C:\\xampp\\htdocs...')
#10 {main}
