CRITICAL - 2022-12-26 10:30:18 --> Invalid file: Akun/Dataakun.php
#0 C:\xampp\htdocs\skripsi\system\View\View.php(198): CodeIgniter\Exceptions\FrameworkException::forInvalidFile('Akun/Dataakun.p...')
#1 C:\xampp\htdocs\skripsi\system\Common.php(1089): CodeIgniter\View\View->render('Akun/Dataakun', Array, true)
#2 C:\xampp\htdocs\skripsi\app\Controllers\Back\Akun.php(26): view('Akun/Dataakun', Array)
#3 C:\xampp\htdocs\skripsi\system\CodeIgniter.php(832): App\Controllers\back\Akun->ambildata()
#4 C:\xampp\htdocs\skripsi\system\CodeIgniter.php(419): CodeIgniter\CodeIgniter->runController(Object(App\Controllers\back\Akun))
#5 C:\xampp\htdocs\skripsi\system\CodeIgniter.php(326): CodeIgniter\CodeIgniter->handleRequest(NULL, Object(Config\Cache), false)
#6 C:\xampp\htdocs\skripsi\public\index.php(37): CodeIgniter\CodeIgniter->run()
#7 C:\xampp\htdocs\skripsi\system\Commands\Server\rewrite.php(43): require_once('C:\\xampp\\htdocs...')
#8 {main}
CRITICAL - 2022-12-26 10:30:46 --> Invalid file: Akun/Dataakun.php
#0 C:\xampp\htdocs\skripsi\system\View\View.php(198): CodeIgniter\Exceptions\FrameworkException::forInvalidFile('Akun/Dataakun.p...')
#1 C:\xampp\htdocs\skripsi\system\Common.php(1089): CodeIgniter\View\View->render('Akun/Dataakun', Array, true)
#2 C:\xampp\htdocs\skripsi\app\Controllers\Back\Akun.php(26): view('Akun/Dataakun', Array)
#3 C:\xampp\htdocs\skripsi\system\CodeIgniter.php(832): App\Controllers\back\Akun->ambildata()
#4 C:\xampp\htdocs\skripsi\system\CodeIgniter.php(419): CodeIgniter\CodeIgniter->runController(Object(App\Controllers\back\Akun))
#5 C:\xampp\htdocs\skripsi\system\CodeIgniter.php(326): CodeIgniter\CodeIgniter->handleRequest(NULL, Object(Config\Cache), false)
#6 C:\xampp\htdocs\skripsi\public\index.php(37): CodeIgniter\CodeIgniter->run()
#7 C:\xampp\htdocs\skripsi\system\Commands\Server\rewrite.php(43): require_once('C:\\xampp\\htdocs...')
#8 {main}
