CRITICAL - 2023-01-19 00:06:21 --> Trying to access array offset on value of type null
#0 C:\xampp\htdocs\skripsi\app\Controllers\Back\Pasien.php(270): CodeIgniter\Debug\Exceptions->errorHandler(2, 'Trying to acces...', 'C:\\xampp\\htdocs...', 270)
#1 C:\xampp\htdocs\skripsi\system\CodeIgniter.php(832): App\Controllers\back\Pasien->detail('path', 'to', 'font-awesome', 'css', 'font-awesome.mi...')
#2 C:\xampp\htdocs\skripsi\system\CodeIgniter.php(419): CodeIgniter\CodeIgniter->runController(Object(App\Controllers\back\Pasien))
#3 C:\xampp\htdocs\skripsi\system\CodeIgniter.php(326): CodeIgniter\CodeIgniter->handleRequest(NULL, Object(Config\Cache), false)
#4 C:\xampp\htdocs\skripsi\public\index.php(37): CodeIgniter\CodeIgniter->run()
#5 C:\xampp\htdocs\skripsi\system\Commands\Server\rewrite.php(43): require_once('C:\\xampp\\htdocs...')
#6 {main}
CRITICAL - 2023-01-19 00:06:23 --> Trying to access array offset on value of type null
#0 C:\xampp\htdocs\skripsi\app\Controllers\Back\Pasien.php(270): CodeIgniter\Debug\Exceptions->errorHandler(2, 'Trying to acces...', 'C:\\xampp\\htdocs...', 270)
#1 C:\xampp\htdocs\skripsi\system\CodeIgniter.php(832): App\Controllers\back\Pasien->detail('path', 'to', 'font-awesome', 'css', 'font-awesome.mi...')
#2 C:\xampp\htdocs\skripsi\system\CodeIgniter.php(419): CodeIgniter\CodeIgniter->runController(Object(App\Controllers\back\Pasien))
#3 C:\xampp\htdocs\skripsi\system\CodeIgniter.php(326): CodeIgniter\CodeIgniter->handleRequest(NULL, Object(Config\Cache), false)
#4 C:\xampp\htdocs\skripsi\public\index.php(37): CodeIgniter\CodeIgniter->run()
#5 C:\xampp\htdocs\skripsi\system\Commands\Server\rewrite.php(43): require_once('C:\\xampp\\htdocs...')
#6 {main}
CRITICAL - 2023-01-19 00:07:11 --> Trying to access array offset on value of type null
#0 C:\xampp\htdocs\skripsi\app\Controllers\Back\Pasien.php(270): CodeIgniter\Debug\Exceptions->errorHandler(2, 'Trying to acces...', 'C:\\xampp\\htdocs...', 270)
#1 C:\xampp\htdocs\skripsi\system\CodeIgniter.php(832): App\Controllers\back\Pasien->detail('path', 'to', 'font-awesome', 'css', 'font-awesome.mi...')
#2 C:\xampp\htdocs\skripsi\system\CodeIgniter.php(419): CodeIgniter\CodeIgniter->runController(Object(App\Controllers\back\Pasien))
#3 C:\xampp\htdocs\skripsi\system\CodeIgniter.php(326): CodeIgniter\CodeIgniter->handleRequest(NULL, Object(Config\Cache), false)
#4 C:\xampp\htdocs\skripsi\public\index.php(37): CodeIgniter\CodeIgniter->run()
#5 C:\xampp\htdocs\skripsi\system\Commands\Server\rewrite.php(43): require_once('C:\\xampp\\htdocs...')
#6 {main}
CRITICAL - 2023-01-19 00:09:42 --> Trying to access array offset on value of type null
#0 C:\xampp\htdocs\skripsi\app\Controllers\Back\Pasien.php(270): CodeIgniter\Debug\Exceptions->errorHandler(2, 'Trying to acces...', 'C:\\xampp\\htdocs...', 270)
#1 C:\xampp\htdocs\skripsi\system\CodeIgniter.php(832): App\Controllers\back\Pasien->detail('path', 'to', 'font-awesome', 'css', 'font-awesome.mi...')
#2 C:\xampp\htdocs\skripsi\system\CodeIgniter.php(419): CodeIgniter\CodeIgniter->runController(Object(App\Controllers\back\Pasien))
#3 C:\xampp\htdocs\skripsi\system\CodeIgniter.php(326): CodeIgniter\CodeIgniter->handleRequest(NULL, Object(Config\Cache), false)
#4 C:\xampp\htdocs\skripsi\public\index.php(37): CodeIgniter\CodeIgniter->run()
#5 C:\xampp\htdocs\skripsi\system\Commands\Server\rewrite.php(43): require_once('C:\\xampp\\htdocs...')
#6 {main}
CRITICAL - 2023-01-19 00:10:34 --> Trying to access array offset on value of type null
#0 C:\xampp\htdocs\skripsi\app\Controllers\Back\Pasien.php(270): CodeIgniter\Debug\Exceptions->errorHandler(2, 'Trying to acces...', 'C:\\xampp\\htdocs...', 270)
#1 C:\xampp\htdocs\skripsi\system\CodeIgniter.php(832): App\Controllers\back\Pasien->detail('path', 'to', 'font-awesome', 'css', 'font-awesome.mi...')
#2 C:\xampp\htdocs\skripsi\system\CodeIgniter.php(419): CodeIgniter\CodeIgniter->runController(Object(App\Controllers\back\Pasien))
#3 C:\xampp\htdocs\skripsi\system\CodeIgniter.php(326): CodeIgniter\CodeIgniter->handleRequest(NULL, Object(Config\Cache), false)
#4 C:\xampp\htdocs\skripsi\public\index.php(37): CodeIgniter\CodeIgniter->run()
#5 C:\xampp\htdocs\skripsi\system\Commands\Server\rewrite.php(43): require_once('C:\\xampp\\htdocs...')
#6 {main}
CRITICAL - 2023-01-19 00:13:36 --> Trying to access array offset on value of type null
#0 C:\xampp\htdocs\skripsi\app\Controllers\Back\Pasien.php(270): CodeIgniter\Debug\Exceptions->errorHandler(2, 'Trying to acces...', 'C:\\xampp\\htdocs...', 270)
#1 C:\xampp\htdocs\skripsi\system\CodeIgniter.php(832): App\Controllers\back\Pasien->detail('path', 'to', 'font-awesome', 'css', 'font-awesome.mi...')
#2 C:\xampp\htdocs\skripsi\system\CodeIgniter.php(419): CodeIgniter\CodeIgniter->runController(Object(App\Controllers\back\Pasien))
#3 C:\xampp\htdocs\skripsi\system\CodeIgniter.php(326): CodeIgniter\CodeIgniter->handleRequest(NULL, Object(Config\Cache), false)
#4 C:\xampp\htdocs\skripsi\public\index.php(37): CodeIgniter\CodeIgniter->run()
#5 C:\xampp\htdocs\skripsi\system\Commands\Server\rewrite.php(43): require_once('C:\\xampp\\htdocs...')
#6 {main}
CRITICAL - 2023-01-19 00:21:40 --> Trying to access array offset on value of type null
#0 C:\xampp\htdocs\skripsi\app\Controllers\Back\Pasien.php(270): CodeIgniter\Debug\Exceptions->errorHandler(2, 'Trying to acces...', 'C:\\xampp\\htdocs...', 270)
#1 C:\xampp\htdocs\skripsi\system\CodeIgniter.php(832): App\Controllers\back\Pasien->detail('path', 'to', 'font-awesome', 'css', 'font-awesome.mi...')
#2 C:\xampp\htdocs\skripsi\system\CodeIgniter.php(419): CodeIgniter\CodeIgniter->runController(Object(App\Controllers\back\Pasien))
#3 C:\xampp\htdocs\skripsi\system\CodeIgniter.php(326): CodeIgniter\CodeIgniter->handleRequest(NULL, Object(Config\Cache), false)
#4 C:\xampp\htdocs\skripsi\public\index.php(37): CodeIgniter\CodeIgniter->run()
#5 C:\xampp\htdocs\skripsi\system\Commands\Server\rewrite.php(43): require_once('C:\\xampp\\htdocs...')
#6 {main}
CRITICAL - 2023-01-19 00:22:39 --> Trying to access array offset on value of type null
#0 C:\xampp\htdocs\skripsi\app\Controllers\Back\Pasien.php(270): CodeIgniter\Debug\Exceptions->errorHandler(2, 'Trying to acces...', 'C:\\xampp\\htdocs...', 270)
#1 C:\xampp\htdocs\skripsi\system\CodeIgniter.php(832): App\Controllers\back\Pasien->detail('path', 'to', 'font-awesome', 'css', 'font-awesome.mi...')
#2 C:\xampp\htdocs\skripsi\system\CodeIgniter.php(419): CodeIgniter\CodeIgniter->runController(Object(App\Controllers\back\Pasien))
#3 C:\xampp\htdocs\skripsi\system\CodeIgniter.php(326): CodeIgniter\CodeIgniter->handleRequest(NULL, Object(Config\Cache), false)
#4 C:\xampp\htdocs\skripsi\public\index.php(37): CodeIgniter\CodeIgniter->run()
#5 C:\xampp\htdocs\skripsi\system\Commands\Server\rewrite.php(43): require_once('C:\\xampp\\htdocs...')
#6 {main}
CRITICAL - 2023-01-19 00:23:29 --> Trying to access array offset on value of type null
#0 C:\xampp\htdocs\skripsi\app\Controllers\Back\Pasien.php(270): CodeIgniter\Debug\Exceptions->errorHandler(2, 'Trying to acces...', 'C:\\xampp\\htdocs...', 270)
#1 C:\xampp\htdocs\skripsi\system\CodeIgniter.php(832): App\Controllers\back\Pasien->detail('path', 'to', 'font-awesome', 'css', 'font-awesome.mi...')
#2 C:\xampp\htdocs\skripsi\system\CodeIgniter.php(419): CodeIgniter\CodeIgniter->runController(Object(App\Controllers\back\Pasien))
#3 C:\xampp\htdocs\skripsi\system\CodeIgniter.php(326): CodeIgniter\CodeIgniter->handleRequest(NULL, Object(Config\Cache), false)
#4 C:\xampp\htdocs\skripsi\public\index.php(37): CodeIgniter\CodeIgniter->run()
#5 C:\xampp\htdocs\skripsi\system\Commands\Server\rewrite.php(43): require_once('C:\\xampp\\htdocs...')
#6 {main}
CRITICAL - 2023-01-19 00:23:57 --> Trying to access array offset on value of type null
#0 C:\xampp\htdocs\skripsi\app\Controllers\Back\Pasien.php(270): CodeIgniter\Debug\Exceptions->errorHandler(2, 'Trying to acces...', 'C:\\xampp\\htdocs...', 270)
#1 C:\xampp\htdocs\skripsi\system\CodeIgniter.php(832): App\Controllers\back\Pasien->detail('path', 'to', 'font-awesome', 'css', 'font-awesome.mi...')
#2 C:\xampp\htdocs\skripsi\system\CodeIgniter.php(419): CodeIgniter\CodeIgniter->runController(Object(App\Controllers\back\Pasien))
#3 C:\xampp\htdocs\skripsi\system\CodeIgniter.php(326): CodeIgniter\CodeIgniter->handleRequest(NULL, Object(Config\Cache), false)
#4 C:\xampp\htdocs\skripsi\public\index.php(37): CodeIgniter\CodeIgniter->run()
#5 C:\xampp\htdocs\skripsi\system\Commands\Server\rewrite.php(43): require_once('C:\\xampp\\htdocs...')
#6 {main}
CRITICAL - 2023-01-19 00:24:33 --> Trying to access array offset on value of type null
#0 C:\xampp\htdocs\skripsi\app\Controllers\Back\Pasien.php(270): CodeIgniter\Debug\Exceptions->errorHandler(2, 'Trying to acces...', 'C:\\xampp\\htdocs...', 270)
#1 C:\xampp\htdocs\skripsi\system\CodeIgniter.php(832): App\Controllers\back\Pasien->detail('path', 'to', 'font-awesome', 'css', 'font-awesome.mi...')
#2 C:\xampp\htdocs\skripsi\system\CodeIgniter.php(419): CodeIgniter\CodeIgniter->runController(Object(App\Controllers\back\Pasien))
#3 C:\xampp\htdocs\skripsi\system\CodeIgniter.php(326): CodeIgniter\CodeIgniter->handleRequest(NULL, Object(Config\Cache), false)
#4 C:\xampp\htdocs\skripsi\public\index.php(37): CodeIgniter\CodeIgniter->run()
#5 C:\xampp\htdocs\skripsi\system\Commands\Server\rewrite.php(43): require_once('C:\\xampp\\htdocs...')
#6 {main}
CRITICAL - 2023-01-19 00:32:05 --> Trying to access array offset on value of type null
#0 C:\xampp\htdocs\skripsi\app\Controllers\Back\Pasien.php(270): CodeIgniter\Debug\Exceptions->errorHandler(2, 'Trying to acces...', 'C:\\xampp\\htdocs...', 270)
#1 C:\xampp\htdocs\skripsi\system\CodeIgniter.php(832): App\Controllers\back\Pasien->detail('path', 'to', 'font-awesome', 'css', 'font-awesome.mi...')
#2 C:\xampp\htdocs\skripsi\system\CodeIgniter.php(419): CodeIgniter\CodeIgniter->runController(Object(App\Controllers\back\Pasien))
#3 C:\xampp\htdocs\skripsi\system\CodeIgniter.php(326): CodeIgniter\CodeIgniter->handleRequest(NULL, Object(Config\Cache), false)
#4 C:\xampp\htdocs\skripsi\public\index.php(37): CodeIgniter\CodeIgniter->run()
#5 C:\xampp\htdocs\skripsi\system\Commands\Server\rewrite.php(43): require_once('C:\\xampp\\htdocs...')
#6 {main}
CRITICAL - 2023-01-19 00:32:07 --> Trying to access array offset on value of type null
#0 C:\xampp\htdocs\skripsi\app\Controllers\Back\Pasien.php(270): CodeIgniter\Debug\Exceptions->errorHandler(2, 'Trying to acces...', 'C:\\xampp\\htdocs...', 270)
#1 C:\xampp\htdocs\skripsi\system\CodeIgniter.php(832): App\Controllers\back\Pasien->detail('path', 'to', 'font-awesome', 'css', 'font-awesome.mi...')
#2 C:\xampp\htdocs\skripsi\system\CodeIgniter.php(419): CodeIgniter\CodeIgniter->runController(Object(App\Controllers\back\Pasien))
#3 C:\xampp\htdocs\skripsi\system\CodeIgniter.php(326): CodeIgniter\CodeIgniter->handleRequest(NULL, Object(Config\Cache), false)
#4 C:\xampp\htdocs\skripsi\public\index.php(37): CodeIgniter\CodeIgniter->run()
#5 C:\xampp\htdocs\skripsi\system\Commands\Server\rewrite.php(43): require_once('C:\\xampp\\htdocs...')
#6 {main}
CRITICAL - 2023-01-19 00:33:16 --> Trying to access array offset on value of type null
#0 C:\xampp\htdocs\skripsi\app\Controllers\Back\Pasien.php(270): CodeIgniter\Debug\Exceptions->errorHandler(2, 'Trying to acces...', 'C:\\xampp\\htdocs...', 270)
#1 C:\xampp\htdocs\skripsi\system\CodeIgniter.php(832): App\Controllers\back\Pasien->detail('path', 'to', 'font-awesome', 'css', 'font-awesome.mi...')
#2 C:\xampp\htdocs\skripsi\system\CodeIgniter.php(419): CodeIgniter\CodeIgniter->runController(Object(App\Controllers\back\Pasien))
#3 C:\xampp\htdocs\skripsi\system\CodeIgniter.php(326): CodeIgniter\CodeIgniter->handleRequest(NULL, Object(Config\Cache), false)
#4 C:\xampp\htdocs\skripsi\public\index.php(37): CodeIgniter\CodeIgniter->run()
#5 C:\xampp\htdocs\skripsi\system\Commands\Server\rewrite.php(43): require_once('C:\\xampp\\htdocs...')
#6 {main}
CRITICAL - 2023-01-19 02:03:22 --> Trying to access array offset on value of type null
#0 C:\xampp\htdocs\skripsi\app\Controllers\Back\Pasien.php(270): CodeIgniter\Debug\Exceptions->errorHandler(2, 'Trying to acces...', 'C:\\xampp\\htdocs...', 270)
#1 C:\xampp\htdocs\skripsi\system\CodeIgniter.php(832): App\Controllers\back\Pasien->detail('path', 'to', 'font-awesome', 'css', 'font-awesome.mi...')
#2 C:\xampp\htdocs\skripsi\system\CodeIgniter.php(419): CodeIgniter\CodeIgniter->runController(Object(App\Controllers\back\Pasien))
#3 C:\xampp\htdocs\skripsi\system\CodeIgniter.php(326): CodeIgniter\CodeIgniter->handleRequest(NULL, Object(Config\Cache), false)
#4 C:\xampp\htdocs\skripsi\public\index.php(37): CodeIgniter\CodeIgniter->run()
#5 C:\xampp\htdocs\skripsi\system\Commands\Server\rewrite.php(43): require_once('C:\\xampp\\htdocs...')
#6 {main}
CRITICAL - 2023-01-19 03:22:22 --> Trying to access array offset on value of type null
#0 C:\xampp\htdocs\skripsi\app\Controllers\Back\Pasien.php(270): CodeIgniter\Debug\Exceptions->errorHandler(2, 'Trying to acces...', 'C:\\xampp\\htdocs...', 270)
#1 C:\xampp\htdocs\skripsi\system\CodeIgniter.php(832): App\Controllers\back\Pasien->detail('path', 'to', 'font-awesome', 'css', 'font-awesome.mi...')
#2 C:\xampp\htdocs\skripsi\system\CodeIgniter.php(419): CodeIgniter\CodeIgniter->runController(Object(App\Controllers\back\Pasien))
#3 C:\xampp\htdocs\skripsi\system\CodeIgniter.php(326): CodeIgniter\CodeIgniter->handleRequest(NULL, Object(Config\Cache), false)
#4 C:\xampp\htdocs\skripsi\public\index.php(37): CodeIgniter\CodeIgniter->run()
#5 C:\xampp\htdocs\skripsi\system\Commands\Server\rewrite.php(43): require_once('C:\\xampp\\htdocs...')
#6 {main}
CRITICAL - 2023-01-19 03:22:31 --> Trying to access array offset on value of type null
#0 C:\xampp\htdocs\skripsi\app\Controllers\Back\Pasien.php(270): CodeIgniter\Debug\Exceptions->errorHandler(2, 'Trying to acces...', 'C:\\xampp\\htdocs...', 270)
#1 C:\xampp\htdocs\skripsi\system\CodeIgniter.php(832): App\Controllers\back\Pasien->detail('path', 'to', 'font-awesome', 'css', 'font-awesome.mi...')
#2 C:\xampp\htdocs\skripsi\system\CodeIgniter.php(419): CodeIgniter\CodeIgniter->runController(Object(App\Controllers\back\Pasien))
#3 C:\xampp\htdocs\skripsi\system\CodeIgniter.php(326): CodeIgniter\CodeIgniter->handleRequest(NULL, Object(Config\Cache), false)
#4 C:\xampp\htdocs\skripsi\public\index.php(37): CodeIgniter\CodeIgniter->run()
#5 C:\xampp\htdocs\skripsi\system\Commands\Server\rewrite.php(43): require_once('C:\\xampp\\htdocs...')
#6 {main}
CRITICAL - 2023-01-19 03:28:07 --> Trying to access array offset on value of type null
#0 C:\xampp\htdocs\skripsi\app\Controllers\Back\Pasien.php(270): CodeIgniter\Debug\Exceptions->errorHandler(2, 'Trying to acces...', 'C:\\xampp\\htdocs...', 270)
#1 C:\xampp\htdocs\skripsi\system\CodeIgniter.php(832): App\Controllers\back\Pasien->detail('path', 'to', 'font-awesome', 'css', 'font-awesome.mi...')
#2 C:\xampp\htdocs\skripsi\system\CodeIgniter.php(419): CodeIgniter\CodeIgniter->runController(Object(App\Controllers\back\Pasien))
#3 C:\xampp\htdocs\skripsi\system\CodeIgniter.php(326): CodeIgniter\CodeIgniter->handleRequest(NULL, Object(Config\Cache), false)
#4 C:\xampp\htdocs\skripsi\public\index.php(37): CodeIgniter\CodeIgniter->run()
#5 C:\xampp\htdocs\skripsi\system\Commands\Server\rewrite.php(43): require_once('C:\\xampp\\htdocs...')
#6 {main}
CRITICAL - 2023-01-19 03:32:08 --> Trying to access array offset on value of type null
#0 C:\xampp\htdocs\skripsi\app\Controllers\Back\Pasien.php(270): CodeIgniter\Debug\Exceptions->errorHandler(2, 'Trying to acces...', 'C:\\xampp\\htdocs...', 270)
#1 C:\xampp\htdocs\skripsi\system\CodeIgniter.php(832): App\Controllers\back\Pasien->detail('path', 'to', 'font-awesome', 'css', 'font-awesome.mi...')
#2 C:\xampp\htdocs\skripsi\system\CodeIgniter.php(419): CodeIgniter\CodeIgniter->runController(Object(App\Controllers\back\Pasien))
#3 C:\xampp\htdocs\skripsi\system\CodeIgniter.php(326): CodeIgniter\CodeIgniter->handleRequest(NULL, Object(Config\Cache), false)
#4 C:\xampp\htdocs\skripsi\public\index.php(37): CodeIgniter\CodeIgniter->run()
#5 C:\xampp\htdocs\skripsi\system\Commands\Server\rewrite.php(43): require_once('C:\\xampp\\htdocs...')
#6 {main}
CRITICAL - 2023-01-19 03:33:03 --> Trying to access array offset on value of type null
#0 C:\xampp\htdocs\skripsi\app\Controllers\Back\Pasien.php(270): CodeIgniter\Debug\Exceptions->errorHandler(2, 'Trying to acces...', 'C:\\xampp\\htdocs...', 270)
#1 C:\xampp\htdocs\skripsi\system\CodeIgniter.php(832): App\Controllers\back\Pasien->detail('path', 'to', 'font-awesome', 'css', 'font-awesome.mi...')
#2 C:\xampp\htdocs\skripsi\system\CodeIgniter.php(419): CodeIgniter\CodeIgniter->runController(Object(App\Controllers\back\Pasien))
#3 C:\xampp\htdocs\skripsi\system\CodeIgniter.php(326): CodeIgniter\CodeIgniter->handleRequest(NULL, Object(Config\Cache), false)
#4 C:\xampp\htdocs\skripsi\public\index.php(37): CodeIgniter\CodeIgniter->run()
#5 C:\xampp\htdocs\skripsi\system\Commands\Server\rewrite.php(43): require_once('C:\\xampp\\htdocs...')
#6 {main}
CRITICAL - 2023-01-19 03:33:27 --> Trying to access array offset on value of type null
#0 C:\xampp\htdocs\skripsi\app\Controllers\Back\Pasien.php(270): CodeIgniter\Debug\Exceptions->errorHandler(2, 'Trying to acces...', 'C:\\xampp\\htdocs...', 270)
#1 C:\xampp\htdocs\skripsi\system\CodeIgniter.php(832): App\Controllers\back\Pasien->detail('path', 'to', 'font-awesome', 'css', 'font-awesome.mi...')
#2 C:\xampp\htdocs\skripsi\system\CodeIgniter.php(419): CodeIgniter\CodeIgniter->runController(Object(App\Controllers\back\Pasien))
#3 C:\xampp\htdocs\skripsi\system\CodeIgniter.php(326): CodeIgniter\CodeIgniter->handleRequest(NULL, Object(Config\Cache), false)
#4 C:\xampp\htdocs\skripsi\public\index.php(37): CodeIgniter\CodeIgniter->run()
#5 C:\xampp\htdocs\skripsi\system\Commands\Server\rewrite.php(43): require_once('C:\\xampp\\htdocs...')
#6 {main}
CRITICAL - 2023-01-19 03:35:08 --> Trying to access array offset on value of type null
#0 C:\xampp\htdocs\skripsi\app\Controllers\Back\Pasien.php(270): CodeIgniter\Debug\Exceptions->errorHandler(2, 'Trying to acces...', 'C:\\xampp\\htdocs...', 270)
#1 C:\xampp\htdocs\skripsi\system\CodeIgniter.php(832): App\Controllers\back\Pasien->detail('path', 'to', 'font-awesome', 'css', 'font-awesome.mi...')
#2 C:\xampp\htdocs\skripsi\system\CodeIgniter.php(419): CodeIgniter\CodeIgniter->runController(Object(App\Controllers\back\Pasien))
#3 C:\xampp\htdocs\skripsi\system\CodeIgniter.php(326): CodeIgniter\CodeIgniter->handleRequest(NULL, Object(Config\Cache), false)
#4 C:\xampp\htdocs\skripsi\public\index.php(37): CodeIgniter\CodeIgniter->run()
#5 C:\xampp\htdocs\skripsi\system\Commands\Server\rewrite.php(43): require_once('C:\\xampp\\htdocs...')
#6 {main}
CRITICAL - 2023-01-19 09:54:28 --> Trying to access array offset on value of type null
#0 C:\xampp\htdocs\skripsi\app\Controllers\Back\Pasien.php(270): CodeIgniter\Debug\Exceptions->errorHandler(2, 'Trying to acces...', 'C:\\xampp\\htdocs...', 270)
#1 C:\xampp\htdocs\skripsi\system\CodeIgniter.php(832): App\Controllers\back\Pasien->detail('path', 'to', 'font-awesome', 'css', 'font-awesome.mi...')
#2 C:\xampp\htdocs\skripsi\system\CodeIgniter.php(419): CodeIgniter\CodeIgniter->runController(Object(App\Controllers\back\Pasien))
#3 C:\xampp\htdocs\skripsi\system\CodeIgniter.php(326): CodeIgniter\CodeIgniter->handleRequest(NULL, Object(Config\Cache), false)
#4 C:\xampp\htdocs\skripsi\public\index.php(37): CodeIgniter\CodeIgniter->run()
#5 C:\xampp\htdocs\skripsi\system\Commands\Server\rewrite.php(43): require_once('C:\\xampp\\htdocs...')
#6 {main}
CRITICAL - 2023-01-19 09:54:31 --> Trying to access array offset on value of type null
#0 C:\xampp\htdocs\skripsi\app\Controllers\Back\Pasien.php(270): CodeIgniter\Debug\Exceptions->errorHandler(2, 'Trying to acces...', 'C:\\xampp\\htdocs...', 270)
#1 C:\xampp\htdocs\skripsi\system\CodeIgniter.php(832): App\Controllers\back\Pasien->detail('path', 'to', 'font-awesome', 'css', 'font-awesome.mi...')
#2 C:\xampp\htdocs\skripsi\system\CodeIgniter.php(419): CodeIgniter\CodeIgniter->runController(Object(App\Controllers\back\Pasien))
#3 C:\xampp\htdocs\skripsi\system\CodeIgniter.php(326): CodeIgniter\CodeIgniter->handleRequest(NULL, Object(Config\Cache), false)
#4 C:\xampp\htdocs\skripsi\public\index.php(37): CodeIgniter\CodeIgniter->run()
#5 C:\xampp\htdocs\skripsi\system\Commands\Server\rewrite.php(43): require_once('C:\\xampp\\htdocs...')
#6 {main}
CRITICAL - 2023-01-19 09:55:18 --> Trying to access array offset on value of type null
#0 C:\xampp\htdocs\skripsi\app\Controllers\Back\Pasien.php(270): CodeIgniter\Debug\Exceptions->errorHandler(2, 'Trying to acces...', 'C:\\xampp\\htdocs...', 270)
#1 C:\xampp\htdocs\skripsi\system\CodeIgniter.php(832): App\Controllers\back\Pasien->detail('path', 'to', 'font-awesome', 'css', 'font-awesome.mi...')
#2 C:\xampp\htdocs\skripsi\system\CodeIgniter.php(419): CodeIgniter\CodeIgniter->runController(Object(App\Controllers\back\Pasien))
#3 C:\xampp\htdocs\skripsi\system\CodeIgniter.php(326): CodeIgniter\CodeIgniter->handleRequest(NULL, Object(Config\Cache), false)
#4 C:\xampp\htdocs\skripsi\public\index.php(37): CodeIgniter\CodeIgniter->run()
#5 C:\xampp\htdocs\skripsi\system\Commands\Server\rewrite.php(43): require_once('C:\\xampp\\htdocs...')
#6 {main}
CRITICAL - 2023-01-19 09:55:24 --> syntax error, unexpected token "exit"
#0 C:\xampp\htdocs\skripsi\system\Autoloader\Autoloader.php(241): CodeIgniter\Autoloader\Autoloader->includeFile('C:\\xampp\\htdocs...')
#1 C:\xampp\htdocs\skripsi\system\Autoloader\Autoloader.php(219): CodeIgniter\Autoloader\Autoloader->loadInNamespace('App\\Controllers...')
#2 [internal function]: CodeIgniter\Autoloader\Autoloader->loadClass('App\\Controllers...')
#3 C:\xampp\htdocs\skripsi\system\CodeIgniter.php(797): class_exists('\\App\\Controller...', true)
#4 C:\xampp\htdocs\skripsi\system\CodeIgniter.php(406): CodeIgniter\CodeIgniter->startController()
#5 C:\xampp\htdocs\skripsi\system\CodeIgniter.php(326): CodeIgniter\CodeIgniter->handleRequest(NULL, Object(Config\Cache), false)
#6 C:\xampp\htdocs\skripsi\public\index.php(37): CodeIgniter\CodeIgniter->run()
#7 C:\xampp\htdocs\skripsi\system\Commands\Server\rewrite.php(43): require_once('C:\\xampp\\htdocs...')
#8 {main}
CRITICAL - 2023-01-19 09:55:42 --> Trying to access array offset on value of type null
#0 C:\xampp\htdocs\skripsi\app\Controllers\Back\Pasien.php(270): CodeIgniter\Debug\Exceptions->errorHandler(2, 'Trying to acces...', 'C:\\xampp\\htdocs...', 270)
#1 C:\xampp\htdocs\skripsi\system\CodeIgniter.php(832): App\Controllers\back\Pasien->detail('path', 'to', 'font-awesome', 'css', 'font-awesome.mi...')
#2 C:\xampp\htdocs\skripsi\system\CodeIgniter.php(419): CodeIgniter\CodeIgniter->runController(Object(App\Controllers\back\Pasien))
#3 C:\xampp\htdocs\skripsi\system\CodeIgniter.php(326): CodeIgniter\CodeIgniter->handleRequest(NULL, Object(Config\Cache), false)
#4 C:\xampp\htdocs\skripsi\public\index.php(37): CodeIgniter\CodeIgniter->run()
#5 C:\xampp\htdocs\skripsi\system\Commands\Server\rewrite.php(43): require_once('C:\\xampp\\htdocs...')
#6 {main}
CRITICAL - 2023-01-19 09:55:57 --> syntax error, unexpected token "exit"
#0 C:\xampp\htdocs\skripsi\system\Autoloader\Autoloader.php(241): CodeIgniter\Autoloader\Autoloader->includeFile('C:\\xampp\\htdocs...')
#1 C:\xampp\htdocs\skripsi\system\Autoloader\Autoloader.php(219): CodeIgniter\Autoloader\Autoloader->loadInNamespace('App\\Controllers...')
#2 [internal function]: CodeIgniter\Autoloader\Autoloader->loadClass('App\\Controllers...')
#3 C:\xampp\htdocs\skripsi\system\CodeIgniter.php(797): class_exists('\\App\\Controller...', true)
#4 C:\xampp\htdocs\skripsi\system\CodeIgniter.php(406): CodeIgniter\CodeIgniter->startController()
#5 C:\xampp\htdocs\skripsi\system\CodeIgniter.php(326): CodeIgniter\CodeIgniter->handleRequest(NULL, Object(Config\Cache), false)
#6 C:\xampp\htdocs\skripsi\public\index.php(37): CodeIgniter\CodeIgniter->run()
#7 C:\xampp\htdocs\skripsi\system\Commands\Server\rewrite.php(43): require_once('C:\\xampp\\htdocs...')
#8 {main}
CRITICAL - 2023-01-19 09:56:58 --> Trying to access array offset on value of type null
#0 C:\xampp\htdocs\skripsi\app\Controllers\Back\Pasien.php(270): CodeIgniter\Debug\Exceptions->errorHandler(2, 'Trying to acces...', 'C:\\xampp\\htdocs...', 270)
#1 C:\xampp\htdocs\skripsi\system\CodeIgniter.php(832): App\Controllers\back\Pasien->detail('path', 'to', 'font-awesome', 'css', 'font-awesome.mi...')
#2 C:\xampp\htdocs\skripsi\system\CodeIgniter.php(419): CodeIgniter\CodeIgniter->runController(Object(App\Controllers\back\Pasien))
#3 C:\xampp\htdocs\skripsi\system\CodeIgniter.php(326): CodeIgniter\CodeIgniter->handleRequest(NULL, Object(Config\Cache), false)
#4 C:\xampp\htdocs\skripsi\public\index.php(37): CodeIgniter\CodeIgniter->run()
#5 C:\xampp\htdocs\skripsi\system\Commands\Server\rewrite.php(43): require_once('C:\\xampp\\htdocs...')
#6 {main}
CRITICAL - 2023-01-19 09:57:09 --> syntax error, unexpected token "exit"
#0 C:\xampp\htdocs\skripsi\system\Autoloader\Autoloader.php(241): CodeIgniter\Autoloader\Autoloader->includeFile('C:\\xampp\\htdocs...')
#1 C:\xampp\htdocs\skripsi\system\Autoloader\Autoloader.php(219): CodeIgniter\Autoloader\Autoloader->loadInNamespace('App\\Controllers...')
#2 [internal function]: CodeIgniter\Autoloader\Autoloader->loadClass('App\\Controllers...')
#3 C:\xampp\htdocs\skripsi\system\CodeIgniter.php(797): class_exists('\\App\\Controller...', true)
#4 C:\xampp\htdocs\skripsi\system\CodeIgniter.php(406): CodeIgniter\CodeIgniter->startController()
#5 C:\xampp\htdocs\skripsi\system\CodeIgniter.php(326): CodeIgniter\CodeIgniter->handleRequest(NULL, Object(Config\Cache), false)
#6 C:\xampp\htdocs\skripsi\public\index.php(37): CodeIgniter\CodeIgniter->run()
#7 C:\xampp\htdocs\skripsi\system\Commands\Server\rewrite.php(43): require_once('C:\\xampp\\htdocs...')
#8 {main}
CRITICAL - 2023-01-19 09:57:30 --> Trying to access array offset on value of type null
#0 C:\xampp\htdocs\skripsi\app\Controllers\Back\Pasien.php(270): CodeIgniter\Debug\Exceptions->errorHandler(2, 'Trying to acces...', 'C:\\xampp\\htdocs...', 270)
#1 C:\xampp\htdocs\skripsi\system\CodeIgniter.php(832): App\Controllers\back\Pasien->detail('path', 'to', 'font-awesome', 'css', 'font-awesome.mi...')
#2 C:\xampp\htdocs\skripsi\system\CodeIgniter.php(419): CodeIgniter\CodeIgniter->runController(Object(App\Controllers\back\Pasien))
#3 C:\xampp\htdocs\skripsi\system\CodeIgniter.php(326): CodeIgniter\CodeIgniter->handleRequest(NULL, Object(Config\Cache), false)
#4 C:\xampp\htdocs\skripsi\public\index.php(37): CodeIgniter\CodeIgniter->run()
#5 C:\xampp\htdocs\skripsi\system\Commands\Server\rewrite.php(43): require_once('C:\\xampp\\htdocs...')
#6 {main}
CRITICAL - 2023-01-19 09:58:52 --> Trying to access array offset on value of type null
#0 C:\xampp\htdocs\skripsi\app\Controllers\Back\Pasien.php(270): CodeIgniter\Debug\Exceptions->errorHandler(2, 'Trying to acces...', 'C:\\xampp\\htdocs...', 270)
#1 C:\xampp\htdocs\skripsi\system\CodeIgniter.php(832): App\Controllers\back\Pasien->detail('path', 'to', 'font-awesome', 'css', 'font-awesome.mi...')
#2 C:\xampp\htdocs\skripsi\system\CodeIgniter.php(419): CodeIgniter\CodeIgniter->runController(Object(App\Controllers\back\Pasien))
#3 C:\xampp\htdocs\skripsi\system\CodeIgniter.php(326): CodeIgniter\CodeIgniter->handleRequest(NULL, Object(Config\Cache), false)
#4 C:\xampp\htdocs\skripsi\public\index.php(37): CodeIgniter\CodeIgniter->run()
#5 C:\xampp\htdocs\skripsi\system\Commands\Server\rewrite.php(43): require_once('C:\\xampp\\htdocs...')
#6 {main}
CRITICAL - 2023-01-19 09:59:33 --> Trying to access array offset on value of type null
#0 C:\xampp\htdocs\skripsi\app\Controllers\Back\Pasien.php(270): CodeIgniter\Debug\Exceptions->errorHandler(2, 'Trying to acces...', 'C:\\xampp\\htdocs...', 270)
#1 C:\xampp\htdocs\skripsi\system\CodeIgniter.php(832): App\Controllers\back\Pasien->detail('path', 'to', 'font-awesome', 'css', 'font-awesome.mi...')
#2 C:\xampp\htdocs\skripsi\system\CodeIgniter.php(419): CodeIgniter\CodeIgniter->runController(Object(App\Controllers\back\Pasien))
#3 C:\xampp\htdocs\skripsi\system\CodeIgniter.php(326): CodeIgniter\CodeIgniter->handleRequest(NULL, Object(Config\Cache), false)
#4 C:\xampp\htdocs\skripsi\public\index.php(37): CodeIgniter\CodeIgniter->run()
#5 C:\xampp\htdocs\skripsi\system\Commands\Server\rewrite.php(43): require_once('C:\\xampp\\htdocs...')
#6 {main}
CRITICAL - 2023-01-19 10:01:47 --> Trying to access array offset on value of type null
#0 C:\xampp\htdocs\skripsi\app\Controllers\Back\Pasien.php(270): CodeIgniter\Debug\Exceptions->errorHandler(2, 'Trying to acces...', 'C:\\xampp\\htdocs...', 270)
#1 C:\xampp\htdocs\skripsi\system\CodeIgniter.php(832): App\Controllers\back\Pasien->detail('path', 'to', 'font-awesome', 'css', 'font-awesome.mi...')
#2 C:\xampp\htdocs\skripsi\system\CodeIgniter.php(419): CodeIgniter\CodeIgniter->runController(Object(App\Controllers\back\Pasien))
#3 C:\xampp\htdocs\skripsi\system\CodeIgniter.php(326): CodeIgniter\CodeIgniter->handleRequest(NULL, Object(Config\Cache), false)
#4 C:\xampp\htdocs\skripsi\public\index.php(37): CodeIgniter\CodeIgniter->run()
#5 C:\xampp\htdocs\skripsi\system\Commands\Server\rewrite.php(43): require_once('C:\\xampp\\htdocs...')
#6 {main}
CRITICAL - 2023-01-19 10:03:32 --> Trying to access array offset on value of type null
#0 C:\xampp\htdocs\skripsi\app\Controllers\Back\Pasien.php(270): CodeIgniter\Debug\Exceptions->errorHandler(2, 'Trying to acces...', 'C:\\xampp\\htdocs...', 270)
#1 C:\xampp\htdocs\skripsi\system\CodeIgniter.php(832): App\Controllers\back\Pasien->detail('path', 'to', 'font-awesome', 'css', 'font-awesome.mi...')
#2 C:\xampp\htdocs\skripsi\system\CodeIgniter.php(419): CodeIgniter\CodeIgniter->runController(Object(App\Controllers\back\Pasien))
#3 C:\xampp\htdocs\skripsi\system\CodeIgniter.php(326): CodeIgniter\CodeIgniter->handleRequest(NULL, Object(Config\Cache), false)
#4 C:\xampp\htdocs\skripsi\public\index.php(37): CodeIgniter\CodeIgniter->run()
#5 C:\xampp\htdocs\skripsi\system\Commands\Server\rewrite.php(43): require_once('C:\\xampp\\htdocs...')
#6 {main}
CRITICAL - 2023-01-19 10:04:26 --> Trying to access array offset on value of type null
#0 C:\xampp\htdocs\skripsi\app\Controllers\Back\Pasien.php(270): CodeIgniter\Debug\Exceptions->errorHandler(2, 'Trying to acces...', 'C:\\xampp\\htdocs...', 270)
#1 C:\xampp\htdocs\skripsi\system\CodeIgniter.php(832): App\Controllers\back\Pasien->detail('path', 'to', 'font-awesome', 'css', 'font-awesome.mi...')
#2 C:\xampp\htdocs\skripsi\system\CodeIgniter.php(419): CodeIgniter\CodeIgniter->runController(Object(App\Controllers\back\Pasien))
#3 C:\xampp\htdocs\skripsi\system\CodeIgniter.php(326): CodeIgniter\CodeIgniter->handleRequest(NULL, Object(Config\Cache), false)
#4 C:\xampp\htdocs\skripsi\public\index.php(37): CodeIgniter\CodeIgniter->run()
#5 C:\xampp\htdocs\skripsi\system\Commands\Server\rewrite.php(43): require_once('C:\\xampp\\htdocs...')
#6 {main}
CRITICAL - 2023-01-19 10:10:30 --> Trying to access array offset on value of type null
#0 C:\xampp\htdocs\skripsi\app\Controllers\Back\Pasien.php(270): CodeIgniter\Debug\Exceptions->errorHandler(2, 'Trying to acces...', 'C:\\xampp\\htdocs...', 270)
#1 C:\xampp\htdocs\skripsi\system\CodeIgniter.php(832): App\Controllers\back\Pasien->detail('path', 'to', 'font-awesome', 'css', 'font-awesome.mi...')
#2 C:\xampp\htdocs\skripsi\system\CodeIgniter.php(419): CodeIgniter\CodeIgniter->runController(Object(App\Controllers\back\Pasien))
#3 C:\xampp\htdocs\skripsi\system\CodeIgniter.php(326): CodeIgniter\CodeIgniter->handleRequest(NULL, Object(Config\Cache), false)
#4 C:\xampp\htdocs\skripsi\public\index.php(37): CodeIgniter\CodeIgniter->run()
#5 C:\xampp\htdocs\skripsi\system\Commands\Server\rewrite.php(43): require_once('C:\\xampp\\htdocs...')
#6 {main}
CRITICAL - 2023-01-19 10:17:46 --> Trying to access array offset on value of type null
#0 C:\xampp\htdocs\skripsi\app\Controllers\Back\Pasien.php(270): CodeIgniter\Debug\Exceptions->errorHandler(2, 'Trying to acces...', 'C:\\xampp\\htdocs...', 270)
#1 C:\xampp\htdocs\skripsi\system\CodeIgniter.php(832): App\Controllers\back\Pasien->detail('path', 'to', 'font-awesome', 'css', 'font-awesome.mi...')
#2 C:\xampp\htdocs\skripsi\system\CodeIgniter.php(419): CodeIgniter\CodeIgniter->runController(Object(App\Controllers\back\Pasien))
#3 C:\xampp\htdocs\skripsi\system\CodeIgniter.php(326): CodeIgniter\CodeIgniter->handleRequest(NULL, Object(Config\Cache), false)
#4 C:\xampp\htdocs\skripsi\public\index.php(37): CodeIgniter\CodeIgniter->run()
#5 C:\xampp\htdocs\skripsi\system\Commands\Server\rewrite.php(43): require_once('C:\\xampp\\htdocs...')
#6 {main}
CRITICAL - 2023-01-19 10:33:02 --> Trying to access array offset on value of type null
#0 C:\xampp\htdocs\skripsi\app\Controllers\Back\Pasien.php(270): CodeIgniter\Debug\Exceptions->errorHandler(2, 'Trying to acces...', 'C:\\xampp\\htdocs...', 270)
#1 C:\xampp\htdocs\skripsi\system\CodeIgniter.php(832): App\Controllers\back\Pasien->detail('path', 'to', 'font-awesome', 'css', 'font-awesome.mi...')
#2 C:\xampp\htdocs\skripsi\system\CodeIgniter.php(419): CodeIgniter\CodeIgniter->runController(Object(App\Controllers\back\Pasien))
#3 C:\xampp\htdocs\skripsi\system\CodeIgniter.php(326): CodeIgniter\CodeIgniter->handleRequest(NULL, Object(Config\Cache), false)
#4 C:\xampp\htdocs\skripsi\public\index.php(37): CodeIgniter\CodeIgniter->run()
#5 C:\xampp\htdocs\skripsi\system\Commands\Server\rewrite.php(43): require_once('C:\\xampp\\htdocs...')
#6 {main}
ERROR - 2023-01-19 10:34:26 --> Column 'pasien' cannot be null
CRITICAL - 2023-01-19 10:34:26 --> Column 'pasien' cannot be null
#0 C:\xampp\htdocs\skripsi\system\Database\MySQLi\Connection.php(292): mysqli->query('INSERT INTO `tb...', 0)
#1 C:\xampp\htdocs\skripsi\system\Database\BaseConnection.php(670): CodeIgniter\Database\MySQLi\Connection->execute('INSERT INTO `tb...')
#2 C:\xampp\htdocs\skripsi\system\Database\BaseConnection.php(598): CodeIgniter\Database\BaseConnection->simpleQuery('INSERT INTO `tb...')
#3 C:\xampp\htdocs\skripsi\system\Database\BaseBuilder.php(1771): CodeIgniter\Database\BaseConnection->query('INSERT INTO `tb...', Array, false)
#4 C:\xampp\htdocs\skripsi\system\Model.php(239): CodeIgniter\Database\BaseBuilder->insert()
#5 C:\xampp\htdocs\skripsi\system\BaseModel.php(738): CodeIgniter\Model->doInsert(Array)
#6 C:\xampp\htdocs\skripsi\system\Model.php(625): CodeIgniter\BaseModel->insert(Array, true)
#7 C:\xampp\htdocs\skripsi\app\Controllers\Back\Rm.php(192): CodeIgniter\Model->insert(Array)
#8 C:\xampp\htdocs\skripsi\system\CodeIgniter.php(832): App\Controllers\back\Rm->simpandata()
#9 C:\xampp\htdocs\skripsi\system\CodeIgniter.php(419): CodeIgniter\CodeIgniter->runController(Object(App\Controllers\back\Rm))
#10 C:\xampp\htdocs\skripsi\system\CodeIgniter.php(326): CodeIgniter\CodeIgniter->handleRequest(NULL, Object(Config\Cache), false)
#11 C:\xampp\htdocs\skripsi\public\index.php(37): CodeIgniter\CodeIgniter->run()
#12 C:\xampp\htdocs\skripsi\system\Commands\Server\rewrite.php(43): require_once('C:\\xampp\\htdocs...')
#13 {main}
CRITICAL - 2023-01-19 10:34:58 --> var_dump() expects at least 1 argument, 0 given
#0 C:\xampp\htdocs\skripsi\app\Controllers\Back\Rm.php(181): var_dump()
#1 C:\xampp\htdocs\skripsi\system\CodeIgniter.php(832): App\Controllers\back\Rm->simpandata()
#2 C:\xampp\htdocs\skripsi\system\CodeIgniter.php(419): CodeIgniter\CodeIgniter->runController(Object(App\Controllers\back\Rm))
#3 C:\xampp\htdocs\skripsi\system\CodeIgniter.php(326): CodeIgniter\CodeIgniter->handleRequest(NULL, Object(Config\Cache), false)
#4 C:\xampp\htdocs\skripsi\public\index.php(37): CodeIgniter\CodeIgniter->run()
#5 C:\xampp\htdocs\skripsi\system\Commands\Server\rewrite.php(43): require_once('C:\\xampp\\htdocs...')
#6 {main}
CRITICAL - 2023-01-19 10:35:20 --> var_dump() expects at least 1 argument, 0 given
#0 C:\xampp\htdocs\skripsi\app\Controllers\Back\Rm.php(181): var_dump()
#1 C:\xampp\htdocs\skripsi\system\CodeIgniter.php(832): App\Controllers\back\Rm->simpandata()
#2 C:\xampp\htdocs\skripsi\system\CodeIgniter.php(419): CodeIgniter\CodeIgniter->runController(Object(App\Controllers\back\Rm))
#3 C:\xampp\htdocs\skripsi\system\CodeIgniter.php(326): CodeIgniter\CodeIgniter->handleRequest(NULL, Object(Config\Cache), false)
#4 C:\xampp\htdocs\skripsi\public\index.php(37): CodeIgniter\CodeIgniter->run()
#5 C:\xampp\htdocs\skripsi\system\Commands\Server\rewrite.php(43): require_once('C:\\xampp\\htdocs...')
#6 {main}
ERROR - 2023-01-19 10:35:37 --> Column 'pasien' cannot be null
CRITICAL - 2023-01-19 10:35:37 --> Column 'pasien' cannot be null
#0 C:\xampp\htdocs\skripsi\system\Database\MySQLi\Connection.php(292): mysqli->query('INSERT INTO `tb...', 0)
#1 C:\xampp\htdocs\skripsi\system\Database\BaseConnection.php(670): CodeIgniter\Database\MySQLi\Connection->execute('INSERT INTO `tb...')
#2 C:\xampp\htdocs\skripsi\system\Database\BaseConnection.php(598): CodeIgniter\Database\BaseConnection->simpleQuery('INSERT INTO `tb...')
#3 C:\xampp\htdocs\skripsi\system\Database\BaseBuilder.php(1771): CodeIgniter\Database\BaseConnection->query('INSERT INTO `tb...', Array, false)
#4 C:\xampp\htdocs\skripsi\system\Model.php(239): CodeIgniter\Database\BaseBuilder->insert()
#5 C:\xampp\htdocs\skripsi\system\BaseModel.php(738): CodeIgniter\Model->doInsert(Array)
#6 C:\xampp\htdocs\skripsi\system\Model.php(625): CodeIgniter\BaseModel->insert(Array, true)
#7 C:\xampp\htdocs\skripsi\app\Controllers\Back\Rm.php(194): CodeIgniter\Model->insert(Array)
#8 C:\xampp\htdocs\skripsi\system\CodeIgniter.php(832): App\Controllers\back\Rm->simpandata()
#9 C:\xampp\htdocs\skripsi\system\CodeIgniter.php(419): CodeIgniter\CodeIgniter->runController(Object(App\Controllers\back\Rm))
#10 C:\xampp\htdocs\skripsi\system\CodeIgniter.php(326): CodeIgniter\CodeIgniter->handleRequest(NULL, Object(Config\Cache), false)
#11 C:\xampp\htdocs\skripsi\public\index.php(37): CodeIgniter\CodeIgniter->run()
#12 C:\xampp\htdocs\skripsi\system\Commands\Server\rewrite.php(43): require_once('C:\\xampp\\htdocs...')
#13 {main}
CRITICAL - 2023-01-19 10:36:06 --> Trying to access array offset on value of type null
#0 C:\xampp\htdocs\skripsi\app\Controllers\Back\Pasien.php(270): CodeIgniter\Debug\Exceptions->errorHandler(2, 'Trying to acces...', 'C:\\xampp\\htdocs...', 270)
#1 C:\xampp\htdocs\skripsi\system\CodeIgniter.php(832): App\Controllers\back\Pasien->detail('path', 'to', 'font-awesome', 'css', 'font-awesome.mi...')
#2 C:\xampp\htdocs\skripsi\system\CodeIgniter.php(419): CodeIgniter\CodeIgniter->runController(Object(App\Controllers\back\Pasien))
#3 C:\xampp\htdocs\skripsi\system\CodeIgniter.php(326): CodeIgniter\CodeIgniter->handleRequest(NULL, Object(Config\Cache), false)
#4 C:\xampp\htdocs\skripsi\public\index.php(37): CodeIgniter\CodeIgniter->run()
#5 C:\xampp\htdocs\skripsi\system\Commands\Server\rewrite.php(43): require_once('C:\\xampp\\htdocs...')
#6 {main}
CRITICAL - 2023-01-19 10:37:08 --> Trying to access array offset on value of type null
#0 C:\xampp\htdocs\skripsi\app\Controllers\Back\Pasien.php(270): CodeIgniter\Debug\Exceptions->errorHandler(2, 'Trying to acces...', 'C:\\xampp\\htdocs...', 270)
#1 C:\xampp\htdocs\skripsi\system\CodeIgniter.php(832): App\Controllers\back\Pasien->detail('path', 'to', 'font-awesome', 'css', 'font-awesome.mi...')
#2 C:\xampp\htdocs\skripsi\system\CodeIgniter.php(419): CodeIgniter\CodeIgniter->runController(Object(App\Controllers\back\Pasien))
#3 C:\xampp\htdocs\skripsi\system\CodeIgniter.php(326): CodeIgniter\CodeIgniter->handleRequest(NULL, Object(Config\Cache), false)
#4 C:\xampp\htdocs\skripsi\public\index.php(37): CodeIgniter\CodeIgniter->run()
#5 C:\xampp\htdocs\skripsi\system\Commands\Server\rewrite.php(43): require_once('C:\\xampp\\htdocs...')
#6 {main}
CRITICAL - 2023-01-19 10:39:11 --> Trying to access array offset on value of type null
#0 C:\xampp\htdocs\skripsi\app\Controllers\Back\Pasien.php(270): CodeIgniter\Debug\Exceptions->errorHandler(2, 'Trying to acces...', 'C:\\xampp\\htdocs...', 270)
#1 C:\xampp\htdocs\skripsi\system\CodeIgniter.php(832): App\Controllers\back\Pasien->detail('path', 'to', 'font-awesome', 'css', 'font-awesome.mi...')
#2 C:\xampp\htdocs\skripsi\system\CodeIgniter.php(419): CodeIgniter\CodeIgniter->runController(Object(App\Controllers\back\Pasien))
#3 C:\xampp\htdocs\skripsi\system\CodeIgniter.php(326): CodeIgniter\CodeIgniter->handleRequest(NULL, Object(Config\Cache), false)
#4 C:\xampp\htdocs\skripsi\public\index.php(37): CodeIgniter\CodeIgniter->run()
#5 C:\xampp\htdocs\skripsi\system\Commands\Server\rewrite.php(43): require_once('C:\\xampp\\htdocs...')
#6 {main}
