CRITICAL - 2023-07-25 01:29:31 --> Class "App\Models\Modelakun" not found
#0 C:\xampp\htdocs\sistem-informasi-klinik - Copy\system\CodeIgniter.php(810): App\Controllers\BaseController->initController(Object(CodeIgniter\HTTP\IncomingRequest), Object(CodeIgniter\HTTP\Response), Object(CodeIgniter\Log\Logger))
#1 C:\xampp\htdocs\sistem-informasi-klinik - Copy\system\CodeIgniter.php(410): CodeIgniter\CodeIgniter->createController()
#2 C:\xampp\htdocs\sistem-informasi-klinik - Copy\system\CodeIgniter.php(326): CodeIgniter\CodeIgniter->handleRequest(NULL, Object(Config\Cache), false)
#3 C:\xampp\htdocs\sistem-informasi-klinik - Copy\public\index.php(37): CodeIgniter\CodeIgniter->run()
#4 C:\xampp\htdocs\sistem-informasi-klinik - Copy\system\Commands\Server\rewrite.php(43): require_once('C:\\xampp\\htdocs...')
#5 {main}
CRITICAL - 2023-07-25 01:30:08 --> Attempt to read property "role1" on null
#0 C:\xampp\htdocs\sistem-informasi-klinik - Copy\app\Views\Base\Menu.php(10): CodeIgniter\Debug\Exceptions->errorHandler(2, 'Attempt to read...', 'C:\\xampp\\htdocs...', 10)
#1 C:\xampp\htdocs\sistem-informasi-klinik - Copy\system\View\View.php(210): include('C:\\xampp\\htdocs...')
#2 C:\xampp\htdocs\sistem-informasi-klinik - Copy\system\View\View.php(213): CodeIgniter\View\View->CodeIgniter\View\{closure}()
#3 C:\xampp\htdocs\sistem-informasi-klinik - Copy\system\View\View.php(226): CodeIgniter\View\View->render('Base/Menu', Array, true)
#4 C:\xampp\htdocs\sistem-informasi-klinik - Copy\system\Common.php(1089): CodeIgniter\View\View->render('Page/Beranda', Array, true)
#5 C:\xampp\htdocs\sistem-informasi-klinik - Copy\app\Controllers\Homepage.php(16): view('Page/Beranda', Array)
#6 C:\xampp\htdocs\sistem-informasi-klinik - Copy\system\CodeIgniter.php(832): App\Controllers\Homepage->index()
#7 C:\xampp\htdocs\sistem-informasi-klinik - Copy\system\CodeIgniter.php(419): CodeIgniter\CodeIgniter->runController(Object(App\Controllers\Homepage))
#8 C:\xampp\htdocs\sistem-informasi-klinik - Copy\system\CodeIgniter.php(326): CodeIgniter\CodeIgniter->handleRequest(NULL, Object(Config\Cache), false)
#9 C:\xampp\htdocs\sistem-informasi-klinik - Copy\public\index.php(37): CodeIgniter\CodeIgniter->run()
#10 C:\xampp\htdocs\sistem-informasi-klinik - Copy\system\Commands\Server\rewrite.php(43): require_once('C:\\xampp\\htdocs...')
#11 {main}
CRITICAL - 2023-07-25 01:30:58 --> Attempt to read property "role1" on null
#0 C:\xampp\htdocs\sistem-informasi-klinik - Copy\app\Views\Base\Menu.php(10): CodeIgniter\Debug\Exceptions->errorHandler(2, 'Attempt to read...', 'C:\\xampp\\htdocs...', 10)
#1 C:\xampp\htdocs\sistem-informasi-klinik - Copy\system\View\View.php(210): include('C:\\xampp\\htdocs...')
#2 C:\xampp\htdocs\sistem-informasi-klinik - Copy\system\View\View.php(213): CodeIgniter\View\View->CodeIgniter\View\{closure}()
#3 C:\xampp\htdocs\sistem-informasi-klinik - Copy\system\View\View.php(226): CodeIgniter\View\View->render('Base/Menu', Array, true)
#4 C:\xampp\htdocs\sistem-informasi-klinik - Copy\system\Common.php(1089): CodeIgniter\View\View->render('Page/Beranda', Array, true)
#5 C:\xampp\htdocs\sistem-informasi-klinik - Copy\app\Controllers\Homepage.php(16): view('Page/Beranda', Array)
#6 C:\xampp\htdocs\sistem-informasi-klinik - Copy\system\CodeIgniter.php(832): App\Controllers\Homepage->index()
#7 C:\xampp\htdocs\sistem-informasi-klinik - Copy\system\CodeIgniter.php(419): CodeIgniter\CodeIgniter->runController(Object(App\Controllers\Homepage))
#8 C:\xampp\htdocs\sistem-informasi-klinik - Copy\system\CodeIgniter.php(326): CodeIgniter\CodeIgniter->handleRequest(NULL, Object(Config\Cache), false)
#9 C:\xampp\htdocs\sistem-informasi-klinik - Copy\public\index.php(37): CodeIgniter\CodeIgniter->run()
#10 C:\xampp\htdocs\sistem-informasi-klinik - Copy\system\Commands\Server\rewrite.php(43): require_once('C:\\xampp\\htdocs...')
#11 {main}
CRITICAL - 2023-07-25 01:32:11 --> Attempt to read property "nama_user" on null
#0 C:\xampp\htdocs\sistem-informasi-klinik - Copy\app\Views\Base\Main.php(105): CodeIgniter\Debug\Exceptions->errorHandler(2, 'Attempt to read...', 'C:\\xampp\\htdocs...', 105)
#1 C:\xampp\htdocs\sistem-informasi-klinik - Copy\system\View\View.php(210): include('C:\\xampp\\htdocs...')
#2 C:\xampp\htdocs\sistem-informasi-klinik - Copy\system\View\View.php(213): CodeIgniter\View\View->CodeIgniter\View\{closure}()
#3 C:\xampp\htdocs\sistem-informasi-klinik - Copy\system\View\View.php(226): CodeIgniter\View\View->render('Base/Main', Array, true)
#4 C:\xampp\htdocs\sistem-informasi-klinik - Copy\system\View\View.php(226): CodeIgniter\View\View->render('Base/Menu', Array, true)
#5 C:\xampp\htdocs\sistem-informasi-klinik - Copy\system\Common.php(1089): CodeIgniter\View\View->render('Page/Beranda', Array, true)
#6 C:\xampp\htdocs\sistem-informasi-klinik - Copy\app\Controllers\Homepage.php(16): view('Page/Beranda', Array)
#7 C:\xampp\htdocs\sistem-informasi-klinik - Copy\system\CodeIgniter.php(832): App\Controllers\Homepage->index()
#8 C:\xampp\htdocs\sistem-informasi-klinik - Copy\system\CodeIgniter.php(419): CodeIgniter\CodeIgniter->runController(Object(App\Controllers\Homepage))
#9 C:\xampp\htdocs\sistem-informasi-klinik - Copy\system\CodeIgniter.php(326): CodeIgniter\CodeIgniter->handleRequest(NULL, Object(Config\Cache), false)
#10 C:\xampp\htdocs\sistem-informasi-klinik - Copy\public\index.php(37): CodeIgniter\CodeIgniter->run()
#11 C:\xampp\htdocs\sistem-informasi-klinik - Copy\system\Commands\Server\rewrite.php(43): require_once('C:\\xampp\\htdocs...')
#12 {main}
CRITICAL - 2023-07-25 01:34:06 --> Undefined variable $row
#0 C:\xampp\htdocs\sistem-informasi-klinik - Copy\app\Views\Base\Main.php(96): CodeIgniter\Debug\Exceptions->errorHandler(2, 'Undefined varia...', 'C:\\xampp\\htdocs...', 96)
#1 C:\xampp\htdocs\sistem-informasi-klinik - Copy\system\View\View.php(210): include('C:\\xampp\\htdocs...')
#2 C:\xampp\htdocs\sistem-informasi-klinik - Copy\system\View\View.php(213): CodeIgniter\View\View->CodeIgniter\View\{closure}()
#3 C:\xampp\htdocs\sistem-informasi-klinik - Copy\system\View\View.php(226): CodeIgniter\View\View->render('Base/Main', Array, true)
#4 C:\xampp\htdocs\sistem-informasi-klinik - Copy\system\View\View.php(226): CodeIgniter\View\View->render('Base/Menu', Array, true)
#5 C:\xampp\htdocs\sistem-informasi-klinik - Copy\system\Common.php(1089): CodeIgniter\View\View->render('Page/Beranda', Array, true)
#6 C:\xampp\htdocs\sistem-informasi-klinik - Copy\app\Controllers\Homepage.php(16): view('Page/Beranda', Array)
#7 C:\xampp\htdocs\sistem-informasi-klinik - Copy\system\CodeIgniter.php(832): App\Controllers\Homepage->index()
#8 C:\xampp\htdocs\sistem-informasi-klinik - Copy\system\CodeIgniter.php(419): CodeIgniter\CodeIgniter->runController(Object(App\Controllers\Homepage))
#9 C:\xampp\htdocs\sistem-informasi-klinik - Copy\system\CodeIgniter.php(326): CodeIgniter\CodeIgniter->handleRequest(NULL, Object(Config\Cache), false)
#10 C:\xampp\htdocs\sistem-informasi-klinik - Copy\public\index.php(37): CodeIgniter\CodeIgniter->run()
#11 C:\xampp\htdocs\sistem-informasi-klinik - Copy\system\Commands\Server\rewrite.php(43): require_once('C:\\xampp\\htdocs...')
#12 {main}
ERROR - 2023-07-25 01:52:59 --> Table 'skripsi.klub' doesn't exist
CRITICAL - 2023-07-25 01:52:59 --> Table 'skripsi.klub' doesn't exist
#0 C:\xampp\htdocs\sistem-informasi-klinik - Copy\system\Database\MySQLi\Connection.php(292): mysqli->query('SELECT *\nFROM `...', 0)
#1 C:\xampp\htdocs\sistem-informasi-klinik - Copy\system\Database\BaseConnection.php(670): CodeIgniter\Database\MySQLi\Connection->execute('SELECT *\nFROM `...')
#2 C:\xampp\htdocs\sistem-informasi-klinik - Copy\system\Database\BaseConnection.php(598): CodeIgniter\Database\BaseConnection->simpleQuery('SELECT *\nFROM `...')
#3 C:\xampp\htdocs\sistem-informasi-klinik - Copy\system\Database\BaseBuilder.php(1455): CodeIgniter\Database\BaseConnection->query('SELECT *\nFROM `...', Array, false)
#4 C:\xampp\htdocs\sistem-informasi-klinik - Copy\system\Model.php(183): CodeIgniter\Database\BaseBuilder->get()
#5 C:\xampp\htdocs\sistem-informasi-klinik - Copy\system\BaseModel.php(584): CodeIgniter\Model->doFindAll(0, 0)
#6 C:\xampp\htdocs\sistem-informasi-klinik - Copy\app\Controllers\Klub.php(23): CodeIgniter\BaseModel->findAll()
#7 C:\xampp\htdocs\sistem-informasi-klinik - Copy\system\CodeIgniter.php(832): App\Controllers\Klub->ambildata()
#8 C:\xampp\htdocs\sistem-informasi-klinik - Copy\system\CodeIgniter.php(419): CodeIgniter\CodeIgniter->runController(Object(App\Controllers\Klub))
#9 C:\xampp\htdocs\sistem-informasi-klinik - Copy\system\CodeIgniter.php(326): CodeIgniter\CodeIgniter->handleRequest(NULL, Object(Config\Cache), false)
#10 C:\xampp\htdocs\sistem-informasi-klinik - Copy\public\index.php(37): CodeIgniter\CodeIgniter->run()
#11 C:\xampp\htdocs\sistem-informasi-klinik - Copy\system\Commands\Server\rewrite.php(43): require_once('C:\\xampp\\htdocs...')
#12 {main}
ERROR - 2023-07-25 01:55:03 --> Table 'skripsi.klub' doesn't exist
CRITICAL - 2023-07-25 01:55:03 --> Table 'skripsi.klub' doesn't exist
#0 C:\xampp\htdocs\sistem-informasi-klinik - Copy\system\Database\MySQLi\Connection.php(292): mysqli->query('SELECT *\nFROM `...', 0)
#1 C:\xampp\htdocs\sistem-informasi-klinik - Copy\system\Database\BaseConnection.php(670): CodeIgniter\Database\MySQLi\Connection->execute('SELECT *\nFROM `...')
#2 C:\xampp\htdocs\sistem-informasi-klinik - Copy\system\Database\BaseConnection.php(598): CodeIgniter\Database\BaseConnection->simpleQuery('SELECT *\nFROM `...')
#3 C:\xampp\htdocs\sistem-informasi-klinik - Copy\system\Database\BaseBuilder.php(1455): CodeIgniter\Database\BaseConnection->query('SELECT *\nFROM `...', Array, false)
#4 C:\xampp\htdocs\sistem-informasi-klinik - Copy\system\Model.php(183): CodeIgniter\Database\BaseBuilder->get()
#5 C:\xampp\htdocs\sistem-informasi-klinik - Copy\system\BaseModel.php(584): CodeIgniter\Model->doFindAll(0, 0)
#6 C:\xampp\htdocs\sistem-informasi-klinik - Copy\app\Controllers\Klub.php(23): CodeIgniter\BaseModel->findAll()
#7 C:\xampp\htdocs\sistem-informasi-klinik - Copy\system\CodeIgniter.php(832): App\Controllers\Klub->ambildata()
#8 C:\xampp\htdocs\sistem-informasi-klinik - Copy\system\CodeIgniter.php(419): CodeIgniter\CodeIgniter->runController(Object(App\Controllers\Klub))
#9 C:\xampp\htdocs\sistem-informasi-klinik - Copy\system\CodeIgniter.php(326): CodeIgniter\CodeIgniter->handleRequest(NULL, Object(Config\Cache), false)
#10 C:\xampp\htdocs\sistem-informasi-klinik - Copy\public\index.php(37): CodeIgniter\CodeIgniter->run()
#11 C:\xampp\htdocs\sistem-informasi-klinik - Copy\system\Commands\Server\rewrite.php(43): require_once('C:\\xampp\\htdocs...')
#12 {main}
ERROR - 2023-07-25 01:55:24 --> Table 'skripsi.klub' doesn't exist
CRITICAL - 2023-07-25 01:55:24 --> Table 'skripsi.klub' doesn't exist
#0 C:\xampp\htdocs\sistem-informasi-klinik - Copy\system\Database\MySQLi\Connection.php(292): mysqli->query('SELECT *\nFROM `...', 0)
#1 C:\xampp\htdocs\sistem-informasi-klinik - Copy\system\Database\BaseConnection.php(670): CodeIgniter\Database\MySQLi\Connection->execute('SELECT *\nFROM `...')
#2 C:\xampp\htdocs\sistem-informasi-klinik - Copy\system\Database\BaseConnection.php(598): CodeIgniter\Database\BaseConnection->simpleQuery('SELECT *\nFROM `...')
#3 C:\xampp\htdocs\sistem-informasi-klinik - Copy\system\Database\BaseBuilder.php(1455): CodeIgniter\Database\BaseConnection->query('SELECT *\nFROM `...', Array, false)
#4 C:\xampp\htdocs\sistem-informasi-klinik - Copy\system\Model.php(183): CodeIgniter\Database\BaseBuilder->get()
#5 C:\xampp\htdocs\sistem-informasi-klinik - Copy\system\BaseModel.php(584): CodeIgniter\Model->doFindAll(0, 0)
#6 C:\xampp\htdocs\sistem-informasi-klinik - Copy\app\Controllers\Klub.php(23): CodeIgniter\BaseModel->findAll()
#7 C:\xampp\htdocs\sistem-informasi-klinik - Copy\system\CodeIgniter.php(832): App\Controllers\Klub->ambildata()
#8 C:\xampp\htdocs\sistem-informasi-klinik - Copy\system\CodeIgniter.php(419): CodeIgniter\CodeIgniter->runController(Object(App\Controllers\Klub))
#9 C:\xampp\htdocs\sistem-informasi-klinik - Copy\system\CodeIgniter.php(326): CodeIgniter\CodeIgniter->handleRequest(NULL, Object(Config\Cache), false)
#10 C:\xampp\htdocs\sistem-informasi-klinik - Copy\public\index.php(37): CodeIgniter\CodeIgniter->run()
#11 C:\xampp\htdocs\sistem-informasi-klinik - Copy\system\Commands\Server\rewrite.php(43): require_once('C:\\xampp\\htdocs...')
#12 {main}
CRITICAL - 2023-07-25 02:30:02 --> Cannot use empty array elements in arrays
#0 [internal function]: CodeIgniter\Debug\Exceptions->shutdownHandler()
#1 {main}
ERROR - 2023-07-25 02:30:58 --> Not unique table/alias: 'klub'
CRITICAL - 2023-07-25 02:30:58 --> Not unique table/alias: 'klub'
#0 C:\xampp\htdocs\sistem-informasi-klinik - Copy\system\Database\MySQLi\Connection.php(292): mysqli->query('SELECT *\nFROM `...', 0)
#1 C:\xampp\htdocs\sistem-informasi-klinik - Copy\system\Database\BaseConnection.php(670): CodeIgniter\Database\MySQLi\Connection->execute('SELECT *\nFROM `...')
#2 C:\xampp\htdocs\sistem-informasi-klinik - Copy\system\Database\BaseConnection.php(598): CodeIgniter\Database\BaseConnection->simpleQuery('SELECT *\nFROM `...')
#3 C:\xampp\htdocs\sistem-informasi-klinik - Copy\system\Database\BaseBuilder.php(1455): CodeIgniter\Database\BaseConnection->query('SELECT *\nFROM `...', Array, false)
#4 C:\xampp\htdocs\sistem-informasi-klinik - Copy\app\Models\Modeldatapertandingan.php(57): CodeIgniter\Database\BaseBuilder->get()
#5 C:\xampp\htdocs\sistem-informasi-klinik - Copy\app\Controllers\Pertandingan.php(38): App\Models\Modeldatapertandingan->get_datatables()
#6 C:\xampp\htdocs\sistem-informasi-klinik - Copy\system\CodeIgniter.php(832): App\Controllers\Pertandingan->listdata()
#7 C:\xampp\htdocs\sistem-informasi-klinik - Copy\system\CodeIgniter.php(419): CodeIgniter\CodeIgniter->runController(Object(App\Controllers\Pertandingan))
#8 C:\xampp\htdocs\sistem-informasi-klinik - Copy\system\CodeIgniter.php(326): CodeIgniter\CodeIgniter->handleRequest(NULL, Object(Config\Cache), false)
#9 C:\xampp\htdocs\sistem-informasi-klinik - Copy\public\index.php(37): CodeIgniter\CodeIgniter->run()
#10 C:\xampp\htdocs\sistem-informasi-klinik - Copy\system\Commands\Server\rewrite.php(43): require_once('C:\\xampp\\htdocs...')
#11 {main}
ERROR - 2023-07-25 02:59:57 --> You have an error in your SQL syntax; check the manual that corresponds to your MariaDB server version for the right syntax to use near 'OR klub1= AND klub2=1' at line 1
CRITICAL - 2023-07-25 02:59:57 --> You have an error in your SQL syntax; check the manual that corresponds to your MariaDB server version for the right syntax to use near 'OR klub1= AND klub2=1' at line 1
#0 C:\xampp\htdocs\sistem-informasi-klinik - Copy\system\Database\MySQLi\Connection.php(292): mysqli->query('SELECT * FROM p...', 0)
#1 C:\xampp\htdocs\sistem-informasi-klinik - Copy\system\Database\BaseConnection.php(670): CodeIgniter\Database\MySQLi\Connection->execute('SELECT * FROM p...')
#2 C:\xampp\htdocs\sistem-informasi-klinik - Copy\system\Database\BaseConnection.php(598): CodeIgniter\Database\BaseConnection->simpleQuery('SELECT * FROM p...')
#3 C:\xampp\htdocs\sistem-informasi-klinik - Copy\app\Controllers\Pertandingan.php(86): CodeIgniter\Database\BaseConnection->query('SELECT * FROM p...')
#4 C:\xampp\htdocs\sistem-informasi-klinik - Copy\system\CodeIgniter.php(832): App\Controllers\Pertandingan->simpandata()
#5 C:\xampp\htdocs\sistem-informasi-klinik - Copy\system\CodeIgniter.php(419): CodeIgniter\CodeIgniter->runController(Object(App\Controllers\Pertandingan))
#6 C:\xampp\htdocs\sistem-informasi-klinik - Copy\system\CodeIgniter.php(326): CodeIgniter\CodeIgniter->handleRequest(NULL, Object(Config\Cache), false)
#7 C:\xampp\htdocs\sistem-informasi-klinik - Copy\public\index.php(37): CodeIgniter\CodeIgniter->run()
#8 C:\xampp\htdocs\sistem-informasi-klinik - Copy\system\Commands\Server\rewrite.php(43): require_once('C:\\xampp\\htdocs...')
#9 {main}
ERROR - 2023-07-25 03:00:01 --> You have an error in your SQL syntax; check the manual that corresponds to your MariaDB server version for the right syntax to use near 'OR klub1= AND klub2=1' at line 1
CRITICAL - 2023-07-25 03:00:01 --> You have an error in your SQL syntax; check the manual that corresponds to your MariaDB server version for the right syntax to use near 'OR klub1= AND klub2=1' at line 1
#0 C:\xampp\htdocs\sistem-informasi-klinik - Copy\system\Database\MySQLi\Connection.php(292): mysqli->query('SELECT * FROM p...', 0)
#1 C:\xampp\htdocs\sistem-informasi-klinik - Copy\system\Database\BaseConnection.php(670): CodeIgniter\Database\MySQLi\Connection->execute('SELECT * FROM p...')
#2 C:\xampp\htdocs\sistem-informasi-klinik - Copy\system\Database\BaseConnection.php(598): CodeIgniter\Database\BaseConnection->simpleQuery('SELECT * FROM p...')
#3 C:\xampp\htdocs\sistem-informasi-klinik - Copy\app\Controllers\Pertandingan.php(86): CodeIgniter\Database\BaseConnection->query('SELECT * FROM p...')
#4 C:\xampp\htdocs\sistem-informasi-klinik - Copy\system\CodeIgniter.php(832): App\Controllers\Pertandingan->simpandata()
#5 C:\xampp\htdocs\sistem-informasi-klinik - Copy\system\CodeIgniter.php(419): CodeIgniter\CodeIgniter->runController(Object(App\Controllers\Pertandingan))
#6 C:\xampp\htdocs\sistem-informasi-klinik - Copy\system\CodeIgniter.php(326): CodeIgniter\CodeIgniter->handleRequest(NULL, Object(Config\Cache), false)
#7 C:\xampp\htdocs\sistem-informasi-klinik - Copy\public\index.php(37): CodeIgniter\CodeIgniter->run()
#8 C:\xampp\htdocs\sistem-informasi-klinik - Copy\system\Commands\Server\rewrite.php(43): require_once('C:\\xampp\\htdocs...')
#9 {main}
ERROR - 2023-07-25 03:01:40 --> You have an error in your SQL syntax; check the manual that corresponds to your MariaDB server version for the right syntax to use near 'OR klub1= AND klub2=1' at line 1
CRITICAL - 2023-07-25 03:01:40 --> You have an error in your SQL syntax; check the manual that corresponds to your MariaDB server version for the right syntax to use near 'OR klub1= AND klub2=1' at line 1
#0 C:\xampp\htdocs\sistem-informasi-klinik - Copy\system\Database\MySQLi\Connection.php(292): mysqli->query('SELECT * FROM p...', 0)
#1 C:\xampp\htdocs\sistem-informasi-klinik - Copy\system\Database\BaseConnection.php(670): CodeIgniter\Database\MySQLi\Connection->execute('SELECT * FROM p...')
#2 C:\xampp\htdocs\sistem-informasi-klinik - Copy\system\Database\BaseConnection.php(598): CodeIgniter\Database\BaseConnection->simpleQuery('SELECT * FROM p...')
#3 C:\xampp\htdocs\sistem-informasi-klinik - Copy\app\Controllers\Pertandingan.php(86): CodeIgniter\Database\BaseConnection->query('SELECT * FROM p...')
#4 C:\xampp\htdocs\sistem-informasi-klinik - Copy\system\CodeIgniter.php(832): App\Controllers\Pertandingan->simpandata()
#5 C:\xampp\htdocs\sistem-informasi-klinik - Copy\system\CodeIgniter.php(419): CodeIgniter\CodeIgniter->runController(Object(App\Controllers\Pertandingan))
#6 C:\xampp\htdocs\sistem-informasi-klinik - Copy\system\CodeIgniter.php(326): CodeIgniter\CodeIgniter->handleRequest(NULL, Object(Config\Cache), false)
#7 C:\xampp\htdocs\sistem-informasi-klinik - Copy\public\index.php(37): CodeIgniter\CodeIgniter->run()
#8 C:\xampp\htdocs\sistem-informasi-klinik - Copy\system\Commands\Server\rewrite.php(43): require_once('C:\\xampp\\htdocs...')
#9 {main}
ERROR - 2023-07-25 03:02:11 --> You have an error in your SQL syntax; check the manual that corresponds to your MariaDB server version for the right syntax to use near 'OR klub1= AND klub2=1' at line 1
CRITICAL - 2023-07-25 03:02:11 --> You have an error in your SQL syntax; check the manual that corresponds to your MariaDB server version for the right syntax to use near 'OR klub1= AND klub2=1' at line 1
#0 C:\xampp\htdocs\sistem-informasi-klinik - Copy\system\Database\MySQLi\Connection.php(292): mysqli->query('SELECT * FROM p...', 0)
#1 C:\xampp\htdocs\sistem-informasi-klinik - Copy\system\Database\BaseConnection.php(670): CodeIgniter\Database\MySQLi\Connection->execute('SELECT * FROM p...')
#2 C:\xampp\htdocs\sistem-informasi-klinik - Copy\system\Database\BaseConnection.php(598): CodeIgniter\Database\BaseConnection->simpleQuery('SELECT * FROM p...')
#3 C:\xampp\htdocs\sistem-informasi-klinik - Copy\app\Controllers\Pertandingan.php(86): CodeIgniter\Database\BaseConnection->query('SELECT * FROM p...')
#4 C:\xampp\htdocs\sistem-informasi-klinik - Copy\system\CodeIgniter.php(832): App\Controllers\Pertandingan->simpandata()
#5 C:\xampp\htdocs\sistem-informasi-klinik - Copy\system\CodeIgniter.php(419): CodeIgniter\CodeIgniter->runController(Object(App\Controllers\Pertandingan))
#6 C:\xampp\htdocs\sistem-informasi-klinik - Copy\system\CodeIgniter.php(326): CodeIgniter\CodeIgniter->handleRequest(NULL, Object(Config\Cache), false)
#7 C:\xampp\htdocs\sistem-informasi-klinik - Copy\public\index.php(37): CodeIgniter\CodeIgniter->run()
#8 C:\xampp\htdocs\sistem-informasi-klinik - Copy\system\Commands\Server\rewrite.php(43): require_once('C:\\xampp\\htdocs...')
#9 {main}
ERROR - 2023-07-25 03:02:14 --> You have an error in your SQL syntax; check the manual that corresponds to your MariaDB server version for the right syntax to use near 'OR klub1= AND klub2=1' at line 1
CRITICAL - 2023-07-25 03:02:14 --> You have an error in your SQL syntax; check the manual that corresponds to your MariaDB server version for the right syntax to use near 'OR klub1= AND klub2=1' at line 1
#0 C:\xampp\htdocs\sistem-informasi-klinik - Copy\system\Database\MySQLi\Connection.php(292): mysqli->query('SELECT * FROM p...', 0)
#1 C:\xampp\htdocs\sistem-informasi-klinik - Copy\system\Database\BaseConnection.php(670): CodeIgniter\Database\MySQLi\Connection->execute('SELECT * FROM p...')
#2 C:\xampp\htdocs\sistem-informasi-klinik - Copy\system\Database\BaseConnection.php(598): CodeIgniter\Database\BaseConnection->simpleQuery('SELECT * FROM p...')
#3 C:\xampp\htdocs\sistem-informasi-klinik - Copy\app\Controllers\Pertandingan.php(86): CodeIgniter\Database\BaseConnection->query('SELECT * FROM p...')
#4 C:\xampp\htdocs\sistem-informasi-klinik - Copy\system\CodeIgniter.php(832): App\Controllers\Pertandingan->simpandata()
#5 C:\xampp\htdocs\sistem-informasi-klinik - Copy\system\CodeIgniter.php(419): CodeIgniter\CodeIgniter->runController(Object(App\Controllers\Pertandingan))
#6 C:\xampp\htdocs\sistem-informasi-klinik - Copy\system\CodeIgniter.php(326): CodeIgniter\CodeIgniter->handleRequest(NULL, Object(Config\Cache), false)
#7 C:\xampp\htdocs\sistem-informasi-klinik - Copy\public\index.php(37): CodeIgniter\CodeIgniter->run()
#8 C:\xampp\htdocs\sistem-informasi-klinik - Copy\system\Commands\Server\rewrite.php(43): require_once('C:\\xampp\\htdocs...')
#9 {main}
ERROR - 2023-07-25 03:20:50 --> Column 'nama_klub' cannot be null
CRITICAL - 2023-07-25 03:20:50 --> Column 'nama_klub' cannot be null
#0 C:\xampp\htdocs\sistem-informasi-klinik - Copy\system\Database\MySQLi\Connection.php(292): mysqli->query('INSERT INTO `kl...', 0)
#1 C:\xampp\htdocs\sistem-informasi-klinik - Copy\system\Database\BaseConnection.php(670): CodeIgniter\Database\MySQLi\Connection->execute('INSERT INTO `kl...')
#2 C:\xampp\htdocs\sistem-informasi-klinik - Copy\system\Database\BaseConnection.php(598): CodeIgniter\Database\BaseConnection->simpleQuery('INSERT INTO `kl...')
#3 C:\xampp\htdocs\sistem-informasi-klinik - Copy\system\Database\BaseBuilder.php(1771): CodeIgniter\Database\BaseConnection->query('INSERT INTO `kl...', Array, false)
#4 C:\xampp\htdocs\sistem-informasi-klinik - Copy\system\Model.php(239): CodeIgniter\Database\BaseBuilder->insert()
#5 C:\xampp\htdocs\sistem-informasi-klinik - Copy\system\BaseModel.php(738): CodeIgniter\Model->doInsert(Array)
#6 C:\xampp\htdocs\sistem-informasi-klinik - Copy\system\Model.php(625): CodeIgniter\BaseModel->insert(Array, true)
#7 C:\xampp\htdocs\sistem-informasi-klinik - Copy\app\Controllers\Pertandingan.php(144): CodeIgniter\Model->insert(Array)
#8 C:\xampp\htdocs\sistem-informasi-klinik - Copy\system\CodeIgniter.php(832): App\Controllers\Pertandingan->simpandata()
#9 C:\xampp\htdocs\sistem-informasi-klinik - Copy\system\CodeIgniter.php(419): CodeIgniter\CodeIgniter->runController(Object(App\Controllers\Pertandingan))
#10 C:\xampp\htdocs\sistem-informasi-klinik - Copy\system\CodeIgniter.php(326): CodeIgniter\CodeIgniter->handleRequest(NULL, Object(Config\Cache), false)
#11 C:\xampp\htdocs\sistem-informasi-klinik - Copy\public\index.php(37): CodeIgniter\CodeIgniter->run()
#12 C:\xampp\htdocs\sistem-informasi-klinik - Copy\system\Commands\Server\rewrite.php(43): require_once('C:\\xampp\\htdocs...')
#13 {main}
ERROR - 2023-07-25 03:30:24 --> Unknown column 'persib' in 'where clause'
CRITICAL - 2023-07-25 03:30:24 --> Unknown column 'persib' in 'where clause'
#0 C:\xampp\htdocs\sistem-informasi-klinik - Copy\system\Database\MySQLi\Connection.php(292): mysqli->query('SELECT * FROM k...', 0)
#1 C:\xampp\htdocs\sistem-informasi-klinik - Copy\system\Database\BaseConnection.php(670): CodeIgniter\Database\MySQLi\Connection->execute('SELECT * FROM k...')
#2 C:\xampp\htdocs\sistem-informasi-klinik - Copy\system\Database\BaseConnection.php(598): CodeIgniter\Database\BaseConnection->simpleQuery('SELECT * FROM k...')
#3 C:\xampp\htdocs\sistem-informasi-klinik - Copy\app\Controllers\Klub.php(111): CodeIgniter\Database\BaseConnection->query('SELECT * FROM k...')
#4 C:\xampp\htdocs\sistem-informasi-klinik - Copy\system\CodeIgniter.php(832): App\Controllers\Klub->simpandata()
#5 C:\xampp\htdocs\sistem-informasi-klinik - Copy\system\CodeIgniter.php(419): CodeIgniter\CodeIgniter->runController(Object(App\Controllers\Klub))
#6 C:\xampp\htdocs\sistem-informasi-klinik - Copy\system\CodeIgniter.php(326): CodeIgniter\CodeIgniter->handleRequest(NULL, Object(Config\Cache), false)
#7 C:\xampp\htdocs\sistem-informasi-klinik - Copy\public\index.php(37): CodeIgniter\CodeIgniter->run()
#8 C:\xampp\htdocs\sistem-informasi-klinik - Copy\system\Commands\Server\rewrite.php(43): require_once('C:\\xampp\\htdocs...')
#9 {main}
CRITICAL - 2023-07-25 03:31:30 --> Undefined property: stdClass::$ud_klub
#0 C:\xampp\htdocs\sistem-informasi-klinik - Copy\app\Controllers\Klub.php(114): CodeIgniter\Debug\Exceptions->errorHandler(2, 'Undefined prope...', 'C:\\xampp\\htdocs...', 114)
#1 C:\xampp\htdocs\sistem-informasi-klinik - Copy\system\CodeIgniter.php(832): App\Controllers\Klub->simpandata()
#2 C:\xampp\htdocs\sistem-informasi-klinik - Copy\system\CodeIgniter.php(419): CodeIgniter\CodeIgniter->runController(Object(App\Controllers\Klub))
#3 C:\xampp\htdocs\sistem-informasi-klinik - Copy\system\CodeIgniter.php(326): CodeIgniter\CodeIgniter->handleRequest(NULL, Object(Config\Cache), false)
#4 C:\xampp\htdocs\sistem-informasi-klinik - Copy\public\index.php(37): CodeIgniter\CodeIgniter->run()
#5 C:\xampp\htdocs\sistem-informasi-klinik - Copy\system\Commands\Server\rewrite.php(43): require_once('C:\\xampp\\htdocs...')
#6 {main}
ERROR - 2023-07-25 04:23:15 --> Table 'sepakbola.tbl_keahlian' doesn't exist
CRITICAL - 2023-07-25 04:23:15 --> Table 'sepakbola.tbl_keahlian' doesn't exist
#0 C:\xampp\htdocs\sistem-informasi-klinik - Copy\system\Database\MySQLi\Connection.php(292): mysqli->query('SELECT * from t...', 0)
#1 C:\xampp\htdocs\sistem-informasi-klinik - Copy\system\Database\BaseConnection.php(670): CodeIgniter\Database\MySQLi\Connection->execute('SELECT * from t...')
#2 C:\xampp\htdocs\sistem-informasi-klinik - Copy\system\Database\BaseConnection.php(598): CodeIgniter\Database\BaseConnection->simpleQuery('SELECT * from t...')
#3 C:\xampp\htdocs\sistem-informasi-klinik - Copy\app\Views\Page\Pertandingan\modaltambahbanyak.php(37): CodeIgniter\Database\BaseConnection->query('SELECT * from t...')
#4 C:\xampp\htdocs\sistem-informasi-klinik - Copy\system\View\View.php(210): include('C:\\xampp\\htdocs...')
#5 C:\xampp\htdocs\sistem-informasi-klinik - Copy\system\View\View.php(213): CodeIgniter\View\View->CodeIgniter\View\{closure}()
#6 C:\xampp\htdocs\sistem-informasi-klinik - Copy\system\Common.php(1089): CodeIgniter\View\View->render('Page/Pertanding...', Array, true)
#7 C:\xampp\htdocs\sistem-informasi-klinik - Copy\app\Controllers\Pertandingan.php(83): view('Page/Pertanding...')
#8 C:\xampp\htdocs\sistem-informasi-klinik - Copy\system\CodeIgniter.php(832): App\Controllers\Pertandingan->formtambahbanyak()
#9 C:\xampp\htdocs\sistem-informasi-klinik - Copy\system\CodeIgniter.php(419): CodeIgniter\CodeIgniter->runController(Object(App\Controllers\Pertandingan))
#10 C:\xampp\htdocs\sistem-informasi-klinik - Copy\system\CodeIgniter.php(326): CodeIgniter\CodeIgniter->handleRequest(NULL, Object(Config\Cache), false)
#11 C:\xampp\htdocs\sistem-informasi-klinik - Copy\public\index.php(37): CodeIgniter\CodeIgniter->run()
#12 C:\xampp\htdocs\sistem-informasi-klinik - Copy\system\Commands\Server\rewrite.php(43): require_once('C:\\xampp\\htdocs...')
#13 {main}
ERROR - 2023-07-25 04:23:20 --> Table 'sepakbola.tbl_keahlian' doesn't exist
CRITICAL - 2023-07-25 04:23:20 --> Table 'sepakbola.tbl_keahlian' doesn't exist
#0 C:\xampp\htdocs\sistem-informasi-klinik - Copy\system\Database\MySQLi\Connection.php(292): mysqli->query('SELECT * from t...', 0)
#1 C:\xampp\htdocs\sistem-informasi-klinik - Copy\system\Database\BaseConnection.php(670): CodeIgniter\Database\MySQLi\Connection->execute('SELECT * from t...')
#2 C:\xampp\htdocs\sistem-informasi-klinik - Copy\system\Database\BaseConnection.php(598): CodeIgniter\Database\BaseConnection->simpleQuery('SELECT * from t...')
#3 C:\xampp\htdocs\sistem-informasi-klinik - Copy\app\Views\Page\Pertandingan\modaltambahbanyak.php(37): CodeIgniter\Database\BaseConnection->query('SELECT * from t...')
#4 C:\xampp\htdocs\sistem-informasi-klinik - Copy\system\View\View.php(210): include('C:\\xampp\\htdocs...')
#5 C:\xampp\htdocs\sistem-informasi-klinik - Copy\system\View\View.php(213): CodeIgniter\View\View->CodeIgniter\View\{closure}()
#6 C:\xampp\htdocs\sistem-informasi-klinik - Copy\system\Common.php(1089): CodeIgniter\View\View->render('Page/Pertanding...', Array, true)
#7 C:\xampp\htdocs\sistem-informasi-klinik - Copy\app\Controllers\Pertandingan.php(83): view('Page/Pertanding...')
#8 C:\xampp\htdocs\sistem-informasi-klinik - Copy\system\CodeIgniter.php(832): App\Controllers\Pertandingan->formtambahbanyak()
#9 C:\xampp\htdocs\sistem-informasi-klinik - Copy\system\CodeIgniter.php(419): CodeIgniter\CodeIgniter->runController(Object(App\Controllers\Pertandingan))
#10 C:\xampp\htdocs\sistem-informasi-klinik - Copy\system\CodeIgniter.php(326): CodeIgniter\CodeIgniter->handleRequest(NULL, Object(Config\Cache), false)
#11 C:\xampp\htdocs\sistem-informasi-klinik - Copy\public\index.php(37): CodeIgniter\CodeIgniter->run()
#12 C:\xampp\htdocs\sistem-informasi-klinik - Copy\system\Commands\Server\rewrite.php(43): require_once('C:\\xampp\\htdocs...')
#13 {main}
ERROR - 2023-07-25 04:23:27 --> Table 'sepakbola.tbl_keahlian' doesn't exist
CRITICAL - 2023-07-25 04:23:27 --> Table 'sepakbola.tbl_keahlian' doesn't exist
#0 C:\xampp\htdocs\sistem-informasi-klinik - Copy\system\Database\MySQLi\Connection.php(292): mysqli->query('SELECT * from t...', 0)
#1 C:\xampp\htdocs\sistem-informasi-klinik - Copy\system\Database\BaseConnection.php(670): CodeIgniter\Database\MySQLi\Connection->execute('SELECT * from t...')
#2 C:\xampp\htdocs\sistem-informasi-klinik - Copy\system\Database\BaseConnection.php(598): CodeIgniter\Database\BaseConnection->simpleQuery('SELECT * from t...')
#3 C:\xampp\htdocs\sistem-informasi-klinik - Copy\app\Views\Page\Pertandingan\modaltambahbanyak.php(37): CodeIgniter\Database\BaseConnection->query('SELECT * from t...')
#4 C:\xampp\htdocs\sistem-informasi-klinik - Copy\system\View\View.php(210): include('C:\\xampp\\htdocs...')
#5 C:\xampp\htdocs\sistem-informasi-klinik - Copy\system\View\View.php(213): CodeIgniter\View\View->CodeIgniter\View\{closure}()
#6 C:\xampp\htdocs\sistem-informasi-klinik - Copy\system\Common.php(1089): CodeIgniter\View\View->render('Page/Pertanding...', Array, true)
#7 C:\xampp\htdocs\sistem-informasi-klinik - Copy\app\Controllers\Pertandingan.php(83): view('Page/Pertanding...')
#8 C:\xampp\htdocs\sistem-informasi-klinik - Copy\system\CodeIgniter.php(832): App\Controllers\Pertandingan->formtambahbanyak()
#9 C:\xampp\htdocs\sistem-informasi-klinik - Copy\system\CodeIgniter.php(419): CodeIgniter\CodeIgniter->runController(Object(App\Controllers\Pertandingan))
#10 C:\xampp\htdocs\sistem-informasi-klinik - Copy\system\CodeIgniter.php(326): CodeIgniter\CodeIgniter->handleRequest(NULL, Object(Config\Cache), false)
#11 C:\xampp\htdocs\sistem-informasi-klinik - Copy\public\index.php(37): CodeIgniter\CodeIgniter->run()
#12 C:\xampp\htdocs\sistem-informasi-klinik - Copy\system\Commands\Server\rewrite.php(43): require_once('C:\\xampp\\htdocs...')
#13 {main}
CRITICAL - 2023-07-25 05:08:15 --> Undefined variable $klub2
#0 C:\xampp\htdocs\sistem-informasi-klinik - Copy\app\Controllers\Pertandingan.php(249): CodeIgniter\Debug\Exceptions->errorHandler(2, 'Undefined varia...', 'C:\\xampp\\htdocs...', 249)
#1 C:\xampp\htdocs\sistem-informasi-klinik - Copy\system\CodeIgniter.php(832): App\Controllers\Pertandingan->simpandatabanyak()
#2 C:\xampp\htdocs\sistem-informasi-klinik - Copy\system\CodeIgniter.php(419): CodeIgniter\CodeIgniter->runController(Object(App\Controllers\Pertandingan))
#3 C:\xampp\htdocs\sistem-informasi-klinik - Copy\system\CodeIgniter.php(326): CodeIgniter\CodeIgniter->handleRequest(NULL, Object(Config\Cache), false)
#4 C:\xampp\htdocs\sistem-informasi-klinik - Copy\public\index.php(37): CodeIgniter\CodeIgniter->run()
#5 C:\xampp\htdocs\sistem-informasi-klinik - Copy\system\Commands\Server\rewrite.php(43): require_once('C:\\xampp\\htdocs...')
#6 {main}
CRITICAL - 2023-07-25 05:08:55 --> Undefined variable $klub2
#0 C:\xampp\htdocs\sistem-informasi-klinik - Copy\app\Controllers\Pertandingan.php(249): CodeIgniter\Debug\Exceptions->errorHandler(2, 'Undefined varia...', 'C:\\xampp\\htdocs...', 249)
#1 C:\xampp\htdocs\sistem-informasi-klinik - Copy\system\CodeIgniter.php(832): App\Controllers\Pertandingan->simpandatabanyak()
#2 C:\xampp\htdocs\sistem-informasi-klinik - Copy\system\CodeIgniter.php(419): CodeIgniter\CodeIgniter->runController(Object(App\Controllers\Pertandingan))
#3 C:\xampp\htdocs\sistem-informasi-klinik - Copy\system\CodeIgniter.php(326): CodeIgniter\CodeIgniter->handleRequest(NULL, Object(Config\Cache), false)
#4 C:\xampp\htdocs\sistem-informasi-klinik - Copy\public\index.php(37): CodeIgniter\CodeIgniter->run()
#5 C:\xampp\htdocs\sistem-informasi-klinik - Copy\system\Commands\Server\rewrite.php(43): require_once('C:\\xampp\\htdocs...')
#6 {main}
CRITICAL - 2023-07-25 05:12:35 --> Undefined variable $klub2
#0 C:\xampp\htdocs\sistem-informasi-klinik - Copy\app\Controllers\Pertandingan.php(249): CodeIgniter\Debug\Exceptions->errorHandler(2, 'Undefined varia...', 'C:\\xampp\\htdocs...', 249)
#1 C:\xampp\htdocs\sistem-informasi-klinik - Copy\system\CodeIgniter.php(832): App\Controllers\Pertandingan->simpandatabanyak()
#2 C:\xampp\htdocs\sistem-informasi-klinik - Copy\system\CodeIgniter.php(419): CodeIgniter\CodeIgniter->runController(Object(App\Controllers\Pertandingan))
#3 C:\xampp\htdocs\sistem-informasi-klinik - Copy\system\CodeIgniter.php(326): CodeIgniter\CodeIgniter->handleRequest(NULL, Object(Config\Cache), false)
#4 C:\xampp\htdocs\sistem-informasi-klinik - Copy\public\index.php(37): CodeIgniter\CodeIgniter->run()
#5 C:\xampp\htdocs\sistem-informasi-klinik - Copy\system\Commands\Server\rewrite.php(43): require_once('C:\\xampp\\htdocs...')
#6 {main}
