CRITICAL - 2023-01-18 02:53:54 --> Trying to access array offset on value of type null
#0 C:\xampp\htdocs\skripsi\app\Controllers\Back\Pasien.php(270): CodeIgniter\Debug\Exceptions->errorHandler(2, 'Trying to acces...', 'C:\\xampp\\htdocs...', 270)
#1 C:\xampp\htdocs\skripsi\system\CodeIgniter.php(832): App\Controllers\back\Pasien->detail('path', 'to', 'font-awesome', 'css', 'font-awesome.mi...')
#2 C:\xampp\htdocs\skripsi\system\CodeIgniter.php(419): CodeIgniter\CodeIgniter->runController(Object(App\Controllers\back\Pasien))
#3 C:\xampp\htdocs\skripsi\system\CodeIgniter.php(326): CodeIgniter\CodeIgniter->handleRequest(NULL, Object(Config\Cache), false)
#4 C:\xampp\htdocs\skripsi\public\index.php(37): CodeIgniter\CodeIgniter->run()
#5 C:\xampp\htdocs\skripsi\system\Commands\Server\rewrite.php(43): require_once('C:\\xampp\\htdocs...')
#6 {main}
CRITICAL - 2023-01-18 03:07:23 --> Trying to access array offset on value of type null
#0 C:\xampp\htdocs\skripsi\app\Controllers\Back\Pasien.php(270): CodeIgniter\Debug\Exceptions->errorHandler(2, 'Trying to acces...', 'C:\\xampp\\htdocs...', 270)
#1 C:\xampp\htdocs\skripsi\system\CodeIgniter.php(832): App\Controllers\back\Pasien->detail('path', 'to', 'font-awesome', 'css', 'font-awesome.mi...')
#2 C:\xampp\htdocs\skripsi\system\CodeIgniter.php(419): CodeIgniter\CodeIgniter->runController(Object(App\Controllers\back\Pasien))
#3 C:\xampp\htdocs\skripsi\system\CodeIgniter.php(326): CodeIgniter\CodeIgniter->handleRequest(NULL, Object(Config\Cache), false)
#4 C:\xampp\htdocs\skripsi\public\index.php(37): CodeIgniter\CodeIgniter->run()
#5 C:\xampp\htdocs\skripsi\system\Commands\Server\rewrite.php(43): require_once('C:\\xampp\\htdocs...')
#6 {main}
CRITICAL - 2023-01-18 03:08:04 --> Trying to access array offset on value of type null
#0 C:\xampp\htdocs\skripsi\app\Controllers\Back\Pasien.php(270): CodeIgniter\Debug\Exceptions->errorHandler(2, 'Trying to acces...', 'C:\\xampp\\htdocs...', 270)
#1 C:\xampp\htdocs\skripsi\system\CodeIgniter.php(832): App\Controllers\back\Pasien->detail('path', 'to', 'font-awesome', 'css', 'font-awesome.mi...')
#2 C:\xampp\htdocs\skripsi\system\CodeIgniter.php(419): CodeIgniter\CodeIgniter->runController(Object(App\Controllers\back\Pasien))
#3 C:\xampp\htdocs\skripsi\system\CodeIgniter.php(326): CodeIgniter\CodeIgniter->handleRequest(NULL, Object(Config\Cache), false)
#4 C:\xampp\htdocs\skripsi\public\index.php(37): CodeIgniter\CodeIgniter->run()
#5 C:\xampp\htdocs\skripsi\system\Commands\Server\rewrite.php(43): require_once('C:\\xampp\\htdocs...')
#6 {main}
CRITICAL - 2023-01-18 03:09:34 --> Trying to access array offset on value of type null
#0 C:\xampp\htdocs\skripsi\app\Controllers\Back\Pasien.php(270): CodeIgniter\Debug\Exceptions->errorHandler(2, 'Trying to acces...', 'C:\\xampp\\htdocs...', 270)
#1 C:\xampp\htdocs\skripsi\system\CodeIgniter.php(832): App\Controllers\back\Pasien->detail('path', 'to', 'font-awesome', 'css', 'font-awesome.mi...')
#2 C:\xampp\htdocs\skripsi\system\CodeIgniter.php(419): CodeIgniter\CodeIgniter->runController(Object(App\Controllers\back\Pasien))
#3 C:\xampp\htdocs\skripsi\system\CodeIgniter.php(326): CodeIgniter\CodeIgniter->handleRequest(NULL, Object(Config\Cache), false)
#4 C:\xampp\htdocs\skripsi\public\index.php(37): CodeIgniter\CodeIgniter->run()
#5 C:\xampp\htdocs\skripsi\system\Commands\Server\rewrite.php(43): require_once('C:\\xampp\\htdocs...')
#6 {main}
CRITICAL - 2023-01-18 03:09:58 --> Trying to access array offset on value of type null
#0 C:\xampp\htdocs\skripsi\app\Controllers\Back\Pasien.php(270): CodeIgniter\Debug\Exceptions->errorHandler(2, 'Trying to acces...', 'C:\\xampp\\htdocs...', 270)
#1 C:\xampp\htdocs\skripsi\system\CodeIgniter.php(832): App\Controllers\back\Pasien->detail('path', 'to', 'font-awesome', 'css', 'font-awesome.mi...')
#2 C:\xampp\htdocs\skripsi\system\CodeIgniter.php(419): CodeIgniter\CodeIgniter->runController(Object(App\Controllers\back\Pasien))
#3 C:\xampp\htdocs\skripsi\system\CodeIgniter.php(326): CodeIgniter\CodeIgniter->handleRequest(NULL, Object(Config\Cache), false)
#4 C:\xampp\htdocs\skripsi\public\index.php(37): CodeIgniter\CodeIgniter->run()
#5 C:\xampp\htdocs\skripsi\system\Commands\Server\rewrite.php(43): require_once('C:\\xampp\\htdocs...')
#6 {main}
CRITICAL - 2023-01-18 03:12:36 --> Trying to access array offset on value of type null
#0 C:\xampp\htdocs\skripsi\app\Controllers\Back\Pasien.php(270): CodeIgniter\Debug\Exceptions->errorHandler(2, 'Trying to acces...', 'C:\\xampp\\htdocs...', 270)
#1 C:\xampp\htdocs\skripsi\system\CodeIgniter.php(832): App\Controllers\back\Pasien->detail('path', 'to', 'font-awesome', 'css', 'font-awesome.mi...')
#2 C:\xampp\htdocs\skripsi\system\CodeIgniter.php(419): CodeIgniter\CodeIgniter->runController(Object(App\Controllers\back\Pasien))
#3 C:\xampp\htdocs\skripsi\system\CodeIgniter.php(326): CodeIgniter\CodeIgniter->handleRequest(NULL, Object(Config\Cache), false)
#4 C:\xampp\htdocs\skripsi\public\index.php(37): CodeIgniter\CodeIgniter->run()
#5 C:\xampp\htdocs\skripsi\system\Commands\Server\rewrite.php(43): require_once('C:\\xampp\\htdocs...')
#6 {main}
CRITICAL - 2023-01-18 23:54:31 --> Trying to access array offset on value of type null
#0 C:\xampp\htdocs\skripsi\app\Controllers\Back\Pasien.php(270): CodeIgniter\Debug\Exceptions->errorHandler(2, 'Trying to acces...', 'C:\\xampp\\htdocs...', 270)
#1 C:\xampp\htdocs\skripsi\system\CodeIgniter.php(832): App\Controllers\back\Pasien->detail('path', 'to', 'font-awesome', 'css', 'font-awesome.mi...')
#2 C:\xampp\htdocs\skripsi\system\CodeIgniter.php(419): CodeIgniter\CodeIgniter->runController(Object(App\Controllers\back\Pasien))
#3 C:\xampp\htdocs\skripsi\system\CodeIgniter.php(326): CodeIgniter\CodeIgniter->handleRequest(NULL, Object(Config\Cache), false)
#4 C:\xampp\htdocs\skripsi\public\index.php(37): CodeIgniter\CodeIgniter->run()
#5 C:\xampp\htdocs\skripsi\system\Commands\Server\rewrite.php(43): require_once('C:\\xampp\\htdocs...')
#6 {main}
CRITICAL - 2023-01-18 23:55:33 --> Trying to access array offset on value of type null
#0 C:\xampp\htdocs\skripsi\app\Controllers\Back\Pasien.php(270): CodeIgniter\Debug\Exceptions->errorHandler(2, 'Trying to acces...', 'C:\\xampp\\htdocs...', 270)
#1 C:\xampp\htdocs\skripsi\system\CodeIgniter.php(832): App\Controllers\back\Pasien->detail('path', 'to', 'font-awesome', 'css', 'font-awesome.mi...')
#2 C:\xampp\htdocs\skripsi\system\CodeIgniter.php(419): CodeIgniter\CodeIgniter->runController(Object(App\Controllers\back\Pasien))
#3 C:\xampp\htdocs\skripsi\system\CodeIgniter.php(326): CodeIgniter\CodeIgniter->handleRequest(NULL, Object(Config\Cache), false)
#4 C:\xampp\htdocs\skripsi\public\index.php(37): CodeIgniter\CodeIgniter->run()
#5 C:\xampp\htdocs\skripsi\system\Commands\Server\rewrite.php(43): require_once('C:\\xampp\\htdocs...')
#6 {main}
CRITICAL - 2023-01-18 23:58:51 --> Trying to access array offset on value of type null
#0 C:\xampp\htdocs\skripsi\app\Controllers\Back\Pasien.php(270): CodeIgniter\Debug\Exceptions->errorHandler(2, 'Trying to acces...', 'C:\\xampp\\htdocs...', 270)
#1 C:\xampp\htdocs\skripsi\system\CodeIgniter.php(832): App\Controllers\back\Pasien->detail('path', 'to', 'font-awesome', 'css', 'font-awesome.mi...')
#2 C:\xampp\htdocs\skripsi\system\CodeIgniter.php(419): CodeIgniter\CodeIgniter->runController(Object(App\Controllers\back\Pasien))
#3 C:\xampp\htdocs\skripsi\system\CodeIgniter.php(326): CodeIgniter\CodeIgniter->handleRequest(NULL, Object(Config\Cache), false)
#4 C:\xampp\htdocs\skripsi\public\index.php(37): CodeIgniter\CodeIgniter->run()
#5 C:\xampp\htdocs\skripsi\system\Commands\Server\rewrite.php(43): require_once('C:\\xampp\\htdocs...')
#6 {main}
