CRITICAL - 2023-02-05 07:35:58 --> Attempt to read property "kode_role" on null
#0 C:\xampp\htdocs\skripsi\app\Controllers\Back\Akun.php(60): CodeIgniter\Debug\Exceptions->errorHandler(2, 'Attempt to read...', 'C:\\xampp\\htdocs...', 60)
#1 C:\xampp\htdocs\skripsi\system\CodeIgniter.php(832): App\Controllers\back\Akun->listdata()
#2 C:\xampp\htdocs\skripsi\system\CodeIgniter.php(419): CodeIgniter\CodeIgniter->runController(Object(App\Controllers\back\Akun))
#3 C:\xampp\htdocs\skripsi\system\CodeIgniter.php(326): CodeIgniter\CodeIgniter->handleRequest(NULL, Object(Config\Cache), false)
#4 C:\xampp\htdocs\skripsi\public\index.php(37): CodeIgniter\CodeIgniter->run()
#5 C:\xampp\htdocs\skripsi\system\Commands\Server\rewrite.php(43): require_once('C:\\xampp\\htdocs...')
#6 {main}
CRITICAL - 2023-02-05 09:17:02 --> count(): Argument #1 ($value) must be of type Countable|array, null given
#0 C:\xampp\htdocs\skripsi\app\Controllers\Back\Akun.php(195): count(NULL)
#1 C:\xampp\htdocs\skripsi\system\CodeIgniter.php(832): App\Controllers\back\Akun->formedit()
#2 C:\xampp\htdocs\skripsi\system\CodeIgniter.php(419): CodeIgniter\CodeIgniter->runController(Object(App\Controllers\back\Akun))
#3 C:\xampp\htdocs\skripsi\system\CodeIgniter.php(326): CodeIgniter\CodeIgniter->handleRequest(NULL, Object(Config\Cache), false)
#4 C:\xampp\htdocs\skripsi\public\index.php(37): CodeIgniter\CodeIgniter->run()
#5 C:\xampp\htdocs\skripsi\system\Commands\Server\rewrite.php(43): require_once('C:\\xampp\\htdocs...')
#6 {main}
CRITICAL - 2023-02-05 09:17:06 --> count(): Argument #1 ($value) must be of type Countable|array, null given
#0 C:\xampp\htdocs\skripsi\app\Controllers\Back\Akun.php(195): count(NULL)
#1 C:\xampp\htdocs\skripsi\system\CodeIgniter.php(832): App\Controllers\back\Akun->formedit()
#2 C:\xampp\htdocs\skripsi\system\CodeIgniter.php(419): CodeIgniter\CodeIgniter->runController(Object(App\Controllers\back\Akun))
#3 C:\xampp\htdocs\skripsi\system\CodeIgniter.php(326): CodeIgniter\CodeIgniter->handleRequest(NULL, Object(Config\Cache), false)
#4 C:\xampp\htdocs\skripsi\public\index.php(37): CodeIgniter\CodeIgniter->run()
#5 C:\xampp\htdocs\skripsi\system\Commands\Server\rewrite.php(43): require_once('C:\\xampp\\htdocs...')
#6 {main}
CRITICAL - 2023-02-05 09:17:28 --> count(): Argument #1 ($value) must be of type Countable|array, null given
#0 C:\xampp\htdocs\skripsi\app\Controllers\Back\Akun.php(195): count(NULL)
#1 C:\xampp\htdocs\skripsi\system\CodeIgniter.php(832): App\Controllers\back\Akun->formedit()
#2 C:\xampp\htdocs\skripsi\system\CodeIgniter.php(419): CodeIgniter\CodeIgniter->runController(Object(App\Controllers\back\Akun))
#3 C:\xampp\htdocs\skripsi\system\CodeIgniter.php(326): CodeIgniter\CodeIgniter->handleRequest(NULL, Object(Config\Cache), false)
#4 C:\xampp\htdocs\skripsi\public\index.php(37): CodeIgniter\CodeIgniter->run()
#5 C:\xampp\htdocs\skripsi\system\Commands\Server\rewrite.php(43): require_once('C:\\xampp\\htdocs...')
#6 {main}
CRITICAL - 2023-02-05 09:17:42 --> count(): Argument #1 ($value) must be of type Countable|array, null given
#0 C:\xampp\htdocs\skripsi\app\Controllers\Back\Akun.php(195): count(NULL)
#1 C:\xampp\htdocs\skripsi\system\CodeIgniter.php(832): App\Controllers\back\Akun->formedit()
#2 C:\xampp\htdocs\skripsi\system\CodeIgniter.php(419): CodeIgniter\CodeIgniter->runController(Object(App\Controllers\back\Akun))
#3 C:\xampp\htdocs\skripsi\system\CodeIgniter.php(326): CodeIgniter\CodeIgniter->handleRequest(NULL, Object(Config\Cache), false)
#4 C:\xampp\htdocs\skripsi\public\index.php(37): CodeIgniter\CodeIgniter->run()
#5 C:\xampp\htdocs\skripsi\system\Commands\Server\rewrite.php(43): require_once('C:\\xampp\\htdocs...')
#6 {main}
CRITICAL - 2023-02-05 09:17:46 --> count(): Argument #1 ($value) must be of type Countable|array, null given
#0 C:\xampp\htdocs\skripsi\app\Controllers\Back\Akun.php(195): count(NULL)
#1 C:\xampp\htdocs\skripsi\system\CodeIgniter.php(832): App\Controllers\back\Akun->formedit()
#2 C:\xampp\htdocs\skripsi\system\CodeIgniter.php(419): CodeIgniter\CodeIgniter->runController(Object(App\Controllers\back\Akun))
#3 C:\xampp\htdocs\skripsi\system\CodeIgniter.php(326): CodeIgniter\CodeIgniter->handleRequest(NULL, Object(Config\Cache), false)
#4 C:\xampp\htdocs\skripsi\public\index.php(37): CodeIgniter\CodeIgniter->run()
#5 C:\xampp\htdocs\skripsi\system\Commands\Server\rewrite.php(43): require_once('C:\\xampp\\htdocs...')
#6 {main}
CRITICAL - 2023-02-05 09:18:04 --> count(): Argument #1 ($value) must be of type Countable|array, null given
#0 C:\xampp\htdocs\skripsi\app\Controllers\Back\Akun.php(195): count(NULL)
#1 C:\xampp\htdocs\skripsi\system\CodeIgniter.php(832): App\Controllers\back\Akun->formedit()
#2 C:\xampp\htdocs\skripsi\system\CodeIgniter.php(419): CodeIgniter\CodeIgniter->runController(Object(App\Controllers\back\Akun))
#3 C:\xampp\htdocs\skripsi\system\CodeIgniter.php(326): CodeIgniter\CodeIgniter->handleRequest(NULL, Object(Config\Cache), false)
#4 C:\xampp\htdocs\skripsi\public\index.php(37): CodeIgniter\CodeIgniter->run()
#5 C:\xampp\htdocs\skripsi\system\Commands\Server\rewrite.php(43): require_once('C:\\xampp\\htdocs...')
#6 {main}
