CRITICAL - 2022-05-30 04:42:21 --> Attempt to read property "pasien" on null
#0 C:\xampp\htdocs\SIAK_Dr_Yanti\app\Views\Page\Statistik.php(231): CodeIgniter\Debug\Exceptions->errorHandler(2, 'Attempt to read...', 'C:\\xampp\\htdocs...', 231)
#1 C:\xampp\htdocs\SIAK_Dr_Yanti\system\View\View.php(210): include('C:\\xampp\\htdocs...')
#2 C:\xampp\htdocs\SIAK_Dr_Yanti\system\View\View.php(213): CodeIgniter\View\View->CodeIgniter\View\{closure}()
#3 C:\xampp\htdocs\SIAK_Dr_Yanti\system\Common.php(1089): CodeIgniter\View\View->render('Page/Statistik', Array, true)
#4 C:\xampp\htdocs\SIAK_Dr_Yanti\app\Controllers\Home.php(30): view('Page/Statistik', Array)
#5 C:\xampp\htdocs\SIAK_Dr_Yanti\system\CodeIgniter.php(832): App\Controllers\Home->index()
#6 C:\xampp\htdocs\SIAK_Dr_Yanti\system\CodeIgniter.php(419): CodeIgniter\CodeIgniter->runController(Object(App\Controllers\Home))
#7 C:\xampp\htdocs\SIAK_Dr_Yanti\system\CodeIgniter.php(326): CodeIgniter\CodeIgniter->handleRequest(NULL, Object(Config\Cache), false)
#8 C:\xampp\htdocs\SIAK_Dr_Yanti\public\index.php(37): CodeIgniter\CodeIgniter->run()
#9 C:\xampp\htdocs\SIAK_Dr_Yanti\system\Commands\Server\rewrite.php(43): require_once('C:\\xampp\\htdocs...')
#10 {main}
CRITICAL - 2022-05-30 04:44:25 --> Attempt to read property "pasien" on null
#0 C:\xampp\htdocs\SIAK_Dr_Yanti\app\Views\Page\Statistik.php(231): CodeIgniter\Debug\Exceptions->errorHandler(2, 'Attempt to read...', 'C:\\xampp\\htdocs...', 231)
#1 C:\xampp\htdocs\SIAK_Dr_Yanti\system\View\View.php(210): include('C:\\xampp\\htdocs...')
#2 C:\xampp\htdocs\SIAK_Dr_Yanti\system\View\View.php(213): CodeIgniter\View\View->CodeIgniter\View\{closure}()
#3 C:\xampp\htdocs\SIAK_Dr_Yanti\system\Common.php(1089): CodeIgniter\View\View->render('Page/Statistik', Array, true)
#4 C:\xampp\htdocs\SIAK_Dr_Yanti\app\Controllers\Home.php(30): view('Page/Statistik', Array)
#5 C:\xampp\htdocs\SIAK_Dr_Yanti\system\CodeIgniter.php(832): App\Controllers\Home->index()
#6 C:\xampp\htdocs\SIAK_Dr_Yanti\system\CodeIgniter.php(419): CodeIgniter\CodeIgniter->runController(Object(App\Controllers\Home))
#7 C:\xampp\htdocs\SIAK_Dr_Yanti\system\CodeIgniter.php(326): CodeIgniter\CodeIgniter->handleRequest(NULL, Object(Config\Cache), false)
#8 C:\xampp\htdocs\SIAK_Dr_Yanti\public\index.php(37): CodeIgniter\CodeIgniter->run()
#9 C:\xampp\htdocs\SIAK_Dr_Yanti\system\Commands\Server\rewrite.php(43): require_once('C:\\xampp\\htdocs...')
#10 {main}
CRITICAL - 2022-05-30 04:50:21 --> syntax error, unexpected token ";"
#0 C:\xampp\htdocs\SIAK_Dr_Yanti\system\View\View.php(213): CodeIgniter\View\View->CodeIgniter\View\{closure}()
#1 C:\xampp\htdocs\SIAK_Dr_Yanti\system\Common.php(1089): CodeIgniter\View\View->render('Page/Statistik', Array, true)
#2 C:\xampp\htdocs\SIAK_Dr_Yanti\app\Controllers\Home.php(30): view('Page/Statistik', Array)
#3 C:\xampp\htdocs\SIAK_Dr_Yanti\system\CodeIgniter.php(832): App\Controllers\Home->index()
#4 C:\xampp\htdocs\SIAK_Dr_Yanti\system\CodeIgniter.php(419): CodeIgniter\CodeIgniter->runController(Object(App\Controllers\Home))
#5 C:\xampp\htdocs\SIAK_Dr_Yanti\system\CodeIgniter.php(326): CodeIgniter\CodeIgniter->handleRequest(NULL, Object(Config\Cache), false)
#6 C:\xampp\htdocs\SIAK_Dr_Yanti\public\index.php(37): CodeIgniter\CodeIgniter->run()
#7 C:\xampp\htdocs\SIAK_Dr_Yanti\system\Commands\Server\rewrite.php(43): require_once('C:\\xampp\\htdocs...')
#8 {main}
CRITICAL - 2022-05-30 04:51:02 --> Undefined variable $t
#0 C:\xampp\htdocs\SIAK_Dr_Yanti\app\Views\Page\Statistik.php(248): CodeIgniter\Debug\Exceptions->errorHandler(2, 'Undefined varia...', 'C:\\xampp\\htdocs...', 248)
#1 C:\xampp\htdocs\SIAK_Dr_Yanti\system\View\View.php(210): include('C:\\xampp\\htdocs...')
#2 C:\xampp\htdocs\SIAK_Dr_Yanti\system\View\View.php(213): CodeIgniter\View\View->CodeIgniter\View\{closure}()
#3 C:\xampp\htdocs\SIAK_Dr_Yanti\system\Common.php(1089): CodeIgniter\View\View->render('Page/Statistik', Array, true)
#4 C:\xampp\htdocs\SIAK_Dr_Yanti\app\Controllers\Home.php(30): view('Page/Statistik', Array)
#5 C:\xampp\htdocs\SIAK_Dr_Yanti\system\CodeIgniter.php(832): App\Controllers\Home->index()
#6 C:\xampp\htdocs\SIAK_Dr_Yanti\system\CodeIgniter.php(419): CodeIgniter\CodeIgniter->runController(Object(App\Controllers\Home))
#7 C:\xampp\htdocs\SIAK_Dr_Yanti\system\CodeIgniter.php(326): CodeIgniter\CodeIgniter->handleRequest(NULL, Object(Config\Cache), false)
#8 C:\xampp\htdocs\SIAK_Dr_Yanti\public\index.php(37): CodeIgniter\CodeIgniter->run()
#9 C:\xampp\htdocs\SIAK_Dr_Yanti\system\Commands\Server\rewrite.php(43): require_once('C:\\xampp\\htdocs...')
#10 {main}
CRITICAL - 2022-05-30 06:30:17 --> Undefined property: App\Controllers\back\Keranjang::$db
#0 C:\xampp\htdocs\SIAK_Dr_Yanti\app\Controllers\back\Keranjang.php(31): CodeIgniter\Debug\Exceptions->errorHandler(2, 'Undefined prope...', 'C:\\xampp\\htdocs...', 31)
#1 C:\xampp\htdocs\SIAK_Dr_Yanti\system\CodeIgniter.php(832): App\Controllers\back\Keranjang->ambildata()
#2 C:\xampp\htdocs\SIAK_Dr_Yanti\system\CodeIgniter.php(419): CodeIgniter\CodeIgniter->runController(Object(App\Controllers\back\Keranjang))
#3 C:\xampp\htdocs\SIAK_Dr_Yanti\system\CodeIgniter.php(326): CodeIgniter\CodeIgniter->handleRequest(NULL, Object(Config\Cache), false)
#4 C:\xampp\htdocs\SIAK_Dr_Yanti\public\index.php(37): CodeIgniter\CodeIgniter->run()
#5 C:\xampp\htdocs\SIAK_Dr_Yanti\system\Commands\Server\rewrite.php(43): require_once('C:\\xampp\\htdocs...')
#6 {main}
CRITICAL - 2022-05-30 06:30:51 --> Undefined property: App\Controllers\back\Keranjang::$db
#0 C:\xampp\htdocs\SIAK_Dr_Yanti\app\Controllers\back\Keranjang.php(31): CodeIgniter\Debug\Exceptions->errorHandler(2, 'Undefined prope...', 'C:\\xampp\\htdocs...', 31)
#1 C:\xampp\htdocs\SIAK_Dr_Yanti\system\CodeIgniter.php(832): App\Controllers\back\Keranjang->ambildata()
#2 C:\xampp\htdocs\SIAK_Dr_Yanti\system\CodeIgniter.php(419): CodeIgniter\CodeIgniter->runController(Object(App\Controllers\back\Keranjang))
#3 C:\xampp\htdocs\SIAK_Dr_Yanti\system\CodeIgniter.php(326): CodeIgniter\CodeIgniter->handleRequest(NULL, Object(Config\Cache), false)
#4 C:\xampp\htdocs\SIAK_Dr_Yanti\public\index.php(37): CodeIgniter\CodeIgniter->run()
#5 C:\xampp\htdocs\SIAK_Dr_Yanti\system\Commands\Server\rewrite.php(43): require_once('C:\\xampp\\htdocs...')
#6 {main}
CRITICAL - 2022-05-30 06:31:45 --> Undefined property: App\Controllers\back\Keranjang::$db
#0 C:\xampp\htdocs\SIAK_Dr_Yanti\app\Controllers\back\Keranjang.php(31): CodeIgniter\Debug\Exceptions->errorHandler(2, 'Undefined prope...', 'C:\\xampp\\htdocs...', 31)
#1 C:\xampp\htdocs\SIAK_Dr_Yanti\system\CodeIgniter.php(832): App\Controllers\back\Keranjang->ambildata()
#2 C:\xampp\htdocs\SIAK_Dr_Yanti\system\CodeIgniter.php(419): CodeIgniter\CodeIgniter->runController(Object(App\Controllers\back\Keranjang))
#3 C:\xampp\htdocs\SIAK_Dr_Yanti\system\CodeIgniter.php(326): CodeIgniter\CodeIgniter->handleRequest(NULL, Object(Config\Cache), false)
#4 C:\xampp\htdocs\SIAK_Dr_Yanti\public\index.php(37): CodeIgniter\CodeIgniter->run()
#5 C:\xampp\htdocs\SIAK_Dr_Yanti\system\Commands\Server\rewrite.php(43): require_once('C:\\xampp\\htdocs...')
#6 {main}
CRITICAL - 2022-05-30 06:32:54 --> Undefined property: App\Controllers\back\Keranjang::$db
#0 C:\xampp\htdocs\SIAK_Dr_Yanti\app\Controllers\back\Keranjang.php(31): CodeIgniter\Debug\Exceptions->errorHandler(2, 'Undefined prope...', 'C:\\xampp\\htdocs...', 31)
#1 C:\xampp\htdocs\SIAK_Dr_Yanti\system\CodeIgniter.php(832): App\Controllers\back\Keranjang->ambildata()
#2 C:\xampp\htdocs\SIAK_Dr_Yanti\system\CodeIgniter.php(419): CodeIgniter\CodeIgniter->runController(Object(App\Controllers\back\Keranjang))
#3 C:\xampp\htdocs\SIAK_Dr_Yanti\system\CodeIgniter.php(326): CodeIgniter\CodeIgniter->handleRequest(NULL, Object(Config\Cache), false)
#4 C:\xampp\htdocs\SIAK_Dr_Yanti\public\index.php(37): CodeIgniter\CodeIgniter->run()
#5 C:\xampp\htdocs\SIAK_Dr_Yanti\system\Commands\Server\rewrite.php(43): require_once('C:\\xampp\\htdocs...')
#6 {main}
CRITICAL - 2022-05-30 06:34:21 --> Undefined property: App\Controllers\back\Keranjang::$db
#0 C:\xampp\htdocs\SIAK_Dr_Yanti\app\Controllers\back\Keranjang.php(31): CodeIgniter\Debug\Exceptions->errorHandler(2, 'Undefined prope...', 'C:\\xampp\\htdocs...', 31)
#1 C:\xampp\htdocs\SIAK_Dr_Yanti\system\CodeIgniter.php(832): App\Controllers\back\Keranjang->ambildata()
#2 C:\xampp\htdocs\SIAK_Dr_Yanti\system\CodeIgniter.php(419): CodeIgniter\CodeIgniter->runController(Object(App\Controllers\back\Keranjang))
#3 C:\xampp\htdocs\SIAK_Dr_Yanti\system\CodeIgniter.php(326): CodeIgniter\CodeIgniter->handleRequest(NULL, Object(Config\Cache), false)
#4 C:\xampp\htdocs\SIAK_Dr_Yanti\public\index.php(37): CodeIgniter\CodeIgniter->run()
#5 C:\xampp\htdocs\SIAK_Dr_Yanti\system\Commands\Server\rewrite.php(43): require_once('C:\\xampp\\htdocs...')
#6 {main}
