CRITICAL - 2023-01-28 10:08:58 --> whereNotIn() expects $values to be of type array or closure
#0 C:\xampp\htdocs\skripsi\system\Database\BaseBuilder.php(757): CodeIgniter\Database\BaseBuilder->_whereIn('total_bayar=''', NULL, true, 'AND ', NULL)
#1 C:\xampp\htdocs\skripsi\app\Models\Modeldatatransaksi.php(24): CodeIgniter\Database\BaseBuilder->whereNotIn('total_bayar=''')
#2 C:\xampp\htdocs\skripsi\app\Controllers\Back\Transaksi.php(38): App\Models\Modeldatatransaksi->__construct(Object(CodeIgniter\HTTP\IncomingRequest))
#3 C:\xampp\htdocs\skripsi\system\CodeIgniter.php(832): App\Controllers\back\Transaksi->listdata()
#4 C:\xampp\htdocs\skripsi\system\CodeIgniter.php(419): CodeIgniter\CodeIgniter->runController(Object(App\Controllers\back\Transaksi))
#5 C:\xampp\htdocs\skripsi\system\CodeIgniter.php(326): CodeIgniter\CodeIgniter->handleRequest(NULL, Object(Config\Cache), false)
#6 C:\xampp\htdocs\skripsi\public\index.php(37): CodeIgniter\CodeIgniter->run()
#7 C:\xampp\htdocs\skripsi\system\Commands\Server\rewrite.php(43): require_once('C:\\xampp\\htdocs...')
#8 {main}
CRITICAL - 2023-01-28 10:11:36 --> whereNotIn() expects $values to be of type array or closure
#0 C:\xampp\htdocs\skripsi\system\Database\BaseBuilder.php(757): CodeIgniter\Database\BaseBuilder->_whereIn('total_bayar', '['']', true, 'AND ', NULL)
#1 C:\xampp\htdocs\skripsi\app\Models\Modeldatatransaksi.php(24): CodeIgniter\Database\BaseBuilder->whereNotIn('total_bayar', '['']')
#2 C:\xampp\htdocs\skripsi\app\Controllers\Back\Transaksi.php(38): App\Models\Modeldatatransaksi->__construct(Object(CodeIgniter\HTTP\IncomingRequest))
#3 C:\xampp\htdocs\skripsi\system\CodeIgniter.php(832): App\Controllers\back\Transaksi->listdata()
#4 C:\xampp\htdocs\skripsi\system\CodeIgniter.php(419): CodeIgniter\CodeIgniter->runController(Object(App\Controllers\back\Transaksi))
#5 C:\xampp\htdocs\skripsi\system\CodeIgniter.php(326): CodeIgniter\CodeIgniter->handleRequest(NULL, Object(Config\Cache), false)
#6 C:\xampp\htdocs\skripsi\public\index.php(37): CodeIgniter\CodeIgniter->run()
#7 C:\xampp\htdocs\skripsi\system\Commands\Server\rewrite.php(43): require_once('C:\\xampp\\htdocs...')
#8 {main}
CRITICAL - 2023-01-28 10:16:13 --> whereNotIn() expects $values to be of type array or closure
#0 C:\xampp\htdocs\skripsi\system\Database\BaseBuilder.php(757): CodeIgniter\Database\BaseBuilder->_whereIn('total_bayar', '0', true, 'AND ', NULL)
#1 C:\xampp\htdocs\skripsi\app\Models\Modeldatatransaksi.php(23): CodeIgniter\Database\BaseBuilder->whereNotIn('total_bayar', '0')
#2 C:\xampp\htdocs\skripsi\app\Controllers\Back\Transaksi.php(38): App\Models\Modeldatatransaksi->__construct(Object(CodeIgniter\HTTP\IncomingRequest))
#3 C:\xampp\htdocs\skripsi\system\CodeIgniter.php(832): App\Controllers\back\Transaksi->listdata()
#4 C:\xampp\htdocs\skripsi\system\CodeIgniter.php(419): CodeIgniter\CodeIgniter->runController(Object(App\Controllers\back\Transaksi))
#5 C:\xampp\htdocs\skripsi\system\CodeIgniter.php(326): CodeIgniter\CodeIgniter->handleRequest(NULL, Object(Config\Cache), false)
#6 C:\xampp\htdocs\skripsi\public\index.php(37): CodeIgniter\CodeIgniter->run()
#7 C:\xampp\htdocs\skripsi\system\Commands\Server\rewrite.php(43): require_once('C:\\xampp\\htdocs...')
#8 {main}
CRITICAL - 2023-01-28 10:18:21 --> Trying to access array offset on value of type null
#0 C:\xampp\htdocs\skripsi\app\Controllers\Back\Pasien.php(270): CodeIgniter\Debug\Exceptions->errorHandler(2, 'Trying to acces...', 'C:\\xampp\\htdocs...', 270)
#1 C:\xampp\htdocs\skripsi\system\CodeIgniter.php(832): App\Controllers\back\Pasien->detail('path', 'to', 'font-awesome', 'css', 'font-awesome.mi...')
#2 C:\xampp\htdocs\skripsi\system\CodeIgniter.php(419): CodeIgniter\CodeIgniter->runController(Object(App\Controllers\back\Pasien))
#3 C:\xampp\htdocs\skripsi\system\CodeIgniter.php(326): CodeIgniter\CodeIgniter->handleRequest(NULL, Object(Config\Cache), false)
#4 C:\xampp\htdocs\skripsi\public\index.php(37): CodeIgniter\CodeIgniter->run()
#5 C:\xampp\htdocs\skripsi\system\Commands\Server\rewrite.php(43): require_once('C:\\xampp\\htdocs...')
#6 {main}
CRITICAL - 2023-01-28 10:31:14 --> Call to undefined method CodeIgniter\Autoloader\Autoloader::extend()
#0 C:\xampp\htdocs\skripsi\system\Autoloader\Autoloader.php(264): include_once()
#1 C:\xampp\htdocs\skripsi\system\Autoloader\Autoloader.php(241): CodeIgniter\Autoloader\Autoloader->includeFile('C:\\xampp\\htdocs...')
#2 C:\xampp\htdocs\skripsi\system\Autoloader\Autoloader.php(219): CodeIgniter\Autoloader\Autoloader->loadInNamespace('App\\Controllers...')
#3 [internal function]: CodeIgniter\Autoloader\Autoloader->loadClass('App\\Controllers...')
#4 C:\xampp\htdocs\skripsi\system\CodeIgniter.php(797): class_exists('\\App\\Controller...', true)
#5 C:\xampp\htdocs\skripsi\system\CodeIgniter.php(406): CodeIgniter\CodeIgniter->startController()
#6 C:\xampp\htdocs\skripsi\system\CodeIgniter.php(326): CodeIgniter\CodeIgniter->handleRequest(NULL, Object(Config\Cache), false)
#7 C:\xampp\htdocs\skripsi\public\index.php(37): CodeIgniter\CodeIgniter->run()
#8 C:\xampp\htdocs\skripsi\system\Commands\Server\rewrite.php(43): require_once('C:\\xampp\\htdocs...')
#9 {main}
