CRITICAL - 2023-03-11 07:17:06 --> Undefined array key "id_pasien"
#0 C:\xampp\htdocs\skripsi\app\Controllers\Back\Antrianobat.php(149): CodeIgniter\Debug\Exceptions->errorHandler(2, 'Undefined array...', 'C:\\xampp\\htdocs...', 149)
#1 C:\xampp\htdocs\skripsi\system\CodeIgniter.php(832): App\Controllers\back\Antrianobat->formedit()
#2 C:\xampp\htdocs\skripsi\system\CodeIgniter.php(419): CodeIgniter\CodeIgniter->runController(Object(App\Controllers\back\Antrianobat))
#3 C:\xampp\htdocs\skripsi\system\CodeIgniter.php(326): CodeIgniter\CodeIgniter->handleRequest(NULL, Object(Config\Cache), false)
#4 C:\xampp\htdocs\skripsi\public\index.php(37): CodeIgniter\CodeIgniter->run()
#5 C:\xampp\htdocs\skripsi\system\Commands\Server\rewrite.php(43): require_once('C:\\xampp\\htdocs...')
#6 {main}
CRITICAL - 2023-03-11 07:17:18 --> Undefined array key "id_pasien"
#0 C:\xampp\htdocs\skripsi\app\Controllers\Back\Antrianobat.php(149): CodeIgniter\Debug\Exceptions->errorHandler(2, 'Undefined array...', 'C:\\xampp\\htdocs...', 149)
#1 C:\xampp\htdocs\skripsi\system\CodeIgniter.php(832): App\Controllers\back\Antrianobat->formedit()
#2 C:\xampp\htdocs\skripsi\system\CodeIgniter.php(419): CodeIgniter\CodeIgniter->runController(Object(App\Controllers\back\Antrianobat))
#3 C:\xampp\htdocs\skripsi\system\CodeIgniter.php(326): CodeIgniter\CodeIgniter->handleRequest(NULL, Object(Config\Cache), false)
#4 C:\xampp\htdocs\skripsi\public\index.php(37): CodeIgniter\CodeIgniter->run()
#5 C:\xampp\htdocs\skripsi\system\Commands\Server\rewrite.php(43): require_once('C:\\xampp\\htdocs...')
#6 {main}
CRITICAL - 2023-03-11 07:18:49 --> Invalid file: Page/Antrianobat/modaledit.php
#0 C:\xampp\htdocs\skripsi\system\View\View.php(198): CodeIgniter\Exceptions\FrameworkException::forInvalidFile('Page/Antrianoba...')
#1 C:\xampp\htdocs\skripsi\system\Common.php(1089): CodeIgniter\View\View->render('Page/Antrianoba...', Array, true)
#2 C:\xampp\htdocs\skripsi\app\Controllers\Back\Antrianobat.php(161): view('Page/Antrianoba...', Array)
#3 C:\xampp\htdocs\skripsi\system\CodeIgniter.php(832): App\Controllers\back\Antrianobat->formedit()
#4 C:\xampp\htdocs\skripsi\system\CodeIgniter.php(419): CodeIgniter\CodeIgniter->runController(Object(App\Controllers\back\Antrianobat))
#5 C:\xampp\htdocs\skripsi\system\CodeIgniter.php(326): CodeIgniter\CodeIgniter->handleRequest(NULL, Object(Config\Cache), false)
#6 C:\xampp\htdocs\skripsi\public\index.php(37): CodeIgniter\CodeIgniter->run()
#7 C:\xampp\htdocs\skripsi\system\Commands\Server\rewrite.php(43): require_once('C:\\xampp\\htdocs...')
#8 {main}
CRITICAL - 2023-03-11 07:19:19 --> Invalid file: Page/Antrianobat/modaledit.php
#0 C:\xampp\htdocs\skripsi\system\View\View.php(198): CodeIgniter\Exceptions\FrameworkException::forInvalidFile('Page/Antrianoba...')
#1 C:\xampp\htdocs\skripsi\system\Common.php(1089): CodeIgniter\View\View->render('Page/Antrianoba...', Array, true)
#2 C:\xampp\htdocs\skripsi\app\Controllers\Back\Antrianobat.php(161): view('Page/Antrianoba...', Array)
#3 C:\xampp\htdocs\skripsi\system\CodeIgniter.php(832): App\Controllers\back\Antrianobat->formedit()
#4 C:\xampp\htdocs\skripsi\system\CodeIgniter.php(419): CodeIgniter\CodeIgniter->runController(Object(App\Controllers\back\Antrianobat))
#5 C:\xampp\htdocs\skripsi\system\CodeIgniter.php(326): CodeIgniter\CodeIgniter->handleRequest(NULL, Object(Config\Cache), false)
#6 C:\xampp\htdocs\skripsi\public\index.php(37): CodeIgniter\CodeIgniter->run()
#7 C:\xampp\htdocs\skripsi\system\Commands\Server\rewrite.php(43): require_once('C:\\xampp\\htdocs...')
#8 {main}
CRITICAL - 2023-03-11 07:20:45 --> Invalid file: Page/Antrianobat/modaledit.php
#0 C:\xampp\htdocs\skripsi\system\View\View.php(198): CodeIgniter\Exceptions\FrameworkException::forInvalidFile('Page/Antrianoba...')
#1 C:\xampp\htdocs\skripsi\system\Common.php(1089): CodeIgniter\View\View->render('Page/Antrianoba...', Array, true)
#2 C:\xampp\htdocs\skripsi\app\Controllers\Back\Antrianobat.php(160): view('Page/Antrianoba...', Array)
#3 C:\xampp\htdocs\skripsi\system\CodeIgniter.php(832): App\Controllers\back\Antrianobat->formedit()
#4 C:\xampp\htdocs\skripsi\system\CodeIgniter.php(419): CodeIgniter\CodeIgniter->runController(Object(App\Controllers\back\Antrianobat))
#5 C:\xampp\htdocs\skripsi\system\CodeIgniter.php(326): CodeIgniter\CodeIgniter->handleRequest(NULL, Object(Config\Cache), false)
#6 C:\xampp\htdocs\skripsi\public\index.php(37): CodeIgniter\CodeIgniter->run()
#7 C:\xampp\htdocs\skripsi\system\Commands\Server\rewrite.php(43): require_once('C:\\xampp\\htdocs...')
#8 {main}
CRITICAL - 2023-03-11 07:23:54 --> Invalid file: Page/Antrianobat/modaledit.php
#0 C:\xampp\htdocs\skripsi\system\View\View.php(198): CodeIgniter\Exceptions\FrameworkException::forInvalidFile('Page/Antrianoba...')
#1 C:\xampp\htdocs\skripsi\system\Common.php(1089): CodeIgniter\View\View->render('Page/Antrianoba...', Array, true)
#2 C:\xampp\htdocs\skripsi\app\Controllers\Back\Antrianobat.php(161): view('Page/Antrianoba...', Array)
#3 C:\xampp\htdocs\skripsi\system\CodeIgniter.php(832): App\Controllers\back\Antrianobat->formedit()
#4 C:\xampp\htdocs\skripsi\system\CodeIgniter.php(419): CodeIgniter\CodeIgniter->runController(Object(App\Controllers\back\Antrianobat))
#5 C:\xampp\htdocs\skripsi\system\CodeIgniter.php(326): CodeIgniter\CodeIgniter->handleRequest(NULL, Object(Config\Cache), false)
#6 C:\xampp\htdocs\skripsi\public\index.php(37): CodeIgniter\CodeIgniter->run()
#7 C:\xampp\htdocs\skripsi\system\Commands\Server\rewrite.php(43): require_once('C:\\xampp\\htdocs...')
#8 {main}
CRITICAL - 2023-03-11 07:24:32 --> Invalid file: Page/Antrianobat/modaledit.php
#0 C:\xampp\htdocs\skripsi\system\View\View.php(198): CodeIgniter\Exceptions\FrameworkException::forInvalidFile('Page/Antrianoba...')
#1 C:\xampp\htdocs\skripsi\system\Common.php(1089): CodeIgniter\View\View->render('Page/Antrianoba...', Array, true)
#2 C:\xampp\htdocs\skripsi\app\Controllers\Back\Antrianobat.php(161): view('Page/Antrianoba...', Array)
#3 C:\xampp\htdocs\skripsi\system\CodeIgniter.php(832): App\Controllers\back\Antrianobat->formedit()
#4 C:\xampp\htdocs\skripsi\system\CodeIgniter.php(419): CodeIgniter\CodeIgniter->runController(Object(App\Controllers\back\Antrianobat))
#5 C:\xampp\htdocs\skripsi\system\CodeIgniter.php(326): CodeIgniter\CodeIgniter->handleRequest(NULL, Object(Config\Cache), false)
#6 C:\xampp\htdocs\skripsi\public\index.php(37): CodeIgniter\CodeIgniter->run()
#7 C:\xampp\htdocs\skripsi\system\Commands\Server\rewrite.php(43): require_once('C:\\xampp\\htdocs...')
#8 {main}
CRITICAL - 2023-03-11 07:40:38 --> Unclosed '{' on line 59
#0 C:\xampp\htdocs\skripsi\system\View\View.php(213): CodeIgniter\View\View->CodeIgniter\View\{closure}()
#1 C:\xampp\htdocs\skripsi\system\Common.php(1089): CodeIgniter\View\View->render('Page/Antrianoab...', Array, true)
#2 C:\xampp\htdocs\skripsi\app\Controllers\Back\Antrianobat.php(160): view('Page/Antrianoab...', Array)
#3 C:\xampp\htdocs\skripsi\system\CodeIgniter.php(832): App\Controllers\back\Antrianobat->formedit()
#4 C:\xampp\htdocs\skripsi\system\CodeIgniter.php(419): CodeIgniter\CodeIgniter->runController(Object(App\Controllers\back\Antrianobat))
#5 C:\xampp\htdocs\skripsi\system\CodeIgniter.php(326): CodeIgniter\CodeIgniter->handleRequest(NULL, Object(Config\Cache), false)
#6 C:\xampp\htdocs\skripsi\public\index.php(37): CodeIgniter\CodeIgniter->run()
#7 C:\xampp\htdocs\skripsi\system\Commands\Server\rewrite.php(43): require_once('C:\\xampp\\htdocs...')
#8 {main}
CRITICAL - 2023-03-11 07:40:44 --> Unclosed '{' on line 59
#0 C:\xampp\htdocs\skripsi\system\View\View.php(213): CodeIgniter\View\View->CodeIgniter\View\{closure}()
#1 C:\xampp\htdocs\skripsi\system\Common.php(1089): CodeIgniter\View\View->render('Page/Antrianoab...', Array, true)
#2 C:\xampp\htdocs\skripsi\app\Controllers\Back\Antrianobat.php(160): view('Page/Antrianoab...', Array)
#3 C:\xampp\htdocs\skripsi\system\CodeIgniter.php(832): App\Controllers\back\Antrianobat->formedit()
#4 C:\xampp\htdocs\skripsi\system\CodeIgniter.php(419): CodeIgniter\CodeIgniter->runController(Object(App\Controllers\back\Antrianobat))
#5 C:\xampp\htdocs\skripsi\system\CodeIgniter.php(326): CodeIgniter\CodeIgniter->handleRequest(NULL, Object(Config\Cache), false)
#6 C:\xampp\htdocs\skripsi\public\index.php(37): CodeIgniter\CodeIgniter->run()
#7 C:\xampp\htdocs\skripsi\system\Commands\Server\rewrite.php(43): require_once('C:\\xampp\\htdocs...')
#8 {main}
